 
+----------------------------+
| Real-space lattice vectors |
+----------------------------+
 
vector a1 :    5.192748943      -2.998035000       0.000000000    
vector a2 :    0.000000000       5.996070000       0.000000000    
vector a3 :    0.000000000       0.000000000       5.912125020    
 
Stored column-wise as a matrix :
   5.192748943       0.000000000       0.000000000    
  -2.998035000       5.996070000       0.000000000    
   0.000000000       0.000000000       5.912125020    
 
Inverse of matrix :
  0.1925762272       0.000000000       0.000000000    
  0.9628811358E-01  0.1667759049       0.000000000    
   0.000000000       0.000000000      0.1691439198    
 
Unit cell volume :    184.0804340    
 
 
+----------------------------------+
| Reciprocal-space lattice vectors |
+----------------------------------+
 
vector b1 :    1.209992121       0.000000000       0.000000000    
vector b2 :   0.6049960605       1.047883915       0.000000000    
vector b3 :    0.000000000       0.000000000       1.062762591    
 
Stored column-wise as a matrix :
   1.209992121      0.6049960605       0.000000000    
   0.000000000       1.047883915       0.000000000    
   0.000000000       0.000000000       1.062762591    
 
Inverse of matrix :
  0.8264516625     -0.4771520898       0.000000000    
   0.000000000      0.9543041796       0.000000000    
   0.000000000       0.000000000      0.9409439211    
 
Brillouin zone volume :    1.347509934    
