 
+----------------------------+
| Real-space lattice vectors |
+----------------------------+
 
vector a1 :    4.983880936      -2.877445000       0.000000000    
vector a2 :    0.000000000       5.754890000       0.000000000    
vector a3 :    0.000000000       0.000000000       5.800929120    
 
Stored column-wise as a matrix :
   4.983880936       0.000000000       0.000000000    
  -2.877445000       5.754890000       0.000000000    
   0.000000000       0.000000000       5.800929120    
 
Inverse of matrix :
  0.2006468479       0.000000000       0.000000000    
  0.1003234239      0.1737652675       0.000000000    
   0.000000000       0.000000000      0.1723861780    
 
Unit cell volume :    166.3804308    
 
 
+----------------------------------+
| Reciprocal-space lattice vectors |
+----------------------------------+
 
vector b1 :    1.260701327       0.000000000       0.000000000    
vector b2 :   0.6303506633       1.091799375       0.000000000    
vector b3 :    0.000000000       0.000000000       1.083134301    
 
Stored column-wise as a matrix :
   1.260701327      0.6303506633       0.000000000    
   0.000000000       1.091799375       0.000000000    
   0.000000000       0.000000000       1.083134301    
 
Inverse of matrix :
  0.7932092867     -0.4579595952       0.000000000    
   0.000000000      0.9159191905       0.000000000    
   0.000000000       0.000000000      0.9232465440    
 
Brillouin zone volume :    1.490861709    
