 
+----------------------------+
| Real-space lattice vectors |
+----------------------------+
 
vector a1 :    5.110753658      -2.950695000       0.000000000    
vector a2 :    0.000000000       5.901390000       0.000000000    
vector a3 :    0.000000000       0.000000000       6.338092860    
 
Stored column-wise as a matrix :
   5.110753658       0.000000000       0.000000000    
  -2.950695000       5.901390000       0.000000000    
   0.000000000       0.000000000       6.338092860    
 
Inverse of matrix :
  0.1956658581       0.000000000       0.000000000    
  0.9783292905E-01  0.1694516038       0.000000000    
   0.000000000       0.000000000      0.1577761674    
 
Unit cell volume :    191.1603700    
 
 
+----------------------------------+
| Reciprocal-space lattice vectors |
+----------------------------------+
 
vector b1 :    1.229404845       0.000000000       0.000000000    
vector b2 :   0.6147024224       1.064695827       0.000000000    
vector b3 :    0.000000000       0.000000000      0.9913368968    
 
Stored column-wise as a matrix :
   1.229404845      0.6147024224       0.000000000    
   0.000000000       1.064695827       0.000000000    
   0.000000000       0.000000000      0.9913368968    
 
Inverse of matrix :
  0.8134017075     -0.4696176948       0.000000000    
   0.000000000      0.9392353896       0.000000000    
   0.000000000       0.000000000       1.008738808    
 
Brillouin zone volume :    1.297602707    
