 
+----------------------------+
| Real-space lattice vectors |
+----------------------------+
 
vector a1 :    5.146130795      -2.971120000       0.000000000    
vector a2 :    0.000000000       5.942240000       0.000000000    
vector a3 :    0.000000000       0.000000000       6.251236480    
 
Stored column-wise as a matrix :
   5.146130795       0.000000000       0.000000000    
  -2.971120000       5.942240000       0.000000000    
   0.000000000       0.000000000       6.251236480    
 
Inverse of matrix :
  0.1943207508       0.000000000       0.000000000    
  0.9716037541E-01  0.1682867067       0.000000000    
   0.000000000       0.000000000      0.1599683524    
 
Unit cell volume :    191.1599626    
 
 
+----------------------------------+
| Reciprocal-space lattice vectors |
+----------------------------------+
 
vector b1 :    1.220953286       0.000000000       0.000000000    
vector b2 :   0.6104766432       1.057376563       0.000000000    
vector b3 :    0.000000000       0.000000000       1.005110801    
 
Stored column-wise as a matrix :
   1.220953286      0.6104766432       0.000000000    
   0.000000000       1.057376563       0.000000000    
   0.000000000       0.000000000       1.005110801    
 
Inverse of matrix :
  0.8190321539     -0.4728684345       0.000000000    
   0.000000000      0.9457368690       0.000000000    
   0.000000000       0.000000000      0.9949151862    
 
Brillouin zone volume :    1.297605472    
