 
+----------------------------+
| Real-space lattice vectors |
+----------------------------+
 
vector a1 :    4.948702984      -2.857135000       0.000000000    
vector a2 :    0.000000000       5.714270000       0.000000000    
vector a3 :    0.000000000       0.000000000       6.759981410    
 
Stored column-wise as a matrix :
   4.948702984       0.000000000       0.000000000    
  -2.857135000       5.714270000       0.000000000    
   0.000000000       0.000000000       6.759981410    
 
Inverse of matrix :
  0.2020731499       0.000000000       0.000000000    
  0.1010365750      0.1750004813       0.000000000    
   0.000000000       0.000000000      0.1479294009    
 
Unit cell volume :    191.1602753    
 
 
+----------------------------------+
| Reciprocal-space lattice vectors |
+----------------------------------+
 
vector b1 :    1.269663047       0.000000000       0.000000000    
vector b2 :   0.6348315233       1.099560453       0.000000000    
vector b3 :    0.000000000       0.000000000      0.9294678382    
 
Stored column-wise as a matrix :
   1.269663047      0.6348315233       0.000000000    
   0.000000000       1.099560453       0.000000000    
   0.000000000       0.000000000      0.9294678382    
 
Inverse of matrix :
  0.7876105418     -0.4547271583       0.000000000    
   0.000000000      0.9094543167       0.000000000    
   0.000000000       0.000000000       1.075884457    
 
Brillouin zone volume :    1.297603349    
