 
+----------------------------+
| Real-space lattice vectors |
+----------------------------+
 
vector a1 :    4.914546942      -2.837415000       0.000000000    
vector a2 :    0.000000000       5.674830000       0.000000000    
vector a3 :    0.000000000       0.000000000       6.219613680    
 
Stored column-wise as a matrix :
   4.914546942       0.000000000       0.000000000    
  -2.837415000       5.674830000       0.000000000    
   0.000000000       0.000000000       6.219613680    
 
Inverse of matrix :
  0.2034775559       0.000000000       0.000000000    
  0.1017387779      0.1762167325       0.000000000    
   0.000000000       0.000000000      0.1607816902    
 
Unit cell volume :    173.4601644    
 
 
+----------------------------------+
| Reciprocal-space lattice vectors |
+----------------------------------+
 
vector b1 :    1.278487189       0.000000000       0.000000000    
vector b2 :   0.6392435947       1.107202384       0.000000000    
vector b3 :    0.000000000       0.000000000       1.010221154    
 
Stored column-wise as a matrix :
   1.278487189      0.6392435947       0.000000000    
   0.000000000       1.107202384       0.000000000    
   0.000000000       0.000000000       1.010221154    
 
Inverse of matrix :
  0.7821744389     -0.4515886229       0.000000000    
   0.000000000      0.9031772457       0.000000000    
   0.000000000       0.000000000      0.9898822613    
 
Brillouin zone volume :    1.430012558    
