 
+----------------------------+
| Real-space lattice vectors |
+----------------------------+
 
vector a1 :    5.010156147      -2.892615000       0.000000000    
vector a2 :    0.000000000       5.785230000       0.000000000    
vector a3 :    0.000000000       0.000000000       6.595162200    
 
Stored column-wise as a matrix :
   5.010156147       0.000000000       0.000000000    
  -2.892615000       5.785230000       0.000000000    
   0.000000000       0.000000000       6.595162200    
 
Inverse of matrix :
  0.1995945776       0.000000000       0.000000000    
  0.9979728882E-01  0.1728539747       0.000000000    
   0.000000000       0.000000000      0.1516262936    
 
Unit cell volume :    191.1601541    
 
 
+----------------------------------+
| Reciprocal-space lattice vectors |
+----------------------------------+
 
vector b1 :    1.254089718       0.000000000       0.000000000    
vector b2 :   0.6270448588       1.086073554       0.000000000    
vector b3 :    0.000000000       0.000000000      0.9526961001    
 
Stored column-wise as a matrix :
   1.254089718      0.6270448588       0.000000000    
   0.000000000       1.086073554       0.000000000    
   0.000000000       0.000000000      0.9526961001    
 
Inverse of matrix :
  0.7973911164     -0.4603739757       0.000000000    
   0.000000000      0.9207479514       0.000000000    
   0.000000000       0.000000000       1.049652665    
 
Brillouin zone volume :    1.297604172    
