 
+----------------------------+
| Real-space lattice vectors |
+----------------------------+
 
vector a1 :    4.684790403      -2.704765000       0.000000000    
vector a2 :    0.000000000       5.409530000       0.000000000    
vector a3 :    0.000000000       0.000000000       6.285873860    
 
Stored column-wise as a matrix :
   4.684790403       0.000000000       0.000000000    
  -2.704765000       5.409530000       0.000000000    
   0.000000000       0.000000000       6.285873860    
 
Inverse of matrix :
  0.2134567214       0.000000000       0.000000000    
  0.1067283607      0.1848589434       0.000000000    
   0.000000000       0.000000000      0.1590868704    
 
Unit cell volume :    159.2998477    
 
 
+----------------------------------+
| Reciprocal-space lattice vectors |
+----------------------------------+
 
vector b1 :    1.341188136       0.000000000       0.000000000    
vector b2 :   0.6705940680       1.161502997       0.000000000    
vector b3 :    0.000000000       0.000000000      0.9995722865    
 
Stored column-wise as a matrix :
   1.341188136      0.6705940680       0.000000000    
   0.000000000       1.161502997       0.000000000    
   0.000000000       0.000000000      0.9995722865    
 
Inverse of matrix :
  0.7456075499     -0.4304767197       0.000000000    
   0.000000000      0.8609534393       0.000000000    
   0.000000000       0.000000000       1.000427896    
 
Brillouin zone volume :    1.557127750    
