 
+----------------------------+
| Real-space lattice vectors |
+----------------------------+
 
vector a1 :    4.823363127      -2.784770000       0.000000000    
vector a2 :    0.000000000       5.569540000       0.000000000    
vector a3 :    0.000000000       0.000000000       6.588765820    
 
Stored column-wise as a matrix :
   4.823363127       0.000000000       0.000000000    
  -2.784770000       5.569540000       0.000000000    
   0.000000000       0.000000000       6.588765820    
 
Inverse of matrix :
  0.2073242204       0.000000000       0.000000000    
  0.1036621102      0.1795480417       0.000000000    
   0.000000000       0.000000000      0.1517734925    
 
Unit cell volume :    177.0000375    
 
 
+----------------------------------+
| Reciprocal-space lattice vectors |
+----------------------------------+
 
vector b1 :    1.302656495       0.000000000       0.000000000    
vector b2 :   0.6513282477       1.128133617       0.000000000    
vector b3 :    0.000000000       0.000000000      0.9536209783    
 
Stored column-wise as a matrix :
   1.302656495      0.6513282477       0.000000000    
   0.000000000       1.128133617       0.000000000    
   0.000000000       0.000000000      0.9536209783    
 
Inverse of matrix :
  0.7676620841     -0.4432099109       0.000000000    
   0.000000000      0.8864198217       0.000000000    
   0.000000000       0.000000000       1.048634649    
 
Brillouin zone volume :    1.401413338    
