   53.0120000000000        43.9325969287922     
   53.0240000000000        43.8249083377506     
   53.0360000000000        43.7173535379763     
   53.0480000000000        43.6099191503425     
   53.0600000000000        43.5025917957226     
   53.0720000000000        43.3953714741165     
   53.0840000000000        43.2882849437777     
   53.0960000000000        43.1813188255794     
   53.1080000000000        43.0744597403950     
   53.1200000000000        42.9677076882244     
   53.1320000000000        42.8610760481944     
   53.1440000000000        42.7545781994316     
   53.1560000000000        42.6481740045560     
   53.1680000000000        42.5419036009477     
   53.1800000000000        42.4357268512264     
   53.1920000000000        42.3296838927725     
   53.2040000000000        42.2237479673324     
   53.2160000000000        42.1179324540328     
   53.2280000000000        42.0122239737471     
   53.2400000000000        41.9066359056019     
   53.2520000000000        41.8011682495973     
   53.2640000000000        41.6958076266065     
   53.2760000000000        41.5905674157563     
   53.2880000000000        41.4854342379199     
   53.3000000000000        41.3804214722241     
   53.3120000000000        41.2755157395421     
   53.3240000000000        41.1707304190007     
   53.3360000000000        41.0660521314731     
   53.3480000000000        40.9614942560861     
   53.3600000000000        40.8570567928396     
   53.3720000000000        40.7527129834803     
   53.3840000000000        40.6484895862614     
   53.3960000000000        40.5443732220565     
   53.4080000000000        40.4403906491188     
   53.4200000000000        40.3365017300682     
   53.4320000000000        40.2327332231582     
   53.4440000000000        40.1290851283887     
   53.4560000000000        40.0255440666331     
   53.4680000000000        39.9220966587646     
   53.4800000000000        39.8187830421633     
   53.4920000000000        39.7155764585759     
   53.5040000000000        39.6124902871291     
   53.5160000000000        39.5094977695693     
   53.5280000000000        39.4066256641501     
   53.5400000000000        39.3038605917448     
   53.5520000000000        39.2012159314800     
   53.5640000000000        39.0986783042291     
   53.5760000000000        38.9962610891187     
   53.5880000000000        38.8939375278954     
   53.6000000000000        38.7917343788126     
   53.6120000000000        38.6896382627437     
   53.6240000000000        38.5876625588154     
   53.6360000000000        38.4857805087742     
   53.6480000000000        38.3840188708735     
   53.6600000000000        38.2823642659867     
   53.6720000000000        38.1808166941136     
   53.6840000000000        38.0793761552545     
   53.6960000000000        37.9780694076626     
   53.7080000000000        37.8768563139578     
   53.7200000000000        37.7757368741401     
   53.7320000000000        37.6747512255897     
   53.7440000000000        37.5738592309264     
   53.7560000000000        37.4730876484037     
   53.7680000000000        37.3724230988948     
   53.7800000000000        37.2718655823997     
   53.7920000000000        37.1714150989185     
   53.8040000000000        37.0710716484511     
   53.8160000000000        36.9708486101242     
   53.8280000000000        36.8707192256845     
   53.8400000000000        36.7707102533853     
   53.8520000000000        36.6707949349733     
   53.8640000000000        36.5709866495750     
   53.8760000000000        36.4713121554441     
   53.8880000000000        36.3717179360735     
   53.9000000000000        36.2722441288435     
   53.9120000000000        36.1728773546273     
   53.9240000000000        36.0736176134249     
   53.9360000000000        35.9744649052364     
   53.9480000000000        35.8754192300617     
   53.9600000000000        35.7764805879009     
   53.9720000000000        35.6776355996271     
   53.9840000000000        35.5789110234939     
   53.9960000000000        35.4803068595013     
   54.0080000000000        35.3817829702690     
   54.0200000000000        35.2833794931773     
   54.0320000000000        35.1850696699727     
   54.0440000000000        35.0868802589087     
   54.0560000000000        34.9887978808585     
   54.0680000000000        34.8908091566954     
   54.0800000000000        34.7929408446728     
   54.0920000000000        34.6951661865374     
   54.1040000000000        34.5974985614158     
   54.1160000000000        34.4999379693080     
   54.1280000000000        34.4024844102141     
   54.1400000000000        34.3051378841340     
   54.1520000000000        34.2078850119410     
   54.1640000000000        34.1107525518885     
   54.1760000000000        34.0137137457232     
   54.1880000000000        33.9167819725717     
   54.2000000000000        33.8199572324340     
   54.2120000000000        33.7232395253102     
   54.2240000000000        33.6266154720734     
   54.2360000000000        33.5301118309772     
   54.2480000000000        33.4337018437682     
   54.2600000000000        33.3373988895729     
   54.2720000000000        33.2411895892648     
   54.2840000000000        33.1451007010972     
   54.2960000000000        33.0491054668167     
   54.3080000000000        32.9532172655501     
   54.3200000000000        32.8574227181705     
   54.3320000000000        32.7617352038048     
   54.3440000000000        32.6661547224529     
   54.3560000000000        32.5706812741149     
   54.3680000000000        32.4753014796639     
   54.3800000000000        32.3800287182268     
   54.3920000000000        32.2848629898035     
   54.4040000000000        32.1898042943941     
   54.4160000000000        32.0948392528717     
   54.4280000000000        31.9999678652365     
   54.4400000000000        31.9052168897418     
   54.4520000000000        31.8105461890075     
   54.4640000000000        31.7159825212870     
   54.4760000000000        31.6215258865803     
   54.4880000000000        31.5271896640143     
   54.5000000000000        31.4329337162085     
   54.5120000000000        31.3387714222899     
   54.5240000000000        31.2447295405119     
   54.5360000000000        31.1507813126209     
   54.5480000000000        31.0569267386171     
   54.5600000000000        30.9631791976271     
   54.5720000000000        30.8695520687776     
   54.5840000000000        30.7760052146886     
   54.5960000000000        30.6825520144866     
   54.6080000000000        30.5892192264252     
   54.6200000000000        30.4959667131241     
   54.6320000000000        30.4028212328369     
   54.6440000000000        30.3097827855635     
   54.6560000000000        30.2168379921773     
   54.6680000000000        30.1240002318048     
   54.6800000000000        30.0312561253195     
   54.6920000000000        29.9386056727213     
   54.7040000000000        29.8460622531369     
   54.7160000000000        29.7536258665663     
   54.7280000000000        29.6612697547561     
   54.7400000000000        29.5690206759597     
   54.7520000000000        29.4768786301772     
   54.7640000000000        29.3848302382818     
   54.7760000000000        29.2928755002734     
   54.7880000000000        29.2010277952789     
   54.8000000000000        29.1092737441716     
   54.8120000000000        29.0176267260780     
   54.8240000000000        28.9260733618715     
   54.8360000000000        28.8346136515522     
   54.8480000000000        28.7432475951199     
   54.8600000000000        28.6520019508282     
   54.8720000000000        28.5608232021702     
   54.8840000000000        28.4697648656527     
   54.8960000000000        28.3788001830223     
   54.9080000000000        28.2879291542790     
   54.9200000000000        28.1971517794229     
   54.9320000000000        28.1064814375805     
   54.9440000000000        28.0159047496253     
   54.9560000000000        27.9254350946839     
   54.9680000000000        27.8350323353761     
   54.9800000000000        27.7447499882089     
   54.9920000000000        27.6545746740555     
   55.0040000000000        27.5644662555358     
   55.0160000000000        27.4744782491566     
   55.0280000000000        27.3845705175379     
   55.0400000000000        27.2947698189329     
   55.0520000000000        27.2050627742150     
   55.0640000000000        27.1154493833843     
   55.0760000000000        27.0259296464406     
   55.0880000000000        26.9365169425108     
   55.1000000000000        26.8471978924681     
   55.1120000000000        26.7579591171858     
   55.1240000000000        26.6688407540440     
   55.1360000000000        26.5797892865358     
   55.1480000000000        26.4908448520415     
   55.1600000000000        26.4020074505611     
   55.1720000000000        26.3132503238410     
   55.1840000000000        26.2246002301347     
   55.1960000000000        26.1360437903155     
   55.2080000000000        26.0475676252567     
   55.2200000000000        25.9591984932118     
   55.2320000000000        25.8709363941806     
   55.2440000000000        25.7827411907832     
   55.2560000000000        25.6946530203995     
   55.2680000000000        25.6066585039030     
   55.2800000000000        25.5187576412935     
   55.2920000000000        25.4309638116979     
   55.3040000000000        25.3432502568627     
   55.3160000000000        25.2556169767878     
   55.3280000000000        25.1680907297268     
   55.3400000000000        25.0806715156796     
   55.3520000000000        24.9933325763928     
   55.3640000000000        24.9060872909930     
   55.3760000000000        24.8189356594804     
   55.3880000000000        24.7318776818549     
   55.4000000000000        24.6449133581165     
   55.4120000000000        24.5580426882652     
   55.4240000000000        24.4712656723010     
   55.4360000000000        24.3845823102238     
   55.4480000000000        24.2979926020338     
   55.4600000000000        24.2114831686042     
   55.4720000000000        24.1250807681884     
   55.4840000000000        24.0387586425330     
   55.4960000000000        23.9525301707647     
   55.5080000000000        23.8664087320102     
   55.5200000000000        23.7803675680161     
   55.5320000000000        23.6944200579091     
   55.5440000000000        23.6085662016892     
   55.5560000000000        23.5228059993563     
   55.5680000000000        23.4371260717839     
   55.5800000000000        23.3515397980986     
   55.5920000000000        23.2660605574271     
   55.6040000000000        23.1806615915160     
   55.6160000000000        23.0953562794919     
   55.6280000000000        23.0101446213550     
   55.6400000000000        22.9250132379785     
   55.6520000000000        22.8399755084890     
   55.6640000000000        22.7550314328867     
   55.6760000000000        22.6701810111715     
   55.6880000000000        22.5854242433433     
   55.7000000000000        22.5007477502756     
   55.7120000000000        22.4161649110949     
   55.7240000000000        22.3316757258014     
   55.7360000000000        22.2472801943949     
   55.7480000000000        22.1629649377488     
   55.7600000000000        22.0787433349899     
   55.7720000000000        21.9946153861180     
   55.7840000000000        21.9105677120065     
   55.7960000000000        21.8266136917821     
   55.8080000000000        21.7427533254448     
   55.8200000000000        21.6589866129946     
   55.8320000000000        21.5753001753048     
   55.8440000000000        21.4917073915021     
   55.8560000000000        21.4081948824598     
   55.8680000000000        21.3247894064313     
   55.8800000000000        21.2414642051631     
   55.8920000000000        21.1582192786554     
   55.9040000000000        21.0750680060347     
   55.9160000000000        20.9920103873012     
   55.9280000000000        20.9090464224547     
   55.9400000000000        20.8261627323687     
   55.9520000000000        20.7433459379162     
   55.9640000000000        20.6606495556044     
   55.9760000000000        20.5780200689261     
   55.9880000000000        20.4954976152618     
   56.0000000000000        20.4130554363577     
   56.0120000000000        20.3306935322141     
   56.0240000000000        20.2484252819576     
   56.0360000000000        20.1662506855881     
   56.0480000000000        20.0841563639791     
   56.0600000000000        20.0021423171304     
   56.0720000000000        19.9202353032955     
   56.0840000000000        19.8384085642210     
   56.0960000000000        19.7566487207802     
   56.1080000000000        19.6749959103532     
   56.1200000000000        19.5934233746865     
   56.1320000000000        19.5119444929070     
   56.1440000000000        19.4305458858879     
   56.1560000000000        19.3492409327558     
   56.1680000000000        19.2680028752574     
   56.1800000000000        19.1868852298995     
   56.1920000000000        19.1058211010486     
   56.2040000000000        19.0248640052115     
   56.2160000000000        18.9439871841348     
   56.2280000000000        18.8631906378184     
   56.2400000000000        18.7824877453892     
   56.2520000000000        18.7018651277203     
   56.2640000000000        18.6213227848118     
   56.2760000000000        18.5408740957904     
   56.2880000000000        18.4605056815294     
   56.3000000000000        18.3802443002822     
   56.3120000000000        18.3000364355419     
   56.3240000000000        18.2199356038155     
   56.3360000000000        18.1399150468494     
   56.3480000000000        18.0599747646437     
   56.3600000000000        17.9801281363251     
   56.3720000000000        17.9003617827669     
   56.3840000000000        17.8206623248423     
   56.3960000000000        17.7410698999316     
   56.4080000000000        17.6615577497812     
   56.4200000000000        17.5821258743912     
   56.4320000000000        17.5027876528883     
   56.4440000000000        17.4235297061458     
   56.4560000000000        17.3443386550369     
   56.4680000000000        17.2652546369419     
   56.4800000000000        17.1862508936072     
   56.4920000000000        17.1073274250329     
   56.5040000000000        17.0284708520923     
   56.5160000000000        16.9497079330387     
   56.5280000000000        16.8710520469990     
   56.5400000000000        16.7924630565929     
   56.5520000000000        16.7139543409473     
   56.5640000000000        16.6355259000619     
   56.5760000000000        16.5571777339370     
   56.5880000000000        16.4789366008259     
   56.6000000000000        16.4007489842217     
   56.6120000000000        16.3226684006313     
   56.6240000000000        16.2446547126746     
   56.6360000000000        16.1667346786050     
   56.6480000000000        16.0888949192957     
   56.6600000000000        16.0111220556201     
   56.6720000000000        15.9334428458316     
   56.6840000000000        15.8558572899302     
   56.6960000000000        15.7783386296625     
   56.7080000000000        15.7009136232818     
   56.7200000000000        15.6235688916615     
   56.7320000000000        15.5462910556749     
   56.7440000000000        15.4691068735754     
   56.7560000000000        15.3920029662362     
   56.7680000000000        15.3149927127842     
   56.7800000000000        15.2380493549658     
   56.7920000000000        15.1611862719078     
   56.8040000000000        15.0844168427368     
   56.8160000000000        15.0077276883263     
   56.8280000000000        14.9311188086761     
   56.8400000000000        14.8545768246596     
   56.8520000000000        14.7781151154034     
   56.8640000000000        14.7017470600344     
   56.8760000000000        14.6254592794257     
   56.8880000000000        14.5492517735774     
   56.9000000000000        14.4731245424894     
   56.9120000000000        14.3970775861619     
   56.9240000000000        14.3211109045947     
   56.9360000000000        14.2452378769146     
   56.9480000000000        14.1694183657414     
   56.9600000000000        14.0936925084554     
   56.9720000000000        14.0180469259297     
   56.9840000000000        13.9424816181643     
   56.9960000000000        13.8670099642861     
   57.0080000000000        13.7916052060416     
   57.0200000000000        13.7162673434306     
   57.0320000000000        13.6410231347068     
   57.0440000000000        13.5658458216166     
   57.0560000000000        13.4907755415403     
   57.0680000000000        13.4157721570976     
   57.0800000000000        13.3408356682885     
   57.0920000000000        13.2659794542399     
   57.1040000000000        13.1912168940783     
   57.1160000000000        13.1165346086771     
   57.1280000000000        13.0419192189095     
   57.1400000000000        12.9673841039023     
   57.1520000000000        12.8929292636555     
   57.1640000000000        12.8185546981691     
   57.1760000000000        12.7442604074430     
   57.1880000000000        12.6700463914773     
   57.2000000000000        12.5959126502720     
   57.2120000000000        12.5218458047003     
   57.2240000000000        12.4478592338890     
   57.2360000000000        12.3739529378381     
   57.2480000000000        12.3001402956743     
   57.2600000000000        12.2263811700174     
   57.2720000000000        12.1527156982476     
   57.2840000000000        12.0791171221114     
   57.2960000000000        12.0056121998624     
   57.3080000000000        11.9321741732470     
   57.3200000000000        11.8588030422652     
   57.3320000000000        11.7855389442973     
   57.3440000000000        11.7123283628362     
   57.3560000000000        11.6391980561356     
   57.3680000000000        11.5661614033221     
   57.3800000000000        11.4931916461422     
   57.3920000000000        11.4202887845959     
   57.4040000000000        11.3474795769368     
   57.4160000000000        11.2747238857845     
   57.4280000000000        11.2020618485194     
   57.4400000000000        11.1294800860147     
   57.4520000000000        11.0569652191436     
   57.4640000000000        10.9845440061595     
   57.4760000000000        10.9121763096825     
   57.4880000000000        10.8399022670925     
   57.5000000000000        10.7676817410094     
   57.5120000000000        10.6955682479402     
   57.5240000000000        10.6235082713778     
   57.5360000000000        10.5515285695759     
   57.5480000000000        10.4796291425343     
   57.5600000000000        10.4078099902531     
   57.5720000000000        10.3360577336056     
   57.5840000000000        10.2643857517184     
   57.5960000000000        10.1927940445916     
   57.6080000000000        10.1212692330984     
   57.6200000000000        10.0498246963656     
   57.6320000000000        9.97846043439319     
   57.6440000000000        9.90716306805442     
   57.6560000000000        9.83594597647602     
   57.6680000000000        9.76479578053127     
   57.6800000000000        9.69372585934689     
   57.6920000000000        9.62273621292289     
   57.7040000000000        9.55181346213253     
   57.7160000000000        9.48097098610254     
   57.7280000000000        9.41019540570620     
   57.7400000000000        9.33950010007024     
   57.7520000000000        9.26887169006791     
   57.7640000000000        9.19833693395270     
   57.7760000000000        9.12785569434439     
   57.7880000000000        9.05745472949646     
   57.8000000000000        8.98713403940891     
   57.8120000000000        8.91689362408173     
   57.8240000000000        8.84672010438819     
   57.8360000000000        8.77661348032830     
   57.8480000000000        8.70658713102878     
   57.8600000000000        8.63664105648964     
   57.8720000000000        8.56674849845741     
   57.8840000000000        8.49694959431229     
   57.8960000000000        8.42720420667408     
   57.9080000000000        8.35755247292297     
   57.9200000000000        8.28796763480551     
   57.9320000000000        8.21844969232169     
   57.9440000000000        8.14902540372498     
   57.9560000000000        8.07965463163518     
   57.9680000000000        8.01036413430576     
   57.9800000000000        7.94114053260998     
   57.9920000000000        7.87199720567458     
   58.0040000000000        7.80292077437282     
   58.0160000000000        7.73391123870471     
   58.0280000000000        7.66498197779697     
   58.0400000000000        7.59613299164960     
   58.0520000000000        7.52735090113588     
   58.0640000000000        7.45863570625580     
   58.0760000000000        7.38998740700937     
   58.0880000000000        7.32141938252331     
   58.1000000000000        7.25294501192436     
   58.1120000000000        7.18451077870559     
   58.1240000000000        7.11617019937392     
   58.1360000000000        7.04788313654917     
   58.1480000000000        6.97967634848480     
   58.1600000000000        6.91153645605407     
   58.1720000000000        6.84347683838371     
   58.1840000000000        6.77548411634700     
   58.1960000000000        6.70757166907066     
   58.2080000000000        6.63972611742797     
   58.2200000000000        6.57194746141892     
   58.2320000000000        6.50423570104352     
   58.2440000000000        6.43660421542849     
   58.2560000000000        6.36905300457384     
   58.2680000000000        6.30155531022610     
   58.2800000000000        6.23413789063873     
   58.2920000000000        6.16677398755828     
   58.3040000000000        6.09950373836494     
   58.3160000000000        6.03230038480524     
   58.3280000000000        5.96515054775245     
   58.3400000000000        5.89809436458677     
   58.3520000000000        5.83109169792800     
   58.3640000000000        5.76416930602961     
   58.3760000000000        5.69730043063813     
   58.3880000000000        5.63052520913376     
   58.4000000000000        5.56381688326303     
   58.4120000000000        5.49717545302595     
   58.4240000000000        5.43058753929578     
   58.4360000000000        5.36407990032599     
   58.4480000000000        5.29765253611657     
   58.4600000000000        5.23129206754079     
   58.4720000000000        5.16498511547193     
   58.4840000000000        5.09875843816345     
   58.4960000000000        5.03261203561534     
   58.5080000000000        4.96651914957414     
   58.5200000000000        4.90050653829332     
   58.5320000000000        4.83456082264614     
   58.5440000000000        4.76868200263261     
   58.5560000000000        4.70287007825273     
   58.5680000000000        4.63712504950648     
   58.5800000000000        4.57146029552062     
   58.5920000000000        4.50586243716839     
   58.6040000000000        4.44031809532309     
   58.6160000000000        4.37485402823815     
   58.6280000000000        4.30947023591359     
   58.6400000000000        4.24413996009595     
   58.6520000000000        4.17887657991195     
   58.6640000000000        4.11369347448833     
   58.6760000000000        4.04856388557162     
   58.6880000000000        3.98351457141529     
   58.7000000000000        3.91853215289260     
   58.7120000000000        3.85361663000355     
   58.7240000000000        3.78876800274815     
   58.7360000000000        3.72399965025313     
   58.7480000000000        3.65927143513829     
   58.7600000000000        3.59463687391055     
   58.7720000000000        3.53005582918973     
   58.7840000000000        3.46555505922929     
   58.7960000000000        3.40110780577576     
   58.8080000000000        3.33674082708260     
   58.8200000000000        3.27244074402309     
   58.8320000000000        3.20819417747050     
   58.8440000000000        3.14402788567828     
   58.8560000000000        3.07991511039297     
   58.8680000000000        3.01588260986804     
   58.8800000000000        2.95191700497675     
   58.8920000000000        2.88801829571911     
   58.9040000000000        2.82417310296839     
   58.9160000000000        2.76042156410476     
   58.9280000000000        2.69671016262133     
   58.9400000000000        2.63307903589827     
   58.9520000000000        2.56951480480885     
   58.9640000000000        2.50601746935308     
   58.9760000000000        2.44258702953095     
   58.9880000000000        2.37922348534247     
   59.0000000000000        2.31591345766090     
   59.0120000000000        2.25268370473971     
   59.0240000000000        2.18952084745216     
   59.0360000000000        2.12641150667153     
   59.0480000000000        2.06336906152455     
   59.0600000000000        2.00040689113793     
   59.0720000000000        1.93749823725824     
   59.0840000000000        1.87466985813891     
   59.0960000000000        1.81189499552651     
   59.1080000000000        1.74918702854775     
   59.1200000000000        1.68655933632936     
   59.1320000000000        1.62397178149116     
   59.1440000000000        1.56146450141333     
   59.1560000000000        1.49902411696915     
   59.1680000000000        1.43665062815861     
   59.1800000000000        1.37433065585499     
   59.1920000000000        1.31209095831174     
   59.2040000000000        1.24990477727541     
   59.2160000000000        1.18778549187273     
   59.2280000000000        1.12573310210369     
   59.2400000000000        1.06376098709502     
   59.2520000000000        1.00182900946654     
   59.2640000000000       0.939977306598432     
   59.2760000000000       0.878192499363971     
   59.2880000000000       0.816461208636425     
   59.3000000000000       0.754796813542525     
   59.3120000000000       0.693199314082269     
   59.3240000000000       0.631668710255658     
   59.3360000000000       0.570191622935963     
   59.3480000000000       0.508794810376643     
   59.3600000000000       0.447451514324238     
   59.3720000000000       0.386175113905478     
   59.3840000000000       0.324965609120363     
   59.3960000000000       0.263822999968893     
   59.4080000000000       0.202747286451067     
   59.4200000000000       0.141725089440158     
   59.4320000000000       8.075640893616490E-002
   59.4440000000000       1.986800319254554E-002
   59.4560000000000      -4.095350691742888E-002
   59.4680000000000      -0.101708121393758     
   59.4800000000000      -0.162422598489901     
   59.4920000000000      -0.223043421698941     
   59.5040000000000      -0.283624107527793     
   59.5160000000000      -0.344137897723001     
   59.5280000000000      -0.404584792284564     
   59.5400000000000      -0.464964791212482     
   59.5520000000000      -0.525291273633483     
   59.5640000000000      -0.585537481294111     
   59.5760000000000      -0.645730172447823     
   59.5880000000000      -0.705855967967891     
   59.6000000000000      -0.765928246981042     
   59.6120000000000      -0.825933630360548     
   59.6240000000000      -0.885872118106409     
   59.6360000000000      -0.945757089345355     
   59.6480000000000       -1.00557516495066     
   59.6600000000000       -1.06532634492231     
   59.6720000000000       -1.12502400838705     
   59.6840000000000       -1.18464139709142     
   59.6960000000000       -1.24421864841559     
   59.7080000000000       -1.30371562497940     
   59.7200000000000       -1.36315908503629     
   59.7320000000000       -1.42253564945953     
   59.7440000000000       -1.48185869737586     
   59.7560000000000       -1.54111484965854     
   59.7680000000000       -1.60030410630758     
   59.7800000000000       -1.65943984644970     
   59.7920000000000       -1.71850869095818     
   59.8040000000000       -1.77751063983301     
   59.8160000000000       -1.83647245132766     
   59.8280000000000       -1.89535398806193     
   59.8400000000000       -1.95416862916255     
   59.8520000000000       -2.01294313288299     
   59.8640000000000       -2.07163736184306     
   59.8760000000000       -2.13027807429621     
   59.8880000000000       -2.18885189111571     
   59.9000000000000       -2.24737219142830     
   59.9120000000000       -2.30582559610725     
   59.9240000000000       -2.36421210515255     
   59.9360000000000       -2.42254509769093     
   59.9480000000000       -2.48082457372240     
   59.9600000000000       -2.53902377499349     
   59.9720000000000       -2.59718283888439     
   59.9840000000000       -2.65527500714165     
   59.9960000000000       -2.71330027976527     
   60.0080000000000       -2.77127203588197     
   60.0200000000000       -2.82916351723830     
   60.0320000000000       -2.88702824034117     
   60.0440000000000       -2.94479930955693     
   60.0560000000000       -3.00253024139251     
   60.0680000000000       -3.06019427759444     
   60.0800000000000       -3.11779141816273     
   60.0920000000000       -3.17534842135083     
   60.1040000000000       -3.23282514977856     
   60.1160000000000       -3.29024836169937     
   60.1280000000000       -3.34763143624000     
   60.1400000000000       -3.40492085689352     
   60.1520000000000       -3.46218351929358     
   60.1640000000000       -3.51936590693327     
   60.1760000000000       -3.57648139893932     
   60.1880000000000       -3.63355675356518     
   60.2000000000000       -3.69055183343066     
   60.2120000000000       -3.74750677591596     
   60.2240000000000       -3.80439482276761     
   60.2360000000000       -3.86121597398562     
   60.2480000000000       -3.91798360869671     
   60.2600000000000       -3.97469772690088     
   60.2720000000000       -4.03133157034469     
   60.2840000000000       -4.08793865553503     
   60.2960000000000       -4.14446546596500     
   60.3080000000000       -4.20093875988805     
   60.3200000000000       -4.25734515817746     
   60.3320000000000       -4.31371141908668     
   60.3440000000000       -4.36999740523553     
   60.3560000000000       -4.42622987487746     
   60.3680000000000       -4.48240882801248     
   60.3800000000000       -4.53853426464058     
   60.3920000000000       -4.59459280563503     
   60.4040000000000       -4.65059783012257     
   60.4160000000000       -4.70653595897647     
   60.4280000000000       -4.76243395045018     
   60.4400000000000       -4.81825166716351     
   60.4520000000000       -4.87402924649665     
   60.4640000000000       -4.92972655106943     
   60.4760000000000       -4.98538371826201     
   60.4880000000000       -5.04097398982095     
   60.5000000000000       -5.09652412399971     
   60.5120000000000       -5.15199398341809     
   60.5240000000000       -5.20741032632955     
   60.5360000000000       -5.26278653186083     
   60.5480000000000       -5.31808246263173     
   60.5600000000000       -5.37332487689572     
   60.5720000000000       -5.42852715377952     
   60.5840000000000       -5.48364915590294     
   60.5960000000000       -5.53871764151945     
   60.6080000000000       -5.59374598975578     
   60.6200000000000       -5.64869406323172     
   60.6320000000000       -5.70360199932749     
   60.6440000000000       -5.75844303978960     
   60.6560000000000       -5.81324394287153     
   60.6680000000000       -5.86796457119309     
   60.6800000000000       -5.92263168300773     
   60.6920000000000       -5.97725865744219     
   60.7040000000000       -6.03180535711626     
   60.7160000000000       -6.08631191941016     
   60.7280000000000       -6.14076496519713     
   60.7400000000000       -6.19515111535047     
   60.7520000000000       -6.24948374899688     
   60.7640000000000       -6.30376286613638     
   60.7760000000000       -6.35797508764224     
   60.7880000000000       -6.41213379264117     
   60.8000000000000       -6.46623898113320     
   60.8120000000000       -6.52029065311831     
   60.8240000000000       -6.57428880859650     
   60.8360000000000       -6.62823344756777     
   60.8480000000000       -6.68209781177867     
   60.8600000000000       -6.73592203860939     
   60.8720000000000       -6.78969274893319     
   60.8840000000000       -6.84340994275007     
   60.8960000000000       -6.89706024093331     
   60.9080000000000       -6.95067040173636     
   60.9200000000000       -7.00420028777903     
   60.9320000000000       -7.05769003644152     
   60.9440000000000       -7.11111288947037     
   60.9560000000000       -7.16449560511902     
   60.9680000000000       -7.21781142513404     
   60.9800000000000       -7.27108710776886     
   60.9920000000000       -7.32429589477004     
   61.0040000000000       -7.37745116526431     
   61.0160000000000       -7.43053954012493     
   61.0280000000000       -7.48358777760536     
   61.0400000000000       -7.53658249857888     
   61.0520000000000       -7.58951032391875     
   61.0640000000000       -7.64238463275171     
   61.0760000000000       -7.69521880420448     
   61.0880000000000       -7.74798608002360     
   61.1000000000000       -7.80068646020908     
   61.1120000000000       -7.85334670301437     
   61.1240000000000       -7.90595342931275     
   61.1360000000000       -7.95850663910421     
   61.1480000000000       -8.01099295326203     
   61.1600000000000       -8.06342575091293     
   61.1720000000000       -8.11580503205691     
   61.1840000000000       -8.16814417582071     
   61.1960000000000       -8.22041642395086     
   61.2080000000000       -8.27263515557409     
   61.2200000000000       -8.32481374981714     
   61.2320000000000       -8.37691206929982     
   61.2440000000000       -8.42897025140230     
   61.2560000000000       -8.48097491699788     
   61.2680000000000       -8.53291268695980     
   61.2800000000000       -8.58482369866827     
   61.2920000000000       -8.63666781474310     
   61.3040000000000       -8.68844503518428     
   61.3160000000000       -8.74018211824527     
   61.3280000000000       -8.79185230567262     
   61.3400000000000       -8.84348235571978     
   61.3520000000000       -8.89504551013329     
   61.3640000000000       -8.94656852716662     
   61.3760000000000       -8.99803802769303     
   61.3880000000000       -9.04944063258580     
   61.4000000000000       -9.10080310009838     
   61.4120000000000       -9.15209867197732     
   61.4240000000000       -9.20335410647607     
   61.4360000000000       -9.25454264534117     
   61.4480000000000       -9.30567766769936     
   61.4600000000000       -9.35677255267736     
   61.4720000000000       -9.40781392114844     
   61.4840000000000       -9.45878839398588     
   61.4960000000000       -9.50972272944314     
   61.5080000000000       -9.56060354839347     
   61.5200000000000       -9.61141747171017     
   61.5320000000000       -9.66219125764667     
   61.5440000000000       -9.71292490620299     
   61.5560000000000       -9.76357827999893     
   61.5680000000000       -9.81417813728796     
   61.5800000000000       -9.86475123632353     
   61.5920000000000       -9.91525743972546     
   61.6040000000000       -9.96572350574720     
   61.6160000000000       -10.0161226761353     
   61.6280000000000       -10.0664683300165     
   61.6400000000000       -10.1167604673907     
   61.6520000000000       -10.1669990882581     
   61.6640000000000       -10.2171975717452     
   61.6760000000000       -10.2673291595987     
   61.6880000000000       -10.3174206100721     
   61.7000000000000       -10.3674585440385     
   61.7120000000000       -10.4174295823713     
   61.7240000000000       -10.4673738624506     
   61.7360000000000       -10.5172512468962     
   61.7480000000000       -10.5670884939617     
   61.7600000000000       -10.6168588453935     
   61.7720000000000       -10.6665890594452     
   61.7840000000000       -10.7162523778632     
   61.7960000000000       -10.7658755589010     
   61.8080000000000       -10.8154318443052     
   61.8200000000000       -10.8649613714559     
   61.8320000000000       -10.9144106238462     
   61.8440000000000       -10.9638331179831     
   61.8560000000000       -11.0132020956130     
   61.8680000000000       -11.0625175567361     
   61.8800000000000       -11.1117661222255     
   61.8920000000000       -11.1609745503347     
   61.9040000000000       -11.2101428410637     
   61.9160000000000       -11.2592442361591     
   61.9280000000000       -11.3082921147476     
   61.9400000000000       -11.3572998559559     
   61.9520000000000       -11.4062540806572     
   61.9640000000000       -11.4551547888517     
   61.9760000000000       -11.5040019805392     
   61.9880000000000       -11.5527956557198     
   62.0000000000000       -11.6015625726470     
   62.0120000000000       -11.6502625939405     
   62.0240000000000       -11.6988957196003     
   62.0360000000000       -11.7474887078800     
   62.0480000000000       -11.7960415587795     
   62.0600000000000       -11.8445408931721     
   62.0720000000000       -11.8929867110578     
   62.0840000000000       -11.9413790124365     
   62.0960000000000       -11.9897177973083     
   62.1080000000000       -12.0380164448000     
   62.1200000000000       -12.0862615757847     
   62.1320000000000       -12.1344531902625     
   62.1440000000000       -12.1826046673601     
   62.1560000000000       -12.2306892488241     
   62.1680000000000       -12.2787336929079     
   62.1800000000000       -12.3267379996115     
   62.1920000000000       -12.3746754106815     
   62.2040000000000       -12.4225726843712     
   62.2160000000000       -12.4704164415541     
   62.2280000000000       -12.5182066822300     
   62.2400000000000       -12.5659567855258     
   62.2520000000000       -12.6136533723146     
   62.2640000000000       -12.6612964425966     
   62.2760000000000       -12.7088993754983     
   62.2880000000000       -12.7564354127664     
   62.3000000000000       -12.8039446917810     
   62.3120000000000       -12.8513870751620     
   62.3240000000000       -12.8987893211628     
   62.3360000000000       -12.9461380506567     
   62.3480000000000       -12.9934332636437     
   62.3600000000000       -13.0406749601237     
   62.3720000000000       -13.0878765192236     
   62.3840000000000       -13.1350379409433     
   62.3960000000000       -13.1821458461560     
   62.4080000000000       -13.2291868557351     
   62.4200000000000       -13.2761877279341     
   62.4320000000000       -13.3231618418795     
   62.4440000000000       -13.3700556810646     
   62.4560000000000       -13.4169093828696     
   62.4680000000000       -13.4637229472943     
   62.4800000000000       -13.5104829952121     
   62.4920000000000       -13.5571895266230     
   62.5040000000000       -13.6038559206537     
   62.5160000000000       -13.6504687981775     
   62.5280000000000       -13.6970415383211     
   62.5400000000000       -13.7435607619578     
   62.5520000000000       -13.7900264690875     
   62.5640000000000       -13.8364520388371     
   62.5760000000000       -13.8828240920798     
   62.5880000000000       -13.9291426288155     
   62.6000000000000       -13.9754210281711     
   62.6120000000000       -14.0216592901465     
   62.6240000000000       -14.0678440356150     
   62.6360000000000       -14.1139618854498     
   62.6480000000000       -14.1600529770311     
   62.6600000000000       -14.2060905521056     
   62.6720000000000       -14.2520746106731     
   62.6840000000000       -14.2980185318604     
   62.6960000000000       -14.3439089365409     
   62.7080000000000       -14.3897458247144     
   62.7200000000000       -14.4355559546344     
   62.7320000000000       -14.4812991889208     
   62.7440000000000       -14.5270156649538     
   62.7560000000000       -14.5726652453531     
   62.7680000000000       -14.6182746883722     
   62.7800000000000       -14.6638306148844     
   62.7920000000000       -14.7093330248897     
   62.8040000000000       -14.7547952975148     
   62.8160000000000       -14.8002308118864     
   62.8280000000000       -14.8455994306244     
   62.8400000000000       -14.8909145328555     
   62.8520000000000       -14.9361894977064     
   62.8640000000000       -14.9814243251771     
   62.8760000000000       -15.0266056361409     
   62.8880000000000       -15.0717468097245     
   62.9000000000000       -15.1168344668012     
   62.9120000000000       -15.1618686073709     
   62.9240000000000       -15.2068626105605     
   62.9360000000000       -15.2518030972432     
   62.9480000000000       -15.2967168256724     
   62.9600000000000       -15.3415770375947     
   62.9720000000000       -15.3863703538833     
   62.9840000000000       -15.4311369119185     
   62.9960000000000       -15.4758499534468     
   63.0080000000000       -15.5205094784682     
   63.0200000000000       -15.5651422452361     
   63.0320000000000       -15.6097081163703     
   63.0440000000000       -15.6542472292511     
   63.0560000000000       -15.6987194464983     
   63.0680000000000       -15.7431649054920     
   63.0800000000000       -15.7875568479787     
   63.0920000000000       -15.8318952739586     
   63.1040000000000       -15.8761935625583     
   63.1160000000000       -15.9204383346510     
   63.1280000000000       -15.9646563484903     
   63.1400000000000       -16.0088208458227     
   63.1520000000000       -16.0529318266482     
   63.1640000000000       -16.0969892909668     
   63.1760000000000       -16.1410066179051     
   63.1880000000000       -16.1849971865900     
   63.2000000000000       -16.2289208596413     
   63.2120000000000       -16.2728043953124     
   63.2240000000000       -16.3166477936033     
   63.2360000000000       -16.3604376753872     
   63.2480000000000       -16.4041874197910     
   63.2600000000000       -16.4478970268146     
   63.2720000000000       -16.4915531173313     
   63.2840000000000       -16.5351556913411     
   63.2960000000000       -16.5787315070974     
   63.3080000000000       -16.6222404272200     
   63.3200000000000       -16.6657225890893     
   63.3320000000000       -16.7091646135783     
   63.3440000000000       -16.7525397424337     
   63.3560000000000       -16.7958747339088     
   63.3680000000000       -16.8391829671306     
   63.3800000000000       -16.8824243047187     
   63.3920000000000       -16.9256255049266     
   63.4040000000000       -16.9687865677543     
   63.4160000000000       -17.0118941140751     
   63.4280000000000       -17.0549749021424     
   63.4400000000000       -17.0980021737028     
   63.4520000000000       -17.1409759287563     
   63.4640000000000       -17.1839229255564     
   63.4760000000000       -17.2268030267228     
   63.4880000000000       -17.2696563696357     
   63.5000000000000       -17.3124695751685     
   63.5120000000000       -17.3552292641943     
   63.5240000000000       -17.3979354367132     
   63.5360000000000       -17.4406014718520     
   63.5480000000000       -17.4832273696105     
   63.5600000000000       -17.5257997508622     
   63.5720000000000       -17.5683319947336     
   63.5840000000000       -17.6108374803516     
   63.5960000000000       -17.6532760703360     
   63.6080000000000       -17.6956879020669     
   63.6200000000000       -17.7380462172908     
   63.6320000000000       -17.7803643951346     
   63.6440000000000       -17.8226290564715     
   63.6560000000000       -17.8648669595549     
   63.6680000000000       -17.9070379670047     
   63.6800000000000       -17.9491822162010     
   63.6920000000000       -17.9912863280171     
   63.7040000000000       -18.0333235441996     
   63.7160000000000       -18.0753473812553     
   63.7280000000000       -18.1173043226774     
   63.7400000000000       -18.1592211267193     
   63.7520000000000       -18.2010977933811     
   63.7640000000000       -18.2429343226626     
   63.7760000000000       -18.2847173354372     
   63.7880000000000       -18.3264735899584     
   63.8000000000000       -18.3681763279726     
   63.8120000000000       -18.4098389286067     
   63.8240000000000       -18.4514480127339     
   63.8360000000000       -18.4930303386076     
   63.8480000000000       -18.5345591479743     
   63.8600000000000       -18.5760478199609     
   63.8720000000000       -18.6174963545673     
   63.8840000000000       -18.6588913726668     
   63.8960000000000       -18.7002462533861     
   63.9080000000000       -18.7415609967252     
   63.9200000000000       -18.7828222235574     
   63.9320000000000       -18.8240566921361     
   63.9440000000000       -18.8652510233347     
   63.9560000000000       -18.9063918380263     
   63.9680000000000       -18.9474925153378     
   63.9800000000000       -18.9885530552690     
   63.9920000000000       -19.0295600786934     
   64.0040000000000       -19.0705403438643     
   64.0160000000000       -19.1114670925282     
   64.0280000000000       -19.1523537038120     
   64.0400000000000       -19.1932001777156     
   64.0520000000000       -19.2339931351123     
   64.0640000000000       -19.2747593342555     
   64.0760000000000       -19.3154720168918     
   64.0880000000000       -19.3561579412747     
   64.1000000000000       -19.3967769700239     
   64.1120000000000       -19.4373692405196     
   64.1240000000000       -19.4779213736352     
   64.1360000000000       -19.5184333693706     
   64.1480000000000       -19.5588918485990     
   64.1600000000000       -19.5993101904473     
   64.1720000000000       -19.6396883949154     
   64.1840000000000       -19.6800264620033     
   64.1960000000000       -19.7203243917110     
   64.2080000000000       -19.7605821840385     
   64.2200000000000       -19.8007864598591     
   64.2320000000000       -19.8409505982995     
   64.2440000000000       -19.8810879784865     
   64.2560000000000       -19.9211718421665     
   64.2680000000000       -19.9612289475931     
   64.2800000000000       -20.0012191573861     
   64.2920000000000       -20.0411959880523     
   64.3040000000000       -20.0811059230848     
   64.3160000000000       -20.1209757207372     
   64.3280000000000       -20.1608321392629     
   64.3400000000000       -20.2006082830282     
   64.3520000000000       -20.2403710476667     
   64.3640000000000       -20.2800802957983     
   64.3760000000000       -20.3197627856765     
   64.3880000000000       -20.3593783799210     
   64.4000000000000       -20.3989805950388     
   64.4120000000000       -20.4385159145230     
   64.4240000000000       -20.4780244757537     
   64.4360000000000       -20.5175062787309     
   64.4480000000000       -20.5569211860745     
   64.4600000000000       -20.5962959560379     
   64.4720000000000       -20.6356439677479     
   64.4840000000000       -20.6749518420777     
   64.4960000000000       -20.7142061999005     
   64.5080000000000       -20.7534337994699     
   64.5200000000000       -20.7926078825324     
   64.5320000000000       -20.8317418282146     
   64.5440000000000       -20.8708356365168     
   64.5560000000000       -20.9099026865654     
   64.5680000000000       -20.9489162201071     
   64.5800000000000       -20.9878896162687     
   64.5920000000000       -21.0268228750500     
   64.6040000000000       -21.0657159964512     
   64.6160000000000       -21.1045689804722     
   64.6280000000000       -21.1433818271129     
   64.6400000000000       -21.1821545363735     
   64.6520000000000       -21.2209004873807     
   64.6640000000000       -21.2595795427542     
   64.6760000000000       -21.2982318398742     
   64.6880000000000       -21.3368439996141     
   64.7000000000000       -21.3754160219738     
   64.7120000000000       -21.4139612860800     
   64.7240000000000       -21.4524396545525     
   64.7360000000000       -21.4908912647716     
   64.7480000000000       -21.5293027376106     
   64.7600000000000       -21.5676874521960     
   64.7720000000000       -21.6060052711479     
   64.7840000000000       -21.6443097109729     
   64.7960000000000       -21.6825606342911     
   64.8080000000000       -21.7207580411024     
   64.8200000000000       -21.7589420687869     
   64.8320000000000       -21.7970725799645     
   64.8440000000000       -21.8351629537619     
   64.8560000000000       -21.8732131901792     
   64.8680000000000       -21.9112232892162     
   64.8800000000000       -21.9492066299998     
   64.8920000000000       -21.9871364542765     
   64.9040000000000       -22.0250261411730     
   64.9160000000000       -22.0628890698160     
   64.9280000000000       -22.1006984819521     
   64.9400000000000       -22.1384811358348     
   64.9520000000000       -22.1762102732105     
   64.9640000000000       -22.2139126523328     
   64.9760000000000       -22.2515748940749     
   64.9880000000000       -22.2891969984368     
   65.0000000000000       -22.3267789654186     
