 
+----------------------------+
| Real-space lattice vectors |
+----------------------------+
 
vector a1 :    4.842692814      -2.795930000       0.000000000    
vector a2 :    0.000000000       5.591860000       0.000000000    
vector a3 :    0.000000000       0.000000000       5.882636720    
 
Stored column-wise as a matrix :
   4.842692814       0.000000000       0.000000000    
  -2.795930000       5.591860000       0.000000000    
   0.000000000       0.000000000       5.882636720    
 
Inverse of matrix :
  0.2064966824       0.000000000       0.000000000    
  0.1032483412      0.1788313727       0.000000000    
   0.000000000       0.000000000      0.1699917992    
 
Unit cell volume :    159.2998037    
 
 
+----------------------------------+
| Reciprocal-space lattice vectors |
+----------------------------------+
 
vector b1 :    1.297456921       0.000000000       0.000000000    
vector b2 :   0.6487284604       1.123630654       0.000000000    
vector b3 :    0.000000000       0.000000000       1.068089975    
 
Stored column-wise as a matrix :
   1.297456921      0.6487284604       0.000000000    
   0.000000000       1.123630654       0.000000000    
   0.000000000       0.000000000       1.068089975    
 
Inverse of matrix :
  0.7707384993     -0.4449860800       0.000000000    
   0.000000000      0.8899721601       0.000000000    
   0.000000000       0.000000000      0.9362507124    
 
Brillouin zone volume :    1.557128180    
