 -0.8000000000       0.000000000    
 -0.7983750000       0.000000000    
 -0.7967500000       0.000000000    
 -0.7951250000       0.000000000    
 -0.7935000000       0.000000000    
 -0.7918750000       0.000000000    
 -0.7902500000       0.000000000    
 -0.7886250000       0.000000000    
 -0.7870000000       0.000000000    
 -0.7853750000       0.000000000    
 -0.7837500000       0.000000000    
 -0.7821250000       0.000000000    
 -0.7805000000       0.000000000    
 -0.7788750000       0.000000000    
 -0.7772500000       0.000000000    
 -0.7756250000       0.000000000    
 -0.7740000000       0.000000000    
 -0.7723750000       0.000000000    
 -0.7707500000       0.000000000    
 -0.7691250000       0.000000000    
 -0.7675000000       0.000000000    
 -0.7658750000       0.000000000    
 -0.7642500000       0.000000000    
 -0.7626250000       0.000000000    
 -0.7610000000       0.000000000    
 -0.7593750000       0.000000000    
 -0.7577500000       0.000000000    
 -0.7561250000       0.000000000    
 -0.7545000000       0.000000000    
 -0.7528750000       0.000000000    
 -0.7512500000       0.000000000    
 -0.7496250000       0.000000000    
 -0.7480000000       0.000000000    
 -0.7463750000       0.000000000    
 -0.7447500000       0.000000000    
 -0.7431250000       0.000000000    
 -0.7415000000       0.000000000    
 -0.7398750000       0.000000000    
 -0.7382500000       0.000000000    
 -0.7366250000       0.000000000    
 -0.7350000000       0.000000000    
 -0.7333750000       0.000000000    
 -0.7317500000       0.000000000    
 -0.7301250000       0.000000000    
 -0.7285000000       0.000000000    
 -0.7268750000       0.000000000    
 -0.7252500000       0.000000000    
 -0.7236250000       0.000000000    
 -0.7220000000       0.000000000    
 -0.7203750000       0.000000000    
 -0.7187500000       0.000000000    
 -0.7171250000       0.000000000    
 -0.7155000000       0.000000000    
 -0.7138750000       0.000000000    
 -0.7122500000       0.000000000    
 -0.7106250000       0.000000000    
 -0.7090000000       0.000000000    
 -0.7073750000       0.000000000    
 -0.7057500000       0.000000000    
 -0.7041250000       0.000000000    
 -0.7025000000       0.000000000    
 -0.7008750000       0.000000000    
 -0.6992500000       0.000000000    
 -0.6976250000       0.000000000    
 -0.6960000000       0.000000000    
 -0.6943750000       0.000000000    
 -0.6927500000       0.000000000    
 -0.6911250000       0.000000000    
 -0.6895000000       0.000000000    
 -0.6878750000       0.000000000    
 -0.6862500000       0.000000000    
 -0.6846250000       0.000000000    
 -0.6830000000       0.000000000    
 -0.6813750000       0.000000000    
 -0.6797500000       0.000000000    
 -0.6781250000       0.000000000    
 -0.6765000000       0.000000000    
 -0.6748750000       0.000000000    
 -0.6732500000       0.000000000    
 -0.6716250000       0.000000000    
 -0.6700000000       0.000000000    
 -0.6683750000       0.000000000    
 -0.6667500000       0.000000000    
 -0.6651250000       0.000000000    
 -0.6635000000       0.000000000    
 -0.6618750000       0.000000000    
 -0.6602500000       0.000000000    
 -0.6586250000       0.000000000    
 -0.6570000000       0.000000000    
 -0.6553750000       0.000000000    
 -0.6537500000       0.000000000    
 -0.6521250000       0.000000000    
 -0.6505000000       0.000000000    
 -0.6488750000       0.000000000    
 -0.6472500000       0.000000000    
 -0.6456250000       0.000000000    
 -0.6440000000       0.000000000    
 -0.6423750000       0.000000000    
 -0.6407500000       0.000000000    
 -0.6391250000       0.000000000    
 -0.6375000000       0.000000000    
 -0.6358750000       0.000000000    
 -0.6342500000       0.000000000    
 -0.6326250000       0.000000000    
 -0.6310000000       0.000000000    
 -0.6293750000       0.000000000    
 -0.6277500000       0.000000000    
 -0.6261250000       0.000000000    
 -0.6245000000       0.000000000    
 -0.6228750000       0.000000000    
 -0.6212500000      0.2970524999E-01
 -0.6196250000      0.2294799903    
 -0.6180000000      0.5161946776    
 -0.6163750000      0.8437075740    
 -0.6147500000       1.087916728    
 -0.6131250000       1.310990234    
 -0.6115000000       1.511623287    
 -0.6098750000       1.661094105    
 -0.6082500000       1.791676956    
 -0.6066250000       1.921930013    
 -0.6050000000       2.073937716    
 -0.6033750000       2.233622885    
 -0.6017500000       2.387127352    
 -0.6001250000       2.520092339    
 -0.5985000000       2.633338954    
 -0.5968750000       2.737588078    
 -0.5952500000       2.845513996    
 -0.5936250000       2.963756586    
 -0.5920000000       3.098407758    
 -0.5903750000       3.243318944    
 -0.5887500000       3.390085440    
 -0.5871250000       3.522416207    
 -0.5855000000       3.637746451    
 -0.5838750000       3.742071681    
 -0.5822500000       3.851562858    
 -0.5806250000       3.966615736    
 -0.5790000000       4.089437406    
 -0.5773750000       4.217749744    
 -0.5757500000       4.352356943    
 -0.5741250000       4.492928363    
 -0.5725000000       4.641270266    
 -0.5708750000       4.784953599    
 -0.5692500000       4.923793171    
 -0.5676250000       5.051164324    
 -0.5660000000       5.180709589    
 -0.5643750000       5.310761385    
 -0.5627500000       5.446655632    
 -0.5611250000       5.591914372    
 -0.5595000000       5.742262952    
 -0.5578750000       5.901003553    
 -0.5562500000       6.063697468    
 -0.5546250000       6.234923779    
 -0.5530000000       6.414593693    
 -0.5513750000       6.595203947    
 -0.5497500000       6.774622710    
 -0.5481250000       6.949500446    
 -0.5465000000       7.130582561    
 -0.5448750000       7.318420404    
 -0.5432500000       7.516236668    
 -0.5416250000       7.724462623    
 -0.5400000000       7.945430514    
 -0.5383750000       8.178480749    
 -0.5367500000       8.424374395    
 -0.5351250000       8.684185401    
 -0.5335000000       8.964869909    
 -0.5318750000       9.262862748    
 -0.5302500000       9.577335202    
 -0.5286250000       9.902640162    
 -0.5270000000       10.24757555    
 -0.5253750000       10.62615005    
 -0.5237500000       11.04920971    
 -0.5221250000       11.52107652    
 -0.5205000000       12.04882502    
 -0.5188750000       12.65503605    
 -0.5172500000       14.41862459    
 -0.5156250000       17.27182028    
 -0.5140000000       21.38568706    
 -0.5123750000       25.76764186    
 -0.5107500000       30.94409286    
 -0.5091250000       39.05625601    
 -0.5075000000       48.35717037    
 -0.5058750000       57.54849461    
 -0.5042500000       56.87121355    
 -0.5026250000       50.44096051    
 -0.5010000000       40.32967158    
 -0.4993750000       34.47450956    
 -0.4977500000       30.70045620    
 -0.4961250000       27.91770224    
 -0.4945000000       25.71333135    
 -0.4928750000       23.79603115    
 -0.4912500000       21.63815040    
 -0.4896250000       19.88218096    
 -0.4880000000       18.58664291    
 -0.4863750000       18.23377129    
 -0.4847500000       17.79101694    
 -0.4831250000       17.22259285    
 -0.4815000000       16.37987719    
 -0.4798750000       15.53847311    
 -0.4782500000       14.70820258    
 -0.4766250000       13.93746178    
 -0.4750000000       13.21279000    
 -0.4733750000       12.51371286    
 -0.4717500000       11.83036527    
 -0.4701250000       11.17140815    
 -0.4685000000       10.51631640    
 -0.4668750000       9.823832627    
 -0.4652500000       9.098180759    
 -0.4636250000       8.410397842    
 -0.4620000000       7.803009704    
 -0.4603750000       7.290320158    
 -0.4587500000       6.850897586    
 -0.4571250000       6.502163634    
 -0.4555000000       6.196896695    
 -0.4538750000       5.805201415    
 -0.4522500000       5.415723374    
 -0.4506250000       5.128003234    
 -0.4490000000       4.995188768    
 -0.4473750000       4.929253396    
 -0.4457500000       4.919437337    
 -0.4441250000       5.041394774    
 -0.4425000000       5.304669475    
 -0.4408750000       5.639854762    
 -0.4392500000       6.011411391    
 -0.4376250000       6.382562964    
 -0.4360000000       6.783616819    
 -0.4343750000       7.194535779    
 -0.4327500000       7.673009491    
 -0.4311250000       8.202912658    
 -0.4295000000       8.782771348    
 -0.4278750000       9.411670592    
 -0.4262500000       10.14339323    
 -0.4246250000       11.04938391    
 -0.4230000000       12.14178923    
 -0.4213750000       13.13256688    
 -0.4197500000       13.93011919    
 -0.4181250000       14.44808715    
 -0.4165000000       14.91009139    
 -0.4148750000       15.32505161    
 -0.4132500000       15.71200207    
 -0.4116250000       16.09027976    
 -0.4100000000       16.48884577    
 -0.4083750000       16.92652973    
 -0.4067500000       17.62761608    
 -0.4051250000       18.40819662    
 -0.4035000000       19.00982602    
 -0.4018750000       19.36120256    
 -0.4002500000       19.35811179    
 -0.3986250000       19.35372551    
 -0.3970000000       19.20632733    
 -0.3953750000       19.22793822    
 -0.3937500000       19.36863564    
 -0.3921250000       19.02080059    
 -0.3905000000       18.55865767    
 -0.3888750000       17.94147799    
 -0.3872500000       17.76883694    
 -0.3856250000       17.65067892    
 -0.3840000000       17.56009769    
 -0.3823750000       17.48665652    
 -0.3807500000       17.42033808    
 -0.3791250000       17.36695353    
 -0.3775000000       17.33224216    
 -0.3758750000       17.33844823    
 -0.3742500000       17.40367665    
 -0.3726250000       17.53163636    
 -0.3710000000       17.57462982    
 -0.3693750000       17.53421130    
 -0.3677500000       17.43344363    
 -0.3661250000       17.41067592    
 -0.3645000000       17.43796775    
 -0.3628750000       17.49656898    
 -0.3612500000       17.58213393    
 -0.3596250000       17.67367833    
 -0.3580000000       17.72343006    
 -0.3563750000       17.75867249    
 -0.3547500000       17.80071631    
 -0.3531250000       17.81098900    
 -0.3515000000       17.84088368    
 -0.3498750000       17.91700211    
 -0.3482500000       18.15452065    
 -0.3466250000       18.50521984    
 -0.3450000000       19.01244071    
 -0.3433750000       19.70598236    
 -0.3417500000       20.73709650    
 -0.3401250000       21.84338705    
 -0.3385000000       22.57356219    
 -0.3368750000       22.74943608    
 -0.3352500000       22.65831534    
 -0.3336250000       22.84116651    
 -0.3320000000       23.99849246    
 -0.3303750000       23.57384471    
 -0.3287500000       22.08309662    
 -0.3271250000       19.18472997    
 -0.3255000000       17.75757148    
 -0.3238750000       17.42136213    
 -0.3222500000       18.04397835    
 -0.3206250000       19.62703529    
 -0.3190000000       21.81578404    
 -0.3173750000       24.15496762    
 -0.3157500000       27.47482358    
 -0.3141250000       31.16116663    
 -0.3125000000       33.90001808    
 -0.3108750000       35.06245585    
 -0.3092500000       35.78261789    
 -0.3076250000       37.90005391    
 -0.3060000000       40.07055990    
 -0.3043750000       40.68857421    
 -0.3027500000       39.43937577    
 -0.3011250000       37.11045813    
 -0.2995000000       35.01176294    
 -0.2978750000       33.24351328    
 -0.2962500000       32.01439345    
 -0.2946250000       31.24626649    
 -0.2930000000       30.91604166    
 -0.2913750000       30.73424076    
 -0.2897500000       30.66488736    
 -0.2881250000       30.71090141    
 -0.2865000000       31.08639444    
 -0.2848750000       31.17393393    
 -0.2832500000       29.72971065    
 -0.2816250000       27.93482791    
 -0.2800000000       26.70063346    
 -0.2783750000       27.62131694    
 -0.2767500000       28.58111667    
 -0.2751250000       29.53715673    
 -0.2735000000       30.33151087    
 -0.2718750000       32.27633798    
 -0.2702500000       34.30156324    
 -0.2686250000       36.24248270    
 -0.2670000000       37.57863377    
 -0.2653750000       39.17783461    
 -0.2637500000       40.83945808    
 -0.2621250000       42.41718586    
 -0.2605000000       43.55537607    
 -0.2588750000       44.43598942    
 -0.2572500000       45.11903428    
 -0.2556250000       46.58842856    
 -0.2540000000       48.61977364    
 -0.2523750000       50.39868752    
 -0.2507500000       51.65294874    
 -0.2491250000       53.25995981    
 -0.2475000000       55.47513107    
 -0.2458750000       57.64245750    
 -0.2442500000       59.40934147    
 -0.2426250000       61.98440814    
 -0.2410000000       67.94185150    
 -0.2393750000       78.99044727    
 -0.2377500000       78.80612725    
 -0.2361250000       70.75808559    
 -0.2345000000       55.00619944    
 -0.2328750000       48.72810800    
 -0.2312500000       45.37075516    
 -0.2296250000       42.25980419    
 -0.2280000000       37.73100171    
 -0.2263750000       32.92119424    
 -0.2247500000       29.79125721    
 -0.2231250000       30.30823747    
 -0.2215000000       33.79095563    
 -0.2198750000       37.43143516    
 -0.2182500000       39.58540065    
 -0.2166250000       40.71174106    
 -0.2150000000       41.75685713    
 -0.2133750000       43.33833951    
 -0.2117500000       45.29553224    
 -0.2101250000       46.60093795    
 -0.2085000000       46.49890606    
 -0.2068750000       45.19501911    
 -0.2052500000       44.11164764    
 -0.2036250000       43.01587924    
 -0.2020000000       40.76696993    
 -0.2003750000       37.94468028    
 -0.1987500000       34.96050514    
 -0.1971250000       32.90539704    
 -0.1955000000       31.26976567    
 -0.1938750000       29.90708722    
 -0.1922500000       28.72265887    
 -0.1906250000       27.58592230    
 -0.1890000000       26.53436254    
 -0.1873750000       25.57877489    
 -0.1857500000       24.70272877    
 -0.1841250000       23.84271494    
 -0.1825000000       22.99441053    
 -0.1808750000       22.17607266    
 -0.1792500000       21.40350615    
 -0.1776250000       20.67416903    
 -0.1760000000       19.98348138    
 -0.1743750000       19.30436362    
 -0.1727500000       18.61153907    
 -0.1711250000       17.88691971    
 -0.1695000000       17.15877324    
 -0.1678750000       16.46381008    
 -0.1662500000       15.82473370    
 -0.1646250000       15.22660858    
 -0.1630000000       14.64465188    
 -0.1613750000       13.98741139    
 -0.1597500000       12.96911528    
 -0.1581250000       11.55936152    
 -0.1565000000       10.00626352    
 -0.1548750000       8.777134386    
 -0.1532500000       7.959093339    
 -0.1516250000       7.302417724    
 -0.1500000000       6.707519525    
 -0.1483750000       6.136714982    
 -0.1467500000       5.720516761    
 -0.1451250000       5.249483737    
 -0.1435000000       4.736524435    
 -0.1418750000       4.155577420    
 -0.1402500000       3.668087614    
 -0.1386250000       3.296199498    
 -0.1370000000       3.041534144    
 -0.1353750000       2.879194547    
 -0.1337500000       2.763386523    
 -0.1321250000       2.681552483    
 -0.1305000000       2.698766103    
 -0.1288750000       2.846839096    
 -0.1272500000       3.012400539    
 -0.1256250000       3.090835997    
 -0.1240000000       2.788317352    
 -0.1223750000       2.586883488    
 -0.1207500000       2.669244355    
 -0.1191250000       3.546961430    
 -0.1175000000       4.900637316    
 -0.1158750000       6.606440663    
 -0.1142500000       8.029621321    
 -0.1126250000       9.229769909    
 -0.1110000000       10.11514331    
 -0.1093750000       10.83545334    
 -0.1077500000       11.20782515    
 -0.1061250000       11.25682765    
 -0.1045000000       11.21019461    
 -0.1028750000       11.17790680    
 -0.1012500000       11.20624890    
 -0.9962500000E-01   11.30709099    
 -0.9800000000E-01   11.44031051    
 -0.9637500000E-01   11.60093602    
 -0.9475000000E-01   11.77964952    
 -0.9312500000E-01   11.96436023    
 -0.9150000000E-01   12.16017912    
 -0.8987500000E-01   12.36951370    
 -0.8825000000E-01   12.52053709    
 -0.8662500000E-01   12.62909807    
 -0.8500000000E-01   12.70954613    
 -0.8337500000E-01   12.82916033    
 -0.8175000000E-01   12.96942478    
 -0.8012500000E-01   13.10154330    
 -0.7850000000E-01   13.24317091    
 -0.7687500000E-01   13.38049934    
 -0.7525000000E-01   13.50841000    
 -0.7362500000E-01   13.63885502    
 -0.7200000000E-01   13.77965307    
 -0.7037500000E-01   13.94971072    
 -0.6875000000E-01   14.08100812    
 -0.6712500000E-01   14.16176399    
 -0.6550000000E-01   14.19813618    
 -0.6387500000E-01   14.25075628    
 -0.6225000000E-01   14.34009696    
 -0.6062500000E-01   14.46089843    
 -0.5900000000E-01   14.59862938    
 -0.5737500000E-01   14.75840503    
 -0.5575000000E-01   14.95327850    
 -0.5412500000E-01   15.20876327    
 -0.5250000000E-01   15.52930650    
 -0.5087500000E-01   15.92606709    
 -0.4925000000E-01   16.47225538    
 -0.4762500000E-01   17.13969923    
 -0.4600000000E-01   17.80583490    
 -0.4437500000E-01   18.43900541    
 -0.4275000000E-01   19.12254243    
 -0.4112500000E-01   19.91572030    
 -0.3950000000E-01   20.75459256    
 -0.3787500000E-01   21.64809330    
 -0.3625000000E-01   22.28021946    
 -0.3462500000E-01   22.71383257    
 -0.3300000000E-01   22.81601497    
 -0.3137500000E-01   22.88029122    
 -0.2975000000E-01   22.88447962    
 -0.2812500000E-01   22.81082112    
 -0.2650000000E-01   22.70695676    
 -0.2487500000E-01   22.57612445    
 -0.2325000000E-01   22.56541287    
 -0.2162500000E-01   22.73479909    
 -0.2000000000E-01   23.01933797    
 -0.1837500000E-01   23.28328918    
 -0.1675000000E-01   23.51879258    
 -0.1512500000E-01   23.75493105    
 -0.1350000000E-01   24.05981154    
 -0.1187500000E-01   24.46689642    
 -0.1025000000E-01   24.91184602    
 -0.8625000000E-02   25.46896237    
 -0.7000000000E-02   26.31485505    
 -0.5375000000E-02   27.23255430    
 -0.3750000000E-02   28.17006241    
 -0.2125000000E-02   28.77956293    
 -0.5000000000E-03   29.70060326    
  0.1125000000E-02   30.23940836    
  0.2750000000E-02   30.11537744    
  0.4375000000E-02   29.47117570    
  0.6000000000E-02   29.28463674    
  0.7625000000E-02   30.19064094    
  0.9250000000E-02   30.80351975    
  0.1087500000E-01   31.04642579    
  0.1250000000E-01   30.75995803    
  0.1412500000E-01   30.78883456    
  0.1575000000E-01   30.92279232    
  0.1737500000E-01   31.02330968    
  0.1900000000E-01   31.04848320    
  0.2062500000E-01   30.99963461    
  0.2225000000E-01   30.93823012    
  0.2387500000E-01   30.97033103    
  0.2550000000E-01   31.06025351    
  0.2712500000E-01   31.15878788    
  0.2875000000E-01   31.29718265    
  0.3037500000E-01   31.46144267    
  0.3200000000E-01   31.51802623    
  0.3362500000E-01   31.36299879    
  0.3525000000E-01   31.04273039    
  0.3687500000E-01   30.83730601    
  0.3850000000E-01   30.82502155    
  0.4012500000E-01   31.12683241    
  0.4175000000E-01   31.65106902    
  0.4337500000E-01   32.42228590    
  0.4500000000E-01   33.35015892    
  0.4662500000E-01   34.35389414    
  0.4825000000E-01   35.58049822    
  0.4987500000E-01   37.39120690    
  0.5150000000E-01   38.61216726    
  0.5312500000E-01   39.38816533    
  0.5475000000E-01   40.40882666    
  0.5637500000E-01   37.28410801    
  0.5800000000E-01   33.93296293    
  0.5962500000E-01   29.60113194    
  0.6125000000E-01   30.38954807    
  0.6287500000E-01   32.88613108    
  0.6450000000E-01   35.73953479    
  0.6612500000E-01   38.01986261    
  0.6775000000E-01   38.61696451    
  0.6937500000E-01   38.64511212    
  0.7100000000E-01   38.74009061    
  0.7262500000E-01   39.75785735    
  0.7425000000E-01   41.89309639    
  0.7587500000E-01   43.91920196    
  0.7750000000E-01   45.06348408    
  0.7912500000E-01   45.10024948    
  0.8075000000E-01   45.00203223    
  0.8237500000E-01   44.64365642    
  0.8400000000E-01   43.81120332    
  0.8562500000E-01   42.41948766    
  0.8725000000E-01   40.66737937    
  0.8887500000E-01   38.86013862    
  0.9050000000E-01   37.48952140    
  0.9212500000E-01   36.01390922    
  0.9375000000E-01   33.99443761    
  0.9537500000E-01   31.26384627    
  0.9700000000E-01   28.54278854    
  0.9862500000E-01   26.65524011    
  0.1002500000       25.55684096    
  0.1018750000       25.16705765    
  0.1035000000       24.95835730    
  0.1051250000       24.72407921    
  0.1067500000       24.43341797    
  0.1083750000       23.99311087    
  0.1100000000       23.52038913    
  0.1116250000       23.01775834    
  0.1132500000       22.62009376    
  0.1148750000       22.28446452    
  0.1165000000       22.07421836    
  0.1181250000       21.90377679    
  0.1197500000       21.75466706    
  0.1213750000       21.60983113    
  0.1230000000       21.50240836    
  0.1246250000       21.46042205    
  0.1262500000       21.49015605    
  0.1278750000       21.56671252    
  0.1295000000       21.59475273    
  0.1311250000       21.53703771    
  0.1327500000       21.38213627    
  0.1343750000       21.21440832    
  0.1360000000       21.04514302    
  0.1376250000       20.86684134    
  0.1392500000       20.69286927    
  0.1408750000       20.51898515    
  0.1425000000       20.37996630    
  0.1441250000       20.28268431    
  0.1457500000       20.21216733    
  0.1473750000       20.15203466    
  0.1490000000       20.14855490    
  0.1506250000       20.26993054    
  0.1522500000       20.53831284    
  0.1538750000       20.72896240    
  0.1555000000       20.79842996    
  0.1571250000       20.78483056    
  0.1587500000       20.67903901    
  0.1603750000       20.49649734    
  0.1620000000       20.25820505    
  0.1636250000       20.21136990    
  0.1652500000       20.48358712    
  0.1668750000       20.84390450    
  0.1685000000       20.88836428    
  0.1701250000       20.20504121    
  0.1717500000       19.19765964    
  0.1733750000       18.31693720    
  0.1750000000       17.88473207    
  0.1766250000       17.63091657    
  0.1782500000       17.40107465    
  0.1798750000       17.17504060    
  0.1815000000       16.98764417    
  0.1831250000       16.92830809    
  0.1847500000       16.92829287    
  0.1863750000       17.33550375    
  0.1880000000       18.37996276    
  0.1896250000       19.59698503    
  0.1912500000       20.08199038    
  0.1928750000       19.38540531    
  0.1945000000       18.23109995    
  0.1961250000       17.22609798    
  0.1977500000       16.58582925    
  0.1993750000       16.06778011    
  0.2010000000       15.66664169    
  0.2026250000       15.36032364    
  0.2042500000       15.17368236    
  0.2058750000       15.05118457    
  0.2075000000       14.99208695    
  0.2091250000       14.97109252    
  0.2107500000       15.04187673    
  0.2123750000       15.31805404    
  0.2140000000       15.89103861    
  0.2156250000       16.79387255    
  0.2172500000       18.09116698    
  0.2188750000       20.00461534    
  0.2205000000       23.77189521    
  0.2221250000       28.04507762    
  0.2237500000       32.59495147    
  0.2253750000       35.82793937    
  0.2270000000       38.10903501    
  0.2286250000       38.54265995    
  0.2302500000       37.59851366    
  0.2318750000       37.67783111    
  0.2335000000       38.69573907    
  0.2351250000       39.89027522    
  0.2367500000       39.37550458    
  0.2383750000       38.29107269    
  0.2400000000       37.30926124    
  0.2416250000       36.51620683    
  0.2432500000       35.91004063    
  0.2448750000       34.63417782    
  0.2465000000       33.31704494    
  0.2481250000       31.80029122    
  0.2497500000       30.88121275    
  0.2513750000       30.19925875    
  0.2530000000       29.70471893    
  0.2546250000       29.29342536    
  0.2562500000       28.84151623    
  0.2578750000       28.26699261    
  0.2595000000       27.12496071    
  0.2611250000       25.92625815    
  0.2627500000       24.77978839    
  0.2643750000       24.05608232    
  0.2660000000       23.48822733    
  0.2676250000       23.01648820    
  0.2692500000       22.77289298    
  0.2708750000       22.54209550    
  0.2725000000       22.39433369    
  0.2741250000       22.21357376    
  0.2757500000       22.06209627    
  0.2773750000       21.88986704    
  0.2790000000       21.78043591    
  0.2806250000       21.72073282    
  0.2822500000       21.74118182    
  0.2838750000       21.92178108    
  0.2855000000       22.41390408    
  0.2871250000       22.75597617    
  0.2887500000       22.92905356    
  0.2903750000       22.81013278    
  0.2920000000       22.75502653    
  0.2936250000       22.75508403    
  0.2952500000       22.72269983    
  0.2968750000       22.50589835    
  0.2985000000       22.21190027    
  0.3001250000       21.84644908    
  0.3017500000       21.57517050    
  0.3033750000       21.23307642    
  0.3050000000       21.03570327    
  0.3066250000       21.01296938    
  0.3082500000       21.20902928    
  0.3098750000       21.33455188    
  0.3115000000       21.39717747    
  0.3131250000       21.30950774    
  0.3147500000       21.23385271    
  0.3163750000       21.08768069    
  0.3180000000       21.11653186    
  0.3196250000       21.22810751    
  0.3212500000       21.68491452    
  0.3228750000       21.99112095    
  0.3245000000       22.40669341    
  0.3261250000       22.92112748    
  0.3277500000       23.67888365    
  0.3293750000       24.33209134    
  0.3310000000       24.62875654    
  0.3326250000       24.96430545    
  0.3342500000       25.57671662    
  0.3358750000       26.50268866    
  0.3375000000       27.33299217    
  0.3391250000       27.81184642    
  0.3407500000       28.02945547    
  0.3423750000       28.22799475    
  0.3440000000       28.50443927    
  0.3456250000       28.86920466    
  0.3472500000       29.43524408    
  0.3488750000       30.65484805    
  0.3505000000       31.23244722    
  0.3521250000       30.79967890    
  0.3537500000       29.24248891    
  0.3553750000       27.97991431    
  0.3570000000       27.32515658    
  0.3586250000       27.03353978    
  0.3602500000       26.96411534    
  0.3618750000       26.96559435    
  0.3635000000       26.92608657    
  0.3651250000       26.89167286    
  0.3667500000       27.13392861    
  0.3683750000       27.63568586    
  0.3700000000       27.53298593    
  0.3716250000       26.84905232    
  0.3732500000       25.73548344    
  0.3748750000       25.11621675    
  0.3765000000       24.76654500    
  0.3781250000       24.61468951    
  0.3797500000       24.58100557    
  0.3813750000       24.75863414    
  0.3830000000       25.08207872    
  0.3846250000       24.95532149    
  0.3862500000       24.28131979    
  0.3878750000       23.21477295    
  0.3895000000       22.75420627    
  0.3911250000       22.86279770    
  0.3927500000       23.15208902    
  0.3943750000       23.29272386    
  0.3960000000       23.29490643    
  0.3976250000       23.44893603    
  0.3992500000       23.66761649    
  0.4008750000       23.95843586    
  0.4025000000       24.25850895    
  0.4041250000       24.63460999    
  0.4057500000       25.13421174    
  0.4073750000       25.79225558    
  0.4090000000       26.36142383    
  0.4106250000       26.95956924    
  0.4122500000       27.69854907    
  0.4138750000       28.87014923    
  0.4155000000       30.50122435    
  0.4171250000       31.97429796    
  0.4187500000       32.44994558    
  0.4203750000       32.38011608    
  0.4220000000       33.00633215    
  0.4236250000       34.92170600    
  0.4252500000       36.76349577    
  0.4268750000       37.89408969    
  0.4285000000       38.89669346    
  0.4301250000       40.06489757    
  0.4317500000       39.87254492    
  0.4333750000       37.74301641    
  0.4350000000       34.54134384    
  0.4366250000       31.96017765    
  0.4382500000       30.17779669    
  0.4398750000       28.98449262    
  0.4415000000       28.24810972    
  0.4431250000       27.87613282    
  0.4447500000       27.59223069    
  0.4463750000       27.25799166    
  0.4480000000       26.93794905    
  0.4496250000       26.73210100    
  0.4512500000       26.48948671    
  0.4528750000       26.25356049    
  0.4545000000       26.16929019    
  0.4561250000       26.81636792    
  0.4577500000       28.10980966    
  0.4593750000       29.65713794    
  0.4610000000       30.97234786    
  0.4626250000       32.94256666    
  0.4642500000       32.48419777    
  0.4658750000       31.52168273    
  0.4675000000       29.15902449    
  0.4691250000       28.73402412    
  0.4707500000       28.39252368    
  0.4723750000       27.98383718    
  0.4740000000       27.34292916    
  0.4756250000       26.68990243    
  0.4772500000       26.22373854    
  0.4788750000       26.09646717    
  0.4805000000       26.14188843    
  0.4821250000       26.08682869    
  0.4837500000       25.81168813    
  0.4853750000       25.29152745    
  0.4870000000       24.78798761    
  0.4886250000       24.38862163    
  0.4902500000       24.03258483    
  0.4918750000       23.62357953    
  0.4935000000       22.99336533    
  0.4951250000       22.27925460    
  0.4967500000       21.70436144    
  0.4983750000       21.41540669    
 
