 
+----------------------------+
| Real-space lattice vectors |
+----------------------------+
 
vector a1 :    4.917959082      -2.839385000       0.000000000    
vector a2 :    0.000000000       5.678770000       0.000000000    
vector a3 :    0.000000000       0.000000000       6.717984910    
 
Stored column-wise as a matrix :
   4.917959082       0.000000000       0.000000000    
  -2.839385000       5.678770000       0.000000000    
   0.000000000       0.000000000       6.717984910    
 
Inverse of matrix :
  0.2033363807       0.000000000       0.000000000    
  0.1016681903      0.1760944712       0.000000000    
   0.000000000       0.000000000      0.1488541599    
 
Unit cell volume :    187.6196038    
 
 
+----------------------------------+
| Reciprocal-space lattice vectors |
+----------------------------------+
 
vector b1 :    1.277600159       0.000000000       0.000000000    
vector b2 :   0.6388000797       1.106434194       0.000000000    
vector b3 :    0.000000000       0.000000000      0.9352782704    
 
Stored column-wise as a matrix :
   1.277600159      0.6388000797       0.000000000    
   0.000000000       1.106434194       0.000000000    
   0.000000000       0.000000000      0.9352782704    
 
Inverse of matrix :
  0.7827174979     -0.4519021581       0.000000000    
   0.000000000      0.9038043162       0.000000000    
   0.000000000       0.000000000       1.069200506    
 
Brillouin zone volume :    1.322091127    
