 
+----------------------------+
| Real-space lattice vectors |
+----------------------------+
 
vector a1 :    5.214304315      -3.010480000       0.000000000    
vector a2 :    0.000000000       6.020960000       0.000000000    
vector a3 :    0.000000000       0.000000000       6.201588800    
 
Stored column-wise as a matrix :
   5.214304315       0.000000000       0.000000000    
  -3.010480000       6.020960000       0.000000000    
   0.000000000       0.000000000       6.201588800    
 
Inverse of matrix :
  0.1917801378       0.000000000       0.000000000    
  0.9589006889E-01  0.1660864713       0.000000000    
   0.000000000       0.000000000      0.1612490012    
 
Unit cell volume :    194.6996104    
 
 
+----------------------------------+
| Reciprocal-space lattice vectors |
+----------------------------------+
 
vector b1 :    1.204990144       0.000000000       0.000000000    
vector b2 :   0.6024950720       1.043552076       0.000000000    
vector b3 :    0.000000000       0.000000000       1.013157355    
 
Stored column-wise as a matrix :
   1.204990144      0.6024950720       0.000000000    
   0.000000000       1.043552076       0.000000000    
   0.000000000       0.000000000       1.013157355    
 
Inverse of matrix :
  0.8298823065     -0.4791327731       0.000000000    
   0.000000000      0.9582655462       0.000000000    
   0.000000000       0.000000000      0.9870135125    
 
Brillouin zone volume :    1.274014945    
