 
+----------------------------+
| Real-space lattice vectors |
+----------------------------+
 
vector a1 :    4.915083878      -2.837725000       0.000000000    
vector a2 :    0.000000000       5.675450000       0.000000000    
vector a3 :    0.000000000       0.000000000       6.345153100    
 
Stored column-wise as a matrix :
   4.915083878       0.000000000       0.000000000    
  -2.837725000       5.675450000       0.000000000    
   0.000000000       0.000000000       6.345153100    
 
Inverse of matrix :
  0.2034553275       0.000000000       0.000000000    
  0.1017276637      0.1761974821       0.000000000    
   0.000000000       0.000000000      0.1576006101    
 
Unit cell volume :    177.0000305    
 
 
+----------------------------------+
| Reciprocal-space lattice vectors |
+----------------------------------+
 
vector b1 :    1.278347524       0.000000000       0.000000000    
vector b2 :   0.6391737622       1.107081431       0.000000000    
vector b3 :    0.000000000       0.000000000      0.9902338380    
 
Stored column-wise as a matrix :
   1.278347524      0.6391737622       0.000000000    
   0.000000000       1.107081431       0.000000000    
   0.000000000       0.000000000      0.9902338380    
 
Inverse of matrix :
  0.7822598949     -0.4516379609       0.000000000    
   0.000000000      0.9032759218       0.000000000    
   0.000000000       0.000000000       1.009862481    
 
Brillouin zone volume :    1.401413394    
