 
+----------------------------+
| Real-space lattice vectors |
+----------------------------+
 
vector a1 :    4.947871600      -2.856655000       0.000000000    
vector a2 :    0.000000000       5.713310000       0.000000000    
vector a3 :    0.000000000       0.000000000       6.136094940    
 
Stored column-wise as a matrix :
   4.947871600       0.000000000       0.000000000    
  -2.856655000       5.713310000       0.000000000    
   0.000000000       0.000000000       6.136094940    
 
Inverse of matrix :
  0.2021071040       0.000000000       0.000000000    
  0.1010535520      0.1750298864       0.000000000    
   0.000000000       0.000000000      0.1629700990    
 
Unit cell volume :    173.4595761    
 
 
+----------------------------------+
| Reciprocal-space lattice vectors |
+----------------------------------+
 
vector b1 :    1.269876386       0.000000000       0.000000000    
vector b2 :   0.6349381932       1.099745210       0.000000000    
vector b3 :    0.000000000       0.000000000       1.023971332    
 
Stored column-wise as a matrix :
   1.269876386      0.6349381932       0.000000000    
   0.000000000       1.099745210       0.000000000    
   0.000000000       0.000000000       1.023971332    
 
Inverse of matrix :
  0.7874782229     -0.4546507640       0.000000000    
   0.000000000      0.9093015279       0.000000000    
   0.000000000       0.000000000      0.9765898410    
 
Brillouin zone volume :    1.430017408    
