 
+----------------------------+
| Real-space lattice vectors |
+----------------------------+
 
vector a1 :    4.917041095      -2.838855000       0.000000000    
vector a2 :    0.000000000       5.677710000       0.000000000    
vector a3 :    0.000000000       0.000000000       6.847318260    
 
Stored column-wise as a matrix :
   4.917041095       0.000000000       0.000000000    
  -2.838855000       5.677710000       0.000000000    
   0.000000000       0.000000000       6.847318260    
 
Inverse of matrix :
  0.2033743425       0.000000000       0.000000000    
  0.1016871713      0.1761273471       0.000000000    
   0.000000000       0.000000000      0.1460425764    
 
Unit cell volume :    191.1602362    
 
 
+----------------------------------+
| Reciprocal-space lattice vectors |
+----------------------------------+
 
vector b1 :    1.277838681       0.000000000       0.000000000    
vector b2 :   0.6389193405       1.106640760       0.000000000    
vector b3 :    0.000000000       0.000000000      0.9176125701    
 
Stored column-wise as a matrix :
   1.277838681      0.6389193405       0.000000000    
   0.000000000       1.106640760       0.000000000    
   0.000000000       0.000000000      0.9176125701    
 
Inverse of matrix :
  0.7825713957     -0.4518178060       0.000000000    
   0.000000000      0.9036356119       0.000000000    
   0.000000000       0.000000000       1.089784548    
 
Brillouin zone volume :    1.297603614    
