 -0.8000000000       0.000000000    
 -0.7983750000       0.000000000    
 -0.7967500000       0.000000000    
 -0.7951250000       0.000000000    
 -0.7935000000       0.000000000    
 -0.7918750000       0.000000000    
 -0.7902500000       0.000000000    
 -0.7886250000       0.000000000    
 -0.7870000000       0.000000000    
 -0.7853750000       0.000000000    
 -0.7837500000       0.000000000    
 -0.7821250000       0.000000000    
 -0.7805000000       0.000000000    
 -0.7788750000       0.000000000    
 -0.7772500000       0.000000000    
 -0.7756250000       0.000000000    
 -0.7740000000       0.000000000    
 -0.7723750000       0.000000000    
 -0.7707500000       0.000000000    
 -0.7691250000       0.000000000    
 -0.7675000000       0.000000000    
 -0.7658750000       0.000000000    
 -0.7642500000       0.000000000    
 -0.7626250000       0.000000000    
 -0.7610000000       0.000000000    
 -0.7593750000       0.000000000    
 -0.7577500000       0.000000000    
 -0.7561250000       0.000000000    
 -0.7545000000       0.000000000    
 -0.7528750000       0.000000000    
 -0.7512500000       0.000000000    
 -0.7496250000       0.000000000    
 -0.7480000000       0.000000000    
 -0.7463750000       0.000000000    
 -0.7447500000       0.000000000    
 -0.7431250000       0.000000000    
 -0.7415000000       0.000000000    
 -0.7398750000       0.000000000    
 -0.7382500000       0.000000000    
 -0.7366250000       0.000000000    
 -0.7350000000       0.000000000    
 -0.7333750000       0.000000000    
 -0.7317500000       0.000000000    
 -0.7301250000       0.000000000    
 -0.7285000000       0.000000000    
 -0.7268750000       0.000000000    
 -0.7252500000       0.000000000    
 -0.7236250000       0.000000000    
 -0.7220000000       0.000000000    
 -0.7203750000       0.000000000    
 -0.7187500000       0.000000000    
 -0.7171250000       0.000000000    
 -0.7155000000       0.000000000    
 -0.7138750000       0.000000000    
 -0.7122500000       0.000000000    
 -0.7106250000       0.000000000    
 -0.7090000000       0.000000000    
 -0.7073750000       0.000000000    
 -0.7057500000       0.000000000    
 -0.7041250000       0.000000000    
 -0.7025000000       0.000000000    
 -0.7008750000       0.000000000    
 -0.6992500000       0.000000000    
 -0.6976250000       0.000000000    
 -0.6960000000       0.000000000    
 -0.6943750000       0.000000000    
 -0.6927500000       0.000000000    
 -0.6911250000       0.000000000    
 -0.6895000000       0.000000000    
 -0.6878750000       0.000000000    
 -0.6862500000       0.000000000    
 -0.6846250000       0.000000000    
 -0.6830000000       0.000000000    
 -0.6813750000       0.000000000    
 -0.6797500000       0.000000000    
 -0.6781250000       0.000000000    
 -0.6765000000       0.000000000    
 -0.6748750000       0.000000000    
 -0.6732500000       0.000000000    
 -0.6716250000       0.000000000    
 -0.6700000000       0.000000000    
 -0.6683750000       0.000000000    
 -0.6667500000       0.000000000    
 -0.6651250000       0.000000000    
 -0.6635000000       0.000000000    
 -0.6618750000       0.000000000    
 -0.6602500000       0.000000000    
 -0.6586250000       0.000000000    
 -0.6570000000       0.000000000    
 -0.6553750000       0.000000000    
 -0.6537500000       0.000000000    
 -0.6521250000       0.000000000    
 -0.6505000000       0.000000000    
 -0.6488750000       0.000000000    
 -0.6472500000       0.000000000    
 -0.6456250000       0.000000000    
 -0.6440000000       0.000000000    
 -0.6423750000       0.000000000    
 -0.6407500000       0.000000000    
 -0.6391250000       0.000000000    
 -0.6375000000       0.000000000    
 -0.6358750000       0.000000000    
 -0.6342500000       0.000000000    
 -0.6326250000       0.000000000    
 -0.6310000000       0.000000000    
 -0.6293750000       0.000000000    
 -0.6277500000       0.000000000    
 -0.6261250000       0.000000000    
 -0.6245000000       0.000000000    
 -0.6228750000       0.000000000    
 -0.6212500000       0.000000000    
 -0.6196250000       0.000000000    
 -0.6180000000       0.000000000    
 -0.6163750000       0.000000000    
 -0.6147500000       0.000000000    
 -0.6131250000       0.000000000    
 -0.6115000000       0.000000000    
 -0.6098750000       0.000000000    
 -0.6082500000       0.000000000    
 -0.6066250000       0.000000000    
 -0.6050000000       0.000000000    
 -0.6033750000      0.5252285305E-01
 -0.6017500000      0.3166313445    
 -0.6001250000      0.6423219108    
 -0.5985000000       1.017058104    
 -0.5968750000       1.264088276    
 -0.5952500000       1.519817431    
 -0.5936250000       1.719735928    
 -0.5920000000       1.884037384    
 -0.5903750000       2.032227074    
 -0.5887500000       2.195408917    
 -0.5871250000       2.370220694    
 -0.5855000000       2.545616800    
 -0.5838750000       2.699179616    
 -0.5822500000       2.831667669    
 -0.5806250000       2.948073553    
 -0.5790000000       3.072171277    
 -0.5773750000       3.209238411    
 -0.5757500000       3.362547537    
 -0.5741250000       3.520727486    
 -0.5725000000       3.676431434    
 -0.5708750000       3.816223183    
 -0.5692500000       3.941929293    
 -0.5676250000       4.059887752    
 -0.5660000000       4.182810052    
 -0.5643750000       4.316213075    
 -0.5627500000       4.455812867    
 -0.5611250000       4.602155703    
 -0.5595000000       4.752816321    
 -0.5578750000       4.911697296    
 -0.5562500000       5.071674206    
 -0.5546250000       5.223941518    
 -0.5530000000       5.366808820    
 -0.5513750000       5.503311919    
 -0.5497500000       5.646131865    
 -0.5481250000       5.794045880    
 -0.5465000000       5.952400028    
 -0.5448750000       6.116397903    
 -0.5432500000       6.288373441    
 -0.5416250000       6.465084500    
 -0.5400000000       6.652595931    
 -0.5383750000       6.846651684    
 -0.5367500000       7.043114096    
 -0.5351250000       7.234572077    
 -0.5335000000       7.426275290    
 -0.5318750000       7.623909743    
 -0.5302500000       7.829927761    
 -0.5286250000       8.045787208    
 -0.5270000000       8.273948017    
 -0.5253750000       8.514246983    
 -0.5237500000       8.770639957    
 -0.5221250000       9.040004032    
 -0.5205000000       9.329018829    
 -0.5188750000       9.635211731    
 -0.5172500000       9.963990534    
 -0.5156250000       10.31882739    
 -0.5140000000       10.69590767    
 -0.5123750000       11.10106198    
 -0.5107500000       11.53808973    
 -0.5091250000       12.01889145    
 -0.5075000000       12.55302192    
 -0.5058750000       13.15197575    
 -0.5042500000       13.83040179    
 -0.5026250000       14.61216959    
 -0.5010000000       15.53894413    
 -0.4993750000       16.73335935    
 -0.4977500000       18.34588054    
 -0.4961250000       20.67557024    
 -0.4945000000       26.77511476    
 -0.4928750000       41.33198530    
 -0.4912500000       55.76955536    
 -0.4896250000       59.51478885    
 -0.4880000000       49.35628677    
 -0.4863750000       37.04681187    
 -0.4847500000       30.40737223    
 -0.4831250000       27.83911710    
 -0.4815000000       25.90777693    
 -0.4798750000       24.28026275    
 -0.4782500000       22.97557161    
 -0.4766250000       21.92027586    
 -0.4750000000       21.01831122    
 -0.4733750000       20.18631899    
 -0.4717500000       19.40798106    
 -0.4701250000       18.70873226    
 -0.4685000000       18.12740218    
 -0.4668750000       17.76754398    
 -0.4652500000       17.44111771    
 -0.4636250000       17.00284182    
 -0.4620000000       16.27486108    
 -0.4603750000       15.40619393    
 -0.4587500000       14.52662916    
 -0.4571250000       13.71714249    
 -0.4555000000       12.97861677    
 -0.4538750000       12.29407937    
 -0.4522500000       11.57402726    
 -0.4506250000       10.73368191    
 -0.4490000000       9.815543773    
 -0.4473750000       8.947022912    
 -0.4457500000       8.211901692    
 -0.4441250000       7.597484688    
 -0.4425000000       7.082855269    
 -0.4408750000       6.677494627    
 -0.4392500000       6.146082013    
 -0.4376250000       5.564028915    
 -0.4360000000       5.002466250    
 -0.4343750000       4.668564628    
 -0.4327500000       4.498237221    
 -0.4311250000       4.417243736    
 -0.4295000000       4.510412585    
 -0.4278750000       4.717935822    
 -0.4262500000       5.073832251    
 -0.4246250000       5.495794278    
 -0.4230000000       5.963836313    
 -0.4213750000       6.422326969    
 -0.4197500000       6.824904647    
 -0.4181250000       7.206308624    
 -0.4165000000       7.687454523    
 -0.4148750000       8.190709388    
 -0.4132500000       8.915684753    
 -0.4116250000       9.708724784    
 -0.4100000000       10.65978832    
 -0.4083750000       11.72178399    
 -0.4067500000       12.98213036    
 -0.4051250000       14.24038041    
 -0.4035000000       15.29370246    
 -0.4018750000       16.13460678    
 -0.4002500000       17.10250509    
 -0.3986250000       17.94767307    
 -0.3970000000       18.42222729    
 -0.3953750000       18.59521843    
 -0.3937500000       18.57747544    
 -0.3921250000       18.54800359    
 -0.3905000000       18.39201889    
 -0.3888750000       18.33237838    
 -0.3872500000       18.47652089    
 -0.3856250000       18.74235700    
 -0.3840000000       19.02311931    
 -0.3823750000       18.67351013    
 -0.3807500000       18.13530542    
 -0.3791250000       17.50418810    
 -0.3775000000       17.36867015    
 -0.3758750000       17.29914678    
 -0.3742500000       17.26647929    
 -0.3726250000       17.23776935    
 -0.3710000000       17.21476317    
 -0.3693750000       17.19732292    
 -0.3677500000       17.19337891    
 -0.3661250000       17.18908903    
 -0.3645000000       17.18893766    
 -0.3628750000       17.20555427    
 -0.3612500000       17.24920225    
 -0.3596250000       17.32059615    
 -0.3580000000       17.45843112    
 -0.3563750000       17.47643625    
 -0.3547500000       17.46045386    
 -0.3531250000       17.39393585    
 -0.3515000000       17.46580923    
 -0.3498750000       17.50857353    
 -0.3482500000       17.48331459    
 -0.3466250000       17.38393629    
 -0.3450000000       17.29463873    
 -0.3433750000       17.21409005    
 -0.3417500000       17.18647688    
 -0.3401250000       17.20743833    
 -0.3385000000       17.32115342    
 -0.3368750000       17.47788904    
 -0.3352500000       17.68666296    
 -0.3336250000       17.94028819    
 -0.3320000000       18.26507985    
 -0.3303750000       18.68291352    
 -0.3287500000       19.23185518    
 -0.3271250000       20.07164242    
 -0.3255000000       21.13092277    
 -0.3238750000       22.23424178    
 -0.3222500000       22.96347996    
 -0.3206250000       23.27509081    
 -0.3190000000       23.61274364    
 -0.3173750000       23.65783764    
 -0.3157500000       23.40430458    
 -0.3141250000       22.33965956    
 -0.3125000000       20.66598673    
 -0.3108750000       18.94494515    
 -0.3092500000       17.74106226    
 -0.3076250000       17.49599564    
 -0.3060000000       17.82251323    
 -0.3043750000       18.41881856    
 -0.3027500000       19.53550189    
 -0.3011250000       21.39240051    
 -0.2995000000       24.42716878    
 -0.2978750000       28.15498231    
 -0.2962500000       32.96553901    
 -0.2946250000       36.56484571    
 -0.2930000000       39.60478077    
 -0.2913750000       41.35200979    
 -0.2897500000       43.16120479    
 -0.2881250000       43.64267118    
 -0.2865000000       42.02493247    
 -0.2848750000       39.49026149    
 -0.2832500000       37.14971560    
 -0.2816250000       35.81461903    
 -0.2800000000       34.70206236    
 -0.2783750000       34.13835265    
 -0.2767500000       33.80788512    
 -0.2751250000       31.64658887    
 -0.2735000000       29.00293071    
 -0.2718750000       26.57028570    
 -0.2702500000       26.43467727    
 -0.2686250000       26.73493471    
 -0.2670000000       27.12798722    
 -0.2653750000       27.64563807    
 -0.2637500000       28.35277320    
 -0.2621250000       29.91079445    
 -0.2605000000       31.32642788    
 -0.2588750000       32.72467432    
 -0.2572500000       33.54970280    
 -0.2556250000       35.00843200    
 -0.2540000000       37.00438921    
 -0.2523750000       38.92101628    
 -0.2507500000       40.62528989    
 -0.2491250000       42.23988286    
 -0.2475000000       43.94015242    
 -0.2458750000       45.34990280    
 -0.2442500000       46.40185239    
 -0.2426250000       47.82752174    
 -0.2410000000       50.05180550    
 -0.2393750000       52.64958829    
 -0.2377500000       54.97492555    
 -0.2361250000       57.07522490    
 -0.2345000000       58.60815126    
 -0.2328750000       60.55021063    
 -0.2312500000       63.90728694    
 -0.2296250000       71.34930784    
 -0.2280000000       82.04288496    
 -0.2263750000       81.09472108    
 -0.2247500000       72.40910234    
 -0.2231250000       57.14341218    
 -0.2215000000       49.60608214    
 -0.2198750000       44.47370363    
 -0.2182500000       41.65073494    
 -0.2166250000       41.06438858    
 -0.2150000000       40.77572388    
 -0.2133750000       40.99467917    
 -0.2117500000       42.14817864    
 -0.2101250000       43.65779779    
 -0.2085000000       44.57379226    
 -0.2068750000       43.36382676    
 -0.2052500000       42.60376203    
 -0.2036250000       42.35424909    
 -0.2020000000       43.46608528    
 -0.2003750000       45.14876998    
 -0.1987500000       46.49963415    
 -0.1971250000       47.01577132    
 -0.1955000000       46.48897246    
 -0.1938750000       45.58763612    
 -0.1922500000       44.27808346    
 -0.1906250000       42.36670859    
 -0.1890000000       39.67011490    
 -0.1873750000       36.79410838    
 -0.1857500000       34.30992905    
 -0.1841250000       32.50659764    
 -0.1825000000       31.05457511    
 -0.1808750000       29.86585605    
 -0.1792500000       28.71889159    
 -0.1776250000       27.58227426    
 -0.1760000000       26.47738829    
 -0.1743750000       25.46398331    
 -0.1727500000       24.55438095    
 -0.1711250000       23.65382429    
 -0.1695000000       22.74152268    
 -0.1678750000       21.79852475    
 -0.1662500000       20.87813978    
 -0.1646250000       20.03951359    
 -0.1630000000       19.24399925    
 -0.1613750000       18.53667639    
 -0.1597500000       17.57849688    
 -0.1581250000       16.49319738    
 -0.1565000000       15.35600840    
 -0.1548750000       14.54182088    
 -0.1532500000       13.99658223    
 -0.1516250000       13.59060682    
 -0.1500000000       13.21307751    
 -0.1483750000       12.72680372    
 -0.1467500000       12.02281771    
 -0.1451250000       10.93403167    
 -0.1435000000       9.665651833    
 -0.1418750000       8.513980610    
 -0.1402500000       7.613925404    
 -0.1386250000       6.911008267    
 -0.1370000000       6.287205628    
 -0.1353750000       5.818885381    
 -0.1337500000       5.349072600    
 -0.1321250000       4.855730196    
 -0.1305000000       4.308931365    
 -0.1288750000       3.828094967    
 -0.1272500000       3.424364697    
 -0.1256250000       3.129747608    
 -0.1240000000       2.939923382    
 -0.1223750000       2.811242350    
 -0.1207500000       2.722116453    
 -0.1191250000       2.706643136    
 -0.1175000000       2.867496963    
 -0.1158750000       3.141915361    
 -0.1142500000       3.230475533    
 -0.1126250000       2.999694966    
 -0.1110000000       2.906439863    
 -0.1093750000       3.569619209    
 -0.1077500000       5.074151898    
 -0.1061250000       6.931436123    
 -0.1045000000       8.527037119    
 -0.1028750000       9.924686551    
 -0.1012500000       10.96817394    
 -0.9962500000E-01   11.76622939    
 -0.9800000000E-01   12.12395661    
 -0.9637500000E-01   12.21264532    
 -0.9475000000E-01   12.19269355    
 -0.9312500000E-01   12.17256082    
 -0.9150000000E-01   12.23509000    
 -0.8987500000E-01   12.38124257    
 -0.8825000000E-01   12.56807242    
 -0.8662500000E-01   12.78430648    
 -0.8500000000E-01   13.00076548    
 -0.8337500000E-01   13.22009961    
 -0.8175000000E-01   13.46554000    
 -0.8012500000E-01   13.65054837    
 -0.7850000000E-01   13.79106567    
 -0.7687500000E-01   13.88430048    
 -0.7525000000E-01   14.02004505    
 -0.7362500000E-01   14.17965919    
 -0.7200000000E-01   14.32795542    
 -0.7037500000E-01   14.48949759    
 -0.6875000000E-01   14.66085751    
 -0.6712500000E-01   14.82401906    
 -0.6550000000E-01   15.01527240    
 -0.6387500000E-01   15.20664159    
 -0.6225000000E-01   15.40440881    
 -0.6062500000E-01   15.51050986    
 -0.5900000000E-01   15.58753650    
 -0.5737500000E-01   15.67595207    
 -0.5575000000E-01   15.83361280    
 -0.5412500000E-01   16.03076440    
 -0.5250000000E-01   16.24445227    
 -0.5087500000E-01   16.49589071    
 -0.4925000000E-01   16.81379219    
 -0.4762500000E-01   17.22800402    
 -0.4600000000E-01   17.74936127    
 -0.4437500000E-01   18.51313747    
 -0.4275000000E-01   19.44474308    
 -0.4112500000E-01   20.44973998    
 -0.3950000000E-01   21.26158342    
 -0.3787500000E-01   22.03711893    
 -0.3625000000E-01   22.79884448    
 -0.3462500000E-01   23.64740089    
 -0.3300000000E-01   24.41371651    
 -0.3137500000E-01   24.82581935    
 -0.2975000000E-01   25.00580469    
 -0.2812500000E-01   24.93607244    
 -0.2650000000E-01   24.90634859    
 -0.2487500000E-01   24.76183738    
 -0.2325000000E-01   24.66702717    
 -0.2162500000E-01   24.72958594    
 -0.2000000000E-01   25.04607184    
 -0.1837500000E-01   25.38242240    
 -0.1675000000E-01   25.66921912    
 -0.1512500000E-01   25.90445023    
 -0.1350000000E-01   26.27273174    
 -0.1187500000E-01   27.00094502    
 -0.1025000000E-01   27.69486551    
 -0.8625000000E-02   28.41739616    
 -0.7000000000E-02   28.90920037    
 -0.5375000000E-02   29.47574463    
 -0.3750000000E-02   30.08292813    
 -0.2125000000E-02   30.68108792    
 -0.5000000000E-03   31.77532403    
  0.1125000000E-02   32.61154356    
  0.2750000000E-02   32.74252808    
  0.4375000000E-02   32.14668447    
  0.6000000000E-02   31.86366095    
  0.7625000000E-02   32.84516375    
  0.9250000000E-02   33.64715983    
  0.1087500000E-01   34.06070701    
  0.1250000000E-01   33.73626628    
  0.1412500000E-01   33.70000487    
  0.1575000000E-01   33.82181179    
  0.1737500000E-01   33.91824645    
  0.1900000000E-01   33.91413416    
  0.2062500000E-01   33.84157921    
  0.2225000000E-01   33.82603316    
  0.2387500000E-01   33.91234819    
  0.2550000000E-01   34.02813930    
  0.2712500000E-01   34.26259328    
  0.2875000000E-01   34.54319661    
  0.3037500000E-01   34.61256354    
  0.3200000000E-01   34.39852897    
  0.3362500000E-01   34.14666433    
  0.3525000000E-01   34.16587702    
  0.3687500000E-01   34.50856896    
  0.3850000000E-01   35.04500545    
  0.4012500000E-01   35.71564071    
  0.4175000000E-01   36.66690635    
  0.4337500000E-01   38.02695320    
  0.4500000000E-01   40.28344612    
  0.4662500000E-01   43.12716823    
  0.4825000000E-01   41.61387313    
  0.4987500000E-01   37.56225394    
  0.5150000000E-01   32.63029369    
  0.5312500000E-01   31.41005803    
  0.5475000000E-01   32.05123665    
  0.5637500000E-01   32.87220357    
  0.5800000000E-01   34.61036406    
  0.5962500000E-01   37.80572993    
  0.6125000000E-01   40.96820338    
  0.6287500000E-01   42.88248806    
  0.6450000000E-01   43.21015317    
  0.6612500000E-01   43.90715175    
  0.6775000000E-01   45.94819028    
  0.6937500000E-01   48.38041079    
  0.7100000000E-01   50.09701535    
  0.7262500000E-01   50.54697361    
  0.7425000000E-01   50.18412781    
  0.7587500000E-01   49.47294718    
  0.7750000000E-01   48.37783585    
  0.7912500000E-01   46.73644912    
  0.8075000000E-01   44.62074241    
  0.8237500000E-01   42.54327504    
  0.8400000000E-01   40.99030896    
  0.8562500000E-01   39.28875913    
  0.8725000000E-01   36.44673335    
  0.8887500000E-01   32.62988356    
  0.9050000000E-01   29.28523460    
  0.9212500000E-01   27.59161169    
  0.9375000000E-01   26.90993421    
  0.9537500000E-01   26.70168712    
  0.9700000000E-01   26.45684966    
  0.9862500000E-01   26.15539566    
  0.1002500000       25.78015547    
  0.1018750000       25.31989661    
  0.1035000000       24.84666410    
  0.1051250000       24.35944321    
  0.1067500000       23.99418567    
  0.1083750000       23.70733653    
  0.1100000000       23.48838969    
  0.1116250000       23.33152807    
  0.1132500000       23.35221892    
  0.1148750000       23.44735978    
  0.1165000000       23.47613653    
  0.1181250000       23.32955099    
  0.1197500000       23.09020928    
  0.1213750000       22.85119567    
  0.1230000000       22.64650275    
  0.1246250000       22.45391586    
  0.1262500000       22.27847832    
  0.1278750000       22.09935890    
  0.1295000000       21.94335560    
  0.1311250000       21.83620513    
  0.1327500000       21.80434691    
  0.1343750000       21.85176470    
  0.1360000000       21.97546751    
  0.1376250000       22.13411256    
  0.1392500000       22.18810004    
  0.1408750000       22.09747062    
  0.1425000000       21.90429093    
  0.1441250000       21.77253858    
  0.1457500000       21.54380020    
  0.1473750000       21.25303665    
  0.1490000000       20.90427986    
  0.1506250000       20.71772484    
  0.1522500000       20.76085360    
  0.1538750000       21.04413757    
  0.1555000000       21.43965171    
  0.1571250000       21.41151341    
  0.1587500000       20.63747381    
  0.1603750000       19.36559561    
  0.1620000000       18.11479892    
  0.1636250000       17.29261852    
  0.1652500000       16.80745420    
  0.1668750000       16.59736194    
  0.1685000000       16.53085408    
  0.1701250000       16.65307704    
  0.1717500000       16.97371244    
  0.1733750000       17.40335785    
  0.1750000000       18.21118793    
  0.1766250000       19.36628733    
  0.1782500000       20.12319026    
  0.1798750000       19.68120881    
  0.1815000000       18.38590584    
  0.1831250000       17.19727725    
  0.1847500000       16.58547324    
  0.1863750000       16.21280123    
  0.1880000000       15.98080888    
  0.1896250000       15.85928186    
  0.1912500000       15.79891242    
  0.1928750000       15.73509366    
  0.1945000000       15.68434578    
  0.1961250000       15.70368447    
  0.1977500000       16.44818286    
  0.1993750000       18.10988751    
  0.2010000000       21.17071891    
  0.2026250000       24.41560142    
  0.2042500000       26.05761645    
  0.2058750000       25.88427522    
  0.2075000000       25.55308468    
  0.2091250000       27.44529507    
  0.2107500000       29.61946686    
  0.2123750000       32.38804893    
  0.2140000000       33.57112596    
  0.2156250000       35.00180566    
  0.2172500000       35.48955507    
  0.2188750000       36.68974509    
  0.2205000000       37.71937601    
  0.2221250000       38.65578818    
  0.2237500000       39.33204518    
  0.2253750000       39.84181899    
  0.2270000000       39.21692042    
  0.2286250000       37.77475962    
  0.2302500000       36.25497179    
  0.2318750000       35.17730324    
  0.2335000000       34.11877719    
  0.2351250000       33.01240376    
  0.2367500000       32.07599920    
  0.2383750000       31.36221996    
  0.2400000000       30.70844993    
  0.2416250000       29.93235038    
  0.2432500000       29.10868928    
  0.2448750000       28.38019187    
  0.2465000000       27.81827489    
  0.2481250000       27.40053086    
  0.2497500000       26.46428443    
  0.2513750000       25.47505428    
  0.2530000000       24.37175049    
  0.2546250000       23.81949228    
  0.2562500000       23.43460431    
  0.2578750000       23.20202594    
  0.2595000000       23.14198798    
  0.2611250000       23.43654841    
  0.2627500000       24.08539604    
  0.2643750000       24.64996576    
  0.2660000000       25.00920665    
  0.2676250000       25.11742347    
  0.2692500000       25.13308959    
  0.2708750000       25.00234860    
  0.2725000000       24.86765938    
  0.2741250000       24.83254295    
  0.2757500000       24.83112229    
  0.2773750000       24.62090911    
  0.2790000000       24.07891514    
  0.2806250000       23.40900797    
  0.2822500000       22.65767436    
  0.2838750000       22.15107841    
  0.2855000000       21.88819946    
  0.2871250000       21.87095878    
  0.2887500000       21.98266974    
  0.2903750000       22.07661572    
  0.2920000000       22.23809869    
  0.2936250000       22.45933549    
  0.2952500000       22.48981534    
  0.2968750000       22.42435606    
  0.2985000000       22.14232277    
  0.3001250000       22.06929173    
  0.3017500000       22.11450158    
  0.3033750000       22.34418114    
  0.3050000000       22.25951001    
  0.3066250000       22.28016281    
  0.3082500000       22.68628536    
  0.3098750000       23.71183865    
  0.3115000000       24.84085802    
  0.3131250000       25.51130470    
  0.3147500000       25.92897093    
  0.3163750000       26.37782395    
  0.3180000000       27.53062155    
  0.3196250000       28.66925995    
  0.3212500000       29.58290948    
  0.3228750000       30.00460006    
  0.3245000000       30.52089368    
  0.3261250000       31.19078985    
  0.3277500000       32.28290090    
  0.3293750000       33.72095871    
  0.3310000000       33.85333345    
  0.3326250000       32.81610033    
  0.3342500000       31.03110976    
  0.3358750000       30.19743219    
  0.3375000000       29.96005656    
  0.3391250000       29.90659844    
  0.3407500000       29.99949754    
  0.3423750000       30.38093027    
  0.3440000000       30.59939087    
  0.3456250000       30.07434668    
  0.3472500000       28.68733865    
  0.3488750000       27.38553871    
  0.3505000000       26.73197501    
  0.3521250000       26.69299997    
  0.3537500000       26.62931651    
  0.3553750000       26.43770462    
  0.3570000000       25.49028321    
  0.3586250000       24.24700840    
  0.3602500000       23.00735287    
  0.3618750000       22.72209859    
  0.3635000000       22.93017994    
  0.3651250000       23.15366865    
  0.3667500000       23.08381802    
  0.3683750000       22.97721635    
  0.3700000000       23.02605649    
  0.3716250000       23.16430582    
  0.3732500000       23.36942409    
  0.3748750000       23.61125195    
  0.3765000000       23.84982076    
  0.3781250000       24.09609409    
  0.3797500000       24.47966288    
  0.3813750000       24.96656666    
  0.3830000000       25.52918806    
  0.3846250000       26.17360374    
  0.3862500000       26.99791344    
  0.3878750000       28.04666148    
  0.3895000000       29.22770647    
  0.3911250000       30.04546677    
  0.3927500000       30.59889956    
  0.3943750000       30.60499739    
  0.3960000000       30.59856384    
  0.3976250000       30.69088283    
  0.3992500000       31.53553498    
  0.4008750000       33.31144518    
  0.4025000000       35.75335744    
  0.4041250000       38.94890005    
  0.4057500000       41.46578069    
  0.4073750000       42.71342233    
  0.4090000000       41.37429633    
  0.4106250000       38.76068590    
  0.4122500000       35.68454778    
  0.4138750000       33.42228683    
  0.4155000000       31.82230040    
  0.4171250000       30.71802414    
  0.4187500000       29.91163586    
  0.4203750000       29.75195999    
  0.4220000000       29.94858392    
  0.4236250000       30.33289686    
  0.4252500000       30.41081564    
  0.4268750000       31.24194448    
  0.4285000000       33.96342587    
  0.4301250000       35.40201726    
  0.4317500000       35.66365398    
  0.4333750000       33.73575468    
  0.4350000000       32.70401815    
  0.4366250000       31.63565151    
  0.4382500000       30.36829319    
  0.4398750000       29.32419864    
  0.4415000000       28.68432567    
  0.4431250000       28.32908122    
  0.4447500000       28.07207939    
  0.4463750000       27.79557990    
  0.4480000000       27.64194944    
  0.4496250000       27.56837465    
  0.4512500000       27.49827879    
  0.4528750000       27.43714743    
  0.4545000000       27.35923965    
  0.4561250000       27.14381401    
  0.4577500000       26.73622175    
  0.4593750000       26.27223113    
  0.4610000000       25.90883651    
  0.4626250000       25.54941127    
  0.4642500000       25.08237384    
  0.4658750000       24.36393942    
  0.4675000000       23.97616785    
  0.4691250000       24.05600367    
  0.4707500000       24.04241611    
  0.4723750000       23.78143222    
  0.4740000000       23.16119813    
  0.4756250000       22.83225443    
  0.4772500000       22.45396575    
  0.4788750000       22.16029999    
  0.4805000000       22.05570585    
  0.4821250000       22.16664052    
  0.4837500000       22.36566857    
  0.4853750000       22.65398065    
  0.4870000000       22.99865135    
  0.4886250000       23.41166071    
  0.4902500000       23.84681624    
  0.4918750000       24.40846262    
  0.4935000000       25.14915315    
  0.4951250000       25.80570615    
  0.4967500000       26.29638821    
  0.4983750000       26.54118338    
 
