 -0.8000000000       0.000000000    
 -0.7983750000       0.000000000    
 -0.7967500000       0.000000000    
 -0.7951250000       0.000000000    
 -0.7935000000       0.000000000    
 -0.7918750000       0.000000000    
 -0.7902500000       0.000000000    
 -0.7886250000       0.000000000    
 -0.7870000000       0.000000000    
 -0.7853750000       0.000000000    
 -0.7837500000       0.000000000    
 -0.7821250000       0.000000000    
 -0.7805000000       0.000000000    
 -0.7788750000       0.000000000    
 -0.7772500000       0.000000000    
 -0.7756250000       0.000000000    
 -0.7740000000       0.000000000    
 -0.7723750000       0.000000000    
 -0.7707500000       0.000000000    
 -0.7691250000       0.000000000    
 -0.7675000000       0.000000000    
 -0.7658750000       0.000000000    
 -0.7642500000       0.000000000    
 -0.7626250000       0.000000000    
 -0.7610000000       0.000000000    
 -0.7593750000       0.000000000    
 -0.7577500000       0.000000000    
 -0.7561250000       0.000000000    
 -0.7545000000       0.000000000    
 -0.7528750000       0.000000000    
 -0.7512500000       0.000000000    
 -0.7496250000       0.000000000    
 -0.7480000000       0.000000000    
 -0.7463750000       0.000000000    
 -0.7447500000       0.000000000    
 -0.7431250000       0.000000000    
 -0.7415000000       0.000000000    
 -0.7398750000       0.000000000    
 -0.7382500000       0.000000000    
 -0.7366250000       0.000000000    
 -0.7350000000       0.000000000    
 -0.7333750000       0.000000000    
 -0.7317500000       0.000000000    
 -0.7301250000       0.000000000    
 -0.7285000000       0.000000000    
 -0.7268750000       0.000000000    
 -0.7252500000       0.000000000    
 -0.7236250000       0.000000000    
 -0.7220000000       0.000000000    
 -0.7203750000       0.000000000    
 -0.7187500000       0.000000000    
 -0.7171250000       0.000000000    
 -0.7155000000       0.000000000    
 -0.7138750000       0.000000000    
 -0.7122500000       0.000000000    
 -0.7106250000       0.000000000    
 -0.7090000000       0.000000000    
 -0.7073750000       0.000000000    
 -0.7057500000       0.000000000    
 -0.7041250000       0.000000000    
 -0.7025000000       0.000000000    
 -0.7008750000       0.000000000    
 -0.6992500000       0.000000000    
 -0.6976250000       0.000000000    
 -0.6960000000       0.000000000    
 -0.6943750000       0.000000000    
 -0.6927500000       0.000000000    
 -0.6911250000       0.000000000    
 -0.6895000000       0.000000000    
 -0.6878750000       0.000000000    
 -0.6862500000       0.000000000    
 -0.6846250000       0.000000000    
 -0.6830000000       0.000000000    
 -0.6813750000       0.000000000    
 -0.6797500000       0.000000000    
 -0.6781250000       0.000000000    
 -0.6765000000       0.000000000    
 -0.6748750000       0.000000000    
 -0.6732500000       0.000000000    
 -0.6716250000       0.000000000    
 -0.6700000000       0.000000000    
 -0.6683750000       0.000000000    
 -0.6667500000       0.000000000    
 -0.6651250000       0.000000000    
 -0.6635000000       0.000000000    
 -0.6618750000       0.000000000    
 -0.6602500000       0.000000000    
 -0.6586250000       0.000000000    
 -0.6570000000       0.000000000    
 -0.6553750000       0.000000000    
 -0.6537500000       0.000000000    
 -0.6521250000       0.000000000    
 -0.6505000000       0.000000000    
 -0.6488750000       0.000000000    
 -0.6472500000       0.000000000    
 -0.6456250000       0.000000000    
 -0.6440000000       0.000000000    
 -0.6423750000       0.000000000    
 -0.6407500000       0.000000000    
 -0.6391250000       0.000000000    
 -0.6375000000       0.000000000    
 -0.6358750000       0.000000000    
 -0.6342500000       0.000000000    
 -0.6326250000       0.000000000    
 -0.6310000000       0.000000000    
 -0.6293750000       0.000000000    
 -0.6277500000       0.000000000    
 -0.6261250000       0.000000000    
 -0.6245000000       0.000000000    
 -0.6228750000       0.000000000    
 -0.6212500000       0.000000000    
 -0.6196250000       0.000000000    
 -0.6180000000       0.000000000    
 -0.6163750000       0.000000000    
 -0.6147500000       0.000000000    
 -0.6131250000       0.000000000    
 -0.6115000000       0.000000000    
 -0.6098750000       0.000000000    
 -0.6082500000       0.000000000    
 -0.6066250000       0.000000000    
 -0.6050000000       0.000000000    
 -0.6033750000       0.000000000    
 -0.6017500000       0.000000000    
 -0.6001250000       0.000000000    
 -0.5985000000       0.000000000    
 -0.5968750000       0.000000000    
 -0.5952500000       0.000000000    
 -0.5936250000       0.000000000    
 -0.5920000000       0.000000000    
 -0.5903750000       0.000000000    
 -0.5887500000       0.000000000    
 -0.5871250000      0.6478954505E-01
 -0.5855000000      0.3607190498    
 -0.5838750000      0.7310537452    
 -0.5822500000       1.147448152    
 -0.5806250000       1.417428691    
 -0.5790000000       1.689294981    
 -0.5773750000       1.900492476    
 -0.5757500000       2.084565580    
 -0.5741250000       2.255431652    
 -0.5725000000       2.439569024    
 -0.5708750000       2.636263139    
 -0.5692500000       2.814585967    
 -0.5676250000       2.975794958    
 -0.5660000000       3.110725187    
 -0.5643750000       3.249388868    
 -0.5627500000       3.399198783    
 -0.5611250000       3.563173826    
 -0.5595000000       3.731556287    
 -0.5578750000       3.899820359    
 -0.5562500000       4.055579273    
 -0.5546250000       4.199123078    
 -0.5530000000       4.330956614    
 -0.5513750000       4.468554803    
 -0.5497500000       4.615947910    
 -0.5481250000       4.771842970    
 -0.5465000000       4.930876158    
 -0.5448750000       5.095055843    
 -0.5432500000       5.261462915    
 -0.5416250000       5.436685668    
 -0.5400000000       5.599966450    
 -0.5383750000       5.759639779    
 -0.5367500000       5.907277273    
 -0.5351250000       6.066400944    
 -0.5335000000       6.232714151    
 -0.5318750000       6.408064593    
 -0.5302500000       6.592088651    
 -0.5286250000       6.781272735    
 -0.5270000000       6.978453086    
 -0.5253750000       7.183673676    
 -0.5237500000       7.396726481    
 -0.5221250000       7.610899744    
 -0.5205000000       7.822421960    
 -0.5188750000       8.034813482    
 -0.5172500000       8.256768222    
 -0.5156250000       8.489818457    
 -0.5140000000       8.734271152    
 -0.5123750000       8.989994387    
 -0.5107500000       9.266305303    
 -0.5091250000       9.566156834    
 -0.5075000000       9.887373178    
 -0.5058750000       10.23136146    
 -0.5042500000       10.60260774    
 -0.5026250000       11.00067061    
 -0.5010000000       11.42139125    
 -0.4993750000       11.86438745    
 -0.4977500000       12.34097710    
 -0.4961250000       12.86170182    
 -0.4945000000       13.44528381    
 -0.4928750000       14.16179528    
 -0.4912500000       15.05260015    
 -0.4896250000       16.15701171    
 -0.4880000000       17.47844377    
 -0.4863750000       19.08047916    
 -0.4847500000       21.06163279    
 -0.4831250000       25.88588107    
 -0.4815000000       29.90771214    
 -0.4798750000       32.69575889    
 -0.4782500000       31.93168587    
 -0.4766250000       31.75094286    
 -0.4750000000       32.70470987    
 -0.4733750000       33.15960914    
 -0.4717500000       32.45042167    
 -0.4701250000       30.23661609    
 -0.4685000000       28.19738383    
 -0.4668750000       26.48619636    
 -0.4652500000       25.15536768    
 -0.4636250000       23.91943292    
 -0.4620000000       22.77378596    
 -0.4603750000       21.75618665    
 -0.4587500000       20.91552334    
 -0.4571250000       20.16278260    
 -0.4555000000       19.45141510    
 -0.4538750000       18.76327870    
 -0.4522500000       18.11754637    
 -0.4506250000       17.59588301    
 -0.4490000000       17.30397617    
 -0.4473750000       16.98472760    
 -0.4457500000       16.49965545    
 -0.4441250000       15.73018394    
 -0.4425000000       14.87493945    
 -0.4408750000       14.03983784    
 -0.4392500000       13.26138829    
 -0.4376250000       12.44540888    
 -0.4360000000       11.50398551    
 -0.4343750000       10.49299057    
 -0.4327500000       9.527174190    
 -0.4311250000       8.724222544    
 -0.4295000000       8.020924029    
 -0.4278750000       7.466634617    
 -0.4262500000       6.855481740    
 -0.4246250000       6.112347341    
 -0.4230000000       5.363610651    
 -0.4213750000       4.799643863    
 -0.4197500000       4.476468197    
 -0.4181250000       4.268807968    
 -0.4165000000       4.166805680    
 -0.4148750000       4.192668393    
 -0.4132500000       4.425366846    
 -0.4116250000       4.902340413    
 -0.4100000000       5.584088077    
 -0.4083750000       6.215048964    
 -0.4067500000       6.703782691    
 -0.4051250000       7.072545362    
 -0.4035000000       7.491904544    
 -0.4018750000       7.961122848    
 -0.4002500000       8.616349901    
 -0.3986250000       9.542736298    
 -0.3970000000       10.62722400    
 -0.3953750000       11.85492994    
 -0.3937500000       13.36476980    
 -0.3921250000       15.09814403    
 -0.3905000000       16.51383833    
 -0.3888750000       17.34604705    
 -0.3872500000       17.82480320    
 -0.3856250000       18.13979825    
 -0.3840000000       18.23595301    
 -0.3823750000       18.10322311    
 -0.3807500000       18.01401265    
 -0.3791250000       18.04641292    
 -0.3775000000       18.23176969    
 -0.3758750000       18.50598852    
 -0.3742500000       18.68039270    
 -0.3726250000       18.31808387    
 -0.3710000000       17.85174916    
 -0.3693750000       17.40308894    
 -0.3677500000       17.32094455    
 -0.3661250000       17.19523337    
 -0.3645000000       17.10414561    
 -0.3628750000       17.08318417    
 -0.3612500000       17.09846552    
 -0.3596250000       17.12481025    
 -0.3580000000       17.13311517    
 -0.3563750000       17.13644356    
 -0.3547500000       17.14081715    
 -0.3531250000       17.16935205    
 -0.3515000000       17.21711740    
 -0.3498750000       17.27555289    
 -0.3482500000       17.33793831    
 -0.3466250000       17.38674293    
 -0.3450000000       17.51459356    
 -0.3433750000       17.59372666    
 -0.3417500000       17.63297314    
 -0.3401250000       17.46638172    
 -0.3385000000       17.26636006    
 -0.3368750000       17.05305441    
 -0.3352500000       16.90461949    
 -0.3336250000       16.82075425    
 -0.3320000000       16.80366071    
 -0.3303750000       16.85076392    
 -0.3287500000       16.92834276    
 -0.3271250000       17.02971336    
 -0.3255000000       17.14752045    
 -0.3238750000       17.31410764    
 -0.3222500000       17.53852401    
 -0.3206250000       17.82714474    
 -0.3190000000       18.15892046    
 -0.3173750000       18.55524302    
 -0.3157500000       19.06281735    
 -0.3141250000       19.74125861    
 -0.3125000000       20.77560475    
 -0.3108750000       21.86975376    
 -0.3092500000       22.92445926    
 -0.3076250000       23.67677127    
 -0.3060000000       24.11563911    
 -0.3043750000       24.02710008    
 -0.3027500000       23.21202042    
 -0.3011250000       22.11730738    
 -0.2995000000       20.78565928    
 -0.2978750000       19.74130935    
 -0.2962500000       18.82490813    
 -0.2946250000       18.28994811    
 -0.2930000000       18.10815144    
 -0.2913750000       18.34058775    
 -0.2897500000       19.07019547    
 -0.2881250000       20.32966153    
 -0.2865000000       21.93549379    
 -0.2848750000       23.77184532    
 -0.2832500000       26.45966730    
 -0.2816250000       31.59375398    
 -0.2800000000       37.38180013    
 -0.2783750000       42.44359316    
 -0.2767500000       45.18950984    
 -0.2751250000       46.34062971    
 -0.2735000000       46.47461199    
 -0.2718750000       44.53059161    
 -0.2702500000       42.81008955    
 -0.2686250000       38.88101212    
 -0.2670000000       35.57528661    
 -0.2653750000       31.39907500    
 -0.2637500000       29.13589993    
 -0.2621250000       27.66916854    
 -0.2605000000       27.27167647    
 -0.2588750000       27.49281687    
 -0.2572500000       27.78228831    
 -0.2556250000       28.13417730    
 -0.2540000000       28.59953277    
 -0.2523750000       29.25850004    
 -0.2507500000       30.25911151    
 -0.2491250000       31.52960035    
 -0.2475000000       33.29307643    
 -0.2458750000       34.67815390    
 -0.2442500000       35.95639462    
 -0.2426250000       36.80477852    
 -0.2410000000       38.14082305    
 -0.2393750000       39.98450533    
 -0.2377500000       42.09636612    
 -0.2361250000       44.22293070    
 -0.2345000000       46.05575765    
 -0.2328750000       47.52711209    
 -0.2312500000       49.01669744    
 -0.2296250000       50.85390052    
 -0.2280000000       53.90119762    
 -0.2263750000       56.93785756    
 -0.2247500000       59.61531128    
 -0.2231250000       61.90307555    
 -0.2215000000       65.26880858    
 -0.2198750000       71.60513763    
 -0.2182500000       82.44806210    
 -0.2166250000       83.31724424    
 -0.2150000000       76.83753459    
 -0.2133750000       62.12235303    
 -0.2117500000       54.00572242    
 -0.2101250000       48.58174233    
 -0.2085000000       44.40443394    
 -0.2068750000       40.86203299    
 -0.2052500000       38.45828564    
 -0.2036250000       38.74271967    
 -0.2020000000       43.67220308    
 -0.2003750000       49.79606704    
 -0.1987500000       53.89602999    
 -0.1971250000       52.47836790    
 -0.1955000000       48.92355735    
 -0.1938750000       45.91359645    
 -0.1922500000       45.18007769    
 -0.1906250000       45.61672407    
 -0.1890000000       46.54763204    
 -0.1873750000       47.14937391    
 -0.1857500000       47.55846293    
 -0.1841250000       47.38890843    
 -0.1825000000       46.57939640    
 -0.1808750000       44.39175289    
 -0.1792500000       41.56792758    
 -0.1776250000       38.58889725    
 -0.1760000000       36.26336804    
 -0.1743750000       34.21851234    
 -0.1727500000       32.47533897    
 -0.1711250000       31.01384371    
 -0.1695000000       29.83660828    
 -0.1678750000       28.70623253    
 -0.1662500000       27.53416981    
 -0.1646250000       26.28577387    
 -0.1630000000       25.07325796    
 -0.1613750000       23.99364785    
 -0.1597500000       22.99991303    
 -0.1581250000       22.05990271    
 -0.1565000000       20.81730355    
 -0.1548750000       19.51949498    
 -0.1532500000       18.30389929    
 -0.1516250000       17.50900395    
 -0.1500000000       16.92662444    
 -0.1483750000       16.46295262    
 -0.1467500000       16.00761700    
 -0.1451250000       15.54875173    
 -0.1435000000       15.04239425    
 -0.1418750000       14.50882529    
 -0.1402500000       13.98239173    
 -0.1386250000       13.37568264    
 -0.1370000000       12.71190036    
 -0.1353750000       11.77442269    
 -0.1337500000       10.53665631    
 -0.1321250000       9.243557042    
 -0.1305000000       8.150626581    
 -0.1288750000       7.341932269    
 -0.1272500000       6.680345242    
 -0.1256250000       6.066937072    
 -0.1240000000       5.554383673    
 -0.1223750000       5.025396322    
 -0.1207500000       4.517909930    
 -0.1191250000       4.015374695    
 -0.1175000000       3.582974225    
 -0.1158750000       3.250245490    
 -0.1142500000       3.031866070    
 -0.1126250000       2.880470601    
 -0.1110000000       2.784092590    
 -0.1093750000       2.750739298    
 -0.1077500000       2.904226852    
 -0.1061250000       3.333660010    
 -0.1045000000       3.380565351    
 -0.1028750000       3.410996151    
 -0.1012500000       3.654311474    
 -0.9962500000E-01   5.043078421    
 -0.9800000000E-01   6.919319107    
 -0.9637500000E-01   8.782429714    
 -0.9475000000E-01   10.41308710    
 -0.9312500000E-01   11.64704393    
 -0.9150000000E-01   12.57868845    
 -0.8987500000E-01   12.98014567    
 -0.8825000000E-01   13.16681400    
 -0.8662500000E-01   13.15873994    
 -0.8500000000E-01   13.17070897    
 -0.8337500000E-01   13.24636654    
 -0.8175000000E-01   13.44011025    
 -0.8012500000E-01   13.68546946    
 -0.7850000000E-01   13.93363193    
 -0.7687500000E-01   14.18376979    
 -0.7525000000E-01   14.45124811    
 -0.7362500000E-01   14.70167433    
 -0.7200000000E-01   14.88090705    
 -0.7037500000E-01   15.00757295    
 -0.6875000000E-01   15.13117429    
 -0.6712500000E-01   15.30598607    
 -0.6550000000E-01   15.48355628    
 -0.6387500000E-01   15.67237252    
 -0.6225000000E-01   15.87649971    
 -0.6062500000E-01   16.08540724    
 -0.5900000000E-01   16.33536329    
 -0.5737500000E-01   16.59602754    
 -0.5575000000E-01   16.81139652    
 -0.5412500000E-01   16.95384862    
 -0.5250000000E-01   17.09610537    
 -0.5087500000E-01   17.29688049    
 -0.4925000000E-01   17.53380963    
 -0.4762500000E-01   17.81425060    
 -0.4600000000E-01   18.18190549    
 -0.4437500000E-01   18.67933820    
 -0.4275000000E-01   19.30486339    
 -0.4112500000E-01   20.18961525    
 -0.3950000000E-01   21.38085937    
 -0.3787500000E-01   22.52352210    
 -0.3625000000E-01   23.46038246    
 -0.3462500000E-01   24.20494174    
 -0.3300000000E-01   25.04222508    
 -0.3137500000E-01   25.85038410    
 -0.2975000000E-01   26.57562838    
 -0.2812500000E-01   26.97164059    
 -0.2650000000E-01   27.19777020    
 -0.2487500000E-01   27.15986151    
 -0.2325000000E-01   27.13140272    
 -0.2162500000E-01   27.09710485    
 -0.2000000000E-01   27.18242881    
 -0.1837500000E-01   27.45406931    
 -0.1675000000E-01   27.95856302    
 -0.1512500000E-01   28.47884801    
 -0.1350000000E-01   28.92913268    
 -0.1187500000E-01   29.29383380    
 -0.1025000000E-01   29.68377524    
 -0.8625000000E-02   30.03972410    
 -0.7000000000E-02   30.43947484    
 -0.5375000000E-02   31.12620580    
 -0.3750000000E-02   32.07862657    
 -0.2125000000E-02   33.01656426    
 -0.5000000000E-03   34.07591564    
  0.1125000000E-02   35.20244463    
  0.2750000000E-02   35.43813492    
  0.4375000000E-02   34.94233850    
  0.6000000000E-02   34.29382489    
  0.7625000000E-02   35.24414935    
  0.9250000000E-02   36.21384209    
  0.1087500000E-01   36.74727576    
  0.1250000000E-01   36.43526493    
  0.1412500000E-01   36.37987793    
  0.1575000000E-01   36.58205257    
  0.1737500000E-01   36.68258177    
  0.1900000000E-01   36.66971807    
  0.2062500000E-01   36.54639156    
  0.2225000000E-01   36.53773401    
  0.2387500000E-01   36.64686072    
  0.2550000000E-01   36.97476683    
  0.2712500000E-01   37.55176391    
  0.2875000000E-01   37.82000161    
  0.3037500000E-01   37.83760591    
  0.3200000000E-01   37.63361910    
  0.3362500000E-01   37.77980718    
  0.3525000000E-01   38.28248617    
  0.3687500000E-01   38.93836436    
  0.3850000000E-01   39.96851364    
  0.4012500000E-01   41.68871974    
  0.4175000000E-01   42.24915518    
  0.4337500000E-01   39.94619073    
  0.4500000000E-01   36.37585274    
  0.4662500000E-01   33.69101076    
  0.4825000000E-01   33.62670914    
  0.4987500000E-01   33.95177225    
  0.5150000000E-01   34.75279840    
  0.5312500000E-01   35.77088648    
  0.5475000000E-01   37.34773566    
  0.5637500000E-01   40.86176661    
  0.5800000000E-01   44.24508364    
  0.5962500000E-01   47.31343014    
  0.6125000000E-01   48.57345263    
  0.6287500000E-01   50.59850285    
  0.6450000000E-01   53.09723545    
  0.6612500000E-01   55.25232140    
  0.6775000000E-01   55.81890118    
  0.6937500000E-01   55.44358404    
  0.7100000000E-01   54.36025993    
  0.7262500000E-01   52.63086269    
  0.7425000000E-01   50.54496863    
  0.7587500000E-01   48.10604566    
  0.7750000000E-01   46.08361774    
  0.7912500000E-01   44.12081764    
  0.8075000000E-01   41.71990400    
  0.8237500000E-01   37.92638764    
  0.8400000000E-01   33.53199279    
  0.8562500000E-01   30.06102972    
  0.8725000000E-01   28.59777556    
  0.8887500000E-01   28.09662546    
  0.9050000000E-01   27.81703182    
  0.9212500000E-01   27.55229079    
  0.9375000000E-01   27.27111244    
  0.9537500000E-01   27.03500441    
  0.9700000000E-01   26.64827382    
  0.9862500000E-01   26.22193228    
  0.1002500000       25.74188739    
  0.1018750000       25.43744409    
  0.1035000000       25.29880662    
  0.1051250000       25.32181788    
  0.1067500000       25.28959942    
  0.1083750000       25.10448704    
  0.1100000000       24.79603546    
  0.1116250000       24.49889079    
  0.1132500000       24.22343987    
  0.1148750000       23.97384068    
  0.1165000000       23.75351293    
  0.1181250000       23.56110700    
  0.1197500000       23.42046117    
  0.1213750000       23.38924732    
  0.1230000000       23.50280089    
  0.1246250000       23.66265773    
  0.1262500000       23.76220008    
  0.1278750000       23.70617970    
  0.1295000000       23.54318475    
  0.1311250000       23.29295641    
  0.1327500000       23.08983720    
  0.1343750000       22.83273306    
  0.1360000000       22.53262107    
  0.1376250000       22.17724893    
  0.1392500000       21.98090575    
  0.1408750000       22.01752656    
  0.1425000000       22.17651323    
  0.1441250000       22.29140798    
  0.1457500000       22.29767240    
  0.1473750000       21.78955009    
  0.1490000000       20.71185786    
  0.1506250000       19.38646234    
  0.1522500000       18.30527090    
  0.1538750000       17.65562331    
  0.1555000000       17.25326211    
  0.1571250000       16.96840273    
  0.1587500000       16.86887476    
  0.1603750000       16.88808237    
  0.1620000000       17.16406518    
  0.1636250000       17.57071625    
  0.1652500000       18.29833083    
  0.1668750000       19.09197717    
  0.1685000000       19.64855063    
  0.1701250000       19.40608347    
  0.1717500000       18.66740384    
  0.1733750000       17.89033943    
  0.1750000000       17.50386084    
  0.1766250000       17.41326777    
  0.1782500000       17.23119966    
  0.1798750000       17.67580678    
  0.1815000000       19.71840972    
  0.1831250000       22.96694619    
  0.1847500000       23.58592706    
  0.1863750000       22.62539163    
  0.1880000000       20.97795528    
  0.1896250000       22.12211647    
  0.1912500000       22.72478346    
  0.1928750000       22.80339904    
  0.1945000000       22.11173130    
  0.1961250000       21.92948222    
  0.1977500000       21.95985551    
  0.1993750000       22.17013804    
  0.2010000000       22.73879638    
  0.2026250000       24.00359329    
  0.2042500000       26.44581167    
  0.2058750000       31.07706546    
  0.2075000000       35.32760277    
  0.2091250000       38.50309805    
  0.2107500000       38.97112909    
  0.2123750000       39.20128559    
  0.2140000000       38.67078118    
  0.2156250000       37.74398973    
  0.2172500000       36.78293424    
  0.2188750000       36.25826636    
  0.2205000000       36.09130455    
  0.2221250000       35.83266644    
  0.2237500000       35.48700888    
  0.2253750000       35.31565911    
  0.2270000000       34.76759014    
  0.2286250000       33.92642453    
  0.2302500000       32.78030232    
  0.2318750000       31.74268022    
  0.2335000000       30.71744488    
  0.2351250000       29.76583422    
  0.2367500000       29.00592001    
  0.2383750000       28.51741037    
  0.2400000000       28.13057408    
  0.2416250000       27.45965215    
  0.2432500000       26.97294286    
  0.2448750000       26.40784124    
  0.2465000000       26.14442278    
  0.2481250000       25.78749469    
  0.2497500000       25.65837055    
  0.2513750000       25.65350311    
  0.2530000000       25.75889552    
  0.2546250000       26.57391767    
  0.2562500000       27.42234893    
  0.2578750000       28.22609039    
  0.2595000000       28.33610671    
  0.2611250000       28.06290770    
  0.2627500000       27.43085004    
  0.2643750000       26.31202896    
  0.2660000000       25.10451663    
  0.2676250000       24.10947448    
  0.2692500000       23.52786449    
  0.2708750000       23.36810152    
  0.2725000000       23.20656189    
  0.2741250000       23.10235505    
  0.2757500000       22.99950798    
  0.2773750000       23.05327221    
  0.2790000000       23.17022268    
  0.2806250000       23.36848121    
  0.2822500000       23.39983290    
  0.2838750000       23.22322078    
  0.2855000000       22.99005638    
  0.2871250000       23.02821538    
  0.2887500000       23.00671865    
  0.2903750000       22.88799828    
  0.2920000000       22.74156158    
  0.2936250000       22.97753177    
  0.2952500000       23.59128158    
  0.2968750000       24.28564010    
  0.2985000000       25.34103141    
  0.3001250000       26.34673695    
  0.3017500000       27.32708461    
  0.3033750000       28.28904661    
  0.3050000000       29.77834192    
  0.3066250000       31.22982746    
  0.3082500000       32.43547856    
  0.3098750000       33.22471749    
  0.3115000000       34.55190321    
  0.3131250000       36.45918016    
  0.3147500000       36.86169780    
  0.3163750000       36.04726759    
  0.3180000000       34.31519647    
  0.3196250000       33.83713712    
  0.3212500000       34.12666606    
  0.3228750000       34.60094545    
  0.3245000000       34.21097102    
  0.3261250000       32.82343109    
  0.3277500000       30.94673291    
  0.3293750000       29.52810597    
  0.3310000000       28.65425934    
  0.3326250000       27.59926378    
  0.3342500000       26.23149380    
  0.3358750000       24.69109630    
  0.3375000000       23.52397544    
  0.3391250000       23.14138758    
  0.3407500000       23.32053828    
  0.3423750000       23.60882668    
  0.3440000000       23.60364044    
  0.3456250000       23.44948061    
  0.3472500000       23.37181214    
  0.3488750000       23.43049963    
  0.3505000000       23.52531069    
  0.3521250000       23.67072756    
  0.3537500000       23.79398811    
  0.3553750000       23.87545769    
  0.3570000000       23.97618646    
  0.3586250000       24.28607053    
  0.3602500000       24.72373673    
  0.3618750000       25.24488256    
  0.3635000000       25.83802693    
  0.3651250000       26.64306136    
  0.3667500000       27.45122800    
  0.3683750000       28.17131309    
  0.3700000000       28.54415000    
  0.3716250000       28.69900579    
  0.3732500000       28.88267806    
  0.3748750000       29.57605312    
  0.3765000000       30.54308805    
  0.3781250000       31.42342658    
  0.3797500000       32.08588122    
  0.3813750000       32.78306330    
  0.3830000000       33.89375789    
  0.3846250000       35.93294702    
  0.3862500000       38.48365958    
  0.3878750000       40.43906889    
  0.3895000000       40.84725224    
  0.3911250000       39.97233420    
  0.3927500000       38.98677492    
  0.3943750000       38.08358835    
  0.3960000000       37.34761558    
  0.3976250000       36.30009370    
  0.3992500000       35.66449707    
  0.4008750000       36.06844974    
  0.4025000000       37.21663782    
  0.4041250000       37.38720792    
  0.4057500000       36.33737832    
  0.4073750000       34.71254901    
  0.4090000000       33.69620377    
  0.4106250000       32.96157048    
  0.4122500000       32.17080772    
  0.4138750000       31.71338933    
  0.4155000000       31.29287248    
  0.4171250000       31.01067091    
  0.4187500000       30.46027900    
  0.4203750000       29.98928319    
  0.4220000000       29.60051801    
  0.4236250000       29.22836437    
  0.4252500000       28.89755352    
  0.4268750000       28.62406954    
  0.4285000000       28.49223262    
  0.4301250000       28.37900038    
  0.4317500000       28.38883505    
  0.4333750000       28.30352716    
  0.4350000000       28.13607236    
  0.4366250000       27.82109591    
  0.4382500000       27.51385950    
  0.4398750000       27.16207621    
  0.4415000000       26.69996034    
  0.4431250000       26.43291498    
  0.4447500000       26.09947676    
  0.4463750000       25.75338456    
  0.4480000000       25.21020755    
  0.4496250000       24.86092056    
  0.4512500000       24.56589926    
  0.4528750000       24.20002441    
  0.4545000000       23.79681082    
  0.4561250000       23.43787605    
  0.4577500000       23.17261835    
  0.4593750000       22.96307321    
  0.4610000000       22.86041049    
  0.4626250000       22.84096948    
  0.4642500000       22.93265256    
  0.4658750000       23.13945025    
  0.4675000000       23.42658014    
  0.4691250000       23.85808255    
  0.4707500000       24.60884199    
  0.4723750000       25.55146361    
  0.4740000000       26.37079255    
  0.4756250000       26.68058191    
  0.4772500000       26.69728139    
  0.4788750000       26.81787145    
  0.4805000000       27.32392281    
  0.4821250000       27.61048274    
  0.4837500000       27.44478262    
  0.4853750000       26.78580097    
  0.4870000000       26.00159523    
  0.4886250000       25.18052936    
  0.4902500000       24.35502649    
  0.4918750000       23.84410515    
  0.4935000000       23.77731908    
  0.4951250000       24.24182046    
  0.4967500000       25.16504759    
  0.4983750000       26.40650007    
 
