 
+----------------------------+
| Real-space lattice vectors |
+----------------------------+
 
vector a1 :    5.121431751      -2.956860000       0.000000000    
vector a2 :    0.000000000       5.913720000       0.000000000    
vector a3 :    0.000000000       0.000000000       5.961029760    
 
Stored column-wise as a matrix :
   5.121431751       0.000000000       0.000000000    
  -2.956860000       5.913720000       0.000000000    
   0.000000000       0.000000000       5.961029760    
 
Inverse of matrix :
  0.1952578983       0.000000000       0.000000000    
  0.9762894915E-01  0.1690983002       0.000000000    
   0.000000000       0.000000000      0.1677562502    
 
Unit cell volume :    180.5399998    
 
 
+----------------------------------+
| Reciprocal-space lattice vectors |
+----------------------------------+
 
vector b1 :    1.226841558       0.000000000       0.000000000    
vector b2 :   0.6134207789       1.062475955       0.000000000    
vector b3 :    0.000000000       0.000000000       1.054043607    
 
Stored column-wise as a matrix :
   1.226841558      0.6134207789       0.000000000    
   0.000000000       1.062475955       0.000000000    
   0.000000000       0.000000000       1.054043607    
 
Inverse of matrix :
  0.8151011789     -0.4705988850       0.000000000    
   0.000000000      0.9411977701       0.000000000    
   0.000000000       0.000000000      0.9487273522    
 
Brillouin zone volume :    1.373934938    
