 -0.8000000000       0.000000000    
 -0.7983750000       0.000000000    
 -0.7967500000       0.000000000    
 -0.7951250000       0.000000000    
 -0.7935000000       0.000000000    
 -0.7918750000       0.000000000    
 -0.7902500000       0.000000000    
 -0.7886250000       0.000000000    
 -0.7870000000       0.000000000    
 -0.7853750000       0.000000000    
 -0.7837500000       0.000000000    
 -0.7821250000       0.000000000    
 -0.7805000000       0.000000000    
 -0.7788750000       0.000000000    
 -0.7772500000       0.000000000    
 -0.7756250000       0.000000000    
 -0.7740000000       0.000000000    
 -0.7723750000       0.000000000    
 -0.7707500000       0.000000000    
 -0.7691250000       0.000000000    
 -0.7675000000       0.000000000    
 -0.7658750000       0.000000000    
 -0.7642500000       0.000000000    
 -0.7626250000       0.000000000    
 -0.7610000000       0.000000000    
 -0.7593750000       0.000000000    
 -0.7577500000       0.000000000    
 -0.7561250000       0.000000000    
 -0.7545000000       0.000000000    
 -0.7528750000       0.000000000    
 -0.7512500000       0.000000000    
 -0.7496250000       0.000000000    
 -0.7480000000       0.000000000    
 -0.7463750000       0.000000000    
 -0.7447500000       0.000000000    
 -0.7431250000       0.000000000    
 -0.7415000000       0.000000000    
 -0.7398750000       0.000000000    
 -0.7382500000       0.000000000    
 -0.7366250000       0.000000000    
 -0.7350000000       0.000000000    
 -0.7333750000       0.000000000    
 -0.7317500000       0.000000000    
 -0.7301250000       0.000000000    
 -0.7285000000       0.000000000    
 -0.7268750000       0.000000000    
 -0.7252500000       0.000000000    
 -0.7236250000       0.000000000    
 -0.7220000000       0.000000000    
 -0.7203750000       0.000000000    
 -0.7187500000       0.000000000    
 -0.7171250000       0.000000000    
 -0.7155000000       0.000000000    
 -0.7138750000       0.000000000    
 -0.7122500000       0.000000000    
 -0.7106250000       0.000000000    
 -0.7090000000       0.000000000    
 -0.7073750000       0.000000000    
 -0.7057500000       0.000000000    
 -0.7041250000       0.000000000    
 -0.7025000000       0.000000000    
 -0.7008750000       0.000000000    
 -0.6992500000       0.000000000    
 -0.6976250000       0.000000000    
 -0.6960000000       0.000000000    
 -0.6943750000       0.000000000    
 -0.6927500000       0.000000000    
 -0.6911250000       0.000000000    
 -0.6895000000       0.000000000    
 -0.6878750000       0.000000000    
 -0.6862500000       0.000000000    
 -0.6846250000       0.000000000    
 -0.6830000000       0.000000000    
 -0.6813750000       0.000000000    
 -0.6797500000       0.000000000    
 -0.6781250000       0.000000000    
 -0.6765000000       0.000000000    
 -0.6748750000       0.000000000    
 -0.6732500000       0.000000000    
 -0.6716250000       0.000000000    
 -0.6700000000       0.000000000    
 -0.6683750000       0.000000000    
 -0.6667500000       0.000000000    
 -0.6651250000       0.000000000    
 -0.6635000000       0.000000000    
 -0.6618750000       0.000000000    
 -0.6602500000       0.000000000    
 -0.6586250000       0.000000000    
 -0.6570000000       0.000000000    
 -0.6553750000       0.000000000    
 -0.6537500000       0.000000000    
 -0.6521250000       0.000000000    
 -0.6505000000       0.000000000    
 -0.6488750000       0.000000000    
 -0.6472500000       0.000000000    
 -0.6456250000       0.000000000    
 -0.6440000000       0.000000000    
 -0.6423750000       0.000000000    
 -0.6407500000       0.000000000    
 -0.6391250000       0.000000000    
 -0.6375000000       0.000000000    
 -0.6358750000       0.000000000    
 -0.6342500000       0.000000000    
 -0.6326250000       0.000000000    
 -0.6310000000       0.000000000    
 -0.6293750000       0.000000000    
 -0.6277500000       0.000000000    
 -0.6261250000       0.000000000    
 -0.6245000000       0.000000000    
 -0.6228750000       0.000000000    
 -0.6212500000       0.000000000    
 -0.6196250000       0.000000000    
 -0.6180000000       0.000000000    
 -0.6163750000       0.000000000    
 -0.6147500000       0.000000000    
 -0.6131250000       0.000000000    
 -0.6115000000       0.000000000    
 -0.6098750000       0.000000000    
 -0.6082500000      0.6139265399E-02
 -0.6066250000      0.1251716726    
 -0.6050000000      0.4314263055    
 -0.6033750000      0.7831850721    
 -0.6017500000       1.118281568    
 -0.6001250000       1.340172885    
 -0.5985000000       1.571465904    
 -0.5968750000       1.747549506    
 -0.5952500000       1.898988948    
 -0.5936250000       2.045330093    
 -0.5920000000       2.210262388    
 -0.5903750000       2.383166426    
 -0.5887500000       2.548254317    
 -0.5871250000       2.691120773    
 -0.5855000000       2.814754247    
 -0.5838750000       2.929234634    
 -0.5822500000       3.051927768    
 -0.5806250000       3.188192400    
 -0.5790000000       3.339636915    
 -0.5773750000       3.496226236    
 -0.5757500000       3.647980251    
 -0.5741250000       3.780556250    
 -0.5725000000       3.900716726    
 -0.5708750000       4.015106631    
 -0.5692500000       4.138016246    
 -0.5676250000       4.267742476    
 -0.5660000000       4.405291618    
 -0.5643750000       4.549418906    
 -0.5627500000       4.698966676    
 -0.5611250000       4.853244893    
 -0.5595000000       5.011477271    
 -0.5578750000       5.158973545    
 -0.5562500000       5.299809646    
 -0.5546250000       5.431710833    
 -0.5530000000       5.572762570    
 -0.5513750000       5.718864402    
 -0.5497500000       5.873363328    
 -0.5481250000       6.034994288    
 -0.5465000000       6.201018290    
 -0.5448750000       6.376120964    
 -0.5432500000       6.559314614    
 -0.5416250000       6.752090084    
 -0.5400000000       6.945294288    
 -0.5383750000       7.133977761    
 -0.5367500000       7.320856661    
 -0.5351250000       7.512009370    
 -0.5335000000       7.714376808    
 -0.5318750000       7.926017412    
 -0.5302500000       8.148678252    
 -0.5286250000       8.385860230    
 -0.5270000000       8.638019985    
 -0.5253750000       8.904966407    
 -0.5237500000       9.183800679    
 -0.5221250000       9.479895927    
 -0.5205000000       9.803312598    
 -0.5188750000       10.14258650    
 -0.5172500000       10.50968159    
 -0.5156250000       10.89615258    
 -0.5140000000       11.32749432    
 -0.5123750000       11.79555327    
 -0.5107500000       12.31513976    
 -0.5091250000       12.89645040    
 -0.5075000000       13.56014050    
 -0.5058750000       14.32717406    
 -0.5042500000       15.22796581    
 -0.5026250000       16.31822070    
 -0.5010000000       17.76193154    
 -0.4993750000       21.50490043    
 -0.4977500000       29.59612074    
 -0.4961250000       44.89833023    
 -0.4945000000       57.15147609    
 -0.4928750000       59.65819820    
 -0.4912500000       51.03007883    
 -0.4896250000       40.29599863    
 -0.4880000000       32.85279216    
 -0.4863750000       28.05508225    
 -0.4847500000       25.25353419    
 -0.4831250000       23.73132532    
 -0.4815000000       22.52076197    
 -0.4798750000       21.51786139    
 -0.4782500000       20.61869240    
 -0.4766250000       19.78988650    
 -0.4750000000       19.04462788    
 -0.4733750000       18.40985320    
 -0.4717500000       17.93889544    
 -0.4701250000       17.66069877    
 -0.4685000000       17.26338429    
 -0.4668750000       16.65125725    
 -0.4652500000       15.74765463    
 -0.4636250000       14.86743196    
 -0.4620000000       14.04346728    
 -0.4603750000       13.29169985    
 -0.4587500000       12.58777726    
 -0.4571250000       11.89970937    
 -0.4555000000       11.17960145    
 -0.4538750000       10.33492140    
 -0.4522500000       9.455571414    
 -0.4506250000       8.644546549    
 -0.4490000000       7.970427302    
 -0.4473750000       7.402793022    
 -0.4457500000       6.923166718    
 -0.4441250000       6.545596823    
 -0.4425000000       6.039142944    
 -0.4408750000       5.498550183    
 -0.4392500000       4.979012734    
 -0.4376250000       4.694536426    
 -0.4360000000       4.552866535    
 -0.4343750000       4.537724705    
 -0.4327500000       4.660166688    
 -0.4311250000       4.864338698    
 -0.4295000000       5.190014043    
 -0.4278750000       5.577178444    
 -0.4262500000       6.039502336    
 -0.4246250000       6.469246686    
 -0.4230000000       6.876454181    
 -0.4213750000       7.272557724    
 -0.4197500000       7.767050183    
 -0.4181250000       8.291338374    
 -0.4165000000       9.002966334    
 -0.4148750000       9.788217277    
 -0.4132500000       10.70596219    
 -0.4116250000       11.75996751    
 -0.4100000000       12.94200189    
 -0.4083750000       14.10872699    
 -0.4067500000       15.04855720    
 -0.4051250000       15.77110476    
 -0.4035000000       16.47563282    
 -0.4018750000       17.29485352    
 -0.4002500000       18.05094803    
 -0.3986250000       18.49929959    
 -0.3970000000       18.73341617    
 -0.3953750000       18.70956098    
 -0.3937500000       18.66027096    
 -0.3921250000       18.46731284    
 -0.3905000000       18.50397423    
 -0.3888750000       18.73365548    
 -0.3872500000       19.21980158    
 -0.3856250000       18.97083069    
 -0.3840000000       18.49485582    
 -0.3823750000       17.71302544    
 -0.3807500000       17.51455804    
 -0.3791250000       17.41291176    
 -0.3775000000       17.34985068    
 -0.3758750000       17.30734515    
 -0.3742500000       17.27251116    
 -0.3726250000       17.25282492    
 -0.3710000000       17.24031215    
 -0.3693750000       17.22050837    
 -0.3677500000       17.20317467    
 -0.3661250000       17.20128469    
 -0.3645000000       17.23539567    
 -0.3628750000       17.30970615    
 -0.3612500000       17.47060056    
 -0.3596250000       17.48118023    
 -0.3580000000       17.44924082    
 -0.3563750000       17.35888707    
 -0.3547500000       17.41210334    
 -0.3531250000       17.50782092    
 -0.3515000000       17.52297205    
 -0.3498750000       17.50903778    
 -0.3482500000       17.43823412    
 -0.3466250000       17.37917033    
 -0.3450000000       17.31641959    
 -0.3433750000       17.29980975    
 -0.3417500000       17.37727612    
 -0.3401250000       17.52352424    
 -0.3385000000       17.72719903    
 -0.3368750000       17.97045685    
 -0.3352500000       18.30106982    
 -0.3336250000       18.72771494    
 -0.3320000000       19.28925139    
 -0.3303750000       20.16819632    
 -0.3287500000       21.23266883    
 -0.3271250000       22.32870867    
 -0.3255000000       22.93383559    
 -0.3238750000       23.14391009    
 -0.3222500000       23.43878595    
 -0.3206250000       23.63048662    
 -0.3190000000       23.51363255    
 -0.3173750000       22.46218611    
 -0.3157500000       20.49297445    
 -0.3141250000       18.66792391    
 -0.3125000000       17.46272691    
 -0.3108750000       17.44176039    
 -0.3092500000       17.83231576    
 -0.3076250000       18.56910541    
 -0.3060000000       20.00958425    
 -0.3043750000       22.47219835    
 -0.3027500000       25.71397825    
 -0.3011250000       29.88219867    
 -0.2995000000       33.85021308    
 -0.2978750000       36.95945249    
 -0.2962500000       39.08415754    
 -0.2946250000       41.05888946    
 -0.2930000000       42.85232194    
 -0.2913750000       42.92890209    
 -0.2897500000       40.85247400    
 -0.2881250000       38.19189311    
 -0.2865000000       36.25671886    
 -0.2848750000       35.10373945    
 -0.2832500000       34.11516297    
 -0.2816250000       33.17257940    
 -0.2800000000       33.13831705    
 -0.2783750000       32.73890203    
 -0.2767500000       30.65507384    
 -0.2751250000       28.07921143    
 -0.2735000000       26.25750450    
 -0.2718750000       26.41776808    
 -0.2702500000       26.81123411    
 -0.2686250000       27.30616883    
 -0.2670000000       28.03195177    
 -0.2653750000       29.43184719    
 -0.2637500000       30.86632460    
 -0.2621250000       32.20348198    
 -0.2605000000       33.19090840    
 -0.2588750000       34.71051612    
 -0.2572500000       36.76726727    
 -0.2556250000       38.64228941    
 -0.2540000000       40.27036424    
 -0.2523750000       41.85723158    
 -0.2507500000       43.56649186    
 -0.2491250000       44.91517938    
 -0.2475000000       45.95669730    
 -0.2458750000       47.24979065    
 -0.2442500000       49.15015543    
 -0.2426250000       51.47834922    
 -0.2410000000       53.76195722    
 -0.2393750000       55.66044471    
 -0.2377500000       57.28704731    
 -0.2361250000       58.87271893    
 -0.2345000000       62.31079212    
 -0.2328750000       67.38606363    
 -0.2312500000       78.35454622    
 -0.2296250000       81.32316179    
 -0.2280000000       76.45537969    
 -0.2263750000       62.54239887    
 -0.2247500000       52.19213184    
 -0.2231250000       46.16213860    
 -0.2215000000       42.46962415    
 -0.2198750000       41.80486855    
 -0.2182500000       41.11418344    
 -0.2166250000       39.91866890    
 -0.2150000000       39.19901930    
 -0.2133750000       40.34590511    
 -0.2117500000       42.07388338    
 -0.2101250000       42.47371446    
 -0.2085000000       41.89438513    
 -0.2068750000       41.94057676    
 -0.2052500000       42.51540734    
 -0.2036250000       44.26915108    
 -0.2020000000       46.00015417    
 -0.2003750000       46.90830543    
 -0.1987500000       46.66852483    
 -0.1971250000       45.65459640    
 -0.1955000000       44.49354969    
 -0.1938750000       43.04978558    
 -0.1922500000       40.63589069    
 -0.1906250000       37.80569442    
 -0.1890000000       34.97712006    
 -0.1873750000       32.94314253    
 -0.1857500000       31.39766449    
 -0.1841250000       30.14348783    
 -0.1825000000       29.01594494    
 -0.1808750000       27.88759362    
 -0.1792500000       26.78725714    
 -0.1776250000       25.72604876    
 -0.1760000000       24.77643801    
 -0.1743750000       23.90257616    
 -0.1727500000       23.06948038    
 -0.1711250000       22.22092735    
 -0.1695000000       21.34196974    
 -0.1678750000       20.45025497    
 -0.1662500000       19.59368285    
 -0.1646250000       18.81708269    
 -0.1630000000       18.08239866    
 -0.1613750000       17.38831665    
 -0.1597500000       16.43532677    
 -0.1581250000       15.40289090    
 -0.1565000000       14.36663618    
 -0.1548750000       13.64999026    
 -0.1532500000       13.10104438    
 -0.1516250000       12.71696229    
 -0.1500000000       12.18057992    
 -0.1483750000       11.32757888    
 -0.1467500000       10.10773729    
 -0.1451250000       8.902280690    
 -0.1435000000       7.939360590    
 -0.1418750000       7.160511057    
 -0.1402500000       6.505607035    
 -0.1386250000       5.981860046    
 -0.1370000000       5.533708893    
 -0.1353750000       5.061122449    
 -0.1337500000       4.531456058    
 -0.1321250000       4.010998566    
 -0.1305000000       3.572550158    
 -0.1288750000       3.227925962    
 -0.1272500000       3.001426814    
 -0.1256250000       2.852362744    
 -0.1240000000       2.746973712    
 -0.1223750000       2.686281239    
 -0.1207500000       2.753212762    
 -0.1191250000       2.995122651    
 -0.1175000000       3.246164485    
 -0.1158750000       3.085045131    
 -0.1142500000       2.823318776    
 -0.1126250000       2.891135672    
 -0.1110000000       3.944699573    
 -0.1093750000       5.546290159    
 -0.1077500000       7.355491927    
 -0.1061250000       8.804379702    
 -0.1045000000       10.10431080    
 -0.1028750000       11.02492747    
 -0.1012500000       11.71734867    
 -0.9962500000E-01   11.95549973    
 -0.9800000000E-01   11.99145333    
 -0.9637500000E-01   11.94826538    
 -0.9475000000E-01   11.94785187    
 -0.9312500000E-01   12.03088754    
 -0.9150000000E-01   12.17988904    
 -0.8987500000E-01   12.36032678    
 -0.8825000000E-01   12.56813331    
 -0.8662500000E-01   12.78120472    
 -0.8500000000E-01   12.99562575    
 -0.8337500000E-01   13.22845950    
 -0.8175000000E-01   13.39981012    
 -0.8012500000E-01   13.53263896    
 -0.7850000000E-01   13.62140547    
 -0.7687500000E-01   13.75878125    
 -0.7525000000E-01   13.91154410    
 -0.7362500000E-01   14.06144704    
 -0.7200000000E-01   14.21270129    
 -0.7037500000E-01   14.37383248    
 -0.6875000000E-01   14.52743927    
 -0.6712500000E-01   14.70723011    
 -0.6550000000E-01   14.88942253    
 -0.6387500000E-01   15.07999007    
 -0.6225000000E-01   15.18657651    
 -0.6062500000E-01   15.25583351    
 -0.5900000000E-01   15.32689593    
 -0.5737500000E-01   15.45832272    
 -0.5575000000E-01   15.63334844    
 -0.5412500000E-01   15.82171903    
 -0.5250000000E-01   16.04535065    
 -0.5087500000E-01   16.32237866    
 -0.4925000000E-01   16.68082212    
 -0.4762500000E-01   17.12893945    
 -0.4600000000E-01   17.71887043    
 -0.4437500000E-01   18.56041826    
 -0.4275000000E-01   19.46494093    
 -0.4112500000E-01   20.36057688    
 -0.3950000000E-01   21.09086533    
 -0.3787500000E-01   21.87296546    
 -0.3625000000E-01   22.69185044    
 -0.3462500000E-01   23.56721836    
 -0.3300000000E-01   24.14972641    
 -0.3137500000E-01   24.44168315    
 -0.2975000000E-01   24.45851877    
 -0.2812500000E-01   24.44548594    
 -0.2650000000E-01   24.38519345    
 -0.2487500000E-01   24.24616869    
 -0.2325000000E-01   24.15074455    
 -0.2162500000E-01   24.22226783    
 -0.2000000000E-01   24.55689247    
 -0.1837500000E-01   24.88982331    
 -0.1675000000E-01   25.17986132    
 -0.1512500000E-01   25.39272893    
 -0.1350000000E-01   25.73162822    
 -0.1187500000E-01   26.28077113    
 -0.1025000000E-01   27.03518368    
 -0.8625000000E-02   27.77043090    
 -0.7000000000E-02   28.55057256    
 -0.5375000000E-02   29.10873241    
 -0.3750000000E-02   29.71476839    
 -0.2125000000E-02   30.17774172    
 -0.5000000000E-03   31.21900088    
  0.1125000000E-02   32.00788042    
  0.2750000000E-02   32.10689848    
  0.4375000000E-02   31.48886303    
  0.6000000000E-02   31.25300446    
  0.7625000000E-02   32.24074715    
  0.9250000000E-02   33.00643701    
  0.1087500000E-01   33.39876228    
  0.1250000000E-01   33.06627201    
  0.1412500000E-01   33.05822332    
  0.1575000000E-01   33.17044334    
  0.1737500000E-01   33.27829315    
  0.1900000000E-01   33.26238180    
  0.2062500000E-01   33.18753096    
  0.2225000000E-01   33.15587400    
  0.2387500000E-01   33.23111552    
  0.2550000000E-01   33.36878897    
  0.2712500000E-01   33.55129174    
  0.2875000000E-01   33.80695832    
  0.3037500000E-01   33.90178798    
  0.3200000000E-01   33.72543293    
  0.3362500000E-01   33.41327327    
  0.3525000000E-01   33.31838526    
  0.3687500000E-01   33.52107573    
  0.3850000000E-01   34.02188757    
  0.4012500000E-01   34.63346242    
  0.4175000000E-01   35.42872814    
  0.4337500000E-01   36.47229333    
  0.4500000000E-01   38.17484354    
  0.4662500000E-01   40.61900179    
  0.4825000000E-01   42.92180473    
  0.4987500000E-01   40.96962995    
  0.5150000000E-01   36.76663812    
  0.5312500000E-01   32.10458991    
  0.5475000000E-01   31.09106654    
  0.5637500000E-01   31.67276024    
  0.5800000000E-01   32.74841789    
  0.5962500000E-01   35.28009281    
  0.6125000000E-01   38.54115220    
  0.6287500000E-01   41.19477525    
  0.6450000000E-01   42.06017405    
  0.6612500000E-01   42.10484101    
  0.6775000000E-01   43.17341144    
  0.6937500000E-01   45.31494957    
  0.7100000000E-01   47.64234255    
  0.7262500000E-01   49.06402983    
  0.7425000000E-01   49.27947830    
  0.7587500000E-01   48.89541820    
  0.7750000000E-01   48.22430939    
  0.7912500000E-01   47.12872789    
  0.8075000000E-01   45.48197395    
  0.8237500000E-01   43.39419837    
  0.8400000000E-01   41.39294414    
  0.8562500000E-01   39.96085732    
  0.8725000000E-01   38.22634657    
  0.8887500000E-01   35.48905869    
  0.9050000000E-01   31.82106325    
  0.9212500000E-01   28.75755882    
  0.9375000000E-01   27.17927123    
  0.9537500000E-01   26.53017498    
  0.9700000000E-01   26.35175914    
  0.9862500000E-01   26.10216164    
  0.1002500000       25.81573446    
  0.1018750000       25.41455038    
  0.1035000000       24.94293218    
  0.1051250000       24.45920627    
  0.1067500000       23.97674288    
  0.1083750000       23.61359857    
  0.1100000000       23.34094246    
  0.1116250000       23.13093138    
  0.1132500000       22.96005685    
  0.1148750000       22.87903123    
  0.1165000000       22.95517504    
  0.1181250000       23.03065080    
  0.1197500000       23.01705985    
  0.1213750000       22.83678446    
  0.1230000000       22.61938597    
  0.1246250000       22.40694456    
  0.1262500000       22.21724802    
  0.1278750000       22.04334191    
  0.1295000000       21.86460304    
  0.1311250000       21.69407522    
  0.1327500000       21.53627664    
  0.1343750000       21.45645774    
  0.1360000000       21.43167828    
  0.1376250000       21.47098987    
  0.1392500000       21.59540386    
  0.1408750000       21.75926390    
  0.1425000000       21.83747695    
  0.1441250000       21.74824958    
  0.1457500000       21.60614673    
  0.1473750000       21.46626365    
  0.1490000000       21.24079448    
  0.1506250000       20.92724122    
  0.1522500000       20.61332096    
  0.1538750000       20.48296305    
  0.1555000000       20.59373789    
  0.1571250000       21.03038426    
  0.1587500000       21.27426700    
  0.1603750000       20.90689201    
  0.1620000000       19.91043681    
  0.1636250000       18.74250668    
  0.1652500000       17.83051457    
  0.1668750000       17.18122045    
  0.1685000000       16.85023710    
  0.1701250000       16.73545482    
  0.1717500000       16.78217412    
  0.1733750000       16.88643593    
  0.1750000000       17.17957571    
  0.1766250000       17.58395626    
  0.1782500000       18.59506114    
  0.1798750000       19.63304687    
  0.1815000000       20.08195063    
  0.1831250000       19.27842311    
  0.1847500000       17.95838972    
  0.1863750000       16.88605286    
  0.1880000000       16.32684950    
  0.1896250000       15.98558668    
  0.1912500000       15.78115083    
  0.1928750000       15.64842939    
  0.1945000000       15.60809966    
  0.1961250000       15.54940456    
  0.1977500000       15.54491765    
  0.1993750000       15.57098923    
  0.2010000000       15.79258965    
  0.2026250000       16.69708610    
  0.2042500000       18.44949713    
  0.2058750000       21.66976000    
  0.2075000000       25.18396008    
  0.2091250000       27.31611258    
  0.2107500000       27.50790035    
  0.2123750000       27.67145850    
  0.2140000000       31.63536738    
  0.2156250000       35.29650646    
  0.2172500000       37.70045844    
  0.2188750000       36.89820867    
  0.2205000000       36.92719852    
  0.2221250000       37.34454003    
  0.2237500000       37.84707949    
  0.2253750000       38.23883819    
  0.2270000000       38.95876177    
  0.2286250000       39.56443328    
  0.2302500000       39.19904890    
  0.2318750000       37.80608002    
  0.2335000000       35.78448250    
  0.2351250000       34.23056932    
  0.2367500000       33.00373268    
  0.2383750000       32.05741989    
  0.2400000000       31.34501226    
  0.2416250000       30.69153059    
  0.2432500000       30.10030072    
  0.2448750000       29.40498833    
  0.2465000000       28.75239034    
  0.2481250000       28.06904274    
  0.2497500000       27.63122010    
  0.2513750000       26.73689826    
  0.2530000000       25.71785292    
  0.2546250000       24.58222751    
  0.2562500000       23.83923095    
  0.2578750000       23.42989416    
  0.2595000000       23.14115250    
  0.2611250000       22.94850134    
  0.2627500000       22.85710577    
  0.2643750000       22.90437473    
  0.2660000000       23.29900942    
  0.2676250000       23.90237574    
  0.2692500000       24.36049771    
  0.2708750000       24.72000159    
  0.2725000000       24.58821202    
  0.2741250000       24.45035254    
  0.2757500000       24.23313078    
  0.2773750000       24.26992663    
  0.2790000000       24.29300976    
  0.2806250000       24.24429308    
  0.2822500000       23.83601248    
  0.2838750000       23.24810763    
  0.2855000000       22.57541074    
  0.2871250000       22.07013059    
  0.2887500000       21.80090773    
  0.2903750000       21.69971894    
  0.2920000000       21.75828550    
  0.2936250000       21.83677339    
  0.2952500000       21.94888010    
  0.2968750000       22.23068591    
  0.2985000000       22.29960720    
  0.3001250000       22.25082963    
  0.3017500000       21.93075912    
  0.3033750000       21.81267889    
  0.3050000000       21.81426613    
  0.3066250000       22.17031224    
  0.3082500000       22.16213332    
  0.3098750000       22.19896975    
  0.3115000000       22.40242298    
  0.3131250000       23.39650535    
  0.3147500000       24.53643755    
  0.3163750000       25.22991493    
  0.3180000000       25.57151178    
  0.3196250000       25.90713510    
  0.3212500000       26.86835549    
  0.3228750000       27.99714399    
  0.3245000000       28.92538232    
  0.3261250000       29.43044937    
  0.3277500000       29.81922300    
  0.3293750000       30.33974053    
  0.3310000000       30.97003422    
  0.3326250000       32.35693571    
  0.3342500000       33.22168253    
  0.3358750000       32.97599690    
  0.3375000000       31.43072689    
  0.3391250000       30.01843117    
  0.3407500000       29.37598495    
  0.3423750000       29.19200064    
  0.3440000000       29.15822368    
  0.3456250000       29.19060958    
  0.3472500000       29.51427148    
  0.3488750000       29.82101573    
  0.3505000000       29.62176951    
  0.3521250000       28.46812374    
  0.3537500000       27.18411668    
  0.3553750000       26.34281238    
  0.3570000000       26.14628909    
  0.3586250000       26.21427088    
  0.3602500000       26.23975221    
  0.3618750000       25.96899708    
  0.3635000000       25.00193171    
  0.3651250000       23.73571921    
  0.3667500000       22.75313740    
  0.3683750000       22.64198033    
  0.3700000000       22.93797241    
  0.3716250000       23.09309203    
  0.3732500000       23.02226554    
  0.3748750000       22.96247620    
  0.3765000000       23.09562553    
  0.3781250000       23.28081740    
  0.3797500000       23.51456021    
  0.3813750000       23.76792668    
  0.3830000000       24.04263005    
  0.3846250000       24.39372923    
  0.3862500000       24.89453431    
  0.3878750000       25.48209414    
  0.3895000000       26.16150871    
  0.3911250000       26.81008912    
  0.3927500000       27.72594575    
  0.3943750000       28.83338467    
  0.3960000000       29.97503096    
  0.3976250000       30.72994158    
  0.3992500000       30.92196106    
  0.4008750000       30.75817037    
  0.4025000000       30.83369686    
  0.4041250000       31.68414833    
  0.4057500000       33.61494898    
  0.4073750000       36.08930126    
  0.4090000000       39.06478418    
  0.4106250000       41.40431954    
  0.4122500000       42.60196338    
  0.4138750000       41.53505968    
  0.4155000000       38.83442474    
  0.4171250000       35.50915421    
  0.4187500000       32.83197532    
  0.4203750000       31.12970670    
  0.4220000000       30.03856559    
  0.4236250000       29.34245323    
  0.4252500000       29.00370869    
  0.4268750000       28.96004295    
  0.4285000000       28.91031490    
  0.4301250000       28.80543071    
  0.4317500000       29.09143507    
  0.4333750000       30.16257114    
  0.4350000000       32.84925828    
  0.4366250000       35.13873411    
  0.4382500000       35.56242291    
  0.4398750000       34.05987829    
  0.4415000000       32.16077265    
  0.4431250000       31.11189776    
  0.4447500000       30.13546789    
  0.4463750000       29.16635441    
  0.4480000000       28.39914580    
  0.4496250000       27.80191620    
  0.4512500000       27.56749182    
  0.4528750000       27.41080779    
  0.4545000000       27.35210846    
  0.4561250000       27.27877722    
  0.4577500000       27.18243811    
  0.4593750000       27.12395273    
  0.4610000000       27.02750622    
  0.4626250000       26.79604661    
  0.4642500000       26.36076931    
  0.4658750000       25.87550266    
  0.4675000000       25.44668766    
  0.4691250000       25.00677801    
  0.4707500000       24.45306785    
  0.4723750000       23.72714115    
  0.4740000000       23.10676331    
  0.4756250000       23.48738931    
  0.4772500000       23.57208411    
  0.4788750000       23.62458244    
  0.4805000000       22.83328271    
  0.4821250000       22.50665773    
  0.4837500000       22.19544095    
  0.4853750000       22.02465521    
  0.4870000000       22.08021302    
  0.4886250000       22.30111073    
  0.4902500000       22.58312964    
  0.4918750000       22.92697078    
  0.4935000000       23.27805981    
  0.4951250000       23.67967093    
  0.4967500000       24.09710208    
  0.4983750000       24.60642180    
 
