 
+----------------------------+
| Real-space lattice vectors |
+----------------------------+
 
vector a1 :    5.018972285      -2.897705000       0.000000000    
vector a2 :    0.000000000       5.795410000       0.000000000    
vector a3 :    0.000000000       0.000000000       5.841773280    
 
Stored column-wise as a matrix :
   5.018972285       0.000000000       0.000000000    
  -2.897705000       5.795410000       0.000000000    
   0.000000000       0.000000000       5.841773280    
 
Inverse of matrix :
  0.1992439773       0.000000000       0.000000000    
  0.9962198864E-01  0.1725503459       0.000000000    
   0.000000000       0.000000000      0.1711808987    
 
Unit cell volume :    169.9196721    
 
 
+----------------------------------+
| Reciprocal-space lattice vectors |
+----------------------------------+
 
vector b1 :    1.251886831       0.000000000       0.000000000    
vector b2 :   0.6259434153       1.084165798       0.000000000    
vector b3 :    0.000000000       0.000000000       1.075561308    
 
Stored column-wise as a matrix :
   1.251886831      0.6259434153       0.000000000    
   0.000000000       1.084165798       0.000000000    
   0.000000000       0.000000000       1.075561308    
 
Inverse of matrix :
  0.7987942485     -0.4611840744       0.000000000    
   0.000000000      0.9223681487       0.000000000    
   0.000000000       0.000000000      0.9297470939    
 
Brillouin zone volume :    1.459808687    
