 
+----------------------------+
| Real-space lattice vectors |
+----------------------------+
 
vector a1 :    5.053587321      -2.917690000       0.000000000    
vector a2 :    0.000000000       5.835380000       0.000000000    
vector a3 :    0.000000000       0.000000000       5.882063040    
 
Stored column-wise as a matrix :
   5.053587321       0.000000000       0.000000000    
  -2.917690000       5.835380000       0.000000000    
   0.000000000       0.000000000       5.882063040    
 
Inverse of matrix :
  0.1978792364       0.000000000       0.000000000    
  0.9893961819E-01  0.1713684456       0.000000000    
   0.000000000       0.000000000      0.1700083786    
 
Unit cell volume :    173.4597002    
 
 
+----------------------------------+
| Reciprocal-space lattice vectors |
+----------------------------------+
 
vector b1 :    1.243311911       0.000000000       0.000000000    
vector b2 :   0.6216559553       1.076739699       0.000000000    
vector b3 :    0.000000000       0.000000000       1.068194146    
 
Stored column-wise as a matrix :
   1.243311911      0.6216559553       0.000000000    
   0.000000000       1.076739699       0.000000000    
   0.000000000       0.000000000       1.068194146    
 
Inverse of matrix :
  0.8043034024     -0.4643647859       0.000000000    
   0.000000000      0.9287295718       0.000000000    
   0.000000000       0.000000000      0.9361594084    
 
Brillouin zone volume :    1.430016385    
