 
+----------------------------+
| Real-space lattice vectors |
+----------------------------+
 
vector a1 :    5.251967760      -3.032225000       0.000000000    
vector a2 :    0.000000000       6.064450000       0.000000000    
vector a3 :    0.000000000       0.000000000       6.112965600    
 
Stored column-wise as a matrix :
   5.251967760       0.000000000       0.000000000    
  -3.032225000       6.064450000       0.000000000    
   0.000000000       0.000000000       6.112965600    
 
Inverse of matrix :
  0.1904048246       0.000000000       0.000000000    
  0.9520241229E-01  0.1648954151       0.000000000    
   0.000000000       0.000000000      0.1635867213    
 
Unit cell volume :    194.6997631    
 
 
+----------------------------------+
| Reciprocal-space lattice vectors |
+----------------------------------+
 
vector b1 :    1.196348796       0.000000000       0.000000000    
vector b2 :   0.5981743981       1.036068449       0.000000000    
vector b3 :    0.000000000       0.000000000       1.027845684    
 
Stored column-wise as a matrix :
   1.196348796      0.5981743981       0.000000000    
   0.000000000       1.036068449       0.000000000    
   0.000000000       0.000000000       1.027845684    
 
Inverse of matrix :
  0.8358766300     -0.4825935973       0.000000000    
   0.000000000      0.9651871946       0.000000000    
   0.000000000       0.000000000      0.9729086922    
 
Brillouin zone volume :    1.274013946    
