 
+----------------------------+
| Real-space lattice vectors |
+----------------------------+
 
vector a1 :    5.015793972      -2.895870000       0.000000000    
vector a2 :    0.000000000       5.791740000       0.000000000    
vector a3 :    0.000000000       0.000000000       6.092910480    
 
Stored column-wise as a matrix :
   5.015793972       0.000000000       0.000000000    
  -2.895870000       5.791740000       0.000000000    
   0.000000000       0.000000000       6.092910480    
 
Inverse of matrix :
  0.1993702304       0.000000000       0.000000000    
  0.9968511521E-01  0.1726596843       0.000000000    
   0.000000000       0.000000000      0.1641251752    
 
Unit cell volume :    177.0001131    
 
 
+----------------------------------+
| Reciprocal-space lattice vectors |
+----------------------------------+
 
vector b1 :    1.252680103       0.000000000       0.000000000    
vector b2 :   0.6263400513       1.084852792       0.000000000    
vector b3 :    0.000000000       0.000000000       1.031228889    
 
Stored column-wise as a matrix :
   1.252680103      0.6263400513       0.000000000    
   0.000000000       1.084852792       0.000000000    
   0.000000000       0.000000000       1.031228889    
 
Inverse of matrix :
  0.7982884042     -0.4608920251       0.000000000    
   0.000000000      0.9217840501       0.000000000    
   0.000000000       0.000000000      0.9697168207    
 
Brillouin zone volume :    1.401412739    
