 
+----------------------------+
| Real-space lattice vectors |
+----------------------------+
 
vector a1 :    5.014295748      -2.895005000       0.000000000    
vector a2 :    0.000000000       5.790010000       0.000000000    
vector a3 :    0.000000000       0.000000000       6.218470740    
 
Stored column-wise as a matrix :
   5.014295748       0.000000000       0.000000000    
  -2.895005000       5.790010000       0.000000000    
   0.000000000       0.000000000       6.218470740    
 
Inverse of matrix :
  0.1994298004       0.000000000       0.000000000    
  0.9971490018E-01  0.1727112734       0.000000000    
   0.000000000       0.000000000      0.1608112415    
 
Unit cell volume :    180.5397574    
 
 
+----------------------------------+
| Reciprocal-space lattice vectors |
+----------------------------------+
 
vector b1 :    1.253054391       0.000000000       0.000000000    
vector b2 :   0.6265271957       1.085176935       0.000000000    
vector b3 :    0.000000000       0.000000000       1.010406830    
 
Stored column-wise as a matrix :
   1.253054391      0.6265271957       0.000000000    
   0.000000000       1.085176935       0.000000000    
   0.000000000       0.000000000       1.010406830    
 
Inverse of matrix :
  0.7980499544     -0.4607543560       0.000000000    
   0.000000000      0.9215087121       0.000000000    
   0.000000000       0.000000000      0.9897003567    
 
Brillouin zone volume :    1.373936783    
