 
+----------------------------+
| Real-space lattice vectors |
+----------------------------+
 
vector a1 :    4.753189089      -2.744255000       0.000000000    
vector a2 :    0.000000000       5.488510000       0.000000000    
vector a3 :    0.000000000       0.000000000       6.377648620    
 
Stored column-wise as a matrix :
   4.753189089       0.000000000       0.000000000    
  -2.744255000       5.488510000       0.000000000    
   0.000000000       0.000000000       6.377648620    
 
Inverse of matrix :
  0.2103850660       0.000000000       0.000000000    
  0.1051925330      0.1821988117       0.000000000    
   0.000000000       0.000000000      0.1567976004    
 
Unit cell volume :    166.3796243    
 
 
+----------------------------------+
| Reciprocal-space lattice vectors |
+----------------------------------+
 
vector b1 :    1.321888355       0.000000000       0.000000000    
vector b2 :   0.6609441776       1.144788897       0.000000000    
vector b3 :    0.000000000       0.000000000      0.9851883792    
 
Stored column-wise as a matrix :
   1.321888355      0.6609441776       0.000000000    
   0.000000000       1.144788897       0.000000000    
   0.000000000       0.000000000      0.9851883792    
 
Inverse of matrix :
  0.7564935390     -0.4367617484       0.000000000    
   0.000000000      0.8735234967       0.000000000    
   0.000000000       0.000000000       1.015034303    
 
Brillouin zone volume :    1.490868936    
