 
+----------------------------+
| Real-space lattice vectors |
+----------------------------+
 
vector a1 :    4.927494022      -2.844890000       0.000000000    
vector a2 :    0.000000000       5.689780000       0.000000000    
vector a3 :    0.000000000       0.000000000       6.361174040    
 
Stored column-wise as a matrix :
   4.927494022       0.000000000       0.000000000    
  -2.844890000       5.689780000       0.000000000    
   0.000000000       0.000000000       6.361174040    
 
Inverse of matrix :
  0.2029429149       0.000000000       0.000000000    
  0.1014714575      0.1757537198       0.000000000    
   0.000000000       0.000000000      0.1572036850    
 
Unit cell volume :    178.3441459    
 
 
+----------------------------------+
| Reciprocal-space lattice vectors |
+----------------------------------+
 
vector b1 :    1.275127941       0.000000000       0.000000000    
vector b2 :   0.6375639706       1.104293190       0.000000000    
vector b3 :    0.000000000       0.000000000      0.9877398838    
 
Stored column-wise as a matrix :
   1.275127941      0.6375639706       0.000000000    
   0.000000000       1.104293190       0.000000000    
   0.000000000       0.000000000      0.9877398838    
 
Inverse of matrix :
  0.7842350306     -0.4527783061       0.000000000    
   0.000000000      0.9055566121       0.000000000    
   0.000000000       0.000000000       1.012412292    
 
Brillouin zone volume :    1.390851447    
