 
+----------------------------+
| Real-space lattice vectors |
+----------------------------+
 
vector a1 :    4.982980270      -2.876925000       0.000000000    
vector a2 :    0.000000000       5.753850000       0.000000000    
vector a3 :    0.000000000       0.000000000       5.926465500    
 
Stored column-wise as a matrix :
   4.982980270       0.000000000       0.000000000    
  -2.876925000       5.753850000       0.000000000    
   0.000000000       0.000000000       5.926465500    
 
Inverse of matrix :
  0.2006831145       0.000000000       0.000000000    
  0.1003415573      0.1737966753       0.000000000    
   0.000000000       0.000000000      0.1687346362    
 
Unit cell volume :    169.9195949    
 
 
+----------------------------------+
| Reciprocal-space lattice vectors |
+----------------------------------+
 
vector b1 :    1.260929196       0.000000000       0.000000000    
vector b2 :   0.6304645982       1.091996716       0.000000000    
vector b3 :    0.000000000       0.000000000       1.060190987    
 
Stored column-wise as a matrix :
   1.260929196      0.6304645982       0.000000000    
   0.000000000       1.091996716       0.000000000    
   0.000000000       0.000000000       1.060190987    
 
Inverse of matrix :
  0.7930659412     -0.4578768347       0.000000000    
   0.000000000      0.9157536693       0.000000000    
   0.000000000       0.000000000      0.9432262794    
 
Brillouin zone volume :    1.459809350    
