 
+----------------------------+
| Real-space lattice vectors |
+----------------------------+
 
vector a1 :    4.855570612      -2.803365000       0.000000000    
vector a2 :    0.000000000       5.606730000       0.000000000    
vector a3 :    0.000000000       0.000000000       6.761716380    
 
Stored column-wise as a matrix :
   4.855570612       0.000000000       0.000000000    
  -2.803365000       5.606730000       0.000000000    
   0.000000000       0.000000000       6.761716380    
 
Inverse of matrix :
  0.2059490181       0.000000000       0.000000000    
  0.1029745091      0.1783570816       0.000000000    
   0.000000000       0.000000000      0.1478914441    
 
Unit cell volume :    184.0801108    
 
 
+----------------------------------+
| Reciprocal-space lattice vectors |
+----------------------------------+
 
vector b1 :    1.294015845       0.000000000       0.000000000    
vector b2 :   0.6470079223       1.120650594       0.000000000    
vector b3 :    0.000000000       0.000000000      0.9292293486    
 
Stored column-wise as a matrix :
   1.294015845      0.6470079223       0.000000000    
   0.000000000       1.120650594       0.000000000    
   0.000000000       0.000000000      0.9292293486    
 
Inverse of matrix :
  0.7727880645     -0.4461693970       0.000000000    
   0.000000000      0.8923387941       0.000000000    
   0.000000000       0.000000000       1.076160586    
 
Brillouin zone volume :    1.347512300    
