 
+----------------------------+
| Real-space lattice vectors |
+----------------------------+
 
vector a1 :    4.844762615      -2.797125000       0.000000000    
vector a2 :    0.000000000       5.594250000       0.000000000    
vector a3 :    0.000000000       0.000000000       6.008224500    
 
Stored column-wise as a matrix :
   4.844762615       0.000000000       0.000000000    
  -2.797125000       5.594250000       0.000000000    
   0.000000000       0.000000000       6.008224500    
 
Inverse of matrix :
  0.2064084620       0.000000000       0.000000000    
  0.1032042310      0.1787549716       0.000000000    
   0.000000000       0.000000000      0.1664385211    
 
Unit cell volume :    162.8397866    
 
 
+----------------------------------+
| Reciprocal-space lattice vectors |
+----------------------------------+
 
vector b1 :    1.296902616       0.000000000       0.000000000    
vector b2 :   0.6484513078       1.123150611       0.000000000    
vector b3 :    0.000000000       0.000000000       1.045764070    
 
Stored column-wise as a matrix :
   1.296902616      0.6484513078       0.000000000    
   0.000000000       1.123150611       0.000000000    
   0.000000000       0.000000000       1.045764070    
 
Inverse of matrix :
  0.7710679183     -0.4451762702       0.000000000    
   0.000000000      0.8903525404       0.000000000    
   0.000000000       0.000000000      0.9562386284    
 
Brillouin zone volume :    1.523277686    
