 
+----------------------------+
| Real-space lattice vectors |
+----------------------------+
 
vector a1 :    4.913984026      -2.837090000       0.000000000    
vector a2 :    0.000000000       5.674180000       0.000000000    
vector a3 :    0.000000000       0.000000000       6.094069320    
 
Stored column-wise as a matrix :
   4.913984026       0.000000000       0.000000000    
  -2.837090000       5.674180000       0.000000000    
   0.000000000       0.000000000       6.094069320    
 
Inverse of matrix :
  0.2035008650       0.000000000       0.000000000    
  0.1017504325      0.1762369188       0.000000000    
   0.000000000       0.000000000      0.1640939654    
 
Unit cell volume :    169.9198981    
 
 
+----------------------------------+
| Reciprocal-space lattice vectors |
+----------------------------------+
 
vector b1 :    1.278633645       0.000000000       0.000000000    
vector b2 :   0.6393168226       1.107329219       0.000000000    
vector b3 :    0.000000000       0.000000000       1.031032792    
 
Stored column-wise as a matrix :
   1.278633645      0.6393168226       0.000000000    
   0.000000000       1.107329219       0.000000000    
   0.000000000       0.000000000       1.031032792    
 
Inverse of matrix :
  0.7820848480     -0.4515368975       0.000000000    
   0.000000000      0.9030737950       0.000000000    
   0.000000000       0.000000000      0.9699012558    
 
Brillouin zone volume :    1.459806745    
