 
+----------------------------+
| Real-space lattice vectors |
+----------------------------+
 
vector a1 :    4.984807583      -2.877980000       0.000000000    
vector a2 :    0.000000000       5.755960000       0.000000000    
vector a3 :    0.000000000       0.000000000       5.675376560    
 
Stored column-wise as a matrix :
   4.984807583       0.000000000       0.000000000    
  -2.877980000       5.755960000       0.000000000    
   0.000000000       0.000000000       5.675376560    
 
Inverse of matrix :
  0.2006095488       0.000000000       0.000000000    
  0.1003047744      0.1737329655       0.000000000    
   0.000000000       0.000000000      0.1761997622    
 
Unit cell volume :    162.8399080    
 
 
+----------------------------------+
| Reciprocal-space lattice vectors |
+----------------------------------+
 
vector b1 :    1.260466969       0.000000000       0.000000000    
vector b2 :   0.6302334847       1.091596416       0.000000000    
vector b3 :    0.000000000       0.000000000       1.107095757    
 
Stored column-wise as a matrix :
   1.260466969      0.6302334847       0.000000000    
   0.000000000       1.091596416       0.000000000    
   0.000000000       0.000000000       1.107095757    
 
Inverse of matrix :
  0.7933567672     -0.4580447431       0.000000000    
   0.000000000      0.9160894862       0.000000000    
   0.000000000       0.000000000      0.9032642334    
 
Brillouin zone volume :    1.523276551    
