 
+----------------------------+
| Real-space lattice vectors |
+----------------------------+
 
vector a1 :    4.790991098      -2.766080000       0.000000000    
vector a2 :    0.000000000       5.532160000       0.000000000    
vector a3 :    0.000000000       0.000000000       6.544545280    
 
Stored column-wise as a matrix :
   4.790991098       0.000000000       0.000000000    
  -2.766080000       5.532160000       0.000000000    
   0.000000000       0.000000000       6.544545280    
 
Inverse of matrix :
  0.2087250800       0.000000000       0.000000000    
  0.1043625400      0.1807612217       0.000000000    
   0.000000000       0.000000000      0.1527990039    
 
Unit cell volume :    173.4600922    
 
 
+----------------------------------+
| Reciprocal-space lattice vectors |
+----------------------------------+
 
vector b1 :    1.311458356       0.000000000       0.000000000    
vector b2 :   0.6557291778       1.135756252       0.000000000    
vector b3 :    0.000000000       0.000000000      0.9600644565    
 
Stored column-wise as a matrix :
   1.311458356      0.6557291778       0.000000000    
   0.000000000       1.135756252       0.000000000    
   0.000000000       0.000000000      0.9600644565    
 
Inverse of matrix :
  0.7625099155     -0.4402353050       0.000000000    
   0.000000000      0.8804706100       0.000000000    
   0.000000000       0.000000000       1.041596732    
 
Brillouin zone volume :    1.430013153    
