 
+----------------------------+
| Real-space lattice vectors |
+----------------------------+
 
vector a1 :    4.960238442      -2.863795000       0.000000000    
vector a2 :    0.000000000       5.727590000       0.000000000    
vector a3 :    0.000000000       0.000000000       6.277438640    
 
Stored column-wise as a matrix :
   4.960238442       0.000000000       0.000000000    
  -2.863795000       5.727590000       0.000000000    
   0.000000000       0.000000000       6.277438640    
 
Inverse of matrix :
  0.2016032115       0.000000000       0.000000000    
  0.1008016058      0.1745935027       0.000000000    
   0.000000000       0.000000000      0.1593006411    
 
Unit cell volume :    178.3433632    
 
 
+----------------------------------+
| Reciprocal-space lattice vectors |
+----------------------------------+
 
vector b1 :    1.266710337       0.000000000       0.000000000    
vector b2 :   0.6333551683       1.097003331       0.000000000    
vector b3 :    0.000000000       0.000000000       1.000915448    
 
Stored column-wise as a matrix :
   1.266710337      0.6333551683       0.000000000    
   0.000000000       1.097003331       0.000000000    
   0.000000000       0.000000000       1.000915448    
 
Inverse of matrix :
  0.7894464670     -0.4557871303       0.000000000    
   0.000000000      0.9115742605       0.000000000    
   0.000000000       0.000000000      0.9990853895    
 
Brillouin zone volume :    1.390857551    
