 
+----------------------------+
| Real-space lattice vectors |
+----------------------------+
 
vector a1 :    4.852245075      -2.801445000       0.000000000    
vector a2 :    0.000000000       5.602890000       0.000000000    
vector a3 :    0.000000000       0.000000000       6.510558180    
 
Stored column-wise as a matrix :
   4.852245075       0.000000000       0.000000000    
  -2.801445000       5.602890000       0.000000000    
   0.000000000       0.000000000       6.510558180    
 
Inverse of matrix :
  0.2060901675       0.000000000       0.000000000    
  0.1030450837      0.1784793205       0.000000000    
   0.000000000       0.000000000      0.1535966614    
 
Unit cell volume :    176.9999111    
 
 
+----------------------------------+
| Reciprocal-space lattice vectors |
+----------------------------------+
 
vector b1 :    1.294902712       0.000000000       0.000000000    
vector b2 :   0.6474513561       1.121418644       0.000000000    
vector b3 :    0.000000000       0.000000000      0.9650762859    
 
Stored column-wise as a matrix :
   1.294902712      0.6474513561       0.000000000    
   0.000000000       1.121418644       0.000000000    
   0.000000000       0.000000000      0.9650762859    
 
Inverse of matrix :
  0.7722587887     -0.4458638196       0.000000000    
   0.000000000      0.8917276391       0.000000000    
   0.000000000       0.000000000       1.036187517    
 
Brillouin zone volume :    1.401414339    
