 
+----------------------------+
| Real-space lattice vectors |
+----------------------------+
 
vector a1 :    4.864490674      -2.808515000       0.000000000    
vector a2 :    0.000000000       5.617030000       0.000000000    
vector a3 :    0.000000000       0.000000000       6.526988860    
 
Stored column-wise as a matrix :
   4.864490674       0.000000000       0.000000000    
  -2.808515000       5.617030000       0.000000000    
   0.000000000       0.000000000       6.526988860    
 
Inverse of matrix :
  0.2055713675       0.000000000       0.000000000    
  0.1027856837      0.1780300265       0.000000000    
   0.000000000       0.000000000      0.1532100056    
 
Unit cell volume :    178.3433787    
 
 
+----------------------------------+
| Reciprocal-space lattice vectors |
+----------------------------------+
 
vector b1 :    1.291642996       0.000000000       0.000000000    
vector b2 :   0.6458214979       1.118595647       0.000000000    
vector b3 :    0.000000000       0.000000000      0.9626468563    
 
Stored column-wise as a matrix :
   1.291642996      0.6458214979       0.000000000    
   0.000000000       1.118595647       0.000000000    
   0.000000000       0.000000000      0.9626468563    
 
Inverse of matrix :
  0.7742077364     -0.4469890450       0.000000000    
   0.000000000      0.8939780900       0.000000000    
   0.000000000       0.000000000       1.038802541    
 
Brillouin zone volume :    1.390857431    
