 
+----------------------------+
| Real-space lattice vectors |
+----------------------------+
 
vector a1 :    4.913403789      -2.836755000       0.000000000    
vector a2 :    0.000000000       5.673510000       0.000000000    
vector a3 :    0.000000000       0.000000000       5.968532520    
 
Stored column-wise as a matrix :
   4.913403789       0.000000000       0.000000000    
  -2.836755000       5.673510000       0.000000000    
   0.000000000       0.000000000       5.968532520    
 
Inverse of matrix :
  0.2035248970       0.000000000       0.000000000    
  0.1017624485      0.1762577311       0.000000000    
   0.000000000       0.000000000      0.1675453718    
 
Unit cell volume :    166.3802780    
 
 
+----------------------------------+
| Reciprocal-space lattice vectors |
+----------------------------------+
 
vector b1 :    1.278784642       0.000000000       0.000000000    
vector b2 :   0.6393923212       1.107459986       0.000000000    
vector b3 :    0.000000000       0.000000000       1.052718618    
 
Stored column-wise as a matrix :
   1.278784642      0.6393923212       0.000000000    
   0.000000000       1.107459986       0.000000000    
   0.000000000       0.000000000       1.052718618    
 
Inverse of matrix :
  0.7819925004     -0.4514835806       0.000000000    
   0.000000000      0.9029671612       0.000000000    
   0.000000000       0.000000000      0.9499214536    
 
Brillouin zone volume :    1.490863079    
