 
+----------------------------+
| Real-space lattice vectors |
+----------------------------+
 
vector a1 :    4.876926799      -2.815695000       0.000000000    
vector a2 :    0.000000000       5.631390000       0.000000000    
vector a3 :    0.000000000       0.000000000       5.800331700    
 
Stored column-wise as a matrix :
   4.876926799       0.000000000       0.000000000    
  -2.815695000       5.631390000       0.000000000    
   0.000000000       0.000000000       5.800331700    
 
Inverse of matrix :
  0.2050471621       0.000000000       0.000000000    
  0.1025235811      0.1775760514       0.000000000    
   0.000000000       0.000000000      0.1724039334    
 
Unit cell volume :    159.2995952    
 
 
+----------------------------------+
| Reciprocal-space lattice vectors |
+----------------------------------+
 
vector b1 :    1.288349316       0.000000000       0.000000000    
vector b2 :   0.6441746582       1.115743237       0.000000000    
vector b3 :    0.000000000       0.000000000       1.083245861    
 
Stored column-wise as a matrix :
   1.288349316      0.6441746582       0.000000000    
   0.000000000       1.115743237       0.000000000    
   0.000000000       0.000000000       1.083245861    
 
Inverse of matrix :
  0.7761870071     -0.4481317775       0.000000000    
   0.000000000      0.8962635550       0.000000000    
   0.000000000       0.000000000      0.9231514616    
 
Brillouin zone volume :    1.557130218    
