 -0.8000000000       0.000000000    
 -0.7983750000       0.000000000    
 -0.7967500000       0.000000000    
 -0.7951250000       0.000000000    
 -0.7935000000       0.000000000    
 -0.7918750000       0.000000000    
 -0.7902500000       0.000000000    
 -0.7886250000       0.000000000    
 -0.7870000000       0.000000000    
 -0.7853750000       0.000000000    
 -0.7837500000       0.000000000    
 -0.7821250000       0.000000000    
 -0.7805000000       0.000000000    
 -0.7788750000       0.000000000    
 -0.7772500000       0.000000000    
 -0.7756250000       0.000000000    
 -0.7740000000       0.000000000    
 -0.7723750000       0.000000000    
 -0.7707500000       0.000000000    
 -0.7691250000       0.000000000    
 -0.7675000000       0.000000000    
 -0.7658750000       0.000000000    
 -0.7642500000       0.000000000    
 -0.7626250000       0.000000000    
 -0.7610000000       0.000000000    
 -0.7593750000       0.000000000    
 -0.7577500000       0.000000000    
 -0.7561250000       0.000000000    
 -0.7545000000       0.000000000    
 -0.7528750000       0.000000000    
 -0.7512500000       0.000000000    
 -0.7496250000       0.000000000    
 -0.7480000000       0.000000000    
 -0.7463750000       0.000000000    
 -0.7447500000       0.000000000    
 -0.7431250000       0.000000000    
 -0.7415000000       0.000000000    
 -0.7398750000       0.000000000    
 -0.7382500000       0.000000000    
 -0.7366250000       0.000000000    
 -0.7350000000       0.000000000    
 -0.7333750000       0.000000000    
 -0.7317500000       0.000000000    
 -0.7301250000       0.000000000    
 -0.7285000000       0.000000000    
 -0.7268750000       0.000000000    
 -0.7252500000       0.000000000    
 -0.7236250000       0.000000000    
 -0.7220000000       0.000000000    
 -0.7203750000       0.000000000    
 -0.7187500000       0.000000000    
 -0.7171250000       0.000000000    
 -0.7155000000       0.000000000    
 -0.7138750000       0.000000000    
 -0.7122500000       0.000000000    
 -0.7106250000       0.000000000    
 -0.7090000000       0.000000000    
 -0.7073750000       0.000000000    
 -0.7057500000       0.000000000    
 -0.7041250000       0.000000000    
 -0.7025000000       0.000000000    
 -0.7008750000       0.000000000    
 -0.6992500000       0.000000000    
 -0.6976250000       0.000000000    
 -0.6960000000       0.000000000    
 -0.6943750000       0.000000000    
 -0.6927500000       0.000000000    
 -0.6911250000       0.000000000    
 -0.6895000000       0.000000000    
 -0.6878750000       0.000000000    
 -0.6862500000       0.000000000    
 -0.6846250000       0.000000000    
 -0.6830000000       0.000000000    
 -0.6813750000       0.000000000    
 -0.6797500000       0.000000000    
 -0.6781250000       0.000000000    
 -0.6765000000       0.000000000    
 -0.6748750000       0.000000000    
 -0.6732500000       0.000000000    
 -0.6716250000       0.000000000    
 -0.6700000000       0.000000000    
 -0.6683750000       0.000000000    
 -0.6667500000       0.000000000    
 -0.6651250000       0.000000000    
 -0.6635000000       0.000000000    
 -0.6618750000       0.000000000    
 -0.6602500000       0.000000000    
 -0.6586250000       0.000000000    
 -0.6570000000       0.000000000    
 -0.6553750000       0.000000000    
 -0.6537500000       0.000000000    
 -0.6521250000       0.000000000    
 -0.6505000000       0.000000000    
 -0.6488750000       0.000000000    
 -0.6472500000       0.000000000    
 -0.6456250000       0.000000000    
 -0.6440000000       0.000000000    
 -0.6423750000       0.000000000    
 -0.6407500000       0.000000000    
 -0.6391250000       0.000000000    
 -0.6375000000       0.000000000    
 -0.6358750000       0.000000000    
 -0.6342500000       0.000000000    
 -0.6326250000       0.000000000    
 -0.6310000000       0.000000000    
 -0.6293750000       0.000000000    
 -0.6277500000       0.000000000    
 -0.6261250000       0.000000000    
 -0.6245000000       0.000000000    
 -0.6228750000       0.000000000    
 -0.6212500000       0.000000000    
 -0.6196250000       0.000000000    
 -0.6180000000       0.000000000    
 -0.6163750000       0.000000000    
 -0.6147500000       0.000000000    
 -0.6131250000       0.000000000    
 -0.6115000000       0.000000000    
 -0.6098750000       0.000000000    
 -0.6082500000       0.000000000    
 -0.6066250000       0.000000000    
 -0.6050000000       0.000000000    
 -0.6033750000       0.000000000    
 -0.6017500000       0.000000000    
 -0.6001250000       0.000000000    
 -0.5985000000       0.000000000    
 -0.5968750000       0.000000000    
 -0.5952500000       0.000000000    
 -0.5936250000       0.000000000    
 -0.5920000000       0.000000000    
 -0.5903750000       0.000000000    
 -0.5887500000       0.000000000    
 -0.5871250000       0.000000000    
 -0.5855000000       0.000000000    
 -0.5838750000       0.000000000    
 -0.5822500000       0.000000000    
 -0.5806250000       0.000000000    
 -0.5790000000       0.000000000    
 -0.5773750000       0.000000000    
 -0.5757500000       0.000000000    
 -0.5741250000       0.000000000    
 -0.5725000000       0.000000000    
 -0.5708750000       0.000000000    
 -0.5692500000       0.000000000    
 -0.5676250000       0.000000000    
 -0.5660000000       0.000000000    
 -0.5643750000       0.000000000    
 -0.5627500000       0.000000000    
 -0.5611250000       0.000000000    
 -0.5595000000       0.000000000    
 -0.5578750000       0.000000000    
 -0.5562500000       0.000000000    
 -0.5546250000       0.000000000    
 -0.5530000000       0.000000000    
 -0.5513750000       0.000000000    
 -0.5497500000       0.000000000    
 -0.5481250000       0.000000000    
 -0.5465000000       0.000000000    
 -0.5448750000       0.000000000    
 -0.5432500000       0.000000000    
 -0.5416250000      0.4244211162E-01
 -0.5400000000      0.3676295287    
 -0.5383750000      0.8313757686    
 -0.5367500000       1.383403968    
 -0.5351250000       1.775616773    
 -0.5335000000       2.125483868    
 -0.5318750000       2.416340446    
 -0.5302500000       2.658192831    
 -0.5286250000       2.886633544    
 -0.5270000000       3.139105337    
 -0.5253750000       3.387729519    
 -0.5237500000       3.614423162    
 -0.5221250000       3.809778646    
 -0.5205000000       3.998347113    
 -0.5188750000       4.194702130    
 -0.5172500000       4.399873674    
 -0.5156250000       4.619654301    
 -0.5140000000       4.839379117    
 -0.5123750000       5.044478782    
 -0.5107500000       5.233755041    
 -0.5091250000       5.418878416    
 -0.5075000000       5.607741161    
 -0.5058750000       5.802141930    
 -0.5042500000       6.004030743    
 -0.5026250000       6.221927309    
 -0.5010000000       6.455481539    
 -0.4993750000       6.684112518    
 -0.4977500000       6.901491560    
 -0.4961250000       7.104689406    
 -0.4945000000       7.315318638    
 -0.4928750000       7.537015460    
 -0.4912500000       7.771042397    
 -0.4896250000       8.016238399    
 -0.4880000000       8.272513831    
 -0.4863750000       8.539998918    
 -0.4847500000       8.822223316    
 -0.4831250000       9.117439110    
 -0.4815000000       9.422166538    
 -0.4798750000       9.737820335    
 -0.4782500000       10.06615772    
 -0.4766250000       10.41518257    
 -0.4750000000       10.78048662    
 -0.4733750000       11.16879685    
 -0.4717500000       11.58232373    
 -0.4701250000       12.08258084    
 -0.4685000000       12.69604735    
 -0.4668750000       13.42215502    
 -0.4652500000       14.22243786    
 -0.4636250000       15.45542560    
 -0.4620000000       16.63333584    
 -0.4603750000       17.56108200    
 -0.4587500000       17.79271074    
 -0.4571250000       17.87744951    
 -0.4555000000       17.93548840    
 -0.4538750000       18.03488531    
 -0.4522500000       18.12800934    
 -0.4506250000       18.21214264    
 -0.4490000000       18.30576390    
 -0.4473750000       18.41249072    
 -0.4457500000       18.55217338    
 -0.4441250000       18.67079820    
 -0.4425000000       18.78833046    
 -0.4408750000       18.94247338    
 -0.4392500000       19.14763646    
 -0.4376250000       19.29628956    
 -0.4360000000       19.45273597    
 -0.4343750000       19.64846015    
 -0.4327500000       19.98460438    
 -0.4311250000       20.41038357    
 -0.4295000000       20.85273371    
 -0.4278750000       21.43841286    
 -0.4262500000       22.42051775    
 -0.4246250000       23.83458422    
 -0.4230000000       24.65279354    
 -0.4213750000       24.58184444    
 -0.4197500000       23.65581405    
 -0.4181250000       22.72173412    
 -0.4165000000       21.81444287    
 -0.4148750000       20.95877557    
 -0.4132500000       20.16710884    
 -0.4116250000       19.43972259    
 -0.4100000000       18.75543803    
 -0.4083750000       18.13900251    
 -0.4067500000       17.59785164    
 -0.4051250000       17.17578813    
 -0.4035000000       16.90624817    
 -0.4018750000       16.54022195    
 -0.4002500000       16.02685506    
 -0.3986250000       14.94829437    
 -0.3970000000       13.76523594    
 -0.3953750000       12.52226217    
 -0.3937500000       11.55243159    
 -0.3921250000       10.70811855    
 -0.3905000000       10.02266111    
 -0.3888750000       9.175250526    
 -0.3872500000       8.125745643    
 -0.3856250000       6.942963735    
 -0.3840000000       6.008055936    
 -0.3823750000       5.328097622    
 -0.3807500000       4.814143861    
 -0.3791250000       4.509342864    
 -0.3775000000       4.460202527    
 -0.3758750000       4.623439336    
 -0.3742500000       4.987895220    
 -0.3726250000       5.627975368    
 -0.3710000000       6.580856163    
 -0.3693750000       7.585990900    
 -0.3677500000       8.209317450    
 -0.3661250000       8.415780269    
 -0.3645000000       8.597743529    
 -0.3628750000       9.196903698    
 -0.3612500000       10.21936030    
 -0.3596250000       11.26577694    
 -0.3580000000       12.03567211    
 -0.3563750000       12.67655476    
 -0.3547500000       13.65626398    
 -0.3531250000       14.98858774    
 -0.3515000000       16.30900504    
 -0.3498750000       17.28410642    
 -0.3482500000       18.01789071    
 -0.3466250000       18.70142011    
 -0.3450000000       19.30278652    
 -0.3433750000       19.31242331    
 -0.3417500000       18.70661312    
 -0.3401250000       17.88517010    
 -0.3385000000       17.39190381    
 -0.3368750000       17.24446588    
 -0.3352500000       17.14639746    
 -0.3336250000       17.08022362    
 -0.3320000000       17.10543773    
 -0.3303750000       17.26583746    
 -0.3287500000       17.41382504    
 -0.3271250000       17.54496178    
 -0.3255000000       17.60419724    
 -0.3238750000       17.69642913    
 -0.3222500000       17.73554792    
 -0.3206250000       17.70796520    
 -0.3190000000       17.71533993    
 -0.3173750000       17.63413588    
 -0.3157500000       17.41125856    
 -0.3141250000       17.04764915    
 -0.3125000000       16.72441683    
 -0.3108750000       16.52166632    
 -0.3092500000       16.40479534    
 -0.3076250000       16.37207119    
 -0.3060000000       16.42015703    
 -0.3043750000       16.41567013    
 -0.3027500000       16.38276417    
 -0.3011250000       16.32890438    
 -0.2995000000       16.37235786    
 -0.2978750000       16.45799977    
 -0.2962500000       16.57476420    
 -0.2946250000       16.68499784    
 -0.2930000000       16.80642591    
 -0.2913750000       16.95275184    
 -0.2897500000       17.12784774    
 -0.2881250000       17.33143204    
 -0.2865000000       17.57095049    
 -0.2848750000       17.86939828    
 -0.2832500000       18.21525118    
 -0.2816250000       18.67358793    
 -0.2800000000       19.23990387    
 -0.2783750000       19.91925587    
 -0.2767500000       20.72670795    
 -0.2751250000       21.90742568    
 -0.2735000000       23.28463711    
 -0.2718750000       24.59554109    
 -0.2702500000       25.14411743    
 -0.2686250000       24.94336684    
 -0.2670000000       23.85679973    
 -0.2653750000       22.47241737    
 -0.2637500000       21.18209515    
 -0.2621250000       20.39315219    
 -0.2605000000       20.00993519    
 -0.2588750000       19.78238408    
 -0.2572500000       19.65672194    
 -0.2556250000       19.67968922    
 -0.2540000000       19.93338971    
 -0.2523750000       20.83521144    
 -0.2507500000       22.62858049    
 -0.2491250000       25.31646420    
 -0.2475000000       28.63752011    
 -0.2458750000       32.33512525    
 -0.2442500000       35.52498100    
 -0.2426250000       37.48524421    
 -0.2410000000       38.32378330    
 -0.2393750000       38.95216502    
 -0.2377500000       40.66734132    
 -0.2361250000       42.86518480    
 -0.2345000000       42.71776633    
 -0.2328750000       38.19139503    
 -0.2312500000       32.36308681    
 -0.2296250000       29.42922405    
 -0.2280000000       29.76072916    
 -0.2263750000       30.63656302    
 -0.2247500000       30.95911123    
 -0.2231250000       31.68859464    
 -0.2215000000       32.84123834    
 -0.2198750000       33.96398905    
 -0.2182500000       35.08416906    
 -0.2166250000       36.15212303    
 -0.2150000000       37.23441970    
 -0.2133750000       38.71786748    
 -0.2117500000       40.79093505    
 -0.2101250000       42.59828151    
 -0.2085000000       43.65971314    
 -0.2068750000       44.16451720    
 -0.2052500000       45.42996524    
 -0.2036250000       48.06058888    
 -0.2020000000       51.96503568    
 -0.2003750000       55.91854670    
 -0.1987500000       58.23574732    
 -0.1971250000       59.91052539    
 -0.1955000000       62.67439476    
 -0.1938750000       67.77968694    
 -0.1922500000       78.59319621    
 -0.1906250000       86.46907122    
 -0.1890000000       87.38297106    
 -0.1873750000       78.00419289    
 -0.1857500000       66.77264870    
 -0.1841250000       58.71777943    
 -0.1825000000       52.65354245    
 -0.1808750000       47.86785485    
 -0.1792500000       43.79848168    
 -0.1776250000       41.71192549    
 -0.1760000000       42.42507558    
 -0.1743750000       44.70337135    
 -0.1727500000       47.76206076    
 -0.1711250000       49.82330813    
 -0.1695000000       51.54216629    
 -0.1678750000       52.83674118    
 -0.1662500000       55.93986162    
 -0.1646250000       60.78696133    
 -0.1630000000       62.41683059    
 -0.1613750000       60.71549301    
 -0.1597500000       55.87947527    
 -0.1581250000       53.33979986    
 -0.1565000000       52.04752508    
 -0.1548750000       50.69190425    
 -0.1532500000       48.38834701    
 -0.1516250000       45.11660733    
 -0.1500000000       41.91272513    
 -0.1483750000       39.01811477    
 -0.1467500000       36.43210905    
 -0.1451250000       34.05934047    
 -0.1435000000       31.72467255    
 -0.1418750000       29.74400770    
 -0.1402500000       28.35962026    
 -0.1386250000       27.54874254    
 -0.1370000000       26.84481572    
 -0.1353750000       26.10593060    
 -0.1337500000       25.25920836    
 -0.1321250000       24.33639221    
 -0.1305000000       23.46801426    
 -0.1288750000       22.65489308    
 -0.1272500000       21.90646420    
 -0.1256250000       21.19233064    
 -0.1240000000       20.49946719    
 -0.1223750000       19.81031097    
 -0.1207500000       19.10596641    
 -0.1191250000       18.42050474    
 -0.1175000000       17.76714907    
 -0.1158750000       17.10457688    
 -0.1142500000       16.42377717    
 -0.1126250000       15.65431750    
 -0.1110000000       14.85749497    
 -0.1093750000       13.91971034    
 -0.1077500000       12.62792941    
 -0.1061250000       11.06683430    
 -0.1045000000       9.532289399    
 -0.1028750000       8.246037192    
 -0.1012500000       7.281471498    
 -0.9962500000E-01   6.513969458    
 -0.9800000000E-01   5.942284616    
 -0.9637500000E-01   5.403323919    
 -0.9475000000E-01   4.783773101    
 -0.9312500000E-01   4.207800921    
 -0.9150000000E-01   3.719720020    
 -0.8987500000E-01   3.383426113    
 -0.8825000000E-01   3.157226317    
 -0.8662500000E-01   3.028492010    
 -0.8500000000E-01   3.076424790    
 -0.8337500000E-01   3.540220922    
 -0.8175000000E-01   4.397746917    
 -0.8012500000E-01   5.305922697    
 -0.7850000000E-01   6.672255111    
 -0.7687500000E-01   8.036828616    
 -0.7525000000E-01   10.23002199    
 -0.7362500000E-01   12.30008165    
 -0.7200000000E-01   14.29768614    
 -0.7037500000E-01   15.49716922    
 -0.6875000000E-01   16.11840537    
 -0.6712500000E-01   16.48529075    
 -0.6550000000E-01   16.65527229    
 -0.6387500000E-01   16.78742801    
 -0.6225000000E-01   16.98378050    
 -0.6062500000E-01   17.33094158    
 -0.5900000000E-01   17.71322585    
 -0.5737500000E-01   18.10925245    
 -0.5575000000E-01   18.48524947    
 -0.5412500000E-01   18.76572004    
 -0.5250000000E-01   18.99151478    
 -0.5087500000E-01   19.20700215    
 -0.4925000000E-01   19.52258491    
 -0.4762500000E-01   19.88249808    
 -0.4600000000E-01   20.32744514    
 -0.4437500000E-01   20.84032411    
 -0.4275000000E-01   21.47380835    
 -0.4112500000E-01   22.08159478    
 -0.3950000000E-01   22.71067161    
 -0.3787500000E-01   23.38382007    
 -0.3625000000E-01   24.33449716    
 -0.3462500000E-01   25.41984655    
 -0.3300000000E-01   26.67585485    
 -0.3137500000E-01   28.16727183    
 -0.2975000000E-01   29.78144538    
 -0.2812500000E-01   31.41471153    
 -0.2650000000E-01   32.83855008    
 -0.2487500000E-01   34.09074036    
 -0.2325000000E-01   34.98830688    
 -0.2162500000E-01   35.60597956    
 -0.2000000000E-01   35.93523614    
 -0.1837500000E-01   35.90555964    
 -0.1675000000E-01   35.67915690    
 -0.1512500000E-01   35.55170372    
 -0.1350000000E-01   35.80818379    
 -0.1187500000E-01   36.03459499    
 -0.1025000000E-01   36.17202744    
 -0.8625000000E-02   36.37578847    
 -0.7000000000E-02   36.80270335    
 -0.5375000000E-02   37.40638002    
 -0.3750000000E-02   38.37559836    
 -0.2125000000E-02   39.66004346    
 -0.5000000000E-03   41.42852398    
  0.1125000000E-02   43.13289906    
  0.2750000000E-02   43.74733551    
  0.4375000000E-02   43.32292285    
  0.6000000000E-02   42.69620025    
  0.7625000000E-02   43.81987440    
  0.9250000000E-02   45.10348486    
  0.1087500000E-01   45.89532579    
  0.1250000000E-01   45.65187770    
  0.1412500000E-01   45.73752299    
  0.1575000000E-01   46.00811154    
  0.1737500000E-01   46.26781684    
  0.1900000000E-01   46.54862819    
  0.2062500000E-01   47.10803281    
  0.2225000000E-01   48.06007728    
  0.2387500000E-01   49.22842177    
  0.2550000000E-01   49.04336519    
  0.2712500000E-01   48.04172882    
  0.2875000000E-01   45.27029953    
  0.3037500000E-01   39.94576538    
  0.3200000000E-01   35.00903832    
  0.3362500000E-01   31.82431892    
  0.3525000000E-01   33.62293341    
  0.3687500000E-01   37.11657371    
  0.3850000000E-01   40.45606264    
  0.4012500000E-01   42.43200635    
  0.4175000000E-01   43.14575261    
  0.4337500000E-01   44.08638278    
  0.4500000000E-01   45.11495920    
  0.4662500000E-01   46.23328981    
  0.4825000000E-01   49.33393426    
  0.4987500000E-01   57.54820033    
  0.5150000000E-01   65.83519133    
  0.5312500000E-01   72.49597886    
  0.5475000000E-01   73.93199109    
  0.5637500000E-01   74.11742904    
  0.5800000000E-01   72.79019428    
  0.5962500000E-01   70.19987077    
  0.6125000000E-01   66.48261153    
  0.6287500000E-01   62.25437768    
  0.6450000000E-01   58.50590713    
  0.6612500000E-01   55.15077153    
  0.6775000000E-01   51.84462828    
  0.6937500000E-01   47.79253469    
  0.7100000000E-01   42.63875753    
  0.7262500000E-01   37.30867606    
  0.7425000000E-01   33.09512740    
  0.7587500000E-01   31.16534657    
  0.7750000000E-01   30.79107801    
  0.7912500000E-01   31.04045903    
  0.8075000000E-01   31.53132290    
  0.8237500000E-01   31.96367770    
  0.8400000000E-01   32.19619181    
  0.8562500000E-01   32.00287429    
  0.8725000000E-01   31.46281681    
  0.8887500000E-01   30.75465424    
  0.9050000000E-01   30.24099899    
  0.9212500000E-01   29.91361632    
  0.9375000000E-01   29.69171908    
  0.9537500000E-01   29.51248467    
  0.9700000000E-01   29.30086351    
  0.9862500000E-01   29.09145621    
  0.1002500000       28.82070784    
  0.1018750000       28.49839218    
  0.1035000000       28.17187882    
  0.1051250000       27.92090379    
  0.1067500000       27.85741651    
  0.1083750000       27.84505511    
  0.1100000000       27.77570847    
  0.1116250000       27.50703612    
  0.1132500000       27.11025861    
  0.1148750000       26.57101378    
  0.1165000000       25.53117697    
  0.1181250000       24.18294102    
  0.1197500000       22.80946135    
  0.1213750000       22.04520653    
  0.1230000000       21.61280859    
  0.1246250000       21.39433362    
  0.1262500000       21.16452890    
  0.1278750000       21.10334343    
  0.1295000000       21.16951558    
  0.1311250000       21.35606976    
  0.1327500000       22.19354674    
  0.1343750000       23.83443031    
  0.1360000000       29.97227844    
  0.1376250000       35.68952092    
  0.1392500000       36.20330979    
  0.1408750000       30.76004597    
  0.1425000000       24.36677312    
  0.1441250000       21.81878940    
  0.1457500000       19.50344410    
  0.1473750000       17.27071420    
  0.1490000000       15.19588604    
  0.1506250000       14.21167300    
  0.1522500000       13.83991511    
  0.1538750000       13.81430271    
  0.1555000000       13.86922461    
  0.1571250000       13.98007725    
  0.1587500000       14.23978340    
  0.1603750000       14.41872692    
  0.1620000000       14.60849618    
  0.1636250000       14.77361535    
  0.1652500000       15.11021622    
  0.1668750000       15.59432182    
  0.1685000000       16.23002584    
  0.1701250000       17.13591420    
  0.1717500000       18.29278604    
  0.1733750000       19.65163210    
  0.1750000000       20.98687751    
  0.1766250000       22.18186268    
  0.1782500000       23.11745798    
  0.1798750000       24.01724681    
  0.1815000000       24.99697379    
  0.1831250000       26.31019732    
  0.1847500000       28.08415751    
  0.1863750000       30.50235242    
  0.1880000000       33.32984607    
  0.1896250000       35.60710340    
  0.1912500000       35.93532240    
  0.1928750000       35.19935216    
  0.1945000000       34.25468158    
  0.1961250000       34.18397263    
  0.1977500000       34.35705425    
  0.1993750000       34.91148150    
  0.2010000000       36.20142657    
  0.2026250000       37.60084590    
  0.2042500000       38.63259850    
  0.2058750000       39.11389238    
  0.2075000000       39.84914129    
  0.2091250000       40.38546278    
  0.2107500000       40.48839357    
  0.2123750000       39.84859333    
  0.2140000000       39.46954612    
  0.2156250000       38.82442095    
  0.2172500000       37.88148982    
  0.2188750000       36.91859086    
  0.2205000000       35.92114205    
  0.2221250000       34.51627686    
  0.2237500000       31.95948254    
  0.2253750000       30.26938167    
  0.2270000000       29.47296420    
  0.2286250000       30.03770728    
  0.2302500000       31.99447128    
  0.2318750000       34.70273464    
  0.2335000000       35.91868380    
  0.2351250000       34.97168943    
  0.2367500000       33.01721370    
  0.2383750000       31.86612850    
  0.2400000000       30.75354309    
  0.2416250000       29.77661261    
  0.2432500000       29.04344479    
  0.2448750000       28.68822656    
  0.2465000000       28.46288169    
  0.2481250000       28.23093923    
  0.2497500000       27.93143694    
  0.2513750000       27.40542874    
  0.2530000000       26.75371443    
  0.2546250000       25.75524494    
  0.2562500000       24.96998554    
  0.2578750000       24.69414818    
  0.2595000000       25.17656252    
  0.2611250000       26.20570381    
  0.2627500000       27.30333090    
  0.2643750000       28.70908737    
  0.2660000000       30.52358109    
  0.2676250000       33.54614693    
  0.2692500000       37.49288785    
  0.2708750000       41.59510525    
  0.2725000000       45.99357687    
  0.2741250000       49.66866629    
  0.2757500000       50.64658362    
  0.2773750000       46.65611861    
  0.2790000000       39.74519237    
  0.2806250000       33.70127416    
  0.2822500000       30.26225725    
  0.2838750000       28.38637849    
  0.2855000000       26.98084104    
  0.2871250000       26.52248737    
  0.2887500000       26.27762539    
  0.2903750000       26.21923134    
  0.2920000000       25.72826938    
  0.2936250000       25.50537430    
  0.2952500000       25.36571109    
  0.2968750000       25.24621781    
  0.2985000000       25.19903341    
  0.3001250000       25.21319432    
  0.3017500000       25.32317680    
  0.3033750000       25.40039117    
  0.3050000000       25.57681556    
  0.3066250000       26.13169184    
  0.3082500000       26.92436994    
  0.3098750000       27.53227391    
  0.3115000000       27.79487549    
  0.3131250000       27.97333447    
  0.3147500000       28.21578725    
  0.3163750000       28.32125323    
  0.3180000000       27.73597153    
  0.3196250000       27.40845186    
  0.3212500000       27.42098324    
  0.3228750000       28.40941089    
  0.3245000000       29.54104409    
  0.3261250000       30.94028077    
  0.3277500000       32.44572251    
  0.3293750000       33.90722791    
  0.3310000000       35.28563590    
  0.3326250000       36.44946135    
  0.3342500000       37.31467496    
  0.3358750000       37.64207623    
  0.3375000000       37.79353258    
  0.3391250000       38.05511434    
  0.3407500000       38.42823622    
  0.3423750000       38.80471188    
  0.3440000000       39.37137791    
  0.3456250000       40.31907246    
  0.3472500000       42.51896406    
  0.3488750000       44.20166398    
  0.3505000000       45.00801759    
  0.3521250000       43.46416993    
  0.3537500000       40.99900879    
  0.3553750000       38.31622846    
  0.3570000000       36.10839640    
  0.3586250000       34.68338496    
  0.3602500000       33.69327874    
  0.3618750000       33.06560904    
  0.3635000000       32.75932143    
  0.3651250000       32.76607462    
  0.3667500000       32.81908455    
  0.3683750000       32.73817140    
  0.3700000000       32.45623706    
  0.3716250000       32.37541354    
  0.3732500000       33.58269585    
  0.3748750000       34.64560226    
  0.3765000000       35.27667562    
  0.3781250000       34.68170808    
  0.3797500000       34.30342278    
  0.3813750000       34.02253448    
  0.3830000000       33.57880089    
  0.3846250000       32.74661585    
  0.3862500000       31.69044741    
  0.3878750000       30.65231455    
  0.3895000000       29.90170986    
  0.3911250000       29.53113163    
  0.3927500000       29.20905951    
  0.3943750000       28.89818943    
  0.3960000000       28.55674649    
  0.3976250000       28.28649789    
  0.3992500000       28.07544500    
  0.4008750000       27.90901087    
  0.4025000000       27.78572917    
  0.4041250000       27.68815883    
  0.4057500000       27.58561280    
  0.4073750000       27.45745014    
  0.4090000000       27.34576709    
  0.4106250000       27.36149156    
  0.4122500000       27.38358023    
  0.4138750000       27.35159094    
  0.4155000000       27.45761757    
  0.4171250000       27.88730188    
  0.4187500000       28.54246467    
  0.4203750000       28.85486110    
  0.4220000000       28.75241063    
  0.4236250000       28.36981601    
  0.4252500000       28.15376545    
  0.4268750000       27.80313221    
  0.4285000000       27.45529463    
  0.4301250000       26.75718236    
  0.4317500000       25.82340770    
  0.4333750000       24.71356720    
  0.4350000000       23.74516319    
  0.4366250000       23.12249708    
  0.4382500000       22.79497826    
  0.4398750000       22.81187055    
  0.4415000000       23.28273106    
  0.4431250000       24.29096165    
  0.4447500000       25.89155862    
  0.4463750000       27.74220635    
  0.4480000000       29.12960422    
  0.4496250000       29.86539941    
  0.4512500000       30.04700835    
  0.4528750000       29.58116833    
  0.4545000000       28.81158943    
  0.4561250000       27.83908497    
  0.4577500000       27.28776118    
  0.4593750000       26.75066763    
  0.4610000000       26.21934465    
  0.4626250000       25.71001986    
  0.4642500000       25.44161050    
  0.4658750000       25.26029922    
  0.4675000000       24.76011653    
  0.4691250000       24.19735138    
  0.4707500000       24.07286128    
  0.4723750000       25.32325037    
  0.4740000000       26.28300190    
  0.4756250000       26.28540518    
  0.4772500000       24.89193484    
  0.4788750000       23.31619682    
  0.4805000000       22.09801013    
  0.4821250000       21.39468963    
  0.4837500000       21.53751887    
  0.4853750000       22.49976247    
  0.4870000000       23.96215917    
  0.4886250000       25.44205108    
  0.4902500000       26.47108244    
  0.4918750000       27.33512570    
  0.4935000000       28.51135314    
  0.4951250000       29.56181189    
  0.4967500000       30.19084474    
  0.4983750000       30.07602526    
 
