 
+----------------------------+
| Real-space lattice vectors |
+----------------------------+
 
vector a1 :    4.814746175      -2.779795000       0.000000000    
vector a2 :    0.000000000       5.559590000       0.000000000    
vector a3 :    0.000000000       0.000000000       6.215621620    
 
Stored column-wise as a matrix :
   4.814746175       0.000000000       0.000000000    
  -2.779795000       5.559590000       0.000000000    
   0.000000000       0.000000000       6.215621620    
 
Inverse of matrix :
  0.2076952686       0.000000000       0.000000000    
  0.1038476343      0.1798693789       0.000000000    
   0.000000000       0.000000000      0.1608849543    
 
Unit cell volume :    166.3798508    
 
 
+----------------------------------+
| Reciprocal-space lattice vectors |
+----------------------------------+
 
vector b1 :    1.304987860       0.000000000       0.000000000    
vector b2 :   0.6524939300       1.130152638       0.000000000    
vector b3 :    0.000000000       0.000000000       1.010869981    
 
Stored column-wise as a matrix :
   1.304987860      0.6524939300       0.000000000    
   0.000000000       1.130152638       0.000000000    
   0.000000000       0.000000000       1.010869981    
 
Inverse of matrix :
  0.7662906534     -0.4424181150       0.000000000    
   0.000000000      0.8848362301       0.000000000    
   0.000000000       0.000000000      0.9892469052    
 
Brillouin zone volume :    1.490866906    
