 
+----------------------------+
| Real-space lattice vectors |
+----------------------------+
 
vector a1 :    5.051249052      -2.916340000       0.000000000    
vector a2 :    0.000000000       5.832680000       0.000000000    
vector a3 :    0.000000000       0.000000000       6.007660400    
 
Stored column-wise as a matrix :
   5.051249052       0.000000000       0.000000000    
  -2.916340000       5.832680000       0.000000000    
   0.000000000       0.000000000       6.007660400    
 
Inverse of matrix :
  0.1979708365       0.000000000       0.000000000    
  0.9898541823E-01  0.1714477736       0.000000000    
   0.000000000       0.000000000      0.1664541491    
 
Unit cell volume :    176.9996091    
 
 
+----------------------------------+
| Reciprocal-space lattice vectors |
+----------------------------------+
 
vector b1 :    1.243887451       0.000000000       0.000000000    
vector b2 :   0.6219437254       1.077238132       0.000000000    
vector b3 :    0.000000000       0.000000000       1.045862264    
 
Stored column-wise as a matrix :
   1.243887451      0.6219437254       0.000000000    
   0.000000000       1.077238132       0.000000000    
   0.000000000       0.000000000       1.045862264    
 
Inverse of matrix :
  0.8039312554     -0.4641499267       0.000000000    
   0.000000000      0.9282998535       0.000000000    
   0.000000000       0.000000000      0.9561488491    
 
Brillouin zone volume :    1.401416730    
