 -0.8000000000       0.000000000    
 -0.7983750000       0.000000000    
 -0.7967500000       0.000000000    
 -0.7951250000       0.000000000    
 -0.7935000000       0.000000000    
 -0.7918750000       0.000000000    
 -0.7902500000       0.000000000    
 -0.7886250000       0.000000000    
 -0.7870000000       0.000000000    
 -0.7853750000       0.000000000    
 -0.7837500000       0.000000000    
 -0.7821250000       0.000000000    
 -0.7805000000       0.000000000    
 -0.7788750000       0.000000000    
 -0.7772500000       0.000000000    
 -0.7756250000       0.000000000    
 -0.7740000000       0.000000000    
 -0.7723750000       0.000000000    
 -0.7707500000       0.000000000    
 -0.7691250000       0.000000000    
 -0.7675000000       0.000000000    
 -0.7658750000       0.000000000    
 -0.7642500000       0.000000000    
 -0.7626250000       0.000000000    
 -0.7610000000       0.000000000    
 -0.7593750000       0.000000000    
 -0.7577500000       0.000000000    
 -0.7561250000       0.000000000    
 -0.7545000000       0.000000000    
 -0.7528750000       0.000000000    
 -0.7512500000       0.000000000    
 -0.7496250000       0.000000000    
 -0.7480000000       0.000000000    
 -0.7463750000       0.000000000    
 -0.7447500000       0.000000000    
 -0.7431250000       0.000000000    
 -0.7415000000       0.000000000    
 -0.7398750000       0.000000000    
 -0.7382500000       0.000000000    
 -0.7366250000       0.000000000    
 -0.7350000000       0.000000000    
 -0.7333750000       0.000000000    
 -0.7317500000       0.000000000    
 -0.7301250000       0.000000000    
 -0.7285000000       0.000000000    
 -0.7268750000       0.000000000    
 -0.7252500000       0.000000000    
 -0.7236250000       0.000000000    
 -0.7220000000       0.000000000    
 -0.7203750000       0.000000000    
 -0.7187500000       0.000000000    
 -0.7171250000       0.000000000    
 -0.7155000000       0.000000000    
 -0.7138750000       0.000000000    
 -0.7122500000       0.000000000    
 -0.7106250000       0.000000000    
 -0.7090000000       0.000000000    
 -0.7073750000       0.000000000    
 -0.7057500000       0.000000000    
 -0.7041250000       0.000000000    
 -0.7025000000       0.000000000    
 -0.7008750000       0.000000000    
 -0.6992500000       0.000000000    
 -0.6976250000       0.000000000    
 -0.6960000000       0.000000000    
 -0.6943750000       0.000000000    
 -0.6927500000       0.000000000    
 -0.6911250000       0.000000000    
 -0.6895000000       0.000000000    
 -0.6878750000       0.000000000    
 -0.6862500000       0.000000000    
 -0.6846250000       0.000000000    
 -0.6830000000       0.000000000    
 -0.6813750000       0.000000000    
 -0.6797500000       0.000000000    
 -0.6781250000       0.000000000    
 -0.6765000000       0.000000000    
 -0.6748750000       0.000000000    
 -0.6732500000       0.000000000    
 -0.6716250000       0.000000000    
 -0.6700000000       0.000000000    
 -0.6683750000       0.000000000    
 -0.6667500000       0.000000000    
 -0.6651250000       0.000000000    
 -0.6635000000       0.000000000    
 -0.6618750000       0.000000000    
 -0.6602500000       0.000000000    
 -0.6586250000       0.000000000    
 -0.6570000000       0.000000000    
 -0.6553750000       0.000000000    
 -0.6537500000       0.000000000    
 -0.6521250000       0.000000000    
 -0.6505000000       0.000000000    
 -0.6488750000       0.000000000    
 -0.6472500000       0.000000000    
 -0.6456250000       0.000000000    
 -0.6440000000       0.000000000    
 -0.6423750000       0.000000000    
 -0.6407500000       0.000000000    
 -0.6391250000       0.000000000    
 -0.6375000000       0.000000000    
 -0.6358750000       0.000000000    
 -0.6342500000       0.000000000    
 -0.6326250000       0.000000000    
 -0.6310000000       0.000000000    
 -0.6293750000       0.000000000    
 -0.6277500000       0.000000000    
 -0.6261250000       0.000000000    
 -0.6245000000       0.000000000    
 -0.6228750000       0.000000000    
 -0.6212500000       0.000000000    
 -0.6196250000       0.000000000    
 -0.6180000000       0.000000000    
 -0.6163750000       0.000000000    
 -0.6147500000       0.000000000    
 -0.6131250000       0.000000000    
 -0.6115000000       0.000000000    
 -0.6098750000       0.000000000    
 -0.6082500000       0.000000000    
 -0.6066250000       0.000000000    
 -0.6050000000       0.000000000    
 -0.6033750000       0.000000000    
 -0.6017500000       0.000000000    
 -0.6001250000       0.000000000    
 -0.5985000000       0.000000000    
 -0.5968750000       0.000000000    
 -0.5952500000       0.000000000    
 -0.5936250000       0.000000000    
 -0.5920000000       0.000000000    
 -0.5903750000       0.000000000    
 -0.5887500000       0.000000000    
 -0.5871250000       0.000000000    
 -0.5855000000       0.000000000    
 -0.5838750000       0.000000000    
 -0.5822500000       0.000000000    
 -0.5806250000       0.000000000    
 -0.5790000000      0.4562252170E-01
 -0.5773750000      0.3281953189    
 -0.5757500000      0.7014533532    
 -0.5741250000       1.147049016    
 -0.5725000000       1.444840595    
 -0.5708750000       1.735753830    
 -0.5692500000       1.962238603    
 -0.5676250000       2.161016347    
 -0.5660000000       2.343052331    
 -0.5643750000       2.535581723    
 -0.5627500000       2.743237724    
 -0.5611250000       2.927019932    
 -0.5595000000       3.096392624    
 -0.5578750000       3.236550531    
 -0.5562500000       3.388410250    
 -0.5546250000       3.550445420    
 -0.5530000000       3.721326714    
 -0.5513750000       3.895896642    
 -0.5497500000       4.069020543    
 -0.5481250000       4.231000748    
 -0.5465000000       4.379317282    
 -0.5448750000       4.520577889    
 -0.5432500000       4.668318550    
 -0.5416250000       4.828463740    
 -0.5400000000       4.991391895    
 -0.5383750000       5.158740151    
 -0.5367500000       5.327608849    
 -0.5351250000       5.503868342    
 -0.5335000000       5.685539015    
 -0.5318750000       5.858621481    
 -0.5302500000       6.022900105    
 -0.5286250000       6.181178146    
 -0.5270000000       6.349779625    
 -0.5253750000       6.529034336    
 -0.5237500000       6.717223961    
 -0.5221250000       6.913017481    
 -0.5205000000       7.115349403    
 -0.5188750000       7.325664907    
 -0.5172500000       7.545640029    
 -0.5156250000       7.772684608    
 -0.5140000000       7.997358890    
 -0.5123750000       8.221227287    
 -0.5107500000       8.448988960    
 -0.5091250000       8.688700213    
 -0.5075000000       8.940081991    
 -0.5058750000       9.207775103    
 -0.5042500000       9.498380528    
 -0.5026250000       9.811397655    
 -0.5010000000       10.14962721    
 -0.4993750000       10.51176099    
 -0.4977500000       10.90017862    
 -0.4961250000       11.31362685    
 -0.4945000000       11.74923902    
 -0.4928750000       12.21136165    
 -0.4912500000       12.70229063    
 -0.4896250000       13.28780658    
 -0.4880000000       14.00484318    
 -0.4863750000       14.88641125    
 -0.4847500000       15.91319070    
 -0.4831250000       17.10206875    
 -0.4815000000       18.48466768    
 -0.4798750000       21.44800652    
 -0.4782500000       24.02899513    
 -0.4766250000       26.00214996    
 -0.4750000000       25.97517102    
 -0.4733750000       25.92700400    
 -0.4717500000       25.90042757    
 -0.4701250000       26.19744794    
 -0.4685000000       26.41561680    
 -0.4668750000       27.30178847    
 -0.4652500000       28.77775159    
 -0.4636250000       29.73503219    
 -0.4620000000       29.42101807    
 -0.4603750000       27.71232774    
 -0.4587500000       26.18111631    
 -0.4571250000       24.95466359    
 -0.4555000000       23.85529198    
 -0.4538750000       22.78989181    
 -0.4522500000       21.79597095    
 -0.4506250000       20.94299698    
 -0.4490000000       20.19881823    
 -0.4473750000       19.49289234    
 -0.4457500000       18.80810211    
 -0.4441250000       18.14597811    
 -0.4425000000       17.59284805    
 -0.4408750000       17.25703531    
 -0.4392500000       16.99285748    
 -0.4376250000       16.57213599    
 -0.4360000000       15.88885012    
 -0.4343750000       15.04954405    
 -0.4327500000       14.22788624    
 -0.4311250000       13.43329195    
 -0.4295000000       12.45055623    
 -0.4278750000       11.44192735    
 -0.4262500000       10.37100861    
 -0.4246250000       9.471588470    
 -0.4230000000       8.684850911    
 -0.4213750000       8.037345295    
 -0.4197500000       7.431886883    
 -0.4181250000       6.614474983    
 -0.4165000000       5.764787122    
 -0.4148750000       5.030630764    
 -0.4132500000       4.601077527    
 -0.4116250000       4.313759906    
 -0.4100000000       4.144390596    
 -0.4083750000       4.096716579    
 -0.4067500000       4.241774060    
 -0.4051250000       4.609762981    
 -0.4035000000       5.217407344    
 -0.4018750000       5.932924350    
 -0.4002500000       6.563267928    
 -0.3986250000       7.065867431    
 -0.3970000000       7.469598546    
 -0.3953750000       7.956614801    
 -0.3937500000       8.588175239    
 -0.3921250000       9.602674470    
 -0.3905000000       10.81283953    
 -0.3888750000       12.19619868    
 -0.3872500000       13.48696316    
 -0.3856250000       14.85771483    
 -0.3840000000       16.07131484    
 -0.3823750000       17.08381670    
 -0.3807500000       17.60886003    
 -0.3791250000       17.85513760    
 -0.3775000000       17.90285981    
 -0.3758750000       17.96444865    
 -0.3742500000       18.03347903    
 -0.3726250000       18.14161128    
 -0.3710000000       18.41511471    
 -0.3693750000       18.74815210    
 -0.3677500000       18.42037875    
 -0.3661250000       17.84893998    
 -0.3645000000       17.20170750    
 -0.3628750000       17.19796644    
 -0.3612500000       17.21231000    
 -0.3596250000       17.18775801    
 -0.3580000000       17.08879238    
 -0.3563750000       17.06837044    
 -0.3547500000       17.08814040    
 -0.3531250000       17.13007851    
 -0.3515000000       17.15083109    
 -0.3498750000       17.16206104    
 -0.3482500000       17.18431207    
 -0.3466250000       17.22659943    
 -0.3450000000       17.27573301    
 -0.3433750000       17.32008624    
 -0.3417500000       17.36873273    
 -0.3401250000       17.45019131    
 -0.3385000000       17.61963504    
 -0.3368750000       17.67691540    
 -0.3352500000       17.54378044    
 -0.3336250000       17.21746326    
 -0.3320000000       16.93106315    
 -0.3303750000       16.76632788    
 -0.3287500000       16.69112104    
 -0.3271250000       16.67342033    
 -0.3255000000       16.70624511    
 -0.3238750000       16.76545604    
 -0.3222500000       16.85403059    
 -0.3206250000       16.96113963    
 -0.3190000000       17.09767655    
 -0.3173750000       17.25839339    
 -0.3157500000       17.46751656    
 -0.3141250000       17.74176414    
 -0.3125000000       18.09510169    
 -0.3108750000       18.51042638    
 -0.3092500000       19.00186358    
 -0.3076250000       19.62005970    
 -0.3060000000       20.56963662    
 -0.3043750000       21.65279246    
 -0.3027500000       22.79647756    
 -0.3011250000       23.74981162    
 -0.2995000000       24.27025220    
 -0.2978750000       24.24950723    
 -0.2962500000       23.33511608    
 -0.2946250000       22.21316871    
 -0.2930000000       20.87232947    
 -0.2913750000       19.94984649    
 -0.2897500000       19.20600599    
 -0.2881250000       18.77160646    
 -0.2865000000       18.48443090    
 -0.2848750000       18.53895959    
 -0.2832500000       19.03786031    
 -0.2816250000       20.14872148    
 -0.2800000000       21.78677051    
 -0.2783750000       23.64097411    
 -0.2767500000       25.42641709    
 -0.2751250000       27.89383606    
 -0.2735000000       33.68540763    
 -0.2718750000       40.50639786    
 -0.2702500000       46.17399178    
 -0.2686250000       47.97143508    
 -0.2670000000       48.26203290    
 -0.2653750000       47.60036553    
 -0.2637500000       43.76555458    
 -0.2621250000       38.52957892    
 -0.2605000000       33.32823091    
 -0.2588750000       30.43441629    
 -0.2572500000       28.71761723    
 -0.2556250000       27.73435976    
 -0.2540000000       27.76494615    
 -0.2523750000       28.08608808    
 -0.2507500000       28.45709928    
 -0.2491250000       28.87027945    
 -0.2475000000       29.41434690    
 -0.2458750000       30.25944046    
 -0.2442500000       31.32638306    
 -0.2426250000       32.54427125    
 -0.2410000000       34.31610299    
 -0.2393750000       35.78550572    
 -0.2377500000       37.20473475    
 -0.2361250000       37.88817452    
 -0.2345000000       38.99462912    
 -0.2328750000       40.61595415    
 -0.2312500000       42.79843171    
 -0.2296250000       45.21327624    
 -0.2280000000       47.39839470    
 -0.2263750000       49.10324164    
 -0.2247500000       50.74147332    
 -0.2231250000       52.89821755    
 -0.2215000000       55.87640395    
 -0.2198750000       58.84511592    
 -0.2182500000       61.55572251    
 -0.2166250000       64.96391963    
 -0.2150000000       71.50968981    
 -0.2133750000       83.29538220    
 -0.2117500000       85.43849320    
 -0.2101250000       79.30231604    
 -0.2085000000       64.19934854    
 -0.2068750000       55.86072599    
 -0.2052500000       50.30456734    
 -0.2036250000       46.58264868    
 -0.2020000000       43.15929536    
 -0.2003750000       39.77677491    
 -0.1987500000       38.33159861    
 -0.1971250000       40.13491226    
 -0.1955000000       46.64669492    
 -0.1938750000       54.00432967    
 -0.1922500000       56.74998420    
 -0.1906250000       54.82083590    
 -0.1890000000       50.22024800    
 -0.1873750000       47.74946681    
 -0.1857500000       46.89936797    
 -0.1841250000       47.22614771    
 -0.1825000000       47.50111323    
 -0.1808750000       47.87855375    
 -0.1792500000       48.04711802    
 -0.1776250000       47.63320807    
 -0.1760000000       45.74633022    
 -0.1743750000       42.82668248    
 -0.1727500000       39.73946746    
 -0.1711250000       37.27033102    
 -0.1695000000       35.14350853    
 -0.1678750000       33.29977720    
 -0.1662500000       31.78434604    
 -0.1646250000       30.45290343    
 -0.1630000000       29.14522045    
 -0.1613750000       27.83576249    
 -0.1597500000       26.59879438    
 -0.1581250000       25.43040423    
 -0.1565000000       24.33075525    
 -0.1548750000       22.93561480    
 -0.1532500000       21.50334870    
 -0.1516250000       20.16508271    
 -0.1500000000       19.31231761    
 -0.1483750000       18.70662918    
 -0.1467500000       18.20334810    
 -0.1451250000       17.70276796    
 -0.1435000000       17.16932499    
 -0.1418750000       16.59100619    
 -0.1402500000       15.99472962    
 -0.1386250000       15.44513852    
 -0.1370000000       14.90191163    
 -0.1353750000       14.37024871    
 -0.1337500000       13.77249566    
 -0.1321250000       13.10102239    
 -0.1305000000       12.25144023    
 -0.1288750000       11.03741318    
 -0.1272500000       9.714316081    
 -0.1256250000       8.496644373    
 -0.1240000000       7.590541229    
 -0.1223750000       6.870092515    
 -0.1207500000       6.204357679    
 -0.1191250000       5.665195722    
 -0.1175000000       5.135615585    
 -0.1158750000       4.631316368    
 -0.1142500000       4.114259995    
 -0.1126250000       3.663573647    
 -0.1110000000       3.311849551    
 -0.1093750000       3.079010723    
 -0.1077500000       2.917887986    
 -0.1061250000       2.815833269    
 -0.1045000000       2.785433758    
 -0.1028750000       2.936079154    
 -0.1012500000       3.444432315    
 -0.9962500000E-01   3.548792216    
 -0.9800000000E-01   3.787990173    
 -0.9637500000E-01   4.326095094    
 -0.9475000000E-01   5.981416936    
 -0.9312500000E-01   7.922749057    
 -0.9150000000E-01   9.842273255    
 -0.8987500000E-01   11.37893900    
 -0.8825000000E-01   12.58195765    
 -0.8662500000E-01   13.25711955    
 -0.8500000000E-01   13.60246845    
 -0.8337500000E-01   13.70152034    
 -0.8175000000E-01   13.70599710    
 -0.8012500000E-01   13.75523638    
 -0.7850000000E-01   13.91250051    
 -0.7687500000E-01   14.16274661    
 -0.7525000000E-01   14.43969428    
 -0.7362500000E-01   14.70377571    
 -0.7200000000E-01   14.98471476    
 -0.7037500000E-01   15.26564281    
 -0.6875000000E-01   15.47123378    
 -0.6712500000E-01   15.61918162    
 -0.6550000000E-01   15.73915606    
 -0.6387500000E-01   15.91717023    
 -0.6225000000E-01   16.11295107    
 -0.6062500000E-01   16.31752306    
 -0.5900000000E-01   16.54613290    
 -0.5737500000E-01   16.79957547    
 -0.5575000000E-01   17.07990820    
 -0.5412500000E-01   17.37954071    
 -0.5250000000E-01   17.60819791    
 -0.5087500000E-01   17.81671138    
 -0.4925000000E-01   17.98434799    
 -0.4762500000E-01   18.22870598    
 -0.4600000000E-01   18.52563840    
 -0.4437500000E-01   18.93426739    
 -0.4275000000E-01   19.49371768    
 -0.4112500000E-01   20.20262610    
 -0.3950000000E-01   21.15766409    
 -0.3787500000E-01   22.38550364    
 -0.3625000000E-01   23.59507930    
 -0.3462500000E-01   24.61998653    
 -0.3300000000E-01   25.45259861    
 -0.3137500000E-01   26.30078970    
 -0.2975000000E-01   27.07706514    
 -0.2812500000E-01   27.74916418    
 -0.2650000000E-01   28.23650769    
 -0.2487500000E-01   28.54055777    
 -0.2325000000E-01   28.58081563    
 -0.2162500000E-01   28.47145214    
 -0.2000000000E-01   28.43642027    
 -0.1837500000E-01   28.79464979    
 -0.1675000000E-01   29.30862046    
 -0.1512500000E-01   29.79829453    
 -0.1350000000E-01   30.02060613    
 -0.1187500000E-01   30.18577435    
 -0.1025000000E-01   30.54951314    
 -0.8625000000E-02   30.94359394    
 -0.7000000000E-02   31.48014882    
 -0.5375000000E-02   32.17120602    
 -0.3750000000E-02   33.17556785    
 -0.2125000000E-02   34.16513794    
 -0.5000000000E-03   35.25728873    
  0.1125000000E-02   36.47331908    
  0.2750000000E-02   36.81193254    
  0.4375000000E-02   36.38343211    
  0.6000000000E-02   35.60727083    
  0.7625000000E-02   36.45070865    
  0.9250000000E-02   37.48995183    
  0.1087500000E-01   38.13797581    
  0.1250000000E-01   37.90546847    
  0.1412500000E-01   37.85436797    
  0.1575000000E-01   38.06147093    
  0.1737500000E-01   38.15188049    
  0.1900000000E-01   38.06821228    
  0.2062500000E-01   37.95074344    
  0.2225000000E-01   38.03616887    
  0.2387500000E-01   38.33301334    
  0.2550000000E-01   38.89383016    
  0.2712500000E-01   39.43028864    
  0.2875000000E-01   39.68685751    
  0.3037500000E-01   39.67965191    
  0.3200000000E-01   39.68272323    
  0.3362500000E-01   40.10678918    
  0.3525000000E-01   40.85050537    
  0.3687500000E-01   41.98939238    
  0.3850000000E-01   42.47127905    
  0.4012500000E-01   39.94766974    
  0.4175000000E-01   37.03593370    
  0.4337500000E-01   34.81477116    
  0.4500000000E-01   34.91883763    
  0.4662500000E-01   35.18220366    
  0.4825000000E-01   35.34029228    
  0.4987500000E-01   36.12480668    
  0.5150000000E-01   37.31068866    
  0.5312500000E-01   38.71843236    
  0.5475000000E-01   41.91657021    
  0.5637500000E-01   45.62227731    
  0.5800000000E-01   49.46958665    
  0.5962500000E-01   51.86537494    
  0.6125000000E-01   54.13781134    
  0.6287500000E-01   56.78711830    
  0.6450000000E-01   58.42056457    
  0.6612500000E-01   58.80709052    
  0.6775000000E-01   57.92874092    
  0.6937500000E-01   56.36775912    
  0.7100000000E-01   54.21483460    
  0.7262500000E-01   51.60415258    
  0.7425000000E-01   49.20716096    
  0.7587500000E-01   46.97960208    
  0.7750000000E-01   44.82773375    
  0.7912500000E-01   41.46531475    
  0.8075000000E-01   37.09808489    
  0.8237500000E-01   32.57410503    
  0.8400000000E-01   29.86323713    
  0.8562500000E-01   28.81726529    
  0.8725000000E-01   28.44652892    
  0.8887500000E-01   28.25941240    
  0.9050000000E-01   27.99100642    
  0.9212500000E-01   27.87881684    
  0.9375000000E-01   27.65999516    
  0.9537500000E-01   27.30307721    
  0.9700000000E-01   26.86325043    
  0.9862500000E-01   26.56117320    
  0.1002500000       26.42221186    
  0.1018750000       26.32845868    
  0.1035000000       26.12172103    
  0.1051250000       25.82787685    
  0.1067500000       25.48526778    
  0.1083750000       25.18505094    
  0.1100000000       24.90023215    
  0.1116250000       24.65005286    
  0.1132500000       24.43391013    
  0.1148750000       24.28769837    
  0.1165000000       24.28941668    
  0.1181250000       24.42735312    
  0.1197500000       24.56967753    
  0.1213750000       24.59445107    
  0.1230000000       24.46995337    
  0.1246250000       24.26591666    
  0.1262500000       24.01588704    
  0.1278750000       23.80488911    
  0.1295000000       23.53161485    
  0.1311250000       23.21167879    
  0.1327500000       22.88865280    
  0.1343750000       22.80985541    
  0.1360000000       22.89219260    
  0.1376250000       22.97086145    
  0.1392500000       22.91675727    
  0.1408750000       22.48395006    
  0.1425000000       21.74973873    
  0.1441250000       20.59979175    
  0.1457500000       19.55611325    
  0.1473750000       18.68025994    
  0.1490000000       18.09134625    
  0.1506250000       17.61159987    
  0.1522500000       17.28742636    
  0.1538750000       17.24078740    
  0.1555000000       17.45458689    
  0.1571250000       17.77790209    
  0.1587500000       18.09536891    
  0.1603750000       18.51279414    
  0.1620000000       19.37247395    
  0.1636250000       20.21952852    
  0.1652500000       20.48212165    
  0.1668750000       19.87463457    
  0.1685000000       19.01263436    
  0.1701250000       18.45497173    
  0.1717500000       19.19926210    
  0.1733750000       22.93245976    
  0.1750000000       24.38694729    
  0.1766250000       23.73248214    
  0.1782500000       20.09152315    
  0.1798750000       19.19704148    
  0.1815000000       20.26225054    
  0.1831250000       20.91686705    
  0.1847500000       20.88921921    
  0.1863750000       19.92291744    
  0.1880000000       19.50986158    
  0.1896250000       19.38713462    
  0.1912500000       19.63731391    
  0.1928750000       20.15688349    
  0.1945000000       20.96037296    
  0.1961250000       22.01706823    
  0.1977500000       23.52846488    
  0.1993750000       25.76124383    
  0.2010000000       28.58445352    
  0.2026250000       33.13517808    
  0.2042500000       36.73482641    
  0.2058750000       39.21420595    
  0.2075000000       39.18335487    
  0.2091250000       38.41330918    
  0.2107500000       37.35974105    
  0.2123750000       36.24749981    
  0.2140000000       35.67149212    
  0.2156250000       35.54652339    
  0.2172500000       35.66983384    
  0.2188750000       35.72859236    
  0.2205000000       35.51916984    
  0.2221250000       35.16896787    
  0.2237500000       35.01528582    
  0.2253750000       34.52554834    
  0.2270000000       33.54653000    
  0.2286250000       32.26407213    
  0.2302500000       31.18001993    
  0.2318750000       30.38525058    
  0.2335000000       30.02926452    
  0.2351250000       30.13857642    
  0.2367500000       29.86417325    
  0.2383750000       29.13297321    
  0.2400000000       27.93137098    
  0.2416250000       27.15662698    
  0.2432500000       26.64472894    
  0.2448750000       26.42627680    
  0.2465000000       26.44018401    
  0.2481250000       26.78518028    
  0.2497500000       27.97914986    
  0.2513750000       29.26202462    
  0.2530000000       30.43724238    
  0.2546250000       30.26995501    
  0.2562500000       29.20933265    
  0.2578750000       27.34407752    
  0.2595000000       25.77853779    
  0.2611250000       24.85191461    
  0.2627500000       24.50682448    
  0.2643750000       24.34920856    
  0.2660000000       24.21048738    
  0.2676250000       24.03893973    
  0.2692500000       23.81338430    
  0.2708750000       23.76391163    
  0.2725000000       23.73399497    
  0.2741250000       23.75782395    
  0.2757500000       23.83006687    
  0.2773750000       23.74946660    
  0.2790000000       23.71200524    
  0.2806250000       23.42405847    
  0.2822500000       23.27502146    
  0.2838750000       23.06748216    
  0.2855000000       23.06509410    
  0.2871250000       23.38129249    
  0.2887500000       23.92664952    
  0.2903750000       24.59987494    
  0.2920000000       25.40395634    
  0.2936250000       26.50109888    
  0.2952500000       27.80199907    
  0.2968750000       29.19865151    
  0.2985000000       30.94041184    
  0.3001250000       32.60864051    
  0.3017500000       34.20974825    
  0.3033750000       35.52474761    
  0.3050000000       37.75966938    
  0.3066250000       38.67840368    
  0.3082500000       38.38835552    
  0.3098750000       36.92965253    
  0.3115000000       36.72502811    
  0.3131250000       37.17502273    
  0.3147500000       36.86748697    
  0.3163750000       35.20902616    
  0.3180000000       32.91812460    
  0.3196250000       30.86370231    
  0.3212500000       29.16825538    
  0.3228750000       27.47869994    
  0.3245000000       25.75931918    
  0.3261250000       24.42471138    
  0.3277500000       23.56436690    
  0.3293750000       23.47290538    
  0.3310000000       23.75137603    
  0.3326250000       23.95961551    
  0.3342500000       23.83256316    
  0.3358750000       23.63579125    
  0.3375000000       23.65141932    
  0.3391250000       23.72965013    
  0.3407500000       23.83857220    
  0.3423750000       23.95159388    
  0.3440000000       24.00976469    
  0.3456250000       24.03353193    
  0.3472500000       24.12120081    
  0.3488750000       24.46202982    
  0.3505000000       24.91109933    
  0.3521250000       25.49053267    
  0.3537500000       26.16759555    
  0.3553750000       26.88523339    
  0.3570000000       27.41621220    
  0.3586250000       27.82147221    
  0.3602500000       27.79873917    
  0.3618750000       27.68969787    
  0.3635000000       27.87093896    
  0.3651250000       28.76799980    
  0.3667500000       30.25442165    
  0.3683750000       31.50534095    
  0.3700000000       32.50369290    
  0.3716250000       33.16521228    
  0.3732500000       34.01019168    
  0.3748750000       35.21904263    
  0.3765000000       37.18439568    
  0.3781250000       39.20304196    
  0.3797500000       40.60851938    
  0.3813750000       40.77632597    
  0.3830000000       40.16501073    
  0.3846250000       39.50171638    
  0.3862500000       39.33349374    
  0.3878750000       39.18894110    
  0.3895000000       39.90965027    
  0.3911250000       39.92618823    
  0.3927500000       39.64085361    
  0.3943750000       37.82819322    
  0.3960000000       36.13406462    
  0.3976250000       34.49230582    
  0.3992500000       33.16997317    
  0.4008750000       32.17016336    
  0.4025000000       31.69596176    
  0.4041250000       31.57280268    
  0.4057500000       31.67776467    
  0.4073750000       31.55822489    
  0.4090000000       31.35932453    
  0.4106250000       30.82187751    
  0.4122500000       30.32026654    
  0.4138750000       29.83230065    
  0.4155000000       29.35091459    
  0.4171250000       28.95844218    
  0.4187500000       28.80262153    
  0.4203750000       28.87279520    
  0.4220000000       29.14720345    
  0.4236250000       29.14969552    
  0.4252500000       28.94909798    
  0.4268750000       28.54610341    
  0.4285000000       28.17304494    
  0.4301250000       28.02083513    
  0.4317500000       27.63985904    
  0.4333750000       27.06829005    
  0.4350000000       26.28621022    
  0.4366250000       25.74828119    
  0.4382500000       25.48188358    
  0.4398750000       25.20546019    
  0.4415000000       24.88465736    
  0.4431250000       24.58007285    
  0.4447500000       24.34849062    
  0.4463750000       24.18901940    
  0.4480000000       23.96247036    
  0.4496250000       23.74802565    
  0.4512500000       23.56526073    
  0.4528750000       23.46676358    
  0.4545000000       23.44708664    
  0.4561250000       23.52565063    
  0.4577500000       23.80377204    
  0.4593750000       24.31427056    
  0.4610000000       25.15888803    
  0.4626250000       26.09753266    
  0.4642500000       26.65651616    
  0.4658750000       26.83821389    
  0.4675000000       26.94617533    
  0.4691250000       27.40063149    
  0.4707500000       27.70071388    
  0.4723750000       27.53721154    
  0.4740000000       26.94153959    
  0.4756250000       26.09876897    
  0.4772500000       25.31032494    
  0.4788750000       24.46515527    
  0.4805000000       23.90086038    
  0.4821250000       23.78083605    
  0.4837500000       24.32909951    
  0.4853750000       25.66997680    
  0.4870000000       26.26952850    
  0.4886250000       26.18083302    
  0.4902500000       25.20394567    
  0.4918750000       24.68525470    
  0.4935000000       24.52501142    
  0.4951250000       24.69317401    
  0.4967500000       25.43556003    
  0.4983750000       26.59611205    
 
