 
+----------------------------+
| Real-space lattice vectors |
+----------------------------+
 
vector a1 :    4.758177395      -2.747135000       0.000000000    
vector a2 :    0.000000000       5.494270000       0.000000000    
vector a3 :    0.000000000       0.000000000       6.499721410    
 
Stored column-wise as a matrix :
   4.758177395       0.000000000       0.000000000    
  -2.747135000       5.494270000       0.000000000    
   0.000000000       0.000000000       6.499721410    
 
Inverse of matrix :
  0.2101645056       0.000000000       0.000000000    
  0.1050822528      0.1820078009       0.000000000    
   0.000000000       0.000000000      0.1538527480    
 
Unit cell volume :    169.9203405    
 
 
+----------------------------------+
| Reciprocal-space lattice vectors |
+----------------------------------+
 
vector b1 :    1.320502534       0.000000000       0.000000000    
vector b2 :   0.6602512670       1.143588740       0.000000000    
vector b3 :    0.000000000       0.000000000      0.9666853255    
 
Stored column-wise as a matrix :
   1.320502534      0.6602512670       0.000000000    
   0.000000000       1.143588740       0.000000000    
   0.000000000       0.000000000      0.9666853255    
 
Inverse of matrix :
  0.7572874526     -0.4372201146       0.000000000    
   0.000000000      0.8744402292       0.000000000    
   0.000000000       0.000000000       1.034462791    
 
Brillouin zone volume :    1.459802945    
