   53.0120000000000       -1366.45213312435     
   53.0240000000000       -1366.45215102125     
   53.0360000000000       -1366.45216887425     
   53.0480000000000       -1366.45218668341     
   53.0600000000000       -1366.45220444877     
   53.0720000000000       -1366.45222217038     
   53.0840000000000       -1366.45223984829     
   53.0960000000000       -1366.45225748254     
   53.1080000000000       -1366.45227507318     
   53.1200000000000       -1366.45229262026     
   53.1320000000000       -1366.45231012383     
   53.1440000000000       -1366.45232758393     
   53.1560000000000       -1366.45234500061     
   53.1680000000000       -1366.45236237392     
   53.1800000000000       -1366.45237970391     
   53.1920000000000       -1366.45239699061     
   53.2040000000000       -1366.45241423409     
   53.2160000000000       -1366.45243143438     
   53.2280000000000       -1366.45244859154     
   53.2400000000000       -1366.45246570560     
   53.2520000000000       -1366.45248277662     
   53.2640000000000       -1366.45249980465     
   53.2760000000000       -1366.45251678973     
   53.2880000000000       -1366.45253373190     
   53.3000000000000       -1366.45255063122     
   53.3120000000000       -1366.45256748772     
   53.3240000000000       -1366.45258430147     
   53.3360000000000       -1366.45260107250     
   53.3480000000000       -1366.45261780085     
   53.3600000000000       -1366.45263448659     
   53.3720000000000       -1366.45265112974     
   53.3840000000000       -1366.45266773036     
   53.3960000000000       -1366.45268428850     
   53.4080000000000       -1366.45270080420     
   53.4200000000000       -1366.45271727750     
   53.4320000000000       -1366.45273370846     
   53.4440000000000       -1366.45275009711     
   53.4560000000000       -1366.45276644351     
   53.4680000000000       -1366.45278274770     
   53.4800000000000       -1366.45279900973     
   53.4920000000000       -1366.45281522964     
   53.5040000000000       -1366.45283140747     
   53.5160000000000       -1366.45284754328     
   53.5280000000000       -1366.45286363711     
   53.5400000000000       -1366.45287968900     
   53.5520000000000       -1366.45289569900     
   53.5640000000000       -1366.45291166715     
   53.5760000000000       -1366.45292759351     
   53.5880000000000       -1366.45294347811     
   53.6000000000000       -1366.45295932100     
   53.6120000000000       -1366.45297512223     
   53.6240000000000       -1366.45299088183     
   53.6360000000000       -1366.45300659987     
   53.6480000000000       -1366.45302227638     
   53.6600000000000       -1366.45303791140     
   53.6720000000000       -1366.45305350498     
   53.6840000000000       -1366.45306905717     
   53.6960000000000       -1366.45308456801     
   53.7080000000000       -1366.45310003755     
   53.7200000000000       -1366.45311546582     
   53.7320000000000       -1366.45313085288     
   53.7440000000000       -1366.45314619877     
   53.7560000000000       -1366.45316150354     
   53.7680000000000       -1366.45317676722     
   53.7800000000000       -1366.45319198987     
   53.7920000000000       -1366.45320717152     
   53.8040000000000       -1366.45322231223     
   53.8160000000000       -1366.45323741203     
   53.8280000000000       -1366.45325247097     
   53.8400000000000       -1366.45326748909     
   53.8520000000000       -1366.45328246645     
   53.8640000000000       -1366.45329740307     
   53.8760000000000       -1366.45331229902     
   53.8880000000000       -1366.45332715432     
   53.9000000000000       -1366.45334196903     
   53.9120000000000       -1366.45335674319     
   53.9240000000000       -1366.45337147684     
   53.9360000000000       -1366.45338617002     
   53.9480000000000       -1366.45340082279     
   53.9600000000000       -1366.45341543518     
   53.9720000000000       -1366.45343000724     
   53.9840000000000       -1366.45344453900     
   53.9960000000000       -1366.45345903052     
   54.0080000000000       -1366.45347348184     
   54.0200000000000       -1366.45348789300     
   54.0320000000000       -1366.45350226404     
   54.0440000000000       -1366.45351659502     
   54.0560000000000       -1366.45353088596     
   54.0680000000000       -1366.45354513692     
   54.0800000000000       -1366.45355934793     
   54.0920000000000       -1366.45357351904     
   54.1040000000000       -1366.45358765030     
   54.1160000000000       -1366.45360174175     
   54.1280000000000       -1366.45361579342     
   54.1400000000000       -1366.45362980537     
   54.1520000000000       -1366.45364377763     
   54.1640000000000       -1366.45365771025     
   54.1760000000000       -1366.45367160327     
   54.1880000000000       -1366.45368545673     
   54.2000000000000       -1366.45369927068     
   54.2120000000000       -1366.45371304516     
   54.2240000000000       -1366.45372678021     
   54.2360000000000       -1366.45374047588     
   54.2480000000000       -1366.45375413220     
   54.2600000000000       -1366.45376774921     
   54.2720000000000       -1366.45378132697     
   54.2840000000000       -1366.45379486552     
   54.2960000000000       -1366.45380836489     
   54.3080000000000       -1366.45382182512     
   54.3200000000000       -1366.45383524627     
   54.3320000000000       -1366.45384862837     
   54.3440000000000       -1366.45386197146     
   54.3560000000000       -1366.45387527559     
   54.3680000000000       -1366.45388854080     
   54.3800000000000       -1366.45390176713     
   54.3920000000000       -1366.45391495462     
   54.4040000000000       -1366.45392810331     
   54.4160000000000       -1366.45394121325     
   54.4280000000000       -1366.45395428447     
   54.4400000000000       -1366.45396731703     
   54.4520000000000       -1366.45398031095     
   54.4640000000000       -1366.45399326629     
   54.4760000000000       -1366.45400618308     
   54.4880000000000       -1366.45401906137     
   54.5000000000000       -1366.45403190119     
   54.5120000000000       -1366.45404470259     
   54.5240000000000       -1366.45405746561     
   54.5360000000000       -1366.45407019029     
   54.5480000000000       -1366.45408287668     
   54.5600000000000       -1366.45409552480     
   54.5720000000000       -1366.45410813471     
   54.5840000000000       -1366.45412070644     
   54.5960000000000       -1366.45413324005     
   54.6080000000000       -1366.45414573555     
   54.6200000000000       -1366.45415819301     
   54.6320000000000       -1366.45417061246     
   54.6440000000000       -1366.45418299393     
   54.6560000000000       -1366.45419533748     
   54.6680000000000       -1366.45420764313     
   54.6800000000000       -1366.45421991094     
   54.6920000000000       -1366.45423214095     
   54.7040000000000       -1366.45424433318     
   54.7160000000000       -1366.45425648769     
   54.7280000000000       -1366.45426860452     
   54.7400000000000       -1366.45428068370     
   54.7520000000000       -1366.45429272528     
   54.7640000000000       -1366.45430472929     
   54.7760000000000       -1366.45431669578     
   54.7880000000000       -1366.45432862478     
   54.8000000000000       -1366.45434051634     
   54.8120000000000       -1366.45435237050     
   54.8240000000000       -1366.45436418730     
   54.8360000000000       -1366.45437596677     
   54.8480000000000       -1366.45438770896     
   54.8600000000000       -1366.45439941391     
   54.8720000000000       -1366.45441108165     
   54.8840000000000       -1366.45442271223     
   54.8960000000000       -1366.45443430569     
   54.9080000000000       -1366.45444586207     
   54.9200000000000       -1366.45445738140     
   54.9320000000000       -1366.45446886373     
   54.9440000000000       -1366.45448030909     
   54.9560000000000       -1366.45449171753     
   54.9680000000000       -1366.45450308909     
   54.9800000000000       -1366.45451442380     
   54.9920000000000       -1366.45452572171     
   55.0040000000000       -1366.45453698284     
   55.0160000000000       -1366.45454820726     
   55.0280000000000       -1366.45455939498     
   55.0400000000000       -1366.45457054606     
   55.0520000000000       -1366.45458166053     
   55.0640000000000       -1366.45459273843     
   55.0760000000000       -1366.45460377979     
   55.0880000000000       -1366.45461478467     
   55.1000000000000       -1366.45462575310     
   55.1120000000000       -1366.45463668511     
   55.1240000000000       -1366.45464758075     
   55.1360000000000       -1366.45465844005     
   55.1480000000000       -1366.45466926306     
   55.1600000000000       -1366.45468004980     
   55.1720000000000       -1366.45469080034     
   55.1840000000000       -1366.45470151469     
   55.1960000000000       -1366.45471219290     
   55.2080000000000       -1366.45472283500     
   55.2200000000000       -1366.45473344105     
   55.2320000000000       -1366.45474401107     
   55.2440000000000       -1366.45475454510     
   55.2560000000000       -1366.45476504319     
   55.2680000000000       -1366.45477550536     
   55.2800000000000       -1366.45478593167     
   55.2920000000000       -1366.45479632214     
   55.3040000000000       -1366.45480667681     
   55.3160000000000       -1366.45481699574     
   55.3280000000000       -1366.45482727894     
   55.3400000000000       -1366.45483752646     
   55.3520000000000       -1366.45484773835     
   55.3640000000000       -1366.45485791462     
   55.3760000000000       -1366.45486805534     
   55.3880000000000       -1366.45487816052     
   55.4000000000000       -1366.45488823022     
   55.4120000000000       -1366.45489826447     
   55.4240000000000       -1366.45490826330     
   55.4360000000000       -1366.45491822676     
   55.4480000000000       -1366.45492815488     
   55.4600000000000       -1366.45493804770     
   55.4720000000000       -1366.45494790525     
   55.4840000000000       -1366.45495772759     
   55.4960000000000       -1366.45496751473     
   55.5080000000000       -1366.45497726673     
   55.5200000000000       -1366.45498698361     
   55.5320000000000       -1366.45499666543     
   55.5440000000000       -1366.45500631220     
   55.5560000000000       -1366.45501592397     
   55.5680000000000       -1366.45502550079     
   55.5800000000000       -1366.45503504267     
   55.5920000000000       -1366.45504454967     
   55.6040000000000       -1366.45505402182     
   55.6160000000000       -1366.45506345916     
   55.6280000000000       -1366.45507286172     
   55.6400000000000       -1366.45508222955     
   55.6520000000000       -1366.45509156267     
   55.6640000000000       -1366.45510086113     
   55.6760000000000       -1366.45511012496     
   55.6880000000000       -1366.45511935419     
   55.7000000000000       -1366.45512854888     
   55.7120000000000       -1366.45513770905     
   55.7240000000000       -1366.45514683474     
   55.7360000000000       -1366.45515592598     
   55.7480000000000       -1366.45516498282     
   55.7600000000000       -1366.45517400529     
   55.7720000000000       -1366.45518299343     
   55.7840000000000       -1366.45519194727     
   55.7960000000000       -1366.45520086685     
   55.8080000000000       -1366.45520975221     
   55.8200000000000       -1366.45521860338     
   55.8320000000000       -1366.45522742040     
   55.8440000000000       -1366.45523620330     
   55.8560000000000       -1366.45524495213     
   55.8680000000000       -1366.45525366692     
   55.8800000000000       -1366.45526234770     
   55.8920000000000       -1366.45527099451     
   55.9040000000000       -1366.45527960739     
   55.9160000000000       -1366.45528818638     
   55.9280000000000       -1366.45529673150     
   55.9400000000000       -1366.45530524280     
   55.9520000000000       -1366.45531372031     
   55.9640000000000       -1366.45532216407     
   55.9760000000000       -1366.45533057411     
   55.9880000000000       -1366.45533895048     
   56.0000000000000       -1366.45534729320     
   56.0120000000000       -1366.45535560231     
   56.0240000000000       -1366.45536387784     
   56.0360000000000       -1366.45537211984     
   56.0480000000000       -1366.45538032834     
   56.0600000000000       -1366.45538850338     
   56.0720000000000       -1366.45539664498     
   56.0840000000000       -1366.45540475319     
   56.0960000000000       -1366.45541282804     
   56.1080000000000       -1366.45542086956     
   56.1200000000000       -1366.45542887780     
   56.1320000000000       -1366.45543685279     
   56.1440000000000       -1366.45544479456     
   56.1560000000000       -1366.45545270314     
   56.1680000000000       -1366.45546057858     
   56.1800000000000       -1366.45546842091     
   56.1920000000000       -1366.45547623017     
   56.2040000000000       -1366.45548400638     
   56.2160000000000       -1366.45549174959     
   56.2280000000000       -1366.45549945982     
   56.2400000000000       -1366.45550713712     
   56.2520000000000       -1366.45551478152     
   56.2640000000000       -1366.45552239306     
   56.2760000000000       -1366.45552997176     
   56.2880000000000       -1366.45553751767     
   56.3000000000000       -1366.45554503082     
   56.3120000000000       -1366.45555251124     
   56.3240000000000       -1366.45555995897     
   56.3360000000000       -1366.45556737405     
   56.3480000000000       -1366.45557475650     
   56.3600000000000       -1366.45558210636     
   56.3720000000000       -1366.45558942368     
   56.3840000000000       -1366.45559670847     
   56.3960000000000       -1366.45560396078     
   56.4080000000000       -1366.45561118065     
   56.4200000000000       -1366.45561836810     
   56.4320000000000       -1366.45562552317     
   56.4440000000000       -1366.45563264589     
   56.4560000000000       -1366.45563973630     
   56.4680000000000       -1366.45564679444     
   56.4800000000000       -1366.45565382033     
   56.4920000000000       -1366.45566081402     
   56.5040000000000       -1366.45566777553     
   56.5160000000000       -1366.45567470490     
   56.5280000000000       -1366.45568160216     
   56.5400000000000       -1366.45568846736     
   56.5520000000000       -1366.45569530051     
   56.5640000000000       -1366.45570210167     
   56.5760000000000       -1366.45570887085     
   56.5880000000000       -1366.45571560810     
   56.6000000000000       -1366.45572231344     
   56.6120000000000       -1366.45572898692     
   56.6240000000000       -1366.45573562856     
   56.6360000000000       -1366.45574223840     
   56.6480000000000       -1366.45574881648     
   56.6600000000000       -1366.45575536282     
   56.6720000000000       -1366.45576187747     
   56.6840000000000       -1366.45576836044     
   56.6960000000000       -1366.45577481179     
   56.7080000000000       -1366.45578123154     
   56.7200000000000       -1366.45578761972     
   56.7320000000000       -1366.45579397637     
   56.7440000000000       -1366.45580030152     
   56.7560000000000       -1366.45580659521     
   56.7680000000000       -1366.45581285747     
   56.7800000000000       -1366.45581908832     
   56.7920000000000       -1366.45582528782     
   56.8040000000000       -1366.45583145598     
   56.8160000000000       -1366.45583759284     
   56.8280000000000       -1366.45584369844     
   56.8400000000000       -1366.45584977281     
   56.8520000000000       -1366.45585581598     
   56.8640000000000       -1366.45586182798     
   56.8760000000000       -1366.45586780885     
   56.8880000000000       -1366.45587375862     
   56.9000000000000       -1366.45587967732     
   56.9120000000000       -1366.45588556499     
   56.9240000000000       -1366.45589142166     
   56.9360000000000       -1366.45589724735     
   56.9480000000000       -1366.45590304212     
   56.9600000000000       -1366.45590880598     
   56.9720000000000       -1366.45591453897     
   56.9840000000000       -1366.45592024112     
   56.9960000000000       -1366.45592591247     
   57.0080000000000       -1366.45593155305     
   57.0200000000000       -1366.45593716289     
   57.0320000000000       -1366.45594274202     
   57.0440000000000       -1366.45594829047     
   57.0560000000000       -1366.45595380829     
   57.0680000000000       -1366.45595929549     
   57.0800000000000       -1366.45596475212     
   57.0920000000000       -1366.45597017820     
   57.1040000000000       -1366.45597557378     
   57.1160000000000       -1366.45598093887     
   57.1280000000000       -1366.45598627351     
   57.1400000000000       -1366.45599157774     
   57.1520000000000       -1366.45599685158     
   57.1640000000000       -1366.45600209507     
   57.1760000000000       -1366.45600730825     
   57.1880000000000       -1366.45601249113     
   57.2000000000000       -1366.45601764376     
   57.2120000000000       -1366.45602276617     
   57.2240000000000       -1366.45602785839     
   57.2360000000000       -1366.45603292044     
   57.2480000000000       -1366.45603795237     
   57.2600000000000       -1366.45604295421     
   57.2720000000000       -1366.45604792598     
   57.2840000000000       -1366.45605286772     
   57.2960000000000       -1366.45605777946     
   57.3080000000000       -1366.45606266123     
   57.3200000000000       -1366.45606751306     
   57.3320000000000       -1366.45607233499     
   57.3440000000000       -1366.45607712705     
   57.3560000000000       -1366.45608188926     
   57.3680000000000       -1366.45608662167     
   57.3800000000000       -1366.45609132429     
   57.3920000000000       -1366.45609599717     
   57.4040000000000       -1366.45610064033     
   57.4160000000000       -1366.45610525381     
   57.4280000000000       -1366.45610983763     
   57.4400000000000       -1366.45611439183     
   57.4520000000000       -1366.45611891644     
   57.4640000000000       -1366.45612341149     
   57.4760000000000       -1366.45612787702     
   57.4880000000000       -1366.45613231304     
   57.5000000000000       -1366.45613671960     
   57.5120000000000       -1366.45614109673     
   57.5240000000000       -1366.45614544445     
   57.5360000000000       -1366.45614976280     
   57.5480000000000       -1366.45615405181     
   57.5600000000000       -1366.45615831151     
   57.5720000000000       -1366.45616254193     
   57.5840000000000       -1366.45616674310     
   57.5960000000000       -1366.45617091505     
   57.6080000000000       -1366.45617505782     
   57.6200000000000       -1366.45617917143     
   57.6320000000000       -1366.45618325591     
   57.6440000000000       -1366.45618731130     
   57.6560000000000       -1366.45619133762     
   57.6680000000000       -1366.45619533492     
   57.6800000000000       -1366.45619930320     
   57.6920000000000       -1366.45620324252     
   57.7040000000000       -1366.45620715290     
   57.7160000000000       -1366.45621103436     
   57.7280000000000       -1366.45621488695     
   57.7400000000000       -1366.45621871068     
   57.7520000000000       -1366.45622250560     
   57.7640000000000       -1366.45622627172     
   57.7760000000000       -1366.45623000909     
   57.7880000000000       -1366.45623371773     
   57.8000000000000       -1366.45623739767     
   57.8120000000000       -1366.45624104894     
   57.8240000000000       -1366.45624467157     
   57.8360000000000       -1366.45624826560     
   57.8480000000000       -1366.45625183105     
   57.8600000000000       -1366.45625536795     
   57.8720000000000       -1366.45625887634     
   57.8840000000000       -1366.45626235624     
   57.8960000000000       -1366.45626580768     
   57.9080000000000       -1366.45626923069     
   57.9200000000000       -1366.45627262531     
   57.9320000000000       -1366.45627599156     
   57.9440000000000       -1366.45627932947     
   57.9560000000000       -1366.45628263908     
   57.9680000000000       -1366.45628592041     
   57.9800000000000       -1366.45628917349     
   57.9920000000000       -1366.45629239835     
   58.0040000000000       -1366.45629559502     
   58.0160000000000       -1366.45629876354     
   58.0280000000000       -1366.45630190393     
   58.0400000000000       -1366.45630501621     
   58.0520000000000       -1366.45630810043     
   58.0640000000000       -1366.45631115661     
   58.0760000000000       -1366.45631418478     
   58.0880000000000       -1366.45631718496     
   58.1000000000000       -1366.45632015720     
   58.1120000000000       -1366.45632310151     
   58.1240000000000       -1366.45632601793     
   58.1360000000000       -1366.45632890648     
   58.1480000000000       -1366.45633176720     
   58.1600000000000       -1366.45633460012     
   58.1720000000000       -1366.45633740526     
   58.1840000000000       -1366.45634018266     
   58.1960000000000       -1366.45634293233     
   58.2080000000000       -1366.45634565432     
   58.2200000000000       -1366.45634834866     
   58.2320000000000       -1366.45635101536     
   58.2440000000000       -1366.45635365446     
   58.2560000000000       -1366.45635626599     
   58.2680000000000       -1366.45635884997     
   58.2800000000000       -1366.45636140645     
   58.2920000000000       -1366.45636393544     
   58.3040000000000       -1366.45636643697     
   58.3160000000000       -1366.45636891108     
   58.3280000000000       -1366.45637135778     
   58.3400000000000       -1366.45637377712     
   58.3520000000000       -1366.45637616912     
   58.3640000000000       -1366.45637853381     
   58.3760000000000       -1366.45638087121     
   58.3880000000000       -1366.45638318136     
   58.4000000000000       -1366.45638546429     
   58.4120000000000       -1366.45638772002     
   58.4240000000000       -1366.45638994857     
   58.4360000000000       -1366.45639214999     
   58.4480000000000       -1366.45639432430     
   58.4600000000000       -1366.45639647153     
   58.4720000000000       -1366.45639859170     
   58.4840000000000       -1366.45640068485     
   58.4960000000000       -1366.45640275100     
   58.5080000000000       -1366.45640479017     
   58.5200000000000       -1366.45640680241     
   58.5320000000000       -1366.45640878774     
   58.5440000000000       -1366.45641074618     
   58.5560000000000       -1366.45641267777     
   58.5680000000000       -1366.45641458253     
   58.5800000000000       -1366.45641646049     
   58.5920000000000       -1366.45641831168     
   58.6040000000000       -1366.45642013612     
   58.6160000000000       -1366.45642193385     
   58.6280000000000       -1366.45642370490     
   58.6400000000000       -1366.45642544928     
   58.6520000000000       -1366.45642716704     
   58.6640000000000       -1366.45642885819     
   58.6760000000000       -1366.45643052276     
   58.6880000000000       -1366.45643216079     
   58.7000000000000       -1366.45643377230     
   58.7120000000000       -1366.45643535732     
   58.7240000000000       -1366.45643691588     
   58.7360000000000       -1366.45643844800     
   58.7480000000000       -1366.45643995371     
   58.7600000000000       -1366.45644143304     
   58.7720000000000       -1366.45644288602     
   58.7840000000000       -1366.45644431267     
   58.7960000000000       -1366.45644571303     
   58.8080000000000       -1366.45644708711     
   58.8200000000000       -1366.45644843496     
   58.8320000000000       -1366.45644975659     
   58.8440000000000       -1366.45645105203     
   58.8560000000000       -1366.45645232132     
   58.8680000000000       -1366.45645356447     
   58.8800000000000       -1366.45645478152     
   58.8920000000000       -1366.45645597249     
   58.9040000000000       -1366.45645713741     
   58.9160000000000       -1366.45645827631     
   58.9280000000000       -1366.45645938921     
   58.9400000000000       -1366.45646047614     
   58.9520000000000       -1366.45646153714     
   58.9640000000000       -1366.45646257222     
   58.9760000000000       -1366.45646358141     
   58.9880000000000       -1366.45646456475     
   59.0000000000000       -1366.45646552225     
   59.0120000000000       -1366.45646645395     
   59.0240000000000       -1366.45646735987     
   59.0360000000000       -1366.45646824004     
   59.0480000000000       -1366.45646909449     
   59.0600000000000       -1366.45646992324     
   59.0720000000000       -1366.45647072632     
   59.0840000000000       -1366.45647150376     
   59.0960000000000       -1366.45647225558     
   59.1080000000000       -1366.45647298181     
   59.1200000000000       -1366.45647368248     
   59.1320000000000       -1366.45647435761     
   59.1440000000000       -1366.45647500724     
   59.1560000000000       -1366.45647563138     
   59.1680000000000       -1366.45647623007     
   59.1800000000000       -1366.45647680333     
   59.1920000000000       -1366.45647735118     
   59.2040000000000       -1366.45647787367     
   59.2160000000000       -1366.45647837080     
   59.2280000000000       -1366.45647884261     
   59.2400000000000       -1366.45647928913     
   59.2520000000000       -1366.45647971037     
   59.2640000000000       -1366.45648010638     
   59.2760000000000       -1366.45648047716     
   59.2880000000000       -1366.45648082276     
   59.3000000000000       -1366.45648114320     
   59.3120000000000       -1366.45648143849     
   59.3240000000000       -1366.45648170868     
   59.3360000000000       -1366.45648195378     
   59.3480000000000       -1366.45648217383     
   59.3600000000000       -1366.45648236884     
   59.3720000000000       -1366.45648253885     
   59.3840000000000       -1366.45648268387     
   59.3960000000000       -1366.45648280395     
   59.4080000000000       -1366.45648289910     
   59.4200000000000       -1366.45648296934     
   59.4320000000000       -1366.45648301471     
   59.4440000000000       -1366.45648303524     
   59.4560000000000       -1366.45648303094     
   59.4680000000000       -1366.45648300184     
   59.4800000000000       -1366.45648294797     
   59.4920000000000       -1366.45648286936     
   59.5040000000000       -1366.45648276603     
   59.5160000000000       -1366.45648263800     
   59.5280000000000       -1366.45648248531     
   59.5400000000000       -1366.45648230797     
   59.5520000000000       -1366.45648210603     
   59.5640000000000       -1366.45648187949     
   59.5760000000000       -1366.45648162838     
   59.5880000000000       -1366.45648135274     
   59.6000000000000       -1366.45648105259     
   59.6120000000000       -1366.45648072794     
   59.6240000000000       -1366.45648037884     
   59.6360000000000       -1366.45648000530     
   59.6480000000000       -1366.45647960735     
   59.6600000000000       -1366.45647918502     
   59.6720000000000       -1366.45647873833     
   59.6840000000000       -1366.45647826730     
   59.6960000000000       -1366.45647777196     
   59.7080000000000       -1366.45647725235     
   59.7200000000000       -1366.45647670847     
   59.7320000000000       -1366.45647614036     
   59.7440000000000       -1366.45647554805     
   59.7560000000000       -1366.45647493156     
   59.7680000000000       -1366.45647429090     
   59.7800000000000       -1366.45647362612     
   59.7920000000000       -1366.45647293723     
   59.8040000000000       -1366.45647222427     
   59.8160000000000       -1366.45647148724     
   59.8280000000000       -1366.45647072619     
   59.8400000000000       -1366.45646994113     
   59.8520000000000       -1366.45646913209     
   59.8640000000000       -1366.45646829910     
   59.8760000000000       -1366.45646744218     
   59.8880000000000       -1366.45646656135     
   59.9000000000000       -1366.45646565665     
   59.9120000000000       -1366.45646472809     
   59.9240000000000       -1366.45646377570     
   59.9360000000000       -1366.45646279950     
   59.9480000000000       -1366.45646179953     
   59.9600000000000       -1366.45646077580     
   59.9720000000000       -1366.45645972834     
   59.9840000000000       -1366.45645865717     
   59.9960000000000       -1366.45645756232     
   60.0080000000000       -1366.45645644382     
   60.0200000000000       -1366.45645530169     
   60.0320000000000       -1366.45645413595     
   60.0440000000000       -1366.45645294663     
   60.0560000000000       -1366.45645173375     
   60.0680000000000       -1366.45645049734     
   60.0800000000000       -1366.45644923742     
   60.0920000000000       -1366.45644795402     
   60.1040000000000       -1366.45644664716     
   60.1160000000000       -1366.45644531687     
   60.1280000000000       -1366.45644396316     
   60.1400000000000       -1366.45644258607     
   60.1520000000000       -1366.45644118562     
   60.1640000000000       -1366.45643976183     
   60.1760000000000       -1366.45643831474     
   60.1880000000000       -1366.45643684435     
   60.2000000000000       -1366.45643535070     
   60.2120000000000       -1366.45643383381     
   60.2240000000000       -1366.45643229371     
   60.2360000000000       -1366.45643073041     
   60.2480000000000       -1366.45642914395     
   60.2600000000000       -1366.45642753435     
   60.2720000000000       -1366.45642590163     
   60.2840000000000       -1366.45642424582     
   60.2960000000000       -1366.45642256693     
   60.3080000000000       -1366.45642086500     
   60.3200000000000       -1366.45641914005     
   60.3320000000000       -1366.45641739210     
   60.3440000000000       -1366.45641562118     
   60.3560000000000       -1366.45641382731     
   60.3680000000000       -1366.45641201052     
   60.3800000000000       -1366.45641017082     
   60.3920000000000       -1366.45640830824     
   60.4040000000000       -1366.45640642281     
   60.4160000000000       -1366.45640451455     
   60.4280000000000       -1366.45640258349     
   60.4400000000000       -1366.45640062964     
   60.4520000000000       -1366.45639865304     
   60.4640000000000       -1366.45639665370     
   60.4760000000000       -1366.45639463165     
   60.4880000000000       -1366.45639258691     
   60.5000000000000       -1366.45639051951     
   60.5120000000000       -1366.45638842946     
   60.5240000000000       -1366.45638631681     
   60.5360000000000       -1366.45638418156     
   60.5480000000000       -1366.45638202374     
   60.5600000000000       -1366.45637984337     
   60.5720000000000       -1366.45637764048     
   60.5840000000000       -1366.45637541510     
   60.5960000000000       -1366.45637316724     
   60.6080000000000       -1366.45637089693     
   60.6200000000000       -1366.45636860419     
   60.6320000000000       -1366.45636628904     
   60.6440000000000       -1366.45636395152     
   60.6560000000000       -1366.45636159163     
   60.6680000000000       -1366.45635920941     
   60.6800000000000       -1366.45635680488     
   60.6920000000000       -1366.45635437807     
   60.7040000000000       -1366.45635192898     
   60.7160000000000       -1366.45634945766     
   60.7280000000000       -1366.45634696412     
   60.7400000000000       -1366.45634444838     
   60.7520000000000       -1366.45634191047     
   60.7640000000000       -1366.45633935041     
   60.7760000000000       -1366.45633676823     
   60.7880000000000       -1366.45633416394     
   60.8000000000000       -1366.45633153758     
   60.8120000000000       -1366.45632888915     
   60.8240000000000       -1366.45632621870     
   60.8360000000000       -1366.45632352623     
   60.8480000000000       -1366.45632081178     
   60.8600000000000       -1366.45631807536     
   60.8720000000000       -1366.45631531700     
   60.8840000000000       -1366.45631253672     
   60.8960000000000       -1366.45630973454     
   60.9080000000000       -1366.45630691049     
   60.9200000000000       -1366.45630406459     
   60.9320000000000       -1366.45630119686     
   60.9440000000000       -1366.45629830733     
   60.9560000000000       -1366.45629539602     
   60.9680000000000       -1366.45629246295     
   60.9800000000000       -1366.45628950814     
   60.9920000000000       -1366.45628653161     
   61.0040000000000       -1366.45628353340     
   61.0160000000000       -1366.45628051351     
   61.0280000000000       -1366.45627747198     
   61.0400000000000       -1366.45627440883     
   61.0520000000000       -1366.45627132407     
   61.0640000000000       -1366.45626821774     
   61.0760000000000       -1366.45626508985     
   61.0880000000000       -1366.45626194043     
   61.1000000000000       -1366.45625876949     
   61.1120000000000       -1366.45625557707     
   61.1240000000000       -1366.45625236318     
   61.1360000000000       -1366.45624912784     
   61.1480000000000       -1366.45624587109     
   61.1600000000000       -1366.45624259294     
   61.1720000000000       -1366.45623929340     
   61.1840000000000       -1366.45623597252     
   61.1960000000000       -1366.45623263030     
   61.2080000000000       -1366.45622926677     
   61.2200000000000       -1366.45622588196     
   61.2320000000000       -1366.45622247587     
   61.2440000000000       -1366.45621904855     
   61.2560000000000       -1366.45621560000     
   61.2680000000000       -1366.45621213025     
   61.2800000000000       -1366.45620863933     
   61.2920000000000       -1366.45620512725     
   61.3040000000000       -1366.45620159404     
   61.3160000000000       -1366.45619803971     
   61.3280000000000       -1366.45619446430     
   61.3400000000000       -1366.45619086782     
   61.3520000000000       -1366.45618725030     
   61.3640000000000       -1366.45618361175     
   61.3760000000000       -1366.45617995220     
   61.3880000000000       -1366.45617627167     
   61.4000000000000       -1366.45617257018     
   61.4120000000000       -1366.45616884776     
   61.4240000000000       -1366.45616510443     
   61.4360000000000       -1366.45616134020     
   61.4480000000000       -1366.45615755510     
   61.4600000000000       -1366.45615374915     
   61.4720000000000       -1366.45614992237     
   61.4840000000000       -1366.45614607479     
   61.4960000000000       -1366.45614220643     
   61.5080000000000       -1366.45613831731     
   61.5200000000000       -1366.45613440744     
   61.5320000000000       -1366.45613047685     
   61.5440000000000       -1366.45612652557     
   61.5560000000000       -1366.45612255362     
   61.5680000000000       -1366.45611856100     
   61.5800000000000       -1366.45611454776     
   61.5920000000000       -1366.45611051390     
   61.6040000000000       -1366.45610645946     
   61.6160000000000       -1366.45610238445     
   61.6280000000000       -1366.45609828889     
   61.6400000000000       -1366.45609417280     
   61.6520000000000       -1366.45609003621     
   61.6640000000000       -1366.45608587914     
   61.6760000000000       -1366.45608170161     
   61.6880000000000       -1366.45607750364     
   61.7000000000000       -1366.45607328524     
   61.7120000000000       -1366.45606904645     
   61.7240000000000       -1366.45606478729     
   61.7360000000000       -1366.45606050777     
   61.7480000000000       -1366.45605620792     
   61.7600000000000       -1366.45605188775     
   61.7720000000000       -1366.45604754729     
   61.7840000000000       -1366.45604318656     
   61.7960000000000       -1366.45603880559     
   61.8080000000000       -1366.45603440438     
   61.8200000000000       -1366.45602998297     
   61.8320000000000       -1366.45602554137     
   61.8440000000000       -1366.45602107961     
   61.8560000000000       -1366.45601659770     
   61.8680000000000       -1366.45601209567     
   61.8800000000000       -1366.45600757353     
   61.8920000000000       -1366.45600303132     
   61.9040000000000       -1366.45599846904     
   61.9160000000000       -1366.45599388673     
   61.9280000000000       -1366.45598928440     
   61.9400000000000       -1366.45598466207     
   61.9520000000000       -1366.45598001976     
   61.9640000000000       -1366.45597535750     
   61.9760000000000       -1366.45597067530     
   61.9880000000000       -1366.45596597319     
   62.0000000000000       -1366.45596125118     
   62.0120000000000       -1366.45595650930     
   62.0240000000000       -1366.45595174757     
   62.0360000000000       -1366.45594696601     
   62.0480000000000       -1366.45594216463     
   62.0600000000000       -1366.45593734346     
   62.0720000000000       -1366.45593250253     
   62.0840000000000       -1366.45592764184     
   62.0960000000000       -1366.45592276143     
   62.1080000000000       -1366.45591786131     
   62.1200000000000       -1366.45591294150     
   62.1320000000000       -1366.45590800202     
   62.1440000000000       -1366.45590304290     
   62.1560000000000       -1366.45589806415     
   62.1680000000000       -1366.45589306579     
   62.1800000000000       -1366.45588804785     
   62.1920000000000       -1366.45588301034     
   62.2040000000000       -1366.45587795329     
   62.2160000000000       -1366.45587287672     
   62.2280000000000       -1366.45586778064     
   62.2400000000000       -1366.45586266507     
   62.2520000000000       -1366.45585753005     
   62.2640000000000       -1366.45585237557     
   62.2760000000000       -1366.45584720168     
   62.2880000000000       -1366.45584200838     
   62.3000000000000       -1366.45583679571     
   62.3120000000000       -1366.45583156366     
   62.3240000000000       -1366.45582631228     
   62.3360000000000       -1366.45582104157     
   62.3480000000000       -1366.45581575156     
   62.3600000000000       -1366.45581044227     
   62.3720000000000       -1366.45580511372     
   62.3840000000000       -1366.45579976593     
   62.3960000000000       -1366.45579439891     
   62.4080000000000       -1366.45578901269     
   62.4200000000000       -1366.45578360729     
   62.4320000000000       -1366.45577818273     
   62.4440000000000       -1366.45577273903     
   62.4560000000000       -1366.45576727620     
   62.4680000000000       -1366.45576179427     
   62.4800000000000       -1366.45575629326     
   62.4920000000000       -1366.45575077319     
   62.5040000000000       -1366.45574523407     
   62.5160000000000       -1366.45573967593     
   62.5280000000000       -1366.45573409879     
   62.5400000000000       -1366.45572850266     
   62.5520000000000       -1366.45572288758     
   62.5640000000000       -1366.45571725354     
   62.5760000000000       -1366.45571160059     
   62.5880000000000       -1366.45570592872     
   62.6000000000000       -1366.45570023798     
   62.6120000000000       -1366.45569452837     
   62.6240000000000       -1366.45568879991     
   62.6360000000000       -1366.45568305263     
   62.6480000000000       -1366.45567728654     
   62.6600000000000       -1366.45567150166     
   62.6720000000000       -1366.45566569802     
   62.6840000000000       -1366.45565987563     
   62.6960000000000       -1366.45565403451     
   62.7080000000000       -1366.45564817468     
   62.7200000000000       -1366.45564229617     
   62.7320000000000       -1366.45563639898     
   62.7440000000000       -1366.45563048314     
   62.7560000000000       -1366.45562454867     
   62.7680000000000       -1366.45561859559     
   62.7800000000000       -1366.45561262392     
   62.7920000000000       -1366.45560663368     
   62.8040000000000       -1366.45560062488     
   62.8160000000000       -1366.45559459754     
   62.8280000000000       -1366.45558855170     
   62.8400000000000       -1366.45558248735     
   62.8520000000000       -1366.45557640453     
   62.8640000000000       -1366.45557030325     
   62.8760000000000       -1366.45556418354     
   62.8880000000000       -1366.45555804540     
   62.9000000000000       -1366.45555188887     
   62.9120000000000       -1366.45554571395     
   62.9240000000000       -1366.45553952068     
   62.9360000000000       -1366.45553330906     
   62.9480000000000       -1366.45552707912     
   62.9600000000000       -1366.45552083087     
   62.9720000000000       -1366.45551456434     
   62.9840000000000       -1366.45550827954     
   62.9960000000000       -1366.45550197649     
   63.0080000000000       -1366.45549565522     
   63.0200000000000       -1366.45548931573     
   63.0320000000000       -1366.45548295806     
   63.0440000000000       -1366.45547658222     
   63.0560000000000       -1366.45547018822     
   63.0680000000000       -1366.45546377609     
   63.0800000000000       -1366.45545734584     
   63.0920000000000       -1366.45545089750     
   63.1040000000000       -1366.45544443108     
   63.1160000000000       -1366.45543794660     
   63.1280000000000       -1366.45543144408     
   63.1400000000000       -1366.45542492355     
   63.1520000000000       -1366.45541838500     
   63.1640000000000       -1366.45541182848     
   63.1760000000000       -1366.45540525399     
   63.1880000000000       -1366.45539866156     
   63.2000000000000       -1366.45539205120     
   63.2120000000000       -1366.45538542293     
   63.2240000000000       -1366.45537877676     
   63.2360000000000       -1366.45537211273     
   63.2480000000000       -1366.45536543085     
   63.2600000000000       -1366.45535873113     
   63.2720000000000       -1366.45535201359     
   63.2840000000000       -1366.45534527826     
   63.2960000000000       -1366.45533852515     
   63.3080000000000       -1366.45533175428     
   63.3200000000000       -1366.45532496567     
   63.3320000000000       -1366.45531815933     
   63.3440000000000       -1366.45531133529     
   63.3560000000000       -1366.45530449356     
   63.3680000000000       -1366.45529763416     
   63.3800000000000       -1366.45529075712     
   63.3920000000000       -1366.45528386244     
   63.4040000000000       -1366.45527695015     
   63.4160000000000       -1366.45527002027     
   63.4280000000000       -1366.45526307281     
   63.4400000000000       -1366.45525610779     
   63.4520000000000       -1366.45524912523     
   63.4640000000000       -1366.45524212515     
   63.4760000000000       -1366.45523510756     
   63.4880000000000       -1366.45522807249     
   63.5000000000000       -1366.45522101996     
   63.5120000000000       -1366.45521394997     
   63.5240000000000       -1366.45520686256     
   63.5360000000000       -1366.45519975773     
   63.5480000000000       -1366.45519263550     
   63.5600000000000       -1366.45518549591     
   63.5720000000000       -1366.45517833895     
   63.5840000000000       -1366.45517116465     
   63.5960000000000       -1366.45516397303     
   63.6080000000000       -1366.45515676410     
   63.6200000000000       -1366.45514953789     
   63.6320000000000       -1366.45514229442     
   63.6440000000000       -1366.45513503369     
   63.6560000000000       -1366.45512775572     
   63.6680000000000       -1366.45512046055     
   63.6800000000000       -1366.45511314818     
   63.6920000000000       -1366.45510581862     
   63.7040000000000       -1366.45509847191     
   63.7160000000000       -1366.45509110806     
   63.7280000000000       -1366.45508372708     
   63.7400000000000       -1366.45507632899     
   63.7520000000000       -1366.45506891381     
   63.7640000000000       -1366.45506148156     
   63.7760000000000       -1366.45505403226     
   63.7880000000000       -1366.45504656592     
   63.8000000000000       -1366.45503908257     
   63.8120000000000       -1366.45503158221     
   63.8240000000000       -1366.45502406487     
   63.8360000000000       -1366.45501653056     
   63.8480000000000       -1366.45500897930     
   63.8600000000000       -1366.45500141112     
   63.8720000000000       -1366.45499382602     
   63.8840000000000       -1366.45498622403     
   63.8960000000000       -1366.45497860516     
   63.9080000000000       -1366.45497096943     
   63.9200000000000       -1366.45496331686     
   63.9320000000000       -1366.45495564746     
   63.9440000000000       -1366.45494796125     
   63.9560000000000       -1366.45494025826     
   63.9680000000000       -1366.45493253849     
   63.9800000000000       -1366.45492480197     
   63.9920000000000       -1366.45491704871     
   64.0040000000000       -1366.45490927873     
   64.0160000000000       -1366.45490149205     
   64.0280000000000       -1366.45489368868     
   64.0400000000000       -1366.45488586865     
   64.0520000000000       -1366.45487803196     
   64.0640000000000       -1366.45487017864     
   64.0760000000000       -1366.45486230871     
   64.0880000000000       -1366.45485442217     
   64.1000000000000       -1366.45484651906     
   64.1120000000000       -1366.45483859938     
   64.1240000000000       -1366.45483066315     
   64.1360000000000       -1366.45482271039     
   64.1480000000000       -1366.45481474112     
   64.1600000000000       -1366.45480675536     
   64.1720000000000       -1366.45479875312     
   64.1840000000000       -1366.45479073441     
   64.1960000000000       -1366.45478269926     
   64.2080000000000       -1366.45477464769     
   64.2200000000000       -1366.45476657970     
   64.2320000000000       -1366.45475849532     
   64.2440000000000       -1366.45475039457     
   64.2560000000000       -1366.45474227746     
   64.2680000000000       -1366.45473414401     
   64.2800000000000       -1366.45472599423     
   64.2920000000000       -1366.45471782814     
   64.3040000000000       -1366.45470964576     
   64.3160000000000       -1366.45470144711     
   64.3280000000000       -1366.45469323221     
   64.3400000000000       -1366.45468500106     
   64.3520000000000       -1366.45467675369     
   64.3640000000000       -1366.45466849011     
   64.3760000000000       -1366.45466021035     
   64.3880000000000       -1366.45465191441     
   64.4000000000000       -1366.45464360231     
   64.4120000000000       -1366.45463527408     
   64.4240000000000       -1366.45462692973     
   64.4360000000000       -1366.45461856927     
   64.4480000000000       -1366.45461019272     
   64.4600000000000       -1366.45460180010     
   64.4720000000000       -1366.45459339142     
   64.4840000000000       -1366.45458496671     
   64.4960000000000       -1366.45457652598     
   64.5080000000000       -1366.45456806924     
   64.5200000000000       -1366.45455959651     
   64.5320000000000       -1366.45455110781     
   64.5440000000000       -1366.45454260315     
   64.5560000000000       -1366.45453408256     
   64.5680000000000       -1366.45452554604     
   64.5800000000000       -1366.45451699362     
   64.5920000000000       -1366.45450842531     
   64.6040000000000       -1366.45449984113     
   64.6160000000000       -1366.45449124110     
   64.6280000000000       -1366.45448262522     
   64.6400000000000       -1366.45447399352     
   64.6520000000000       -1366.45446534602     
   64.6640000000000       -1366.45445668272     
   64.6760000000000       -1366.45444800365     
   64.6880000000000       -1366.45443930883     
   64.7000000000000       -1366.45443059826     
   64.7120000000000       -1366.45442187197     
   64.7240000000000       -1366.45441312998     
   64.7360000000000       -1366.45440437229     
   64.7480000000000       -1366.45439559892     
   64.7600000000000       -1366.45438680990     
   64.7720000000000       -1366.45437800523     
   64.7840000000000       -1366.45436918494     
   64.7960000000000       -1366.45436034904     
   64.8080000000000       -1366.45435149755     
   64.8200000000000       -1366.45434263047     
   64.8320000000000       -1366.45433374784     
   64.8440000000000       -1366.45432484966     
   64.8560000000000       -1366.45431593595     
   64.8680000000000       -1366.45430700673     
   64.8800000000000       -1366.45429806201     
   64.8920000000000       -1366.45428910182     
   64.9040000000000       -1366.45428012615     
   64.9160000000000       -1366.45427113504     
   64.9280000000000       -1366.45426212850     
   64.9400000000000       -1366.45425310654     
   64.9520000000000       -1366.45424406919     
   64.9640000000000       -1366.45423501644     
   64.9760000000000       -1366.45422594833     
   64.9880000000000       -1366.45421686487     
   65.0000000000000       -1366.45420776607     
