   43.9325969287922       -1366.37297354540     
   43.8249083377506       -1366.37316760513     
   43.7173535379763       -1366.37336146764     
   43.6099191503425       -1366.37355515693     
   43.5025917957226       -1366.37374869703     
   43.3953714741165       -1366.37394208785     
   43.2882849437777       -1366.37413528104     
   43.1813188255794       -1366.37432830061     
   43.0744597403950       -1366.37452117063     
   42.9677076882244       -1366.37471389101     
   42.8610760481944       -1366.37490643750     
   42.7545781994316       -1366.37509878584     
   42.6481740045560       -1366.37529100843     
   42.5419036009477       -1366.37548303266     
   42.4357268512264       -1366.37567493098     
   42.3296838927725       -1366.37586663074     
   42.2237479673324       -1366.37605818022     
   42.1179324540328       -1366.37624955513     
   42.0122239737471       -1366.37644077958     
   41.9066359056019       -1366.37663182928     
   41.8011682495973       -1366.37682270411     
   41.6958076266065       -1366.37701342822     
   41.5905674157563       -1366.37720397728     
   41.4854342379199       -1366.37739437542     
   41.3804214722241       -1366.37758459833     
   41.2755157395421       -1366.37777467014     
   41.1707304190007       -1366.37796456653     
   41.0660521314731       -1366.37815431164     
   40.9614942560861       -1366.37834388113     
   40.8570567928396       -1366.37853327490     
   40.7527129834803       -1366.37872254139     
   40.6484895862614       -1366.37891163199     
   40.5443732220565       -1366.37910057086     
   40.4403906491188       -1366.37928930935     
   40.3365017300682       -1366.37947792023     
   40.2327332231582       -1366.37966635482     
   40.1290851283887       -1366.37985461303     
   40.0255440666331       -1366.38004271906     
   39.9220966587646       -1366.38023069715     
   39.8187830421633       -1366.38041847425     
   39.7155764585759       -1366.38060609892     
   39.6124902871291       -1366.38079354672     
   39.5094977695693       -1366.38098086623     
   39.4066256641501       -1366.38116800871     
   39.3038605917448       -1366.38135499838     
   39.2012159314800       -1366.38154181083     
   39.0986783042291       -1366.38172847029     
   38.9962610891187       -1366.38191495233     
   38.8939375278954       -1366.38210130558     
   38.7917343788126       -1366.38228748121     
   38.6896382627437       -1366.38247350352     
   38.5876625588154       -1366.38265934802     
   38.4857805087742       -1366.38284506340     
   38.3840188708735       -1366.38303060079     
   38.2823642659867       -1366.38321598450     
   38.1808166941136       -1366.38340121443     
   38.0793761552545       -1366.38358629051     
   37.9780694076626       -1366.38377116380     
   37.8768563139578       -1366.38395590747     
   37.7757368741401       -1366.38414052143     
   37.6747512255897       -1366.38432493233     
   37.5738592309264       -1366.38450921335     
   37.4730876484037       -1366.38469331554     
   37.3724230988948       -1366.38487726325     
   37.2718655823997       -1366.38506105638     
   37.1714150989185       -1366.38524469486     
   37.0710716484511       -1366.38542817859     
   36.9708486101242       -1366.38561148302     
   36.8707192256845       -1366.38579465700     
   36.7707102533853       -1366.38597765149     
   36.6707949349733       -1366.38616051536     
   36.5709866495750       -1366.38634322406     
   36.4713121554441       -1366.38652572850     
   36.3717179360735       -1366.38670812657     
   36.2722441288435       -1366.38689034469     
   36.1728773546273       -1366.38707240727     
   36.0736176134249       -1366.38725431423     
   35.9744649052364       -1366.38743606548     
   35.8754192300617       -1366.38761766093     
   35.7764805879009       -1366.38779910049     
   35.6776355996271       -1366.38798040863     
   35.5789110234939       -1366.38816153616     
   35.4803068595013       -1366.38834248299     
   35.3817829702690       -1366.38852332270     
   35.2833794931773       -1366.38870398153     
   35.1850696699727       -1366.38888450851     
   35.0868802589087       -1366.38906485444     
   34.9887978808585       -1366.38924504377     
   34.8908091566954       -1366.38942510102     
   34.7929408446728       -1366.38960497693     
   34.6951661865374       -1366.38978472059     
   34.5974985614158       -1366.38996430732     
   34.4999379693080       -1366.39014373703     
   34.4024844102141       -1366.39032300964     
   34.3051378841340       -1366.39050212506     
   34.2078850119410       -1366.39068110783     
   34.1107525518885       -1366.39085990861     
   34.0137137457232       -1366.39103857657     
   33.9167819725717       -1366.39121708700     
   33.8199572324340       -1366.39139543981     
   33.7232395253102       -1366.39157363491     
   33.6266154720734       -1366.39175169687     
   33.5301118309772       -1366.39192957629     
   33.4337018437682       -1366.39210732240     
   33.3373988895729       -1366.39228491047     
   33.2411895892648       -1366.39246236507     
   33.1451007010972       -1366.39263963677     
   33.0491054668167       -1366.39281677484     
   32.9532172655501       -1366.39299375452     
   32.8574227181705       -1366.39317060041     
   32.7617352038048       -1366.39334728774     
   32.6661547224529       -1366.39352381642     
   32.5706812741149       -1366.39370018635     
   32.4753014796639       -1366.39387642218     
   32.3800287182268       -1366.39405249911     
   32.2848629898035       -1366.39422841704     
   32.1898042943941       -1366.39440417588     
   32.0948392528717       -1366.39457980029     
   31.9999678652365       -1366.39475529020     
   31.9052168897418       -1366.39493059602     
   31.8105461890075       -1366.39510579193     
   31.7159825212870       -1366.39528082834     
   31.6215258865803       -1366.39545570516     
   31.5271896640143       -1366.39563039753     
   31.4329337162085       -1366.39580497968     
   31.3387714222899       -1366.39597942678     
   31.2447295405119       -1366.39615368915     
   31.1507813126209       -1366.39632781630     
   31.0569267386171       -1366.39650180815     
   30.9631791976271       -1366.39667563982     
   30.8695520687776       -1366.39684928640     
   30.7760052146886       -1366.39702282224     
   30.6825520144866       -1366.39719622247     
   30.5892192264252       -1366.39736943735     
   30.4959667131241       -1366.39754254128     
   30.4028212328369       -1366.39771548452     
   30.3097827855635       -1366.39788826698     
   30.2168379921773       -1366.39806091342     
   30.1240002318048       -1366.39823339891     
   30.0312561253195       -1366.39840574823     
   29.9386056727213       -1366.39857796130     
   29.8460622531369       -1366.39875001317     
   29.7536258665663       -1366.39892190374     
   29.6612697547561       -1366.39909368272     
   29.5690206759597       -1366.39926530024     
   29.4768786301772       -1366.39943675623     
   29.3848302382818       -1366.39960807548     
   29.2928755002734       -1366.39977925794     
   29.2010277952789       -1366.39995027861     
   29.1092737441716       -1366.40012116232     
   29.0176267260780       -1366.40029188407     
   28.9260733618715       -1366.40046246869     
   28.8346136515522       -1366.40063291613     
   28.7432475951199       -1366.40080322629     
   28.6520019508282       -1366.40097334922     
   28.5608232021702       -1366.40114338461     
   28.4697648656527       -1366.40131323259     
   28.3788001830223       -1366.40148294299     
   28.2879291542790       -1366.40165251572     
   28.1971517794229       -1366.40182195071     
   28.1064814375805       -1366.40199122290     
   28.0159047496253       -1366.40216035720     
   27.9254350946839       -1366.40232932853     
   27.8350323353761       -1366.40249821179     
   27.7447499882089       -1366.40266690694     
   27.6545746740555       -1366.40283543887     
   27.5644662555358       -1366.40300388252     
   27.4744782491566       -1366.40317213779     
   27.3845705175379       -1366.40334027964     
   27.2947698189329       -1366.40350825795     
   27.2050627742150       -1366.40367609766     
   27.1154493833843       -1366.40384379869     
   27.0259296464406       -1366.40401136098     
   26.9365169425108       -1366.40417875939     
   26.8471978924681       -1366.40434601889     
   26.7579591171858       -1366.40451316447     
   26.6688407540440       -1366.40468012086     
   26.5797892865358       -1366.40484698825     
   26.4908448520415       -1366.40501369136     
   26.4020074505611       -1366.40518023010     
   26.3132503238410       -1366.40534665455     
   26.2246002301347       -1366.40551291447     
   26.1360437903155       -1366.40567903486     
   26.0475676252567       -1366.40584504075     
   25.9591984932118       -1366.40601088186     
   25.8709363941806       -1366.40617655811     
   25.7827411907832       -1366.40634214475     
   25.6946530203995       -1366.40650756637     
   25.6066585039030       -1366.40667284801     
   25.5187576412935       -1366.40683798959     
   25.4309638116979       -1366.40700296589     
   25.3432502568627       -1366.40716782712     
   25.2556169767878       -1366.40733257321     
   25.1680907297268       -1366.40749715379     
   25.0806715156796       -1366.40766156877     
   24.9933325763928       -1366.40782586838     
   24.9060872909930       -1366.40799002741     
   24.8189356594804       -1366.40815404576     
   24.7318776818549       -1366.40831792337     
   24.6449133581165       -1366.40848166015     
   24.5580426882652       -1366.40864525603     
   24.4712656723010       -1366.40880871094     
   24.3845823102238       -1366.40897202479     
   24.2979926020338       -1366.40913519752     
   24.2114831686042       -1366.40929825425     
   24.1250807681884       -1366.40946114449     
   24.0387586425330       -1366.40962391860     
   23.9525301707647       -1366.40978655128     
   23.8664087320102       -1366.40994901722     
   23.7803675680161       -1366.41011136681     
   23.6944200579091       -1366.41027357474     
   23.6085662016892       -1366.41043564094     
   23.5228059993563       -1366.41059756533     
   23.4371260717839       -1366.41075937310     
   23.3515397980986       -1366.41092103891     
   23.2660605574271       -1366.41108253740     
   23.1806615915160       -1366.41124391907     
   23.0953562794919       -1366.41140515854     
   23.0101446213550       -1366.41156625575     
   22.9250132379785       -1366.41172723592     
   22.8399755084890       -1366.41188807367     
   22.7550314328867       -1366.41204876895     
   22.6701810111715       -1366.41220932165     
   22.5854242433433       -1366.41236973172     
   22.5007477502756       -1366.41253002439     
   22.4161649110949       -1366.41269017428     
   22.3316757258014       -1366.41285018130     
   22.2472801943949       -1366.41301004539     
   22.1629649377488       -1366.41316979180     
   22.0787433349899       -1366.41332939512     
   21.9946153861180       -1366.41348885528     
   21.9105677120065       -1366.41364819757     
   21.8266136917821       -1366.41380739654     
   21.7427533254448       -1366.41396645213     
   21.6589866129946       -1366.41412536425     
   21.5753001753048       -1366.41428415822     
   21.4917073915021       -1366.41444280857     
   21.4081948824598       -1366.41460134064     
   21.3247894064313       -1366.41475970354     
   21.2414642051631       -1366.41491794800     
   21.1582192786554       -1366.41507607397     
   21.0750680060347       -1366.41523405596     
   20.9920103873012       -1366.41539189389     
   20.9090464224547       -1366.41554958768     
   20.8261627323687       -1366.41570716269     
   20.7433459379162       -1366.41586464430     
   20.6606495556044       -1366.41602193068     
   20.5780200689261       -1366.41617912352     
   20.4954976152618       -1366.41633614641     
   20.4130554363577       -1366.41649305017     
   20.3306935322141       -1366.41664983474     
   20.2484252819576       -1366.41680647460     
   20.1662506855881       -1366.41696296965     
   20.0841563639791       -1366.41711934530     
   20.0021423171304       -1366.41727560150     
   19.9202353032955       -1366.41743168718     
   19.8384085642210       -1366.41758765326     
   19.7566487207802       -1366.41774352519     
   19.6749959103532       -1366.41789922636     
   19.5934233746865       -1366.41805480773     
   19.5119444929070       -1366.41821024371     
   19.4305458858879       -1366.41836555975     
   19.3492409327558       -1366.41852073025     
   19.2680028752574       -1366.41867580622     
   19.1868852298995       -1366.41883068542     
   19.1058211010486       -1366.41898549550     
   19.0248640052115       -1366.41914013420     
   18.9439871841348       -1366.41929465255     
   18.8631906378184       -1366.41944905048     
   18.7824877453892       -1366.41960330236     
   18.7018651277203       -1366.41975743370     
   18.6213227848118       -1366.41991144442     
   18.5408740957904       -1366.42006530887     
   18.4605056815294       -1366.42021905257     
   18.3802443002822       -1366.42037262425     
   18.3000364355419       -1366.42052612625     
   18.2199356038155       -1366.42067945608     
   18.1399150468494       -1366.42083266488     
   18.0599747646437       -1366.42098575259     
   17.9801281363251       -1366.42113869352     
   17.9003617827669       -1366.42129151322     
   17.8206623248423       -1366.42144423727     
   17.7410698999316       -1366.42159678869     
   17.6615577497812       -1366.42174921867     
   17.5821258743912       -1366.42190152716     
   17.5027876528883       -1366.42205368843     
   17.4235297061458       -1366.42220572807     
   17.3443386550369       -1366.42235767168     
   17.2652546369419       -1366.42250944219     
   17.1862508936072       -1366.42266109087     
   17.1073274250329       -1366.42281261764     
   17.0284708520923       -1366.42296404815     
   16.9497079330387       -1366.42311533094     
   16.8710520469990       -1366.42326644022     
   16.7924630565929       -1366.42341745304     
   16.7139543409473       -1366.42356834363     
   16.6355259000619       -1366.42371911193     
   16.5571777339370       -1366.42386975787     
   16.4789366008259       -1366.42402022991     
   16.4007489842217       -1366.42417063093     
   16.3226684006313       -1366.42432085790     
   16.2446547126746       -1366.42447098799     
   16.1667346786050       -1366.42462096963     
   16.0888949192957       -1366.42477082850     
   16.0111220556201       -1366.42492059031     
   15.9334428458316       -1366.42507020346     
   15.8558572899302       -1366.42521966787     
   15.7783386296625       -1366.42536903503     
   15.7009136232818       -1366.42551825331     
   15.6235688916615       -1366.42566734842     
   15.5462910556749       -1366.42581634611     
   15.4691068735754       -1366.42596519470     
   15.3920029662362       -1366.42611391994     
   15.3149927127842       -1366.42626249593     
   15.2380493549658       -1366.42641097425     
   15.1611862719078       -1366.42655932901     
   15.0844168427368       -1366.42670753431     
   15.0077276883263       -1366.42685561593     
   14.9311188086761       -1366.42700357378     
   14.8545768246596       -1366.42715143365     
   14.7781151154034       -1366.42729916965     
   14.7017470600344       -1366.42744675584     
   14.6254592794257       -1366.42759421801     
   14.5492517735774       -1366.42774155609     
   14.4731245424894       -1366.42788877002     
   14.3970775861619       -1366.42803585973     
   14.3211109045947       -1366.42818282516     
   14.2452378769146       -1366.42832964035     
   14.1694183657414       -1366.42847638291     
   14.0936925084554       -1366.42862297510     
   14.0180469259297       -1366.42876944275     
   13.9424816181643       -1366.42891578579     
   13.8670099642861       -1366.42906197823     
   13.7916052060416       -1366.42920807184     
   13.7162673434306       -1366.42935406658     
   13.6410231347068       -1366.42949991052     
   13.5658458216166       -1366.42964565547     
   13.4907755415403       -1366.42979122352     
   13.4157721570976       -1366.42993669245     
   13.3408356682885       -1366.43008206221     
   13.2659794542399       -1366.43022730677     
   13.1912168940783       -1366.43037240010     
   13.1165346086771       -1366.43051736811     
   13.0419192189095       -1366.43066223669     
   12.9673841039023       -1366.43080697982     
   12.8929292636555       -1366.43095159743     
   12.8185546981691       -1366.43109608945     
   12.7442604074430       -1366.43124045582     
   12.6700463914773       -1366.43138469647     
   12.5959126502720       -1366.43152881134     
   12.5218458047003       -1366.43167282637     
   12.4478592338890       -1366.43181671550     
   12.3739529378381       -1366.43196047865     
   12.3001402956743       -1366.43210408973     
   12.2263811700174       -1366.43224762678     
   12.1527156982476       -1366.43239101161     
   12.0791171221114       -1366.43253429626     
   12.0056121998624       -1366.43267742856     
   11.9321741732470       -1366.43282046055     
   11.8588030422652       -1366.43296339218     
   11.7855389442973       -1366.43310614518     
   11.7123283628362       -1366.43324882377     
   11.6391980561356       -1366.43339137574     
   11.5661614033221       -1366.43353377494     
   11.4931916461422       -1366.43367607348     
   11.4202887845959       -1366.43381827129     
   11.3474795769368       -1366.43396031613     
   11.2747238857845       -1366.43410228624     
   11.2020618485194       -1366.43424410324     
   11.1294800860147       -1366.43438579317     
   11.0569652191436       -1366.43452738209     
   10.9845440061595       -1366.43466881767     
   10.9121763096825       -1366.43481017826     
   10.8399022670925       -1366.43495138539     
   10.7676817410094       -1366.43509251742     
   10.6955682479402       -1366.43523346970     
   10.6235082713778       -1366.43537434676     
   10.5515285695759       -1366.43551509625     
   10.4796291425343       -1366.43565571810     
   10.4078099902531       -1366.43579621223     
   10.3360577336056       -1366.43593660477     
   10.2643857517184       -1366.43607686948     
   10.1927940445916       -1366.43621700628     
   10.1212692330984       -1366.43635704131     
   10.0498246963656       -1366.43649694832     
   9.97846043439319       -1366.43663672723     
   9.90716306805442       -1366.43677640419     
   9.83594597647602       -1366.43691595294     
   9.76479578053127       -1366.43705539963     
   9.69372585934689       -1366.43719471798     
   9.62273621292289       -1366.43733390791     
   9.55181346213253       -1366.43747299562     
   9.48097098610254       -1366.43761195478     
   9.41019540570620       -1366.43775081160     
   9.33950010007024       -1366.43788953976     
   9.26887169006791       -1366.43802816546     
   9.19833693395270       -1366.43816663611     
   9.12785569434439       -1366.43830503044     
   9.05745472949646       -1366.43844329587     
   8.98713403940891       -1366.43858143232     
   8.91689362408173       -1366.43871943972     
   8.84672010438819       -1366.43885734432     
   8.77661348032830       -1366.43899514604     
   8.70658713102878       -1366.43913281854     
   8.63664105648964       -1366.43927036174     
   8.56674849845741       -1366.43940782822     
   8.49694959431229       -1366.43954513896     
   8.42720420667408       -1366.43968237287     
   8.35755247292297       -1366.43981945092     
   8.28796763480551       -1366.43995642569     
   8.21844969232169       -1366.44009329714     
   8.14902540372498       -1366.44023001251     
   8.07965463163518       -1366.44036665078     
   8.01036413430576       -1366.44050315920     
   7.94114053260998       -1366.44063956407     
   7.87199720567458       -1366.44077583895     
   7.80292077437282       -1366.44091201016     
   7.73391123870471       -1366.44104807765     
   7.66498197779697       -1366.44118401498     
   7.59613299164960       -1366.44131982207     
   7.52735090113588       -1366.44145552527     
   7.45863570625580       -1366.44159112451     
   7.38998740700937       -1366.44172661974     
   7.32141938252331       -1366.44186198450     
   7.25294501192436       -1366.44199719230     
   7.18451077870559       -1366.44213234875     
   7.11617019937392       -1366.44226734811     
   7.04788313654917       -1366.44240226961     
   6.97967634848480       -1366.44253706032     
   6.91153645605407       -1366.44267174663     
   6.84347683838371       -1366.44280630203     
   6.77548411634700       -1366.44294075290     
   6.70757166907066       -1366.44307507273     
   6.63972611742797       -1366.44320928793     
   6.57194746141892       -1366.44334339843     
   6.50423570104352       -1366.44347740419     
   6.43660421542849       -1366.44361127867     
   6.36905300457384       -1366.44374502179     
   6.30155531022610       -1366.44387868649     
   6.23413789063873       -1366.44401221972     
   6.16677398755828       -1366.44414567443     
   6.09950373836494       -1366.44427897104     
   6.03230038480524       -1366.44441216250     
   5.96515054775245       -1366.44454527528     
   5.89809436458677       -1366.44467822977     
   5.83109169792800       -1366.44481110547     
   5.76416930602961       -1366.44494384927     
   5.69730043063813       -1366.44507651420     
   5.63052520913376       -1366.44520902056     
   5.56381688326303       -1366.44534142137     
   5.49717545302595       -1366.44547371660     
   5.43058753929578       -1366.44560593274     
   5.36407990032599       -1366.44573801663     
   5.29765253611657       -1366.44586996818     
   5.23129206754079       -1366.44600181391     
   5.16498511547193       -1366.44613358036     
   5.09875843816345       -1366.44626521430     
   5.03261203561534       -1366.44639671567     
   4.96651914957414       -1366.44652813759     
   4.90050653829332       -1366.44665942683     
   4.83456082264614       -1366.44679060991     
   4.76868200263261       -1366.44692168679     
   4.70287007825273       -1366.44705265741     
   4.63712504950648       -1366.44718352172     
   4.57146029552062       -1366.44731425303     
   4.50586243716839       -1366.44744487791     
   4.44031809532309       -1366.44757542296     
   4.37485402823815       -1366.44770583483     
   4.30947023591359       -1366.44783611345     
   4.24413996009595       -1366.44796631208     
   4.17887657991195       -1366.44809640401     
   4.11369347448833       -1366.44822636251     
   4.04856388557162       -1366.44835624088     
   3.98351457141529       -1366.44848598571     
   3.91853215289260       -1366.44861562361     
   3.85361663000355       -1366.44874515453     
   3.78876800274815       -1366.44887457842     
   3.72399965025313       -1366.44900386851     
   3.65927143513829       -1366.44913310488     
   3.59463687391055       -1366.44926218063     
   3.53005582918973       -1366.44939117585     
   3.46555505922929       -1366.44952003703     
   3.40110780577576       -1366.44964881758     
   3.33674082708260       -1366.44977746397     
   3.27244074402309       -1366.44990600289     
   3.20819417747050       -1366.45003446104     
   3.14402788567828       -1366.45016278485     
   3.07991511039297       -1366.45029102778     
   3.01588260986804       -1366.45041913627     
   2.95191700497675       -1366.45054713700     
   2.88801829571911       -1366.45067502993     
   2.82417310296839       -1366.45080284179     
   2.76042156410476       -1366.45093049217     
   2.69671016262133       -1366.45105808816     
   2.63307903589827       -1366.45118554935     
   2.56951480480885       -1366.45131290245     
   2.50601746935308       -1366.45144014743     
   2.44258702953095       -1366.45156728422     
   2.37922348534247       -1366.45169431278     
   2.31591345766090       -1366.45182125986     
   2.25268370473971       -1366.45194807178     
   2.18952084745216       -1366.45207477529     
   2.12641150667153       -1366.45220139719     
   2.06336906152455       -1366.45232791059     
   2.00040689113793       -1366.45245428857     
   1.93749823725824       -1366.45258058479     
   1.87466985813891       -1366.45270674548     
   1.81189499552651       -1366.45283282431     
   1.74918702854775       -1366.45295879436     
   1.68655933632936       -1366.45308462870     
   1.62397178149116       -1366.45321040791     
   1.56146450141333       -1366.45333605130     
   1.49902411696915       -1366.45346158570     
   1.43665062815861       -1366.45358701104     
   1.37433065585499       -1366.45371235418     
   1.31209095831174       -1366.45383756126     
   1.24990477727541       -1366.45396268604     
   1.18778549187273       -1366.45408770156     
   1.12573310210369       -1366.45421260776     
   1.06376098709502       -1366.45433737764     
   1.00182900946654       -1366.45446209198     
  0.939977306598432       -1366.45458666990     
  0.878192499363971       -1366.45471113827     
  0.816461208636425       -1366.45483552402     
  0.754796813542525       -1366.45495980012     
  0.693199314082269       -1366.45508396653     
  0.631668710255658       -1366.45520802319     
  0.570191622935963       -1366.45533199703     
  0.508794810376643       -1366.45545583403     
  0.447451514324238       -1366.45557958810     
  0.386175113905478       -1366.45570323221     
  0.324965609120363       -1366.45582676631     
  0.263822999968893       -1366.45595019033     
  0.202747286451067       -1366.45607350423     
  0.141725089440158       -1366.45619673496     
  8.075640893616490E-002  -1366.45631988249     
  1.986800319254554E-002  -1366.45644289271     
 -4.095350691742888E-002  -1366.45656579260     
 -0.101708121393758       -1366.45668858208     
 -0.162422598489901       -1366.45681131521     
 -0.223043421698941       -1366.45693388375     
 -0.283624107527793       -1366.45705639584     
 -0.344137897723001       -1366.45717879733     
 -0.404584792284564       -1366.45730108817     
 -0.464964791212482       -1366.45742326829     
 -0.525291273633483       -1366.45754536473     
 -0.585537481294111       -1366.45766732328     
 -0.645730172447823       -1366.45778919803     
 -0.705855967967891       -1366.45791096186     
 -0.765928246981042       -1366.45803264182     
 -0.825933630360548       -1366.45815421075     
 -0.885872118106409       -1366.45827566859     
 -0.945757089345355       -1366.45839704242     
  -1.00557516495066       -1366.45851830507     
  -1.06532634492231       -1366.45863945647     
  -1.12502400838705       -1366.45876052372     
  -1.18464139709142       -1366.45888145248     
  -1.24421864841559       -1366.45900232413     
  -1.30371562497940       -1366.45912305718     
  -1.36315908503629       -1366.45924370588     
  -1.42253564945953       -1366.45936424302     
  -1.48185869737586       -1366.45948469572     
  -1.54111484965854       -1366.45960503676     
  -1.60030410630758       -1366.45972526608     
  -1.65943984644970       -1366.45984541082     
  -1.71850869095818       -1366.45996544374     
  -1.77751063983301       -1366.46008536479     
  -1.83647245132766       -1366.46020522830     
  -1.89535398806193       -1366.46032495265     
  -1.95416862916255       -1366.46044456496     
  -2.01294313288299       -1366.46056411962     
  -2.07163736184306       -1366.46068353493     
  -2.13027807429621       -1366.46080286528     
  -2.18885189111571       -1366.46092208339     
  -2.24737219142830       -1366.46104121644     
  -2.30582559610725       -1366.46116023716     
  -2.36421210515255       -1366.46127914547     
  -2.42254509769093       -1366.46139796858     
  -2.48082457372240       -1366.46151670646     
  -2.53902377499349       -1366.46163530452     
  -2.59718283888439       -1366.46175384451     
  -2.65527500714165       -1366.46187227185     
  -2.71330027976527       -1366.46199058648     
  -2.77127203588197       -1366.46210881564     
  -2.82916351723830       -1366.46222690469     
  -2.88702824034117       -1366.46234496276     
  -2.94479930955693       -1366.46246285332     
  -3.00253024139251       -1366.46258068552     
  -3.06019427759444       -1366.46269840469     
  -3.11779141816273       -1366.46281601080     
  -3.17534842135083       -1366.46293355842     
  -3.23282514977856       -1366.46305096555     
  -3.29024836169937       -1366.46316828678     
  -3.34763143624000       -1366.46328554941     
  -3.40492085689352       -1366.46340264403     
  -3.46218351929358       -1366.46351970731     
  -3.51936590693327       -1366.46363662981     
  -3.57648139893932       -1366.46375343882     
  -3.63355675356518       -1366.46387018902     
  -3.69055183343066       -1366.46398679826     
  -3.74750677591596       -1366.46410334861     
  -3.80439482276761       -1366.46421978528     
  -3.86121597398562       -1366.46433610820     
  -3.91798360869671       -1366.46445234472     
  -3.97469772690088       -1366.46456849479     
  -4.03133157034469       -1366.46468450355     
  -4.08793865553503       -1366.46480048059     
  -4.14446546596500       -1366.46491631622     
  -4.20093875988805       -1366.46503206522     
  -4.25734515817746       -1366.46514770011     
  -4.31371141908668       -1366.46526327571     
  -4.36999740523553       -1366.46537870967     
  -4.42622987487746       -1366.46549405681     
  -4.48240882801248       -1366.46560931709     
  -4.53853426464058       -1366.46572449046     
  -4.59459280563503       -1366.46583954942     
  -4.65059783012257       -1366.46595452138     
  -4.70653595897647       -1366.46606937883     
  -4.76243395045018       -1366.46618417667     
  -4.81825166716351       -1366.46629883241     
  -4.87402924649665       -1366.46641342846     
  -4.92972655106943       -1366.46652788230     
  -4.98538371826201       -1366.46664227635     
  -5.04097398982095       -1366.46675655559     
  -5.09652412399971       -1366.46687077497     
  -5.15199398341809       -1366.46698485193     
  -5.20741032632955       -1366.46709884142     
  -5.26278653186083       -1366.46721277094     
  -5.31808246263173       -1366.46732655786     
  -5.37332487689572       -1366.46744025719     
  -5.42852715377952       -1366.46755389642     
  -5.48364915590294       -1366.46766739288     
  -5.53871764151945       -1366.46778080161     
  -5.59374598975578       -1366.46789415012     
  -5.64869406323172       -1366.46800735570     
  -5.70360199932749       -1366.46812050097     
  -5.75844303978960       -1366.46823353077     
  -5.81324394287153       -1366.46834650020     
  -5.86796457119309       -1366.46845932646     
  -5.92263168300773       -1366.46857206468     
  -5.97725865744219       -1366.46868474240     
  -6.03180535711626       -1366.46879727679     
  -6.08631191941016       -1366.46890975060     
  -6.14076496519713       -1366.46902213620     
  -6.19515111535047       -1366.46913440591     
  -6.24948374899688       -1366.46924658731     
  -6.30376286613638       -1366.46935868035     
  -6.35797508764224       -1366.46947065735     
  -6.41213379264117       -1366.46958254590     
  -6.46623898113320       -1366.46969434596     
  -6.52029065311831       -1366.46980605748     
  -6.57428880859650       -1366.46991768043     
  -6.62823344756777       -1366.47002921475     
  -6.68209781177867       -1366.47014060506     
  -6.73592203860939       -1366.47025193432     
  -6.78969274893319       -1366.47036317482     
  -6.84340994275007       -1366.47047432652     
  -6.89706024093331       -1366.47058536168     
  -6.95067040173636       -1366.47069633564     
  -7.00420028777903       -1366.47080716526     
  -7.05769003644152       -1366.47091793359     
  -7.11111288947037       -1366.47102858518     
  -7.16449560511902       -1366.47113917541     
  -7.21781142513404       -1366.47124964881     
  -7.27108710776886       -1366.47136006076     
  -7.32429589477004       -1366.47147035578     
  -7.37745116526431       -1366.47158056155     
  -7.43053954012493       -1366.47169065028     
  -7.48358777760536       -1366.47180067741     
  -7.53658249857888       -1366.47191061516     
  -7.58951032391875       -1366.47202043573     
  -7.64238463275171       -1366.47213016681     
  -7.69521880420448       -1366.47223983615     
  -7.74798608002360       -1366.47234938815     
  -7.80068646020908       -1366.47245882277     
  -7.85334670301437       -1366.47256819551     
  -7.90595342931275       -1366.47267747856     
  -7.95850663910421       -1366.47278667188     
  -8.01099295326203       -1366.47289574761     
  -8.06342575091293       -1366.47300473350     
  -8.11580503205691       -1366.47311362952     
  -8.16814417582071       -1366.47322246344     
  -8.22041642395086       -1366.47333117959     
  -8.27263515557409       -1366.47343980572     
  -8.32481374981714       -1366.47354836965     
  -8.37691206929982       -1366.47365678780     
  -8.42897025140230       -1366.47376514366     
  -8.48097491699788       -1366.47387340934     
  -8.53291268695980       -1366.47398155693     
  -8.58482369866827       -1366.47408966998     
  -8.63666781474310       -1366.47419766486     
  -8.68844503518428       -1366.47430554151     
  -8.74018211824527       -1366.47441335564     
  -8.79185230567262       -1366.47452105143     
  -8.84348235571978       -1366.47462868463     
  -8.89504551013329       -1366.47473619940     
  -8.94656852716662       -1366.47484365149     
  -8.99803802769303       -1366.47495101297     
  -9.04944063258580       -1366.47505825588     
  -9.10080310009838       -1366.47516543599     
  -9.15209867197732       -1366.47527249743     
  -9.20335410647607       -1366.47537949601     
  -9.25454264534117       -1366.47548637582     
  -9.30567766769936       -1366.47559316473     
  -9.35677255267736       -1366.47569989067     
  -9.40781392114844       -1366.47580652564     
  -9.45878839398588       -1366.47591304165     
  -9.50972272944314       -1366.47601949456     
  -9.56060354839347       -1366.47612585637     
  -9.61141747171017       -1366.47623209907     
  -9.66219125764667       -1366.47633827856     
  -9.71292490620299       -1366.47644439480     
  -9.76357827999893       -1366.47655036381     
  -9.81417813728796       -1366.47665624148     
  -9.86475123632353       -1366.47676208380     
  -9.91525743972546       -1366.47686780671     
  -9.96572350574720       -1366.47697346619     
  -10.0161226761353       -1366.47707900618     
  -10.0664683300165       -1366.47718445462     
  -10.1167604673907       -1366.47728981149     
  -10.1669990882581       -1366.47739507674     
  -10.2171975717452       -1366.47750027836     
  -10.2673291595987       -1366.47760536023     
  -10.3174206100721       -1366.47771037841     
  -10.3674585440385       -1366.47781530479     
  -10.4174295823713       -1366.47792011127     
  -10.4673738624506       -1366.47802488201     
  -10.5172512468962       -1366.47812953276     
  -10.5670884939617       -1366.47823411963     
  -10.6168588453935       -1366.47833858641     
  -10.6665890594452       -1366.47844298923     
  -10.7162523778632       -1366.47854727186     
  -10.7658755589010       -1366.47865149045     
  -10.8154318443052       -1366.47875558876     
  -10.8649613714559       -1366.47885965106     
  -10.9144106238462       -1366.47896356488     
  -10.9638331179831       -1366.47906744261     
  -11.0132020956130       -1366.47917122801     
  -11.0625175567361       -1366.47927492102     
  -11.1117661222255       -1366.47937849345     
  -11.1609745503347       -1366.47948200154     
  -11.2101428410637       -1366.47958544526     
  -11.2592442361591       -1366.47968876827     
  -11.3082921147476       -1366.47979199867     
  -11.3572998559559       -1366.47989516458     
  -11.4062540806572       -1366.47999823780     
  -11.4551547888517       -1366.48010121829     
  -11.5040019805392       -1366.48020410600     
  -11.5527956557198       -1366.48030690089     
  -11.6015625726470       -1366.48040965929     
  -11.6502625939405       -1366.48051229661     
  -11.6988957196003       -1366.48061481277     
  -11.7474887078800       -1366.48071726414     
  -11.7960415587795       -1366.48081965070     
  -11.8445408931721       -1366.48092194418     
  -11.8929867110578       -1366.48102414454     
  -11.9413790124365       -1366.48112625175     
  -11.9897177973083       -1366.48122826575     
  -12.0380164448000       -1366.48133021475     
  -12.0862615757847       -1366.48143207046     
  -12.1344531902625       -1366.48153383284     
  -12.1826046673601       -1366.48163553011     
  -12.2306892488241       -1366.48173710570     
  -12.2787336929079       -1366.48183861610     
  -12.3267379996115       -1366.48194006128     
  -12.3746754106815       -1366.48204138464     
  -12.4225726843712       -1366.48214264270     
  -12.4704164415541       -1366.48224380714     
  -12.5182066822300       -1366.48234487792     
  -12.5659567855258       -1366.48244588328     
  -12.6136533723146       -1366.48254679489     
  -12.6612964425966       -1366.48264761271     
  -12.7088993754983       -1366.48274836502     
  -12.7564354127664       -1366.48284899512     
  -12.8039446917810       -1366.48294958796     
  -12.8513870751620       -1366.48305005852     
  -12.8987893211628       -1366.48315046340     
  -12.9461380506567       -1366.48325077424     
  -12.9934332636437       -1366.48335099100     
  -13.0406749601237       -1366.48345111362     
  -13.0878765192236       -1366.48355117042     
  -13.1350379409433       -1366.48365116138     
  -13.1821458461560       -1366.48375105809     
  -13.2291868557351       -1366.48385083213     
  -13.2761877279341       -1366.48395054021     
  -13.3231618418795       -1366.48405021068     
  -13.3700556810646       -1366.48414972995     
  -13.4169093828696       -1366.48424918315     
  -13.4637229472943       -1366.48434857024     
  -13.5104829952121       -1366.48444786279     
  -13.5571895266230       -1366.48454706075     
  -13.6038559206537       -1366.48464619250     
  -13.6504687981775       -1366.48474522957     
  -13.6970415383211       -1366.48484420037     
  -13.7435607619578       -1366.48494307641     
  -13.7900264690875       -1366.48504185765     
  -13.8364520388371       -1366.48514057250     
  -13.8828240920798       -1366.48523919248     
  -13.9291426288155       -1366.48533771753     
  -13.9754210281711       -1366.48543617607     
  -14.0216592901465       -1366.48553456809     
  -14.0678440356150       -1366.48563286507     
  -14.1139618854498       -1366.48573103848     
  -14.1600529770311       -1366.48582917372     
  -14.2060905521056       -1366.48592721380     
  -14.2520746106731       -1366.48602515866     
  -14.2980185318604       -1366.48612303678     
  -14.3439089365409       -1366.48622081960     
  -14.3897458247144       -1366.48631850708     
  -14.4355559546344       -1366.48641615622     
  -14.4812991889208       -1366.48651368142     
  -14.5270156649538       -1366.48661116822     
  -14.5726652453531       -1366.48670853100     
  -14.6182746883722       -1366.48680582677     
  -14.6638306148844       -1366.48690302695     
  -14.7093330248897       -1366.48700013151     
  -14.7547952975148       -1366.48709716895     
  -14.8002308118864       -1366.48719416781     
  -14.8455994306244       -1366.48729104237     
  -14.8909145328555       -1366.48738782114     
  -14.9361894977064       -1366.48748453264     
  -14.9814243251771       -1366.48758117687     
  -15.0266056361409       -1366.48767772518     
  -15.0717468097245       -1366.48777420614     
  -15.1168344668012       -1366.48787059110     
  -15.1618686073709       -1366.48796688003     
  -15.2068626105605       -1366.48806310149     
  -15.2518030972432       -1366.48815922683     
  -15.2967168256724       -1366.48825531326     
  -15.3415770375947       -1366.48835130350     
  -15.3863703538833       -1366.48844716886     
  -15.4311369119185       -1366.48854299522     
  -15.4758499534468       -1366.48863872525     
  -15.5205094784682       -1366.48873435892     
  -15.5651422452361       -1366.48882995350     
  -15.6097081163703       -1366.48892542298     
  -15.6542472292511       -1366.48902085330     
  -15.6987194464983       -1366.48911615843     
  -15.7431649054920       -1366.48921142434     
  -15.7875568479787       -1366.48930659365     
  -15.8318952739586       -1366.48940166632     
  -15.8761935625583       -1366.48949667098     
  -15.9204383346510       -1366.48959157892     
  -15.9646563484903       -1366.48968644750     
  -16.0088208458227       -1366.48978121927     
  -16.0529318266482       -1366.48987589420     
  -16.0969892909668       -1366.48997047223     
  -16.1410066179051       -1366.49006498205     
  -16.1849971865900       -1366.49015945236     
  -16.2289208596413       -1366.49025379693     
  -16.2728043953124       -1366.49034807318     
  -16.3166477936033       -1366.49044228109     
  -16.3604376753872       -1366.49053639187     
  -16.4041874197910       -1366.49063043423     
  -16.4478970268146       -1366.49072440814     
  -16.4915531173313       -1366.49081828480     
  -16.5351556913411       -1366.49091206417     
  -16.5787315070974       -1366.49100580375     
  -16.6222404272200       -1366.49109941718     
  -16.6657225890893       -1366.49119299076     
  -16.7091646135783       -1366.49128649570     
  -16.7525397424337       -1366.49137987434     
  -16.7958747339088       -1366.49147318424     
  -16.8391829671306       -1366.49156645419     
  -16.8824243047187       -1366.49165959771     
  -16.9256255049266       -1366.49175267239     
  -16.9687865677543       -1366.49184567820     
  -17.0118941140751       -1366.49193858628     
  -17.0549749021424       -1366.49203145425     
  -17.0980021737028       -1366.49212422441     
  -17.1409759287563       -1366.49221689671     
  -17.1839229255564       -1366.49230952883     
  -17.2268030267228       -1366.49240203414     
  -17.2696563696357       -1366.49249449921     
  -17.3124695751685       -1366.49258689514     
  -17.3552292641943       -1366.49267919302     
  -17.3979354367132       -1366.49277139280     
  -17.4406014718520       -1366.49286352333     
  -17.4832273696105       -1366.49295558457     
  -17.5257997508622       -1366.49304754759     
  -17.5683319947336       -1366.49313944126     
  -17.6108374803516       -1366.49323129444     
  -17.6532760703360       -1366.49332302038     
  -17.6956879020669       -1366.49341470579     
  -17.7380462172908       -1366.49350629278     
  -17.7803643951346       -1366.49359781025     
  -17.8226290564715       -1366.49368922922     
  -17.8648669595549       -1366.49378060753     
  -17.9070379670047       -1366.49387185833     
  -17.9491822162010       -1366.49396306841     
  -17.9912863280171       -1366.49405420881     
  -18.0333235441996       -1366.49414522154     
  -18.0753473812553       -1366.49423622244     
  -18.1173043226774       -1366.49432709560     
  -18.1592211267193       -1366.49441789893     
  -18.2010977933811       -1366.49450863238     
  -18.2429343226626       -1366.49459929593     
  -18.2847173354372       -1366.49468986055     
  -18.3264735899584       -1366.49478038420     
  -18.3681763279726       -1366.49487080885     
  -18.4098389286067       -1366.49496116345     
  -18.4514480127339       -1366.49505141897     
  -18.4930303386076       -1366.49514163340     
  -18.5345591479743       -1366.49523174867     
  -18.5760478199609       -1366.49532179376     
  -18.6174963545673       -1366.49541176865     
  -18.6588913726668       -1366.49550164425     
  -18.7002462533861       -1366.49559144957     
  -18.7415609967252       -1366.49568118458     
  -18.7828222235574       -1366.49577082018     
  -18.8240566921361       -1366.49586041446     
  -18.8652510233347       -1366.49594993834     
  -18.9063918380263       -1366.49603936271     
  -18.9474925153378       -1366.49612871659     
  -18.9885530552690       -1366.49621799995     
  -19.0295600786934       -1366.49630718368     
  -19.0705403438643       -1366.49639632593     
  -19.1114670925282       -1366.49648536845     
  -19.1523537038120       -1366.49657434033     
  -19.1932001777156       -1366.49666324153     
  -19.2339931351123       -1366.49675204289     
  -19.2747593342555       -1366.49684080262     
  -19.3154720168918       -1366.49692946244     
  -19.3561579412747       -1366.49701808058     
  -19.3967769700239       -1366.49710656959     
  -19.4373692405196       -1366.49719501686     
  -19.4779213736352       -1366.49728339321     
  -19.5184333693706       -1366.49737169861     
  -19.5588918485990       -1366.49745990387     
  -19.5993101904473       -1366.49754803810     
  -19.6396883949154       -1366.49763610128     
  -19.6800264620033       -1366.49772409337     
  -19.7203243917110       -1366.49781201435     
  -19.7605821840385       -1366.49789986418     
  -19.8007864598591       -1366.49798761362     
  -19.8409505982995       -1366.49807529184     
  -19.8810879784865       -1366.49816292802     
  -19.9211718421665       -1366.49825046370     
  -19.9612289475931       -1366.49833795728     
  -20.0012191573861       -1366.49842532106     
  -20.0411959880523       -1366.49851267192     
  -20.0811059230848       -1366.49859989289     
  -20.1209757207372       -1366.49868704239     
  -20.1608321392629       -1366.49877417891     
  -20.2006082830282       -1366.49886115616     
  -20.2403710476667       -1366.49894812036     
  -20.2800802957983       -1366.49903498371     
  -20.3197627856765       -1366.49912180472     
  -20.3593783799210       -1366.49920849553     
  -20.3989805950388       -1366.49929517321     
  -20.4385159145230       -1366.49938172060     
  -20.4780244757537       -1366.49946822553     
  -20.5175062787309       -1366.49955468798     
  -20.5569211860745       -1366.49964102000     
  -20.5962959560379       -1366.49972728017     
  -20.6356439677479       -1366.49981349777     
  -20.6749518420777       -1366.49989964345     
  -20.7142061999005       -1366.49998568786     
  -20.7534337994699       -1366.50007168962     
  -20.7926078825324       -1366.50015759003     
  -20.8317418282146       -1366.50024341838     
  -20.8708356365168       -1366.50032917465     
  -20.9099026865654       -1366.50041488816     
  -20.9489162201071       -1366.50050050017     
  -20.9878896162687       -1366.50058603999     
  -21.0268228750500       -1366.50067150760     
  -21.0657159964512       -1366.50075690296     
  -21.1045689804722       -1366.50084222604     
  -21.1433818271129       -1366.50092747680     
  -21.1821545363735       -1366.50101265522     
  -21.2209004873807       -1366.50109779066     
  -21.2595795427542       -1366.50118279489     
  -21.2982318398742       -1366.50126775608     
  -21.3368439996141       -1366.50135264479     
  -21.3754160219738       -1366.50143746099     
  -21.4139612860800       -1366.50152223407     
  -21.4524396545525       -1366.50160687573     
  -21.4908912647716       -1366.50169147420     
  -21.5293027376106       -1366.50177600004     
  -21.5676874521960       -1366.50186048265     
  -21.6060052711479       -1366.50194483365     
  -21.6443097109729       -1366.50202917083     
  -21.6825606342911       -1366.50211340578     
  -21.7207580411024       -1366.50219753846     
  -21.7589420687869       -1366.50228165724     
  -21.7970725799645       -1366.50236567367     
  -21.8351629537619       -1366.50244961721     
  -21.8732131901792       -1366.50253348781     
  -21.9112232892162       -1366.50261728544     
  -21.9492066299998       -1366.50270103957     
  -21.9871364542765       -1366.50278469117     
  -22.0250261411730       -1366.50286826970     
  -22.0628890698160       -1366.50295180465     
  -22.1006984819521       -1366.50303523695     
  -22.1384811358348       -1366.50311862561     
  -22.1762102732105       -1366.50320191155     
  -22.2139126523328       -1366.50328515380     
  -22.2515748940749       -1366.50336832279     
  -22.2891969984368       -1366.50345141849     
  -22.3267789654186       -1366.50353444087     
