 
+----------------------------+
| Real-space lattice vectors |
+----------------------------+
 
vector a1 :    5.100577859      -2.944820000       0.000000000    
vector a2 :    0.000000000       5.889640000       0.000000000    
vector a3 :    0.000000000       0.000000000       5.936757120    
 
Stored column-wise as a matrix :
   5.100577859       0.000000000       0.000000000    
  -2.944820000       5.889640000       0.000000000    
   0.000000000       0.000000000       5.936757120    
 
Inverse of matrix :
  0.1960562171       0.000000000       0.000000000    
  0.9802810854E-01  0.1697896646       0.000000000    
   0.000000000       0.000000000      0.1684421275    
 
Unit cell volume :    178.3435523    
 
 
+----------------------------------+
| Reciprocal-space lattice vectors |
+----------------------------------+
 
vector b1 :    1.231857543       0.000000000       0.000000000    
vector b2 :   0.6159287713       1.066819926       0.000000000    
vector b3 :    0.000000000       0.000000000       1.058353101    
 
Stored column-wise as a matrix :
   1.231857543      0.6159287713       0.000000000    
   0.000000000       1.066819926       0.000000000    
   0.000000000       0.000000000       1.058353101    
 
Inverse of matrix :
  0.8117821789     -0.4686826595       0.000000000    
   0.000000000      0.9373653190       0.000000000    
   0.000000000       0.000000000      0.9448642416    
 
Brillouin zone volume :    1.390856077    
