 
+----------------------------+
| Real-space lattice vectors |
+----------------------------+
 
vector a1 :    4.979057174      -2.874660000       0.000000000    
vector a2 :    0.000000000       5.749320000       0.000000000    
vector a3 :    0.000000000       0.000000000       6.801445560    
 
Stored column-wise as a matrix :
   4.979057174       0.000000000       0.000000000    
  -2.874660000       5.749320000       0.000000000    
   0.000000000       0.000000000       6.801445560    
 
Inverse of matrix :
  0.2008412366       0.000000000       0.000000000    
  0.1004206183      0.1739336130       0.000000000    
   0.000000000       0.000000000      0.1470275681    
 
Unit cell volume :    194.6994932    
 
 
+----------------------------------+
| Reciprocal-space lattice vectors |
+----------------------------------+
 
vector b1 :    1.261922707       0.000000000       0.000000000    
vector b2 :   0.6309613534       1.092857122       0.000000000    
vector b3 :    0.000000000       0.000000000      0.9238014554    
 
Stored column-wise as a matrix :
   1.261922707      0.6309613534       0.000000000    
   0.000000000       1.092857122       0.000000000    
   0.000000000       0.000000000      0.9238014554    
 
Inverse of matrix :
  0.7924415613     -0.4575163487       0.000000000    
   0.000000000      0.9150326974       0.000000000    
   0.000000000       0.000000000       1.082483681    
 
Brillouin zone volume :    1.274015712    
