 
+----------------------------+
| Real-space lattice vectors |
+----------------------------+
 
vector a1 :    4.749404558      -2.742070000       0.000000000    
vector a2 :    0.000000000       5.484140000       0.000000000    
vector a3 :    0.000000000       0.000000000       6.251919600    
 
Stored column-wise as a matrix :
   4.749404558       0.000000000       0.000000000    
  -2.742070000       5.484140000       0.000000000    
   0.000000000       0.000000000       6.251919600    
 
Inverse of matrix :
  0.2105527099       0.000000000       0.000000000    
  0.1052763549      0.1823439956       0.000000000    
   0.000000000       0.000000000      0.1599508733    
 
Unit cell volume :    162.8399956    
 
 
+----------------------------------+
| Reciprocal-space lattice vectors |
+----------------------------------+
 
vector b1 :    1.322941693       0.000000000       0.000000000    
vector b2 :   0.6614708466       1.145701114       0.000000000    
vector b3 :    0.000000000       0.000000000       1.005000977    
 
Stored column-wise as a matrix :
   1.322941693      0.6614708466       0.000000000    
   0.000000000       1.145701114       0.000000000    
   0.000000000       0.000000000       1.005000977    
 
Inverse of matrix :
  0.7558912121     -0.4364139948       0.000000000    
   0.000000000      0.8728279896       0.000000000    
   0.000000000       0.000000000      0.9950239082    
 
Brillouin zone volume :    1.523275731    
