 
+----------------------------+
| Real-space lattice vectors |
+----------------------------+
 
vector a1 :    5.044788503      -2.912610000       0.000000000    
vector a2 :    0.000000000       5.825220000       0.000000000    
vector a3 :    0.000000000       0.000000000       6.384441120    
 
Stored column-wise as a matrix :
   5.044788503       0.000000000       0.000000000    
  -2.912610000       5.825220000       0.000000000    
   0.000000000       0.000000000       6.384441120    
 
Inverse of matrix :
  0.1982243655       0.000000000       0.000000000    
  0.9911218275E-01  0.1716673362       0.000000000    
   0.000000000       0.000000000      0.1566307812    
 
Unit cell volume :    187.6195896    
 
 
+----------------------------------+
| Reciprocal-space lattice vectors |
+----------------------------------+
 
vector b1 :    1.245480421       0.000000000       0.000000000    
vector b2 :   0.6227402104       1.078617684       0.000000000    
vector b3 :    0.000000000       0.000000000      0.9841402229    
 
Stored column-wise as a matrix :
   1.245480421      0.6227402104       0.000000000    
   0.000000000       1.078617684       0.000000000    
   0.000000000       0.000000000      0.9841402229    
 
Inverse of matrix :
  0.8029030270     -0.4635562788       0.000000000    
   0.000000000      0.9271125576       0.000000000    
   0.000000000       0.000000000       1.016115363    
 
Brillouin zone volume :    1.322091227    
