 
+----------------------------+
| Real-space lattice vectors |
+----------------------------+
 
vector a1 :    4.724896039      -2.727920000       0.000000000    
vector a2 :    0.000000000       5.455840000       0.000000000    
vector a3 :    0.000000000       0.000000000       6.454258720    
 
Stored column-wise as a matrix :
   4.724896039       0.000000000       0.000000000    
  -2.727920000       5.455840000       0.000000000    
   0.000000000       0.000000000       6.454258720    
 
Inverse of matrix :
  0.2116448683       0.000000000       0.000000000    
  0.1058224342      0.1832898325       0.000000000    
   0.000000000       0.000000000      0.1549364603    
 
Unit cell volume :    166.3796679    
 
 
+----------------------------------+
| Reciprocal-space lattice vectors |
+----------------------------------+
 
vector b1 :    1.329803927       0.000000000       0.000000000    
vector b2 :   0.6649019635       1.151643983       0.000000000    
vector b3 :    0.000000000       0.000000000      0.9734944910    
 
Stored column-wise as a matrix :
   1.329803927      0.6649019635       0.000000000    
   0.000000000       1.151643983       0.000000000    
   0.000000000       0.000000000      0.9734944910    
 
Inverse of matrix :
  0.7519905602     -0.4341619524       0.000000000    
   0.000000000      0.8683239047       0.000000000    
   0.000000000       0.000000000       1.027227179    
 
Brillouin zone volume :    1.490868546    
