 
+----------------------------+
| Real-space lattice vectors |
+----------------------------+
 
vector a1 :    5.087734702      -2.937405000       0.000000000    
vector a2 :    0.000000000       5.874810000       0.000000000    
vector a3 :    0.000000000       0.000000000       5.921808480    
 
Stored column-wise as a matrix :
   5.087734702       0.000000000       0.000000000    
  -2.937405000       5.874810000       0.000000000    
   0.000000000       0.000000000       5.921808480    
 
Inverse of matrix :
  0.1965511290       0.000000000       0.000000000    
  0.9827556452E-01  0.1702182709       0.000000000    
   0.000000000       0.000000000      0.1688673322    
 
Unit cell volume :    176.9997448    
 
 
+----------------------------------+
| Reciprocal-space lattice vectors |
+----------------------------------+
 
vector b1 :    1.234967166       0.000000000       0.000000000    
vector b2 :   0.6174835830       1.069512939       0.000000000    
vector b3 :    0.000000000       0.000000000       1.061024741    
 
Stored column-wise as a matrix :
   1.234967166      0.6174835830       0.000000000    
   0.000000000       1.069512939       0.000000000    
   0.000000000       0.000000000       1.061024741    
 
Inverse of matrix :
  0.8097381270     -0.4675025256       0.000000000    
   0.000000000      0.9350050512       0.000000000    
   0.000000000       0.000000000      0.9424850916    
 
Brillouin zone volume :    1.401415656    
