 
+----------------------------+
| Real-space lattice vectors |
+----------------------------+
 
vector a1 :    4.819682519      -2.782645000       0.000000000    
vector a2 :    0.000000000       5.565290000       0.000000000    
vector a3 :    0.000000000       0.000000000       6.466866980    
 
Stored column-wise as a matrix :
   4.819682519       0.000000000       0.000000000    
  -2.782645000       5.565290000       0.000000000    
   0.000000000       0.000000000       6.466866980    
 
Inverse of matrix :
  0.2074825460       0.000000000       0.000000000    
  0.1037412730      0.1796851557       0.000000000    
   0.000000000       0.000000000      0.1546343853    
 
Unit cell volume :    173.4603263    
 
 
+----------------------------------+
| Reciprocal-space lattice vectors |
+----------------------------------+
 
vector b1 :    1.303651284       0.000000000       0.000000000    
vector b2 :   0.6518256422       1.128995130       0.000000000    
vector b3 :    0.000000000       0.000000000      0.9715964974    
 
Stored column-wise as a matrix :
   1.303651284      0.6518256422       0.000000000    
   0.000000000       1.128995130       0.000000000    
   0.000000000       0.000000000      0.9715964974    
 
Inverse of matrix :
  0.7670762971     -0.4428717066       0.000000000    
   0.000000000      0.8857434132       0.000000000    
   0.000000000       0.000000000       1.029233846    
 
Brillouin zone volume :    1.430011223    
