 
+----------------------------+
| Real-space lattice vectors |
+----------------------------+
 
vector a1 :    5.154687126      -2.976060000       0.000000000    
vector a2 :    0.000000000       5.952120000       0.000000000    
vector a3 :    0.000000000       0.000000000       5.999736960    
 
Stored column-wise as a matrix :
   5.154687126       0.000000000       0.000000000    
  -2.976060000       5.952120000       0.000000000    
   0.000000000       0.000000000       5.999736960    
 
Inverse of matrix :
  0.1939981953       0.000000000       0.000000000    
  0.9699909766E-01  0.1680073654       0.000000000    
   0.000000000       0.000000000      0.1666739737    
 
Unit cell volume :    184.0798276    
 
 
+----------------------------------+
| Reciprocal-space lattice vectors |
+----------------------------------+
 
vector b1 :    1.218926611       0.000000000       0.000000000    
vector b2 :   0.6094633053       1.055621410       0.000000000    
vector b3 :    0.000000000       0.000000000       1.047243462    
 
Stored column-wise as a matrix :
   1.218926611      0.6094633053       0.000000000    
   0.000000000       1.055621410       0.000000000    
   0.000000000       0.000000000       1.047243462    
 
Inverse of matrix :
  0.8203939363     -0.4736546599       0.000000000    
   0.000000000      0.9473093199       0.000000000    
   0.000000000       0.000000000      0.9548877944    
 
Brillouin zone volume :    1.347514373    
