 
+----------------------------+
| Real-space lattice vectors |
+----------------------------+
 
vector a1 :    5.064005606      -2.923705000       0.000000000    
vector a2 :    0.000000000       5.847410000       0.000000000    
vector a3 :    0.000000000       0.000000000       6.022832300    
 
Stored column-wise as a matrix :
   5.064005606       0.000000000       0.000000000    
  -2.923705000       5.847410000       0.000000000    
   0.000000000       0.000000000       6.022832300    
 
Inverse of matrix :
  0.1974721352       0.000000000       0.000000000    
  0.9873606762E-01  0.1710158857       0.000000000    
   0.000000000       0.000000000      0.1660348405    
 
Unit cell volume :    178.3439966    
 
 
+----------------------------------+
| Reciprocal-space lattice vectors |
+----------------------------------+
 
vector b1 :    1.240754019       0.000000000       0.000000000    
vector b2 :   0.6203770094       1.074524500       0.000000000    
vector b3 :    0.000000000       0.000000000       1.043227670    
 
Stored column-wise as a matrix :
   1.240754019      0.6203770094       0.000000000    
   0.000000000       1.074524500       0.000000000    
   0.000000000       0.000000000       1.043227670    
 
Inverse of matrix :
  0.8059615241     -0.4653221029       0.000000000    
   0.000000000      0.9306442058       0.000000000    
   0.000000000       0.000000000      0.9585635320    
 
Brillouin zone volume :    1.390852612    
