 
+----------------------------+
| Real-space lattice vectors |
+----------------------------+
 
vector a1 :    4.804596357      -2.773935000       0.000000000    
vector a2 :    0.000000000       5.547870000       0.000000000    
vector a3 :    0.000000000       0.000000000       6.690731220    
 
Stored column-wise as a matrix :
   4.804596357       0.000000000       0.000000000    
  -2.773935000       5.547870000       0.000000000    
   0.000000000       0.000000000       6.690731220    
 
Inverse of matrix :
  0.2081340295       0.000000000       0.000000000    
  0.1040670148      0.1802493570       0.000000000    
   0.000000000       0.000000000      0.1494604950    
 
Unit cell volume :    178.3432872    
 
 
+----------------------------------+
| Reciprocal-space lattice vectors |
+----------------------------------+
 
vector b1 :    1.307744676       0.000000000       0.000000000    
vector b2 :   0.6538723381       1.132540111       0.000000000    
vector b3 :    0.000000000       0.000000000      0.9390879861    
 
Stored column-wise as a matrix :
   1.307744676      0.6538723381       0.000000000    
   0.000000000       1.132540111       0.000000000    
   0.000000000       0.000000000      0.9390879861    
 
Inverse of matrix :
  0.7646752598     -0.4414854671       0.000000000    
   0.000000000      0.8829709341       0.000000000    
   0.000000000       0.000000000       1.064862947    
 
Brillouin zone volume :    1.390858144    
