 
+----------------------------+
| Real-space lattice vectors |
+----------------------------+
 
vector a1 :    4.947412606      -2.856390000       0.000000000    
vector a2 :    0.000000000       5.712780000       0.000000000    
vector a3 :    0.000000000       0.000000000       6.638250360    
 
Stored column-wise as a matrix :
   4.947412606       0.000000000       0.000000000    
  -2.856390000       5.712780000       0.000000000    
   0.000000000       0.000000000       6.638250360    
 
Inverse of matrix :
  0.2021258544       0.000000000       0.000000000    
  0.1010629272      0.1750461247       0.000000000    
   0.000000000       0.000000000      0.1506421038    
 
Unit cell volume :    187.6200549    
 
 
+----------------------------------+
| Reciprocal-space lattice vectors |
+----------------------------------+
 
vector b1 :    1.269994198       0.000000000       0.000000000    
vector b2 :   0.6349970992       1.099847239       0.000000000    
vector b3 :    0.000000000       0.000000000      0.9465122534    
 
Stored column-wise as a matrix :
   1.269994198      0.6349970992       0.000000000    
   0.000000000       1.099847239       0.000000000    
   0.000000000       0.000000000      0.9465122534    
 
Inverse of matrix :
  0.7874051718     -0.4546085879       0.000000000    
   0.000000000      0.9092171758       0.000000000    
   0.000000000       0.000000000       1.056510358    
 
Brillouin zone volume :    1.322087948    
