 
+----------------------------+
| Real-space lattice vectors |
+----------------------------+
 
vector a1 :    4.846745813      -2.798270000       0.000000000    
vector a2 :    0.000000000       5.596540000       0.000000000    
vector a3 :    0.000000000       0.000000000       6.133807840    
 
Stored column-wise as a matrix :
   4.846745813       0.000000000       0.000000000    
  -2.798270000       5.596540000       0.000000000    
   0.000000000       0.000000000       6.133807840    
 
Inverse of matrix :
  0.2063240035       0.000000000       0.000000000    
  0.1031620017      0.1786818284       0.000000000    
   0.000000000       0.000000000      0.1630308653    
 
Unit cell volume :    166.3795795    
 
 
+----------------------------------+
| Reciprocal-space lattice vectors |
+----------------------------------+
 
vector b1 :    1.296371947       0.000000000       0.000000000    
vector b2 :   0.6481859736       1.122691039       0.000000000    
vector b3 :    0.000000000       0.000000000       1.024353138    
 
Stored column-wise as a matrix :
   1.296371947      0.6481859736       0.000000000    
   0.000000000       1.122691039       0.000000000    
   0.000000000       0.000000000       1.024353138    
 
Inverse of matrix :
  0.7713835541     -0.4453585026       0.000000000    
   0.000000000      0.8907170052       0.000000000    
   0.000000000       0.000000000      0.9762258377    
 
Brillouin zone volume :    1.490869338    
