 
+----------------------------+
| Real-space lattice vectors |
+----------------------------+
 
vector a1 :    4.777004788      -2.758005000       0.000000000    
vector a2 :    0.000000000       5.516010000       0.000000000    
vector a3 :    0.000000000       0.000000000       6.045546960    
 
Stored column-wise as a matrix :
   4.777004788       0.000000000       0.000000000    
  -2.758005000       5.516010000       0.000000000    
   0.000000000       0.000000000       6.045546960    
 
Inverse of matrix :
  0.2093361938       0.000000000       0.000000000    
  0.1046680969      0.1812904618       0.000000000    
   0.000000000       0.000000000      0.1654110053    
 
Unit cell volume :    159.3001997    
 
 
+----------------------------------+
| Reciprocal-space lattice vectors |
+----------------------------------+
 
vector b1 :    1.315298097       0.000000000       0.000000000    
vector b2 :   0.6576490486       1.139081566       0.000000000    
vector b3 :    0.000000000       0.000000000       1.039307998    
 
Stored column-wise as a matrix :
   1.315298097      0.6576490486       0.000000000    
   0.000000000       1.139081566       0.000000000    
   0.000000000       0.000000000       1.039307998    
 
Inverse of matrix :
  0.7602839251     -0.4389501288       0.000000000    
   0.000000000      0.8779002576       0.000000000    
   0.000000000       0.000000000      0.9621786824    
 
Brillouin zone volume :    1.557124309    
