   53.0120000000000       -1366.45213160538     
   53.0240000000000       -1366.45214955793     
   53.0360000000000       -1366.45216746591     
   53.0480000000000       -1366.45218532939     
   53.0600000000000       -1366.45220314842     
   53.0720000000000       -1366.45222092304     
   53.0840000000000       -1366.45223865331     
   53.0960000000000       -1366.45225633928     
   53.1080000000000       -1366.45227398100     
   53.1200000000000       -1366.45229157853     
   53.1320000000000       -1366.45230913192     
   53.1440000000000       -1366.45232664121     
   53.1560000000000       -1366.45234410646     
   53.1680000000000       -1366.45236152772     
   53.1800000000000       -1366.45237890505     
   53.1920000000000       -1366.45239623849     
   53.2040000000000       -1366.45241352809     
   53.2160000000000       -1366.45243077391     
   53.2280000000000       -1366.45244797599     
   53.2400000000000       -1366.45246513439     
   53.2520000000000       -1366.45248224916     
   53.2640000000000       -1366.45249932035     
   53.2760000000000       -1366.45251634801     
   53.2880000000000       -1366.45253333219     
   53.3000000000000       -1366.45255027294     
   53.3120000000000       -1366.45256717031     
   53.3240000000000       -1366.45258402436     
   53.3360000000000       -1366.45260083513     
   53.3480000000000       -1366.45261760267     
   53.3600000000000       -1366.45263432703     
   53.3720000000000       -1366.45265100827     
   53.3840000000000       -1366.45266764643     
   53.3960000000000       -1366.45268424157     
   53.4080000000000       -1366.45270079373     
   53.4200000000000       -1366.45271730296     
   53.4320000000000       -1366.45273376932     
   53.4440000000000       -1366.45275019285     
   53.4560000000000       -1366.45276657360     
   53.4680000000000       -1366.45278291162     
   53.4800000000000       -1366.45279920697     
   53.4920000000000       -1366.45281545968     
   53.5040000000000       -1366.45283166982     
   53.5160000000000       -1366.45284783743     
   53.5280000000000       -1366.45286396256     
   53.5400000000000       -1366.45288004525     
   53.5520000000000       -1366.45289608557     
   53.5640000000000       -1366.45291208355     
   53.5760000000000       -1366.45292803924     
   53.5880000000000       -1366.45294395270     
   53.6000000000000       -1366.45295982398     
   53.6120000000000       -1366.45297565311     
   53.6240000000000       -1366.45299144016     
   53.6360000000000       -1366.45300718517     
   53.6480000000000       -1366.45302288818     
   53.6600000000000       -1366.45303854926     
   53.6720000000000       -1366.45305416843     
   53.6840000000000       -1366.45306974577     
   53.6960000000000       -1366.45308528130     
   53.7080000000000       -1366.45310077508     
   53.7200000000000       -1366.45311622716     
   53.7320000000000       -1366.45313163759     
   53.7440000000000       -1366.45314700641     
   53.7560000000000       -1366.45316233368     
   53.7680000000000       -1366.45317761943     
   53.7800000000000       -1366.45319286372     
   53.7920000000000       -1366.45320806660     
   53.8040000000000       -1366.45322322811     
   53.8160000000000       -1366.45323834830     
   53.8280000000000       -1366.45325342723     
   53.8400000000000       -1366.45326846492     
   53.8520000000000       -1366.45328346144     
   53.8640000000000       -1366.45329841684     
   53.8760000000000       -1366.45331333115     
   53.8880000000000       -1366.45332820442     
   53.9000000000000       -1366.45334303671     
   53.9120000000000       -1366.45335782806     
   53.9240000000000       -1366.45337257852     
   53.9360000000000       -1366.45338728812     
   53.9480000000000       -1366.45340195693     
   53.9600000000000       -1366.45341658499     
   53.9720000000000       -1366.45343117234     
   53.9840000000000       -1366.45344571903     
   53.9960000000000       -1366.45346022511     
   54.0080000000000       -1366.45347469063     
   54.0200000000000       -1366.45348911562     
   54.0320000000000       -1366.45350350014     
   54.0440000000000       -1366.45351784424     
   54.0560000000000       -1366.45353214795     
   54.0680000000000       -1366.45354641133     
   54.0800000000000       -1366.45356063442     
   54.0920000000000       -1366.45357481728     
   54.1040000000000       -1366.45358895993     
   54.1160000000000       -1366.45360306244     
   54.1280000000000       -1366.45361712484     
   54.1400000000000       -1366.45363114718     
   54.1520000000000       -1366.45364512951     
   54.1640000000000       -1366.45365907188     
   54.1760000000000       -1366.45367297432     
   54.1880000000000       -1366.45368683690     
   54.2000000000000       -1366.45370065964     
   54.2120000000000       -1366.45371444259     
   54.2240000000000       -1366.45372818581     
   54.2360000000000       -1366.45374188933     
   54.2480000000000       -1366.45375555321     
   54.2600000000000       -1366.45376917748     
   54.2720000000000       -1366.45378276220     
   54.2840000000000       -1366.45379630740     
   54.2960000000000       -1366.45380981314     
   54.3080000000000       -1366.45382327945     
   54.3200000000000       -1366.45383670639     
   54.3320000000000       -1366.45385009399     
   54.3440000000000       -1366.45386344231     
   54.3560000000000       -1366.45387675138     
   54.3680000000000       -1366.45389002125     
   54.3800000000000       -1366.45390325197     
   54.3920000000000       -1366.45391644358     
   54.4040000000000       -1366.45392959613     
   54.4160000000000       -1366.45394270965     
   54.4280000000000       -1366.45395578420     
   54.4400000000000       -1366.45396881982     
   54.4520000000000       -1366.45398181654     
   54.4640000000000       -1366.45399477443     
   54.4760000000000       -1366.45400769352     
   54.4880000000000       -1366.45402057385     
   54.5000000000000       -1366.45403341547     
   54.5120000000000       -1366.45404621842     
   54.5240000000000       -1366.45405898275     
   54.5360000000000       -1366.45407170849     
   54.5480000000000       -1366.45408439571     
   54.5600000000000       -1366.45409704443     
   54.5720000000000       -1366.45410965470     
   54.5840000000000       -1366.45412222657     
   54.5960000000000       -1366.45413476007     
   54.6080000000000       -1366.45414725526     
   54.6200000000000       -1366.45415971217     
   54.6320000000000       -1366.45417213085     
   54.6440000000000       -1366.45418451134     
   54.6560000000000       -1366.45419685369     
   54.6680000000000       -1366.45420915794     
   54.6800000000000       -1366.45422142413     
   54.6920000000000       -1366.45423365230     
   54.7040000000000       -1366.45424584250     
   54.7160000000000       -1366.45425799476     
   54.7280000000000       -1366.45427010915     
   54.7400000000000       -1366.45428218568     
   54.7520000000000       -1366.45429422442     
   54.7640000000000       -1366.45430622540     
   54.7760000000000       -1366.45431818866     
   54.7880000000000       -1366.45433011425     
   54.8000000000000       -1366.45434200220     
   54.8120000000000       -1366.45435385257     
   54.8240000000000       -1366.45436566539     
   54.8360000000000       -1366.45437744071     
   54.8480000000000       -1366.45438917857     
   54.8600000000000       -1366.45440087901     
   54.8720000000000       -1366.45441254207     
   54.8840000000000       -1366.45442416779     
   54.8960000000000       -1366.45443575622     
   54.9080000000000       -1366.45444730740     
   54.9200000000000       -1366.45445882137     
   54.9320000000000       -1366.45447029817     
   54.9440000000000       -1366.45448173785     
   54.9560000000000       -1366.45449314045     
   54.9680000000000       -1366.45450450600     
   54.9800000000000       -1366.45451583455     
   54.9920000000000       -1366.45452712614     
   55.0040000000000       -1366.45453838081     
   55.0160000000000       -1366.45454959861     
   55.0280000000000       -1366.45456077958     
   55.0400000000000       -1366.45457192375     
   55.0520000000000       -1366.45458303117     
   55.0640000000000       -1366.45459410188     
   55.0760000000000       -1366.45460513591     
   55.0880000000000       -1366.45461613332     
   55.1000000000000       -1366.45462709415     
   55.1120000000000       -1366.45463801842     
   55.1240000000000       -1366.45464890620     
   55.1360000000000       -1366.45465975750     
   55.1480000000000       -1366.45467057239     
   55.1600000000000       -1366.45468135089     
   55.1720000000000       -1366.45469209304     
   55.1840000000000       -1366.45470279890     
   55.1960000000000       -1366.45471346850     
   55.2080000000000       -1366.45472410187     
   55.2200000000000       -1366.45473469907     
   55.2320000000000       -1366.45474526013     
   55.2440000000000       -1366.45475578509     
   55.2560000000000       -1366.45476627399     
   55.2680000000000       -1366.45477672687     
   55.2800000000000       -1366.45478714377     
   55.2920000000000       -1366.45479752474     
   55.3040000000000       -1366.45480786981     
   55.3160000000000       -1366.45481817902     
   55.3280000000000       -1366.45482845241     
   55.3400000000000       -1366.45483869003     
   55.3520000000000       -1366.45484889191     
   55.3640000000000       -1366.45485905809     
   55.3760000000000       -1366.45486918861     
   55.3880000000000       -1366.45487928352     
   55.4000000000000       -1366.45488934284     
   55.4120000000000       -1366.45489936663     
   55.4240000000000       -1366.45490935492     
   55.4360000000000       -1366.45491930774     
   55.4480000000000       -1366.45492922515     
   55.4600000000000       -1366.45493910718     
   55.4720000000000       -1366.45494895387     
   55.4840000000000       -1366.45495876525     
   55.4960000000000       -1366.45496854137     
   55.5080000000000       -1366.45497828227     
   55.5200000000000       -1366.45498798798     
   55.5320000000000       -1366.45499765855     
   55.5440000000000       -1366.45500729401     
   55.5560000000000       -1366.45501689440     
   55.5680000000000       -1366.45502645977     
   55.5800000000000       -1366.45503599014     
   55.5920000000000       -1366.45504548557     
   55.6040000000000       -1366.45505494608     
   55.6160000000000       -1366.45506437172     
   55.6280000000000       -1366.45507376253     
   55.6400000000000       -1366.45508311854     
   55.6520000000000       -1366.45509243979     
   55.6640000000000       -1366.45510172633     
   55.6760000000000       -1366.45511097818     
   55.6880000000000       -1366.45512019540     
   55.7000000000000       -1366.45512937801     
   55.7120000000000       -1366.45513852605     
   55.7240000000000       -1366.45514763957     
   55.7360000000000       -1366.45515671860     
   55.7480000000000       -1366.45516576318     
   55.7600000000000       -1366.45517477334     
   55.7720000000000       -1366.45518374914     
   55.7840000000000       -1366.45519269060     
   55.7960000000000       -1366.45520159775     
   55.8080000000000       -1366.45521047065     
   55.8200000000000       -1366.45521930933     
   55.8320000000000       -1366.45522811382     
   55.8440000000000       -1366.45523688417     
   55.8560000000000       -1366.45524562040     
   55.8680000000000       -1366.45525432257     
   55.8800000000000       -1366.45526299070     
   55.8920000000000       -1366.45527162484     
   55.9040000000000       -1366.45528022501     
   55.9160000000000       -1366.45528879127     
   55.9280000000000       -1366.45529732364     
   55.9400000000000       -1366.45530582217     
   55.9520000000000       -1366.45531428688     
   55.9640000000000       -1366.45532271783     
   55.9760000000000       -1366.45533111504     
   55.9880000000000       -1366.45533947855     
   56.0000000000000       -1366.45534780840     
   56.0120000000000       -1366.45535610463     
   56.0240000000000       -1366.45536436727     
   56.0360000000000       -1366.45537259637     
   56.0480000000000       -1366.45538079195     
   56.0600000000000       -1366.45538895406     
   56.0720000000000       -1366.45539708272     
   56.0840000000000       -1366.45540517799     
   56.0960000000000       -1366.45541323989     
   56.1080000000000       -1366.45542126846     
   56.1200000000000       -1366.45542926374     
   56.1320000000000       -1366.45543722576     
   56.1440000000000       -1366.45544515457     
   56.1560000000000       -1366.45545305019     
   56.1680000000000       -1366.45546091267     
   56.1800000000000       -1366.45546874204     
   56.1920000000000       -1366.45547653834     
   56.2040000000000       -1366.45548430159     
   56.2160000000000       -1366.45549203185     
   56.2280000000000       -1366.45549972915     
   56.2400000000000       -1366.45550739351     
   56.2520000000000       -1366.45551502498     
   56.2640000000000       -1366.45552262360     
   56.2760000000000       -1366.45553018940     
   56.2880000000000       -1366.45553772241     
   56.3000000000000       -1366.45554522267     
   56.3120000000000       -1366.45555269023     
   56.3240000000000       -1366.45556012510     
   56.3360000000000       -1366.45556752734     
   56.3480000000000       -1366.45557489696     
   56.3600000000000       -1366.45558223402     
   56.3720000000000       -1366.45558953855     
   56.3840000000000       -1366.45559681058     
   56.3960000000000       -1366.45560405014     
   56.4080000000000       -1366.45561125728     
   56.4200000000000       -1366.45561843203     
   56.4320000000000       -1366.45562557441     
   56.4440000000000       -1366.45563268448     
   56.4560000000000       -1366.45563976227     
   56.4680000000000       -1366.45564680780     
   56.4800000000000       -1366.45565382111     
   56.4920000000000       -1366.45566080225     
   56.5040000000000       -1366.45566775124     
   56.5160000000000       -1366.45567466812     
   56.5280000000000       -1366.45568155293     
   56.5400000000000       -1366.45568840569     
   56.5520000000000       -1366.45569522645     
   56.5640000000000       -1366.45570201524     
   56.5760000000000       -1366.45570877210     
   56.5880000000000       -1366.45571549705     
   56.6000000000000       -1366.45572219014     
   56.6120000000000       -1366.45572885139     
   56.6240000000000       -1366.45573548085     
   56.6360000000000       -1366.45574207855     
   56.6480000000000       -1366.45574864452     
   56.6600000000000       -1366.45575517880     
   56.6720000000000       -1366.45576168141     
   56.6840000000000       -1366.45576815241     
   56.6960000000000       -1366.45577459181     
   56.7080000000000       -1366.45578099966     
   56.7200000000000       -1366.45578737599     
   56.7320000000000       -1366.45579372083     
   56.7440000000000       -1366.45580003422     
   56.7560000000000       -1366.45580631619     
   56.7680000000000       -1366.45581256677     
   56.7800000000000       -1366.45581878601     
   56.7920000000000       -1366.45582497393     
   56.8040000000000       -1366.45583113056     
   56.8160000000000       -1366.45583725595     
   56.8280000000000       -1366.45584335012     
   56.8400000000000       -1366.45584941311     
   56.8520000000000       -1366.45585544496     
   56.8640000000000       -1366.45586144569     
   56.8760000000000       -1366.45586741534     
   56.8880000000000       -1366.45587335395     
   56.9000000000000       -1366.45587926154     
   56.9120000000000       -1366.45588513816     
   56.9240000000000       -1366.45589098383     
   56.9360000000000       -1366.45589679858     
   56.9480000000000       -1366.45590258246     
   56.9600000000000       -1366.45590833550     
   56.9720000000000       -1366.45591405772     
   56.9840000000000       -1366.45591974917     
   56.9960000000000       -1366.45592540987     
   57.0080000000000       -1366.45593103985     
   57.0200000000000       -1366.45593663916     
   57.0320000000000       -1366.45594220783     
   57.0440000000000       -1366.45594774588     
   57.0560000000000       -1366.45595325335     
   57.0680000000000       -1366.45595873028     
   57.0800000000000       -1366.45596417669     
   57.0920000000000       -1366.45596959262     
   57.1040000000000       -1366.45597497811     
   57.1160000000000       -1366.45598033318     
   57.1280000000000       -1366.45598565786     
   57.1400000000000       -1366.45599095220     
   57.1520000000000       -1366.45599621622     
   57.1640000000000       -1366.45600144996     
   57.1760000000000       -1366.45600665345     
   57.1880000000000       -1366.45601182672     
   57.2000000000000       -1366.45601696980     
   57.2120000000000       -1366.45602208273     
   57.2240000000000       -1366.45602716554     
   57.2360000000000       -1366.45603221826     
   57.2480000000000       -1366.45603724092     
   57.2600000000000       -1366.45604223356     
   57.2720000000000       -1366.45604719620     
   57.2840000000000       -1366.45605212889     
   57.2960000000000       -1366.45605703165     
   57.3080000000000       -1366.45606190451     
   57.3200000000000       -1366.45606674752     
   57.3320000000000       -1366.45607156069     
   57.3440000000000       -1366.45607634406     
   57.3560000000000       -1366.45608109766     
   57.3680000000000       -1366.45608582153     
   57.3800000000000       -1366.45609051570     
   57.3920000000000       -1366.45609518019     
   57.4040000000000       -1366.45609981505     
   57.4160000000000       -1366.45610442030     
   57.4280000000000       -1366.45610899597     
   57.4400000000000       -1366.45611354210     
   57.4520000000000       -1366.45611805871     
   57.4640000000000       -1366.45612254585     
   57.4760000000000       -1366.45612700353     
   57.4880000000000       -1366.45613143180     
   57.5000000000000       -1366.45613583068     
   57.5120000000000       -1366.45614020021     
   57.5240000000000       -1366.45614454041     
   57.5360000000000       -1366.45614885132     
   57.5480000000000       -1366.45615313297     
   57.5600000000000       -1366.45615738539     
   57.5720000000000       -1366.45616160861     
   57.5840000000000       -1366.45616580267     
   57.5960000000000       -1366.45616996759     
   57.6080000000000       -1366.45617410340     
   57.6200000000000       -1366.45617821014     
   57.6320000000000       -1366.45618228784     
   57.6440000000000       -1366.45618633653     
   57.6560000000000       -1366.45619035624     
   57.6680000000000       -1366.45619434699     
   57.6800000000000       -1366.45619830883     
   57.6920000000000       -1366.45620224178     
   57.7040000000000       -1366.45620614588     
   57.7160000000000       -1366.45621002114     
   57.7280000000000       -1366.45621386762     
   57.7400000000000       -1366.45621768532     
   57.7520000000000       -1366.45622147430     
   57.7640000000000       -1366.45622523457     
   57.7760000000000       -1366.45622896616     
   57.7880000000000       -1366.45623266912     
   57.8000000000000       -1366.45623634346     
   57.8120000000000       -1366.45623998922     
   57.8240000000000       -1366.45624360643     
   57.8360000000000       -1366.45624719512     
   57.8480000000000       -1366.45625075532     
   57.8600000000000       -1366.45625428706     
   57.8720000000000       -1366.45625779037     
   57.8840000000000       -1366.45626126528     
   57.8960000000000       -1366.45626471182     
   57.9080000000000       -1366.45626813002     
   57.9200000000000       -1366.45627151991     
   57.9320000000000       -1366.45627488152     
   57.9440000000000       -1366.45627821489     
   57.9560000000000       -1366.45628152003     
   57.9680000000000       -1366.45628479699     
   57.9800000000000       -1366.45628804579     
   57.9920000000000       -1366.45629126646     
   58.0040000000000       -1366.45629445903     
   58.0160000000000       -1366.45629762353     
   58.0280000000000       -1366.45630075999     
   58.0400000000000       -1366.45630386843     
   58.0520000000000       -1366.45630694890     
   58.0640000000000       -1366.45631000142     
   58.0760000000000       -1366.45631302602     
   58.0880000000000       -1366.45631602273     
   58.1000000000000       -1366.45631899157     
   58.1120000000000       -1366.45632193258     
   58.1240000000000       -1366.45632484579     
   58.1360000000000       -1366.45632773123     
   58.1480000000000       -1366.45633058892     
   58.1600000000000       -1366.45633341889     
   58.1720000000000       -1366.45633622119     
   58.1840000000000       -1366.45633899582     
   58.1960000000000       -1366.45634174283     
   58.2080000000000       -1366.45634446224     
   58.2200000000000       -1366.45634715408     
   58.2320000000000       -1366.45634981838     
   58.2440000000000       -1366.45635245517     
   58.2560000000000       -1366.45635506448     
   58.2680000000000       -1366.45635764634     
   58.2800000000000       -1366.45636020078     
   58.2920000000000       -1366.45636272782     
   58.3040000000000       -1366.45636522749     
   58.3160000000000       -1366.45636769983     
   58.3280000000000       -1366.45637014486     
   58.3400000000000       -1366.45637256261     
   58.3520000000000       -1366.45637495312     
   58.3640000000000       -1366.45637731640     
   58.3760000000000       -1366.45637965248     
   58.3880000000000       -1366.45638196141     
   58.4000000000000       -1366.45638424319     
   58.4120000000000       -1366.45638649788     
   58.4240000000000       -1366.45638872548     
   58.4360000000000       -1366.45639092603     
   58.4480000000000       -1366.45639309956     
   58.4600000000000       -1366.45639524610     
   58.4720000000000       -1366.45639736568     
   58.4840000000000       -1366.45639945831     
   58.4960000000000       -1366.45640152404     
   58.5080000000000       -1366.45640356290     
   58.5200000000000       -1366.45640557489     
   58.5320000000000       -1366.45640756007     
   58.5440000000000       -1366.45640951845     
   58.5560000000000       -1366.45641145007     
   58.5680000000000       -1366.45641335494     
   58.5800000000000       -1366.45641523311     
   58.5920000000000       -1366.45641708459     
   58.6040000000000       -1366.45641890942     
   58.6160000000000       -1366.45642070763     
   58.6280000000000       -1366.45642247923     
   58.6400000000000       -1366.45642422426     
   58.6520000000000       -1366.45642594275     
   58.6640000000000       -1366.45642763473     
   58.6760000000000       -1366.45642930022     
   58.6880000000000       -1366.45643093925     
   58.7000000000000       -1366.45643255185     
   58.7120000000000       -1366.45643413804     
   58.7240000000000       -1366.45643569786     
   58.7360000000000       -1366.45643723133     
   58.7480000000000       -1366.45643873847     
   58.7600000000000       -1366.45644021933     
   58.7720000000000       -1366.45644167392     
   58.7840000000000       -1366.45644310227     
   58.7960000000000       -1366.45644450441     
   58.8080000000000       -1366.45644588036     
   58.8200000000000       -1366.45644723016     
   58.8320000000000       -1366.45644855383     
   58.8440000000000       -1366.45644985140     
   58.8560000000000       -1366.45645112289     
   58.8680000000000       -1366.45645236834     
   58.8800000000000       -1366.45645358777     
   58.8920000000000       -1366.45645478120     
   58.9040000000000       -1366.45645594867     
   58.9160000000000       -1366.45645709021     
   58.9280000000000       -1366.45645820583     
   58.9400000000000       -1366.45645929556     
   58.9520000000000       -1366.45646035944     
   58.9640000000000       -1366.45646139749     
   58.9760000000000       -1366.45646240973     
   58.9880000000000       -1366.45646339620     
   59.0000000000000       -1366.45646435692     
   59.0120000000000       -1366.45646529192     
   59.0240000000000       -1366.45646620122     
   59.0360000000000       -1366.45646708485     
   59.0480000000000       -1366.45646794284     
   59.0600000000000       -1366.45646877521     
   59.0720000000000       -1366.45646958200     
   59.0840000000000       -1366.45647036322     
   59.0960000000000       -1366.45647111891     
   59.1080000000000       -1366.45647184908     
   59.1200000000000       -1366.45647255378     
   59.1320000000000       -1366.45647323302     
   59.1440000000000       -1366.45647388683     
   59.1560000000000       -1366.45647451523     
   59.1680000000000       -1366.45647511826     
   59.1800000000000       -1366.45647569594     
   59.1920000000000       -1366.45647624829     
   59.2040000000000       -1366.45647677535     
   59.2160000000000       -1366.45647727714     
   59.2280000000000       -1366.45647775368     
   59.2400000000000       -1366.45647820500     
   59.2520000000000       -1366.45647863113     
   59.2640000000000       -1366.45647903209     
   59.2760000000000       -1366.45647940791     
   59.2880000000000       -1366.45647975862     
   59.3000000000000       -1366.45648008424     
   59.3120000000000       -1366.45648038479     
   59.3240000000000       -1366.45648066031     
   59.3360000000000       -1366.45648091082     
   59.3480000000000       -1366.45648113635     
   59.3600000000000       -1366.45648133691     
   59.3720000000000       -1366.45648151255     
   59.3840000000000       -1366.45648166327     
   59.3960000000000       -1366.45648178912     
   59.4080000000000       -1366.45648189011     
   59.4200000000000       -1366.45648196627     
   59.4320000000000       -1366.45648201762     
   59.4440000000000       -1366.45648204420     
   59.4560000000000       -1366.45648204603     
   59.4680000000000       -1366.45648202313     
   59.4800000000000       -1366.45648197552     
   59.4920000000000       -1366.45648190325     
   59.5040000000000       -1366.45648180632     
   59.5160000000000       -1366.45648168476     
   59.5280000000000       -1366.45648153861     
   59.5400000000000       -1366.45648136788     
   59.5520000000000       -1366.45648117260     
   59.5640000000000       -1366.45648095280     
   59.5760000000000       -1366.45648070851     
   59.5880000000000       -1366.45648043974     
   59.6000000000000       -1366.45648014652     
   59.6120000000000       -1366.45647982888     
   59.6240000000000       -1366.45647948684     
   59.6360000000000       -1366.45647912043     
   59.6480000000000       -1366.45647872968     
   59.6600000000000       -1366.45647831460     
   59.6720000000000       -1366.45647787523     
   59.6840000000000       -1366.45647741158     
   59.6960000000000       -1366.45647692369     
   59.7080000000000       -1366.45647641158     
   59.7200000000000       -1366.45647587527     
   59.7320000000000       -1366.45647531479     
   59.7440000000000       -1366.45647473016     
   59.7560000000000       -1366.45647412141     
   59.7680000000000       -1366.45647348856     
   59.7800000000000       -1366.45647283164     
   59.7920000000000       -1366.45647215067     
   59.8040000000000       -1366.45647144568     
   59.8160000000000       -1366.45647071670     
   59.8280000000000       -1366.45646996374     
   59.8400000000000       -1366.45646918683     
   59.8520000000000       -1366.45646838599     
   59.8640000000000       -1366.45646756126     
   59.8760000000000       -1366.45646671265     
   59.8880000000000       -1366.45646584019     
   59.9000000000000       -1366.45646494391     
   59.9120000000000       -1366.45646402382     
   59.9240000000000       -1366.45646307996     
   59.9360000000000       -1366.45646211234     
   59.9480000000000       -1366.45646112100     
   59.9600000000000       -1366.45646010595     
   59.9720000000000       -1366.45645906722     
   59.9840000000000       -1366.45645800484     
   59.9960000000000       -1366.45645691882     
   60.0080000000000       -1366.45645580920     
   60.0200000000000       -1366.45645467600     
   60.0320000000000       -1366.45645351924     
   60.0440000000000       -1366.45645233894     
   60.0560000000000       -1366.45645113514     
   60.0680000000000       -1366.45644990784     
   60.0800000000000       -1366.45644865709     
   60.0920000000000       -1366.45644738290     
   60.1040000000000       -1366.45644608529     
   60.1160000000000       -1366.45644476429     
   60.1280000000000       -1366.45644341993     
   60.1400000000000       -1366.45644205222     
   60.1520000000000       -1366.45644066120     
   60.1640000000000       -1366.45643924688     
   60.1760000000000       -1366.45643780929     
   60.1880000000000       -1366.45643634846     
   60.2000000000000       -1366.45643486440     
   60.2120000000000       -1366.45643335714     
   60.2240000000000       -1366.45643182671     
   60.2360000000000       -1366.45643027312     
   60.2480000000000       -1366.45642869641     
   60.2600000000000       -1366.45642709659     
   60.2720000000000       -1366.45642547369     
   60.2840000000000       -1366.45642382773     
   60.2960000000000       -1366.45642215874     
   60.3080000000000       -1366.45642046673     
   60.3200000000000       -1366.45641875174     
   60.3320000000000       -1366.45641701379     
   60.3440000000000       -1366.45641525290     
   60.3560000000000       -1366.45641346909     
   60.3680000000000       -1366.45641166238     
   60.3800000000000       -1366.45640983281     
   60.3920000000000       -1366.45640798039     
   60.4040000000000       -1366.45640610514     
   60.4160000000000       -1366.45640420710     
   60.4280000000000       -1366.45640228627     
   60.4400000000000       -1366.45640034270     
   60.4520000000000       -1366.45639837639     
   60.4640000000000       -1366.45639638737     
   60.4760000000000       -1366.45639437567     
   60.4880000000000       -1366.45639234131     
   60.5000000000000       -1366.45639028431     
   60.5120000000000       -1366.45638820470     
   60.5240000000000       -1366.45638610249     
   60.5360000000000       -1366.45638397771     
   60.5480000000000       -1366.45638183039     
   60.5600000000000       -1366.45637966055     
   60.5720000000000       -1366.45637746820     
   60.5840000000000       -1366.45637525337     
   60.5960000000000       -1366.45637301609     
   60.6080000000000       -1366.45637075638     
   60.6200000000000       -1366.45636847426     
   60.6320000000000       -1366.45636616975     
   60.6440000000000       -1366.45636384288     
   60.6560000000000       -1366.45636149366     
   60.6680000000000       -1366.45635912213     
   60.6800000000000       -1366.45635672830     
   60.6920000000000       -1366.45635431220     
   60.7040000000000       -1366.45635187385     
   60.7160000000000       -1366.45634941327     
   60.7280000000000       -1366.45634693048     
   60.7400000000000       -1366.45634442551     
   60.7520000000000       -1366.45634189838     
   60.7640000000000       -1366.45633934911     
   60.7760000000000       -1366.45633677772     
   60.7880000000000       -1366.45633418425     
   60.8000000000000       -1366.45633156870     
   60.8120000000000       -1366.45632893110     
   60.8240000000000       -1366.45632627148     
   60.8360000000000       -1366.45632358985     
   60.8480000000000       -1366.45632088624     
   60.8600000000000       -1366.45631816067     
   60.8720000000000       -1366.45631541316     
   60.8840000000000       -1366.45631264374     
   60.8960000000000       -1366.45630985242     
   60.9080000000000       -1366.45630703923     
   60.9200000000000       -1366.45630420420     
   60.9320000000000       -1366.45630134734     
   60.9440000000000       -1366.45629846867     
   60.9560000000000       -1366.45629556822     
   60.9680000000000       -1366.45629264601     
   60.9800000000000       -1366.45628970206     
   60.9920000000000       -1366.45628673639     
   61.0040000000000       -1366.45628374903     
   61.0160000000000       -1366.45628074000     
   61.0280000000000       -1366.45627770931     
   61.0400000000000       -1366.45627465700     
   61.0520000000000       -1366.45627158307     
   61.0640000000000       -1366.45626848757     
   61.0760000000000       -1366.45626537049     
   61.0880000000000       -1366.45626223188     
   61.1000000000000       -1366.45625907174     
   61.1120000000000       -1366.45625589011     
   61.1240000000000       -1366.45625268700     
   61.1360000000000       -1366.45624946243     
   61.1480000000000       -1366.45624621643     
   61.1600000000000       -1366.45624294902     
   61.1720000000000       -1366.45623966022     
   61.1840000000000       -1366.45623635005     
   61.1960000000000       -1366.45623301853     
   61.2080000000000       -1366.45622966568     
   61.2200000000000       -1366.45622629153     
   61.2320000000000       -1366.45622289609     
   61.2440000000000       -1366.45621947940     
   61.2560000000000       -1366.45621604146     
   61.2680000000000       -1366.45621258230     
   61.2800000000000       -1366.45620910195     
   61.2920000000000       -1366.45620560041     
   61.3040000000000       -1366.45620207773     
   61.3160000000000       -1366.45619853391     
   61.3280000000000       -1366.45619496897     
   61.3400000000000       -1366.45619138295     
   61.3520000000000       -1366.45618777585     
   61.3640000000000       -1366.45618414771     
   61.3760000000000       -1366.45618049853     
   61.3880000000000       -1366.45617682835     
   61.4000000000000       -1366.45617313718     
   61.4120000000000       -1366.45616942505     
   61.4240000000000       -1366.45616569197     
   61.4360000000000       -1366.45616193797     
   61.4480000000000       -1366.45615816307     
   61.4600000000000       -1366.45615436729     
   61.4720000000000       -1366.45615055065     
   61.4840000000000       -1366.45614671317     
   61.4960000000000       -1366.45614285487     
   61.5080000000000       -1366.45613897577     
   61.5200000000000       -1366.45613507589     
   61.5320000000000       -1366.45613115526     
   61.5440000000000       -1366.45612721390     
   61.5560000000000       -1366.45612325182     
   61.5680000000000       -1366.45611926904     
   61.5800000000000       -1366.45611526559     
   61.5920000000000       -1366.45611124150     
   61.6040000000000       -1366.45610719676     
   61.6160000000000       -1366.45610313142     
   61.6280000000000       -1366.45609904549     
   61.6400000000000       -1366.45609493899     
   61.6520000000000       -1366.45609081194     
   61.6640000000000       -1366.45608666436     
   61.6760000000000       -1366.45608249627     
   61.6880000000000       -1366.45607830769     
   61.7000000000000       -1366.45607409865     
   61.7120000000000       -1366.45606986916     
   61.7240000000000       -1366.45606561924     
   61.7360000000000       -1366.45606134892     
   61.7480000000000       -1366.45605705821     
   61.7600000000000       -1366.45605274713     
   61.7720000000000       -1366.45604841572     
   61.7840000000000       -1366.45604406397     
   61.7960000000000       -1366.45603969192     
   61.8080000000000       -1366.45603529959     
   61.8200000000000       -1366.45603088699     
   61.8320000000000       -1366.45602645415     
   61.8440000000000       -1366.45602200109     
   61.8560000000000       -1366.45601752782     
   61.8680000000000       -1366.45601303437     
   61.8800000000000       -1366.45600852076     
   61.8920000000000       -1366.45600398700     
   61.9040000000000       -1366.45599943312     
   61.9160000000000       -1366.45599485913     
   61.9280000000000       -1366.45599026507     
   61.9400000000000       -1366.45598565094     
   61.9520000000000       -1366.45598101676     
   61.9640000000000       -1366.45597636257     
   61.9760000000000       -1366.45597168837     
   61.9880000000000       -1366.45596699419     
   62.0000000000000       -1366.45596228004     
   62.0120000000000       -1366.45595754595     
   62.0240000000000       -1366.45595279194     
   62.0360000000000       -1366.45594801802     
   62.0480000000000       -1366.45594322421     
   62.0600000000000       -1366.45593841055     
   62.0720000000000       -1366.45593357704     
   62.0840000000000       -1366.45592872370     
   62.0960000000000       -1366.45592385056     
   62.1080000000000       -1366.45591895763     
   62.1200000000000       -1366.45591404493     
   62.1320000000000       -1366.45590911249     
   62.1440000000000       -1366.45590416033     
   62.1560000000000       -1366.45589918845     
   62.1680000000000       -1366.45589419689     
   62.1800000000000       -1366.45588918566     
   62.1920000000000       -1366.45588415478     
   62.2040000000000       -1366.45587910427     
   62.2160000000000       -1366.45587403415     
   62.2280000000000       -1366.45586894444     
   62.2400000000000       -1366.45586383516     
   62.2520000000000       -1366.45585870633     
   62.2640000000000       -1366.45585355796     
   62.2760000000000       -1366.45584839009     
   62.2880000000000       -1366.45584320272     
   62.3000000000000       -1366.45583799587     
   62.3120000000000       -1366.45583276957     
   62.3240000000000       -1366.45582752383     
   62.3360000000000       -1366.45582225868     
   62.3480000000000       -1366.45581697413     
   62.3600000000000       -1366.45581167020     
   62.3720000000000       -1366.45580634692     
   62.3840000000000       -1366.45580100429     
   62.3960000000000       -1366.45579564234     
   62.4080000000000       -1366.45579026109     
   62.4200000000000       -1366.45578486056     
   62.4320000000000       -1366.45577944077     
   62.4440000000000       -1366.45577400173     
   62.4560000000000       -1366.45576854346     
   62.4680000000000       -1366.45576306599     
   62.4800000000000       -1366.45575756933     
   62.4920000000000       -1366.45575205351     
   62.5040000000000       -1366.45574651853     
   62.5160000000000       -1366.45574096442     
   62.5280000000000       -1366.45573539120     
   62.5400000000000       -1366.45572979889     
   62.5520000000000       -1366.45572418750     
   62.5640000000000       -1366.45571855706     
   62.5760000000000       -1366.45571290758     
   62.5880000000000       -1366.45570723909     
   62.6000000000000       -1366.45570155159     
   62.6120000000000       -1366.45569584511     
   62.6240000000000       -1366.45569011968     
   62.6360000000000       -1366.45568437530     
   62.6480000000000       -1366.45567861199     
   62.6600000000000       -1366.45567282978     
   62.6720000000000       -1366.45566702868     
   62.6840000000000       -1366.45566120872     
   62.6960000000000       -1366.45565536990     
   62.7080000000000       -1366.45564951226     
   62.7200000000000       -1366.45564363580     
   62.7320000000000       -1366.45563774054     
   62.7440000000000       -1366.45563182651     
   62.7560000000000       -1366.45562589373     
   62.7680000000000       -1366.45561994220     
   62.7800000000000       -1366.45561397195     
   62.7920000000000       -1366.45560798301     
   62.8040000000000       -1366.45560197537     
   62.8160000000000       -1366.45559594908     
   62.8280000000000       -1366.45558990413     
   62.8400000000000       -1366.45558384056     
   62.8520000000000       -1366.45557775838     
   62.8640000000000       -1366.45557165760     
   62.8760000000000       -1366.45556553825     
   62.8880000000000       -1366.45555940035     
   62.9000000000000       -1366.45555324391     
   62.9120000000000       -1366.45554706894     
   62.9240000000000       -1366.45554087548     
   62.9360000000000       -1366.45553466354     
   62.9480000000000       -1366.45552843313     
   62.9600000000000       -1366.45552218427     
   62.9720000000000       -1366.45551591699     
   62.9840000000000       -1366.45550963129     
   62.9960000000000       -1366.45550332721     
   63.0080000000000       -1366.45549700474     
   63.0200000000000       -1366.45549066393     
   63.0320000000000       -1366.45548430477     
   63.0440000000000       -1366.45547792729     
   63.0560000000000       -1366.45547153152     
   63.0680000000000       -1366.45546511745     
   63.0800000000000       -1366.45545868512     
   63.0920000000000       -1366.45545223454     
   63.1040000000000       -1366.45544576573     
   63.1160000000000       -1366.45543927871     
   63.1280000000000       -1366.45543277349     
   63.1400000000000       -1366.45542625010     
   63.1520000000000       -1366.45541970854     
   63.1640000000000       -1366.45541314885     
   63.1760000000000       -1366.45540657103     
   63.1880000000000       -1366.45539997510     
   63.2000000000000       -1366.45539336108     
   63.2120000000000       -1366.45538672900     
   63.2240000000000       -1366.45538007886     
   63.2360000000000       -1366.45537341068     
   63.2480000000000       -1366.45536672449     
   63.2600000000000       -1366.45536002029     
   63.2720000000000       -1366.45535329811     
   63.2840000000000       -1366.45534655797     
   63.2960000000000       -1366.45533979988     
   63.3080000000000       -1366.45533302386     
   63.3200000000000       -1366.45532622993     
   63.3320000000000       -1366.45531941810     
   63.3440000000000       -1366.45531258839     
   63.3560000000000       -1366.45530574083     
   63.3680000000000       -1366.45529887542     
   63.3800000000000       -1366.45529199218     
   63.3920000000000       -1366.45528509114     
   63.4040000000000       -1366.45527817230     
   63.4160000000000       -1366.45527123570     
   63.4280000000000       -1366.45526428133     
   63.4400000000000       -1366.45525730923     
   63.4520000000000       -1366.45525031940     
   63.4640000000000       -1366.45524331188     
   63.4760000000000       -1366.45523628666     
   63.4880000000000       -1366.45522924377     
   63.5000000000000       -1366.45522218324     
   63.5120000000000       -1366.45521510506     
   63.5240000000000       -1366.45520800927     
   63.5360000000000       -1366.45520089588     
   63.5480000000000       -1366.45519376490     
   63.5600000000000       -1366.45518661636     
   63.5720000000000       -1366.45517945026     
   63.5840000000000       -1366.45517226664     
   63.5960000000000       -1366.45516506550     
   63.6080000000000       -1366.45515784685     
   63.6200000000000       -1366.45515061073     
   63.6320000000000       -1366.45514335715     
   63.6440000000000       -1366.45513608611     
   63.6560000000000       -1366.45512879765     
   63.6680000000000       -1366.45512149177     
   63.6800000000000       -1366.45511416849     
   63.6920000000000       -1366.45510682783     
   63.7040000000000       -1366.45509946982     
   63.7160000000000       -1366.45509209445     
   63.7280000000000       -1366.45508470176     
   63.7400000000000       -1366.45507729175     
   63.7520000000000       -1366.45506986445     
   63.7640000000000       -1366.45506241986     
   63.7760000000000       -1366.45505495802     
   63.7880000000000       -1366.45504747893     
   63.8000000000000       -1366.45503998261     
   63.8120000000000       -1366.45503246908     
   63.8240000000000       -1366.45502493836     
   63.8360000000000       -1366.45501739045     
   63.8480000000000       -1366.45500982539     
   63.8600000000000       -1366.45500224317     
   63.8720000000000       -1366.45499464383     
   63.8840000000000       -1366.45498702738     
   63.8960000000000       -1366.45497939383     
   63.9080000000000       -1366.45497174320     
   63.9200000000000       -1366.45496407551     
   63.9320000000000       -1366.45495639078     
   63.9440000000000       -1366.45494868901     
   63.9560000000000       -1366.45494097023     
   63.9680000000000       -1366.45493323446     
   63.9800000000000       -1366.45492548170     
   63.9920000000000       -1366.45491771199     
   64.0040000000000       -1366.45490992532     
   64.0160000000000       -1366.45490212172     
   64.0280000000000       -1366.45489430121     
   64.0400000000000       -1366.45488646380     
   64.0520000000000       -1366.45487860951     
   64.0640000000000       -1366.45487073835     
   64.0760000000000       -1366.45486285035     
   64.0880000000000       -1366.45485494551     
   64.1000000000000       -1366.45484702385     
   64.1120000000000       -1366.45483908540     
   64.1240000000000       -1366.45483113016     
   64.1360000000000       -1366.45482315815     
   64.1480000000000       -1366.45481516939     
   64.1600000000000       -1366.45480716389     
   64.1720000000000       -1366.45479914168     
   64.1840000000000       -1366.45479110276     
   64.1960000000000       -1366.45478304716     
   64.2080000000000       -1366.45477497488     
   64.2200000000000       -1366.45476688595     
   64.2320000000000       -1366.45475878038     
   64.2440000000000       -1366.45475065818     
   64.2560000000000       -1366.45474251938     
   64.2680000000000       -1366.45473436399     
   64.2800000000000       -1366.45472619203     
   64.2920000000000       -1366.45471800350     
   64.3040000000000       -1366.45470979843     
   64.3160000000000       -1366.45470157684     
   64.3280000000000       -1366.45469333873     
   64.3400000000000       -1366.45468508413     
   64.3520000000000       -1366.45467681305     
   64.3640000000000       -1366.45466852551     
   64.3760000000000       -1366.45466022152     
   64.3880000000000       -1366.45465190110     
   64.4000000000000       -1366.45464356426     
   64.4120000000000       -1366.45463521102     
   64.4240000000000       -1366.45462684140     
   64.4360000000000       -1366.45461845540     
   64.4480000000000       -1366.45461005306     
   64.4600000000000       -1366.45460163438     
   64.4720000000000       -1366.45459319938     
   64.4840000000000       -1366.45458474807     
   64.4960000000000       -1366.45457628047     
   64.5080000000000       -1366.45456779660     
   64.5200000000000       -1366.45455929646     
   64.5320000000000       -1366.45455078009     
   64.5440000000000       -1366.45454224749     
   64.5560000000000       -1366.45453369867     
   64.5680000000000       -1366.45452513366     
   64.5800000000000       -1366.45451655247     
   64.5920000000000       -1366.45450795511     
   64.6040000000000       -1366.45449934161     
   64.6160000000000       -1366.45449071197     
   64.6280000000000       -1366.45448206621     
   64.6400000000000       -1366.45447340435     
   64.6520000000000       -1366.45446472640     
   64.6640000000000       -1366.45445603237     
   64.6760000000000       -1366.45444732230     
   64.6880000000000       -1366.45443859617     
   64.7000000000000       -1366.45442985403     
   64.7120000000000       -1366.45442109587     
   64.7240000000000       -1366.45441232172     
   64.7360000000000       -1366.45440353158     
   64.7480000000000       -1366.45439472549     
   64.7600000000000       -1366.45438590344     
   64.7720000000000       -1366.45437706546     
   64.7840000000000       -1366.45436821156     
   64.7960000000000       -1366.45435934175     
   64.8080000000000       -1366.45435045606     
   64.8200000000000       -1366.45434155449     
   64.8320000000000       -1366.45433263707     
   64.8440000000000       -1366.45432370380     
   64.8560000000000       -1366.45431475471     
   64.8680000000000       -1366.45430578980     
   64.8800000000000       -1366.45429680909     
   64.8920000000000       -1366.45428781261     
   64.9040000000000       -1366.45427880035     
   64.9160000000000       -1366.45426977235     
   64.9280000000000       -1366.45426072860     
   64.9400000000000       -1366.45425166914     
   64.9520000000000       -1366.45424259397     
   64.9640000000000       -1366.45423350310     
   64.9760000000000       -1366.45422439656     
   64.9880000000000       -1366.45421527436     
   65.0000000000000       -1366.45420613651     
