   44.0698400107782       -1366.37272473615     
   43.9605325454023       -1366.37292171317     
   43.8513454921671       -1366.37311851773     
   43.7422922301991       -1366.37331512562     
   43.6333593803717       -1366.37351156086     
   43.5245603218116       -1366.37370779921     
   43.4158816753920       -1366.37390386470     
   43.3073368202397       -1366.37409973310     
   43.1989123772280       -1366.37429542843     
   43.0906217254836       -1366.37449092646     
   42.9824514858797       -1366.37468625123     
   42.8744150375432       -1366.37488137847     
   42.7664990013472       -1366.37507633225     
   42.6587167564184       -1366.37527108829     
   42.5510549236303       -1366.37546567066     
   42.4435135029827       -1366.37566007927     
   42.3360924944757       -1366.37585431402     
   42.2288186563626       -1366.37604832642     
   42.1216518512635       -1366.37624218895     
   42.0146188374316       -1366.37643585311     
   41.9077062357402       -1366.37662934300     
   41.8009140461895       -1366.37682265854     
   41.6942690270327       -1366.37701575116     
   41.5877176617631       -1366.37720871766     
   41.4813000877607       -1366.37740148528     
   41.3750163050256       -1366.37759405389     
   41.2688529344311       -1366.37778644763     
   41.1628099759772       -1366.37797866641     
   41.0568740505370       -1366.37817073439     
   40.9510852954909       -1366.37836257869     
   40.8454169525854       -1366.37855424772     
   40.7398556426937       -1366.37874576567     
   40.6344415031960       -1366.37893705960     
   40.5291343967122       -1366.37912820224     
   40.4239477023689       -1366.37931916923     
   40.3188814201661       -1366.37950996047     
   40.2139489292307       -1366.37970055155     
   40.1091234713091       -1366.37989099098     
   40.0044184255280       -1366.38008125437     
   39.8998471710143       -1366.38027131729     
   39.7953963286410       -1366.38046120395     
   39.6910658984084       -1366.38065091427     
   39.5868558803163       -1366.38084044813     
   39.4827662743648       -1366.38102980545     
   39.3787837014271       -1366.38121901047     
   39.2749349197567       -1366.38140801441     
   39.1712065502269       -1366.38159684150     
   39.0675985928376       -1366.38178549165     
   38.9640976684622       -1366.38197398913     
   38.8607305353540       -1366.38216228511     
   38.7574838143864       -1366.38235040386     
   38.6543441264327       -1366.38253836965     
   38.5513382297462       -1366.38272613364     
   38.4484527452003       -1366.38291372009     
   38.3456742936682       -1366.38310115331     
   38.2430162542767       -1366.38328840881     
   38.1404786270257       -1366.38347548650     
   38.0380614119154       -1366.38366238627     
   37.9357512298188       -1366.38384913244     
   37.8335748389895       -1366.38403567609     
   37.7315054811741       -1366.38422206595     
   37.6295699146259       -1366.38440825307     
   37.5277280019649       -1366.38459431067     
   37.4260198805711       -1366.38478016533     
   37.3244187921912       -1366.38496586584     
   37.2229381159518       -1366.38515138766     
   37.1215778518530       -1366.38533673070     
   37.0203246207680       -1366.38552191931     
   36.9192051809504       -1366.38570690447     
   36.8181927741465       -1366.38589173503     
   36.7172874003565       -1366.38607641090     
   36.6165158178338       -1366.38626088300     
   36.5158512683249       -1366.38644520023     
   36.4153071309565       -1366.38662933799     
   36.3148700266020       -1366.38681332070     
   36.2145533343881       -1366.38699712375     
   36.1143570543147       -1366.38718074704     
   36.0142678072551       -1366.38736421500     
   35.9142855932094       -1366.38754752755     
   35.8144237913043       -1366.38773066006     
   35.7146824015397       -1366.38791361244     
   35.6150614239156       -1366.38809638458     
   35.5155474793054       -1366.38827900093     
   35.4161539468358       -1366.38846143686     
   35.3168540682532       -1366.38864374138     
   35.2176879809380       -1366.38882584073     
   35.1186289266366       -1366.38900778394     
   35.0196769053490       -1366.38918957092     
   34.9208586753287       -1366.38937115241     
   34.8221340991955       -1366.38955260207     
   34.7235299352029       -1366.38973387065     
   34.6250328042241       -1366.38991498263     
   34.5266427062591       -1366.39009593794     
   34.4283863995614       -1366.39027668726     
   34.3302237467508       -1366.39045730434     
   34.2321815060808       -1366.39063773985     
   34.1342462984246       -1366.39081801832     
   34.0364315029090       -1366.39099811503     
   33.9387237404072       -1366.39117805453     
   33.8411230109193       -1366.39135783672     
   33.7436426935719       -1366.39153743687     
   33.6462694092383       -1366.39171687954     
   33.5490031579186       -1366.39189616464     
   33.4518573187394       -1366.39207526740     
   33.3548185125740       -1366.39225421242     
   33.2578867394225       -1366.39243299960     
   33.1610619992849       -1366.39261162885     
   33.0643442921610       -1366.39279010009     
   32.9677603763045       -1366.39296836384     
   32.8712567352083       -1366.39314651879     
   32.7748868853794       -1366.39332446605     
   32.6786240685643       -1366.39350225494     
   32.5824549056364       -1366.39367991008     
   32.4864061548490       -1366.39385738196     
   32.3904644370754       -1366.39403469521     
   32.2946297523157       -1366.39421184973     
   32.1989154796965       -1366.39438882070     
   32.1033082400912       -1366.39456563277     
   32.0077946543729       -1366.39474231059     
   31.9124014807952       -1366.39491880459     
   31.8171019611047       -1366.39509516418     
   31.7219228535547       -1366.39527133977     
   31.6268507790185       -1366.39544735601     
   31.5318857374961       -1366.39562321283     
   31.4370277289876       -1366.39579891013     
   31.3422901326197       -1366.39597442305     
   31.2476461901388       -1366.39614980106     
   31.1531092806718       -1366.39632501929     
   31.0586794042186       -1366.39650007766     
   30.9643565607792       -1366.39667497608     
   30.8701541294804       -1366.39684968965     
   30.7760319729420       -1366.39702429272     
   30.6820302285441       -1366.39719871077     
   30.5881488962868       -1366.39737294368     
   30.4943612179167       -1366.39754704104     
   30.4006671934336       -1366.39772100276     
   30.3070935810910       -1366.39789477908     
   30.2136403808890       -1366.39806836990     
   30.1202674554474       -1366.39824184969     
   30.0270149421464       -1366.39841514380     
   29.9338560827325       -1366.39858830187     
   29.8408176354591       -1366.39876127406     
   29.7478728420728       -1366.39893411006     
   29.6550350817004       -1366.39910678488     
   29.5623043543418       -1366.39927929845     
   29.4696806599970       -1366.39945165067     
   29.3771639986661       -1366.39962384146     
   29.2847276120955       -1366.39979592055     
   29.1924250167922       -1366.39996778823     
   29.1002026962493       -1366.40013954405     
   29.0081007878470       -1366.40031111317     
   28.9161059124584       -1366.40048252044     
   28.8242046909570       -1366.40065379069     
   28.7324105024694       -1366.40082489891     
   28.6407233469957       -1366.40099584501     
   28.5491298454091       -1366.40116665386     
   28.4576433768362       -1366.40133730042     
   28.3662639412773       -1366.40150778461     
   28.2749915387321       -1366.40167810633     
   28.1838127900741       -1366.40184829048     
   28.0927276953031       -1366.40201833698     
   28.0017630126727       -1366.40218819578     
   27.9108919839295       -1366.40235791676     
   27.8201279882000       -1366.40252747486     
   27.7294576463577       -1366.40269689498     
   27.6388943375292       -1366.40286615205     
   27.5484380617145       -1366.40303524598     
   27.4580754397869       -1366.40320420168     
   27.3678198508732       -1366.40337299408     
   27.2776579158465       -1366.40354164810     
   27.1876030138337       -1366.40371013865     
   27.0976551448347       -1366.40387846562     
   27.0077875505961       -1366.40404667902     
   26.9180403684981       -1366.40421470364     
   26.8283868402871       -1366.40438258949     
   26.7388403450900       -1366.40455031143     
   26.6493875037800       -1366.40471789444     
   26.5600416954838       -1366.40488531338     
   26.4707761619480       -1366.40505261830     
   26.3816310405528       -1366.40521973390     
   26.2925795730447       -1366.40538671026     
   26.2036217594236       -1366.40555354729     
   26.1147709788164       -1366.40572021983     
   26.0260138520963       -1366.40588675289     
   25.9373771375168       -1366.40605309617     
   25.8488073185709       -1366.40621935003     
   25.7603579117656       -1366.40638541395     
   25.6720021588473       -1366.40655133806     
   25.5837400598162       -1366.40671712231     
   25.4955849937989       -1366.40688274146     
   25.4075235816687       -1366.40704822059     
   25.3195558234256       -1366.40721355960     
   25.2316950981964       -1366.40737873328     
   25.1439280268542       -1366.40754376670     
   25.0562546093992       -1366.40770865977     
   24.9686882249580       -1366.40787338725     
   24.8812154944038       -1366.40803797423     
   24.7938364177368       -1366.40820242063     
   24.7065643740836       -1366.40836670119     
   24.6193859843176       -1366.40853084102     
   24.5322878693119       -1366.40869486523     
   24.4452967873200       -1366.40885872336     
   24.3584127383420       -1366.40902241532     
   24.2716223432510       -1366.40918596622     
   24.1849256020472       -1366.40934937601     
   24.0983225147304       -1366.40951264459     
   24.0118264604275       -1366.40967574667     
   23.9254106808850       -1366.40983873263     
   23.8391019343563       -1366.41000155191     
   23.7529002208415       -1366.41016420444     
   23.6667787820870       -1366.41032674063     
   23.5807376180929       -1366.41048916040     
   23.4948168662393       -1366.41065138793     
   23.4089763891461       -1366.41081349890     
   23.3232429450668       -1366.41097544270     
   23.2376031548745       -1366.41113724453     
   23.1520570185694       -1366.41129890430     
   23.0666045361514       -1366.41146042195     
   22.9812457076204       -1366.41162179739     
   22.8959805329766       -1366.41178303056     
   22.8108223913466       -1366.41194409606     
   22.7257445244770       -1366.41210504443     
   22.6407603114944       -1366.41226585029     
   22.5558697523990       -1366.41242651357     
   22.4710862263174       -1366.41258700886     
   22.3863829749962       -1366.41274738673     
   22.3017867566888       -1366.41290759646     
   22.2172708131418       -1366.41306768863     
   22.1328485234819       -1366.41322763783     
   22.0485332668358       -1366.41338741863     
   21.9643116640768       -1366.41354705631     
   21.8801703360783       -1366.41370657614     
   21.7961226619668       -1366.41386595271     
   21.7121686417424       -1366.41402518592     
   21.6283082754051       -1366.41418427571     
   21.5445415629549       -1366.41434322200     
   21.4608685043918       -1366.41450202471     
   21.3773024788425       -1366.41466065836     
   21.2938033489269       -1366.41481919908     
   21.2104112520252       -1366.41497757059     
   21.1270994298838       -1366.41513582363     
   21.0438946407562       -1366.41529390730     
   20.9607701263890       -1366.41545187235     
   20.8777392659089       -1366.41560969329     
   20.7948020593159       -1366.41576737006     
   20.7119585066100       -1366.41592490255     
   20.6292086077912       -1366.41608229071     
   20.5465389837328       -1366.41623955991     
   20.4639630135615       -1366.41639668463     
   20.3814806972773       -1366.41655366478     
   20.2991054140070       -1366.41671047483     
   20.2167970263702       -1366.41686719110     
   20.1345956717473       -1366.41702373711     
   20.0524745918848       -1366.41718016373     
   19.9704337867827       -1366.41733647091     
   19.8885133938211       -1366.41749258209     
   19.8066598964931       -1366.41764859917     
   19.7249000530523       -1366.41780447110     
   19.6432338634986       -1366.41796019778     
   19.5616479487052       -1366.41811580467     
   19.4801690669257       -1366.41827124065     
   19.3987704599065       -1366.41842655669     
   19.3174521276477       -1366.41858175272     
   19.2362274492760       -1366.41873680315     
   19.1551098039182       -1366.41889168235     
   19.0740590541940       -1366.41904646688     
   18.9931153374836       -1366.41920108002     
   18.9122518955336       -1366.41935557280     
   18.8314687283440       -1366.41950994517     
   18.7507658359148       -1366.41966419705     
   18.6701699764993       -1366.41981827724     
   18.5896677709710       -1366.41997221121     
   18.5092458402031       -1366.42012602448     
   18.4289175633223       -1366.42027969140     
   18.3486561820751       -1366.42043326308     
   18.2685018338417       -1366.42058666266     
   18.1884277603687       -1366.42073994127     
   18.1084473407828       -1366.42089307323     
   18.0285605750840       -1366.42104605845     
   17.9487407050189       -1366.42119894813     
   17.8690278679676       -1366.42135166531     
   17.7893953056767       -1366.42150426117     
   17.7098430181461       -1366.42165673565     
   17.6303843845027       -1366.42180906304     
   17.5510060256196       -1366.42196126891     
   17.4717213206236       -1366.42211332755     
   17.3925302695147       -1366.42226523886     
   17.3134061140395       -1366.42241705412     
   17.2343889915781       -1366.42256869625     
   17.1554387647504       -1366.42272024220     
   17.0765821918097       -1366.42287164054     
   16.9978192727562       -1366.42302289120     
   16.9191366284630       -1366.42317401980     
   16.8405342589302       -1366.42332502627     
   16.7620255432845       -1366.42347588485     
   16.6835971023992       -1366.42362662115     
   16.6052623154010       -1366.42377720941     
   16.5270078031631       -1366.42392767527     
   16.4488335656856       -1366.42407801866     
   16.3707396029686       -1366.42422823953     
   16.2927392941386       -1366.42437831206     
   16.2148326391957       -1366.42452823617     
   16.1370062590131       -1366.42467803754     
   16.0592601535910       -1366.42482771611     
   15.9815943229292       -1366.42497727181     
   15.9040087670278       -1366.42512670458     
   15.8265302441403       -1366.42527596280     
   15.7491186168864       -1366.42542512372     
   15.6718006435195       -1366.42557413572     
   15.5945495657864       -1366.42572305030     
   15.5174055210670       -1366.42587179002     
   15.4403149928546       -1366.42602045800     
   15.3633314976560       -1366.42616895098     
   15.2864282772178       -1366.42631732047     
   15.2096053315400       -1366.42646556643     
   15.1328760397492       -1366.42661366295     
   15.0562136435921       -1366.42676166163     
   14.9796449013221       -1366.42690951074     
   14.9031564338125       -1366.42705723604     
   14.8267482410633       -1366.42720483746     
   14.7504203230744       -1366.42735231495     
   14.6741860589726       -1366.42749964258     
   14.5980320696312       -1366.42764684613     
   14.5219449759235       -1366.42779395141     
   14.4459649152296       -1366.42794088074     
   14.3700517501693       -1366.42808771167     
   14.2942188598694       -1366.42823441827     
   14.2184662443299       -1366.42838100046     
   14.1428072826775       -1366.42852743230     
   14.0672285957854       -1366.42867373959     
   13.9917168045270       -1366.42881994818     
   13.9162986671557       -1366.42896600620     
   13.8409608045448       -1366.42911193949     
   13.7657032166942       -1366.42925774797     
   13.6905259036041       -1366.42940343159     
   13.6154422444010       -1366.42954896434     
   13.5404254808316       -1366.42969439803     
   13.4654889920225       -1366.42983970665     
   13.3906327779738       -1366.42998489015     
   13.3158702178122       -1366.43012992250     
   13.2411879324110       -1366.43027482958     
   13.1665725426435       -1366.43041963729     
   13.0920374276363       -1366.43056431962     
   13.0175959665162       -1366.43070885052     
   12.9432214010298       -1366.43085328187     
   12.8689271103037       -1366.43099758763     
   12.7947264734647       -1366.43114174175     
   12.7206061113862       -1366.43128577015     
   12.6465526449412       -1366.43142969876     
   12.5725794532566       -1366.43157350152     
   12.4986865363325       -1366.43171717837     
   12.4248872732954       -1366.43186070322     
   12.3511549058919       -1366.43200412804     
   12.2774894341221       -1366.43214745278     
   12.2039309953661       -1366.43229059929     
   12.1304260731171       -1366.43243367162     
   12.0570148047551       -1366.43257659162     
   11.9836838111536       -1366.43271938523     
   11.9104330923124       -1366.43286205241     
   11.8372626482315       -1366.43300459308     
   11.7641457206576       -1366.43314705933     
   11.6911358260975       -1366.43328934680     
   11.6181794480444       -1366.43343155973     
   11.5453301030050       -1366.43357359374     
   11.4725342744726       -1366.43371555310     
   11.3998454789540       -1366.43385733338     
   11.3271968208156       -1366.43399906500     
   11.2546551956911       -1366.43414061740     
   11.1821804662001       -1366.43428206882     
   11.1097860114696       -1366.43442339309     
   11.0374584523727       -1366.43456461628     
   10.9652245471629       -1366.43470568606     
   10.8930575375867       -1366.43484665464     
   10.8209708027710       -1366.43498749581     
   10.7489509635888       -1366.43512823566     
   10.6770381574205       -1366.43526879567     
   10.6051654886324       -1366.43540930655     
   10.5333998528581       -1366.43554963745     
   10.4617011127175       -1366.43568986679     
   10.3900826473372       -1366.43582996833     
   10.3185176984639       -1366.43596999437     
   10.2470464034776       -1366.43610986632     
   10.1756553832517       -1366.43624961029     
   10.1043446377862       -1366.43638922621     
   10.0330874088276       -1366.43652876641     
   9.96192383375617       -1366.43666815225     
   9.89082715431833       -1366.43680743605     
   9.81982412876759       -1366.43694656535     
   9.74887461972378       -1366.43708561871     
   9.67801876456706       -1366.43722451742     
   9.60722980504399       -1366.43736331387     
   9.53652112028130       -1366.43750198176     
   9.46587933115225       -1366.43764054728     
   9.39531781678357       -1366.43777898411     
   9.32483657717527       -1366.43791729220     
   9.25442223320061       -1366.43805549774     
   9.18408816398632       -1366.43819357440     
   9.11382099040569       -1366.43833154840     
   9.04363409158542       -1366.43846939340     
   8.97352746752553       -1366.43860710934     
   8.90348773909928       -1366.43874472244     
   8.83351490630668       -1366.43888223264     
   8.76363572740118       -1366.43901958730     
   8.69382344412933       -1366.43915683894     
   8.62409143561785       -1366.43929396120     
   8.55441294361329       -1366.43943100665     
   8.48481472636910       -1366.43956792259     
   8.41529678388528       -1366.43970470898     
   8.34587249528857       -1366.43984133940     
   8.27648834407204       -1366.43997791913     
   8.20719784674262       -1366.44011434276     
   8.13797424504684       -1366.44025066293     
   8.06883091811144       -1366.44038685321     
   7.99974110768295       -1366.44052296626     
   7.93074495114156       -1366.44065892294     
   7.86181569023382       -1366.44079477593     
   7.79296670408645       -1366.44093049878     
   7.72417123444600       -1366.44106614419     
   7.65546941869266       -1366.44120163296     
   7.58683449857295       -1366.44133701780     
   7.51826647408690       -1366.44147229866     
   7.44977872436121       -1366.44160744907     
   7.38135787026917       -1366.44174249538     
   7.31301729093751       -1366.44187741111     
   7.24474360723949       -1366.44201222264     
   7.17653681917511       -1366.44214692989     
   7.10841030587111       -1366.44228150638     
   7.04033730907403       -1366.44241600493     
   6.97235796616404       -1366.44255034617     
   6.90444551888771       -1366.44268458290     
   6.83661334637174       -1366.44281868863     
   6.76882131123597       -1366.44295274265     
   6.70113630911402       -1366.44308661264     
   6.63350482349899       -1366.44322040436     
   6.56595361264434       -1366.44335406483     
   6.49846929742333       -1366.44348762046     
   6.43105187783596       -1366.44362107120     
   6.36371473300897       -1366.44375439050     
   6.29644448381563       -1366.44388760480     
   6.22924113025592       -1366.44402071403     
   6.16210467232987       -1366.44415371815     
   6.09506186829091       -1366.44428656407     
   6.02807258075888       -1366.44441933127     
   5.96115018886048       -1366.44455199319     
   5.89430807172247       -1366.44468452324     
   5.82753285021809       -1366.44481694789     
   5.76082452434736       -1366.44494926708     
   5.69418309411028       -1366.44508148077     
   5.62763531776030       -1366.44521353579     
   5.56112767879051       -1366.44534553829     
   5.49471369370781       -1366.44547738200     
   5.42835322513204       -1366.44560914653     
   5.36207303131664       -1366.44574077871     
   5.29585973313488       -1366.44587230503     
   5.22971333058677       -1366.44600372546     
   5.16363382367230       -1366.44613503992     
   5.09763459151821       -1366.44626622179     
   5.03168887587104       -1366.44639732418     
   4.96582343498423       -1366.44652829385     
   4.90002488973108       -1366.44665915733     
   4.83429324011156       -1366.44678991458     
   4.76862848612570       -1366.44692056555     
   4.70305738602693       -1366.44705105691     
   4.63752642330835       -1366.44718149513     
   4.57207573535015       -1366.44731180025     
   4.50669194302559       -1366.44744199886     
   4.44137504633468       -1366.44757209091     
   4.37612504527741       -1366.44770207633     
   4.31094193985378       -1366.44783195508     
   4.24583910919053       -1366.44796170043     
   4.18080317416093       -1366.44809133898     
   4.11582075563824       -1366.44822089736     
   4.05091861187592       -1366.44835032217     
   3.98606998462052       -1366.44847966671     
   3.92131501125223       -1366.44860885086     
   3.85661355439085       -1366.44873795464     
   3.79197899316311       -1366.44886695130     
   3.72741132756902       -1366.44899584078     
   3.66291055760857       -1366.44912462303     
   3.59847668328177       -1366.44925329801     
   3.53412308371535       -1366.44938183892     
   3.46980962152911       -1366.44951032589     
   3.40558981322997       -1366.44963865195     
   3.34142352143775       -1366.44976689725     
   3.27732412527917       -1366.44989503499     
   3.21330500388097       -1366.45002303837     
   3.14935277811641       -1366.45015093407     
   3.08544068973204       -1366.45027877558     
   3.02162225523477       -1366.45040645578     
   2.95785733724442       -1366.45053405492     
   2.89417269401445       -1366.45066151940     
   2.83052818816465       -1366.45078892950     
   2.76697733620197       -1366.45091617804     
   2.70348000074619       -1366.45104334532     
   2.64004956092407       -1366.45117040450     
   2.57668601673559       -1366.45129735552     
   2.51338936818075       -1366.45142419834     
   2.45015961525956       -1366.45155093289     
   2.38699675797201       -1366.45167755911     
   2.32390079631811       -1366.45180407697     
   2.26085835117112       -1366.45193051322     
   2.19790955991124       -1366.45205678732     
   2.13498752690481       -1366.45218303341     
   2.07215914778549       -1366.45230911723     
   2.00939766429981       -1366.45243509239     
   1.94668969732105       -1366.45256098570     
   1.88404862597593       -1366.45268677027     
   1.82147445026446       -1366.45281244604     
   1.75896717018664       -1366.45293801294     
   1.69652678574245       -1366.45306347092     
   1.63413991780519       -1366.45318884683     
   1.57181994550157       -1366.45331411372     
   1.50956686883159       -1366.45343927153     
   1.44739406692199       -1366.45356429332     
   1.38527478151930       -1366.45368923282     
   1.32320901262353       -1366.45381409000     
   1.26122351848814       -1366.45393881098     
   1.19929154085966       -1366.45406344954     
   1.13742645886482       -1366.45418797870     
   1.07562827250363       -1366.45431239842     
   1.01389698177608       -1366.45443670863     
  0.952232586682184       -1366.45456090928     
  0.890621708095200       -1366.45468502727     
  0.829077725141860       -1366.45480903559     
  0.767600637822165       -1366.45493293420     
  0.706177067009386       -1366.45505675001     
  0.644833770956981       -1366.45518042903     
  0.583557370538221       -1366.45530399816     
  0.522321107499648       -1366.45542751133     
  0.461165119221449       -1366.45555088753     
  0.400062647450166       -1366.45567418068     
  0.339027071312528       -1366.45579736375     
  0.278058390808535       -1366.45592043668     
  0.217156605938186       -1366.45604339941     
  0.156308337574754       -1366.45616627890     
  9.552696484496642E-002  -1366.45628904810     
  3.481248774882390E-002  -1366.45641170694     
 -2.584847284040268E-002  -1366.45653428240     
 -8.644253779598432E-002  -1366.45665674740     
 -0.146969707117921       -1366.45677910190     
 -0.207429980806213       -1366.45690134582     
 -0.267836737987589       -1366.45702350617     
 -0.328189978662049       -1366.45714558292     
 -0.388462944576135       -1366.45726752187     
 -0.448682393983305       -1366.45738937712     
 -0.508848326883559       -1366.45751114862     
 -0.568933985023439       -1366.45763278216     
 -0.628966126656403       -1366.45775433184     
 -0.688944751782451       -1366.45787579764     
 -0.748856481274854       -1366.45799715240     
 -0.808701315133613       -1366.45811839606     
 -0.868479253358726       -1366.45823952858     
 -0.928203675076924       -1366.45836057701     
 -0.987861201161476       -1366.45848151419     
  -1.04746521073911       -1366.45860236720     
  -1.10700232468310       -1366.45872310885     
  -1.16648592212018       -1366.45884376623     
  -1.22588924479688       -1366.45896428501     
  -1.28525243009340       -1366.45908474657     
  -1.34453534062954       -1366.45920506941     
  -1.40376473465876       -1366.45932530779     
  -1.46294061218107       -1366.45944546167     
  -1.52204959406974       -1366.45956550382     
  -1.58109168032476       -1366.45968543420     
  -1.64009362919959       -1366.45980530712     
  -1.69901530331405       -1366.45992504098     
  -1.75788346092159       -1366.46004469010     
  -1.81669810202221       -1366.46016425443     
  -1.87544584748920       -1366.46028370674     
  -1.93412669732253       -1366.46040304696     
  -1.99275403064895       -1366.46052230226     
  -2.05132784746846       -1366.46064147258     
  -2.10982138952759       -1366.46076050345     
  -2.16826141507980       -1366.46087944924     
  -2.22664792412510       -1366.46099830992     
  -2.28496753753676       -1366.46111705821     
  -2.34324701356822       -1366.46123574854     
  -2.40145959396604       -1366.46135432638     
  -2.45960527873022       -1366.46147279168     
  -2.51768406786075       -1366.46159114436     
  -2.57570934048437       -1366.46170941166     
  -2.63368109660107       -1366.46182759353     
  -2.69158595708413       -1366.46194566264     
  -2.74943730106026       -1366.46206364622     
  -2.80722174940276       -1366.46218151695     
  -2.86495268123834       -1366.46229930205     
  -2.92261671744027       -1366.46241697419     
  -2.98022723713529       -1366.46253456062     
  -3.03778424032339       -1366.46265206129     
  -3.09527434787785       -1366.46276944885     
  -3.15272431805212       -1366.46288677789     
  -3.21009401346601       -1366.46300396638     
  -3.26739681324626       -1366.46312104160     
  -3.32465947564633       -1366.46323805816     
  -3.38186862153948       -1366.46335498870     
  -3.43901087179898       -1366.46347180582     
  -3.49609960555157       -1366.46358853682     
  -3.55310806454378       -1366.46370512693     
  -3.61008976528253       -1366.46382168556     
  -3.66699119126091       -1366.46393810319     
  -3.72383910073238       -1366.46405443452     
  -3.78063349369693       -1366.46417067949     
  -3.83736099102783       -1366.46428681069     
  -3.89404835097855       -1366.46440288283     
  -3.95065543616890       -1366.46451881370     
  -4.00722238397905       -1366.46463468543     
  -4.06373581528229       -1366.46475047060     
  -4.12016897182516       -1366.46486611431     
  -4.17656199098784       -1366.46498169878     
  -4.23288811451687       -1366.46509716911     
  -4.28916072153899       -1366.46521255268     
  -4.34537981205420       -1366.46532784944     
  -4.40154538606248       -1366.46544305937     
  -4.45763068531040       -1366.46555812750     
  -4.51367584717812       -1366.46567313614     
  -4.56965411341220       -1366.46578803034     
  -4.62559224226610       -1366.46590286497     
  -4.68146347548635       -1366.46601758507     
  -4.73728119219968       -1366.46613221804     
  -4.79304539240610       -1366.46624676386     
  -4.84874269697887       -1366.46636119498     
  -4.90438648504473       -1366.46647553884     
  -4.95997675660367       -1366.46658979541     
  -5.01550013252896       -1366.46670393713     
  -5.07098337107407       -1366.46681801896     
  -5.12639971398553       -1366.46693198586     
  -5.18176254039008       -1366.46704586527     
  -5.23707185028771       -1366.46715965716     
  -5.29232764367843       -1366.46727336149     
  -5.34751654143550       -1366.46738695067     
  -5.40265192268566       -1366.46750045219     
  -5.45773378742889       -1366.46761386600     
  -5.51276213566522       -1366.46772719207     
  -5.56773696739462       -1366.46784043036     
  -5.62264490349039       -1366.46795355324     
  -5.67751270220596       -1366.46806661581     
  -5.73230022616116       -1366.46817953531     
  -5.78704761273618       -1366.46829239441     
  -5.84174148280428       -1366.46840516550     
  -5.89638183636546       -1366.46851784853     
  -5.95096867341973       -1366.46863044346     
  -6.00548861484035       -1366.46874292265     
  -6.05996841888078       -1366.46885534125     
  -6.11438132728757       -1366.46896764401     
  -6.16874071918745       -1366.46907985848     
  -6.22304659458040       -1366.46919198463     
  -6.27729895346645       -1366.46930402242     
  -6.33148441671884       -1366.46941594415     
  -6.38562974259105       -1366.46952780506     
  -6.43972155195635       -1366.46963957748     
  -6.49373308656127       -1366.46975120605     
  -6.54771786291273       -1366.46986280133     
  -6.60164912275727       -1366.46997430799     
  -6.65551348696818       -1366.47008569830     
  -6.70932433467216       -1366.47019699989     
  -6.76308166586923       -1366.47030821272     
  -6.81677210143265       -1366.47041930904     
  -6.87043577874262       -1366.47053037189     
  -6.92403256041894       -1366.47064131815     
  -6.97757582558835       -1366.47075217548     
  -7.03105219512411       -1366.47086291611     
  -7.08448842727968       -1366.47097359541     
  -7.13787114292834       -1366.47108418565     
  -7.19118696294335       -1366.47119465904     
  -7.24446264557818       -1366.47130507100     
  -7.29767143257936       -1366.47141536602     
  -7.35084008220035       -1366.47152559953     
  -7.40395521531443       -1366.47163574375     
  -7.45700345279486       -1366.47174577088     
  -7.51001155289511       -1366.47185573638     
  -7.56296613648844       -1366.47196561247     
  -7.61586720357485       -1366.47207539909     
  -7.66870137502762       -1366.47218506843     
  -7.72149540910021       -1366.47229467599     
  -7.77422254753914       -1366.47240416617     
  -7.82690954859789       -1366.47251359449     
  -7.87954303314973       -1366.47262293313     
  -7.93212300119465       -1366.47273218204     
  -7.98464945273265       -1366.47284134118     
  -8.03712238776374       -1366.47295041051     
  -8.08952842716118       -1366.47305936217     
  -8.14190770830516       -1366.47316827956     
  -8.19422009381550       -1366.47327707918     
  -8.24646558369219       -1366.47338576098     
  -8.29868431531543       -1366.47349440842     
  -8.35083615130502       -1366.47360293794     
  -8.40293447078770       -1366.47371137734     
  -8.45499265289018       -1366.47381975444     
  -8.50698393935903       -1366.47392801347     
  -8.55893508844768       -1366.47403621011     
  -8.61083272102942       -1366.47414431647     
  -8.66267683710425       -1366.47425233250     
  -8.71445405754543       -1366.47436023027     
  -8.76619114060642       -1366.47446806549     
  -8.81787470716050       -1366.47457581025     
  -8.86951813633438       -1366.47468349240     
  -8.92109466987463       -1366.47479105611     
  -8.97263106603469       -1366.47489855712     
  -9.02410056656110       -1366.47500593959     
  -9.07552992970733       -1366.47511325930     
  -9.12690577634663       -1366.47522048829     
  -9.17822810647903       -1366.47532762651     
  -9.22949692010451       -1366.47543467392     
  -9.28072559634980       -1366.47554165843     
  -9.33190075608817       -1366.47564855204     
  -9.38300902019290       -1366.47575532678     
  -9.43407714691745       -1366.47586203848     
  -9.48509175713507       -1366.47596865916     
  -9.53605285084578       -1366.47607518878     
  -9.58697380717631       -1366.47618165527     
  -9.63784124699992       -1366.47628803061     
  -9.68865517031661       -1366.47639431476     
  -9.73941557712638       -1366.47650050768     
  -9.79012246742924       -1366.47660660933     
  -9.84077584122519       -1366.47671261965     
  -9.89138907764095       -1366.47681856661     
  -9.94194879754979       -1366.47692442217     
  -9.99245500095171       -1366.47703018628     
  -10.0429076878467       -1366.47713585890     
  -10.0933202373615       -1366.47724146802     
  -10.1436658912427       -1366.47734695753     
  -10.1939847868704       -1366.47745241150     
  -10.2442367868645       -1366.47755774578     
  -10.2944486494784       -1366.47766301640     
  -10.3445936164586       -1366.47776816722     
  -10.3947118251854       -1366.47787328238     
  -10.4447631382786       -1366.47797827765     
  -10.4947609348648       -1366.47808318104     
  -10.5447185940708       -1366.47818802059     
  -10.5946361158967       -1366.47829279628     
  -10.6444867420889       -1366.47839745189     
  -10.6942838517742       -1366.47850201545     
  -10.7440542032060       -1366.47860654313     
  -10.7937576590042       -1366.47871095059     
  -10.8434075982955       -1366.47881526588     
  -10.8930174002065       -1366.47891951708     
  -10.9425736856107       -1366.47902367602     
  -10.9920898336347       -1366.47912777080     
  -11.0415524651518       -1366.47923177326     
  -11.0909615801619       -1366.47933568334     
  -11.1403305577919       -1366.47943952914     
  -11.1896326397882       -1366.47954325434     
  -11.2388945844043       -1366.47964691519     
  -11.2881163916403       -1366.47975051166     
  -11.3372846823693       -1366.47985401554     
  -11.3863994565914       -1366.47995742681     
  -11.4354607143066       -1366.48006074540     
  -11.4844684555149       -1366.48016397127     
  -11.5334494384697       -1366.48026716077     
  -11.5823769049176       -1366.48037025747     
  -11.6312508548586       -1366.48047326135     
  -11.6800712882927       -1366.48057617235     
  -11.7288382052198       -1366.48067899043     
  -11.7775649847668       -1366.48078174376     
  -11.8262516269336       -1366.48088443231     
  -11.8748847525934       -1366.48098702782     
  -11.9234509826197       -1366.48108950201     
  -11.9719904543924       -1366.48119193954     
  -12.0204764096583       -1366.48129428391     
  -12.0689088484172       -1366.48139653506     
  -12.1173145289227       -1366.48149874947     
  -12.1656533137945       -1366.48160084234     
  -12.2139519612862       -1366.48170287014     
  -12.2621970922709       -1366.48180480457     
  -12.3103753276220       -1366.48190661730     
  -12.3585268047196       -1366.48200839313     
  -12.4066381444370       -1366.48211010374     
  -12.4546959676475       -1366.48221172082     
  -12.5027002743512       -1366.48231324432     
  -12.5506644436746       -1366.48241470249     
  -12.5985750964911       -1366.48251606701     
  -12.6464322328007       -1366.48261733782     
  -12.6942492317301       -1366.48271854319     
  -12.7420127141525       -1366.48281965478     
  -12.7897494383216       -1366.48292072919     
  -12.8374192668569       -1366.48302168141     
  -12.8850489580121       -1366.48312256806     
  -12.9326251326604       -1366.48322336075     
  -12.9801611699285       -1366.48332408780     
  -13.0276436906897       -1366.48342472081     
  -13.0750860740707       -1366.48352528811     
  -13.1224883200715       -1366.48362578966     
  -13.1698370495654       -1366.48372619706     
  -13.2171188834256       -1366.48382648189     
  -13.2643873381591       -1366.48392675762     
  -13.3115888972590       -1366.48402691069     
  -13.3587369398519       -1366.48412696943     
  -13.4058582241914       -1366.48422699061     
  -13.4529259920240       -1366.48432691739     
  -13.4999402433496       -1366.48442674973     
  -13.5469277364218       -1366.48452654441     
  -13.5938483338604       -1366.48462621616     
  -13.6407154147920       -1366.48472579333     
  -13.6875691165970       -1366.48482536119     
  -13.7343425436415       -1366.48492477754     
  -13.7810892124326       -1366.48502415608     
  -13.8277823647167       -1366.48512343989     
  -13.8744353796207       -1366.48522265739     
  -13.9210482571445       -1366.48532180854     
  -13.9675942390347       -1366.48542083638     
  -14.0141134626713       -1366.48551982627     
  -14.0605791698011       -1366.48561872123     
  -14.1069913604240       -1366.48571752121     
  -14.1533634136666       -1366.48581625467     
  -14.1996953295291       -1366.48591492156     
  -14.2459737288847       -1366.48601349336     
  -14.2922119908601       -1366.48611199853     
  -14.3384234945820       -1366.48621046555     
  -14.3845681026703       -1366.48630880885     
  -14.4306591942516       -1366.48640705689     
  -14.4767235275795       -1366.48650526668     
  -14.5227343444005       -1366.48660338114     
  -14.5686916447146       -1366.48670140023     
  -14.6146221867752       -1366.48679938097     
  -14.6604858332022       -1366.48689723772     
  -14.7063227213757       -1366.48699505608     
  -14.7521060930423       -1366.48709277890     
  -14.7978493273287       -1366.48719043470     
  -14.8435390451082       -1366.48728799489     
  -14.8891886255075       -1366.48738548800     
  -14.9347980685266       -1366.48748291398     
  -14.9803673741655       -1366.48758027282     
  -15.0258697841708       -1366.48767750730     
  -15.0713454359226       -1366.48777470314     
  -15.1167675711675       -1366.48787180312     
  -15.1621495690322       -1366.48796883581     
  -15.2074914295168       -1366.48806580118     
  -15.2527797734944       -1366.48816267057     
  -15.2980279800918       -1366.48825947257     
  -15.3432360493091       -1366.48835620713     
  -15.3884039811461       -1366.48845287424     
  -15.4335050173496       -1366.48854941657     
  -15.4785792952995       -1366.48864592001     
  -15.5236134358693       -1366.48874235588     
  -15.5685940599321       -1366.48883869550     
  -15.6135211674881       -1366.48893493882     
  -15.6584215167906       -1366.48903114313     
  -15.7032683495861       -1366.48912725107     
  -15.7480884241282       -1366.48922331995     
  -15.7928549821634       -1366.48931929238     
  -15.8375680236917       -1366.48941516831     
  -15.8822409278398       -1366.48951097640     
  -15.9268736946077       -1366.48960671661     
  -15.9714663239954       -1366.48970238892     
  -16.0160054368762       -1366.48979796457     
  -16.0605044123768       -1366.48989347224     
  -16.1049766296240       -1366.48998894062     
  -16.1493819512375       -1366.49008428351     
  -16.1937605145975       -1366.49017958705     
  -16.2380855614506       -1366.49027479374     
  -16.2823570917969       -1366.49036990353     
  -16.3266018638896       -1366.49046497389     
  -16.3708064986022       -1366.49055997603     
  -16.4149576168079       -1366.49065488117     
  -16.4590685976333       -1366.49074971801     
  -16.5031394410786       -1366.49084448655     
  -16.5471701471437       -1366.49093918673     
  -16.5911473367019       -1366.49103378974     
  -16.6350843888799       -1366.49112832434     
  -16.6789813036777       -1366.49122279048     
  -16.7228247019686       -1366.49131715933     
  -16.7666413420060       -1366.49141148845     
  -16.8104178446632       -1366.49150574903     
  -16.8541274516868       -1366.49159988339     
  -16.8978236795837       -1366.49169400677     
  -16.9414530118469       -1366.49178800384     
  -16.9850555858567       -1366.49188196104     
  -17.0286046433596       -1366.49197582069     
  -17.0721135634822       -1366.49206961157     
  -17.1155823462247       -1366.49216333366     
  -17.1590109915870       -1366.49225698693     
  -17.2023994995691       -1366.49235057133     
  -17.2457478701710       -1366.49244408685     
  -17.2890561033928       -1366.49253753344     
  -17.3323108201076       -1366.49263088221     
  -17.3755253994422       -1366.49272416198     
  -17.4186864622699       -1366.49281734383     
  -17.4618341459709       -1366.49291051440     
  -17.5049149340382       -1366.49300355809     
  -17.5479689638521       -1366.49309656154     
  -17.5909694771591       -1366.49318946694     
  -17.6339432322126       -1366.49328233204     
  -17.6768634707592       -1366.49337509901     
  -17.7197569510523       -1366.49346782564     
  -17.7625835357118       -1366.49356042512     
  -17.8053833621178       -1366.49365298420     
  -17.8481430511437       -1366.49374547392     
  -17.8908626027893       -1366.49383789425     
  -17.9335286379281       -1366.49393021620     
  -17.9761679148133       -1366.49402249764     
  -18.0187536751917       -1366.49411468063     
  -18.0612992981899       -1366.49420679409     
  -18.1038047838079       -1366.49429883799     
  -18.1462701320457       -1366.49439081228     
  -18.1887087220300       -1366.49448274594     
  -18.2310804163807       -1366.49457455196     
  -18.2734253524780       -1366.49466631728     
  -18.3157301511950       -1366.49475801287     
  -18.3579948125319       -1366.49484963870     
  -18.4002059573618       -1366.49494116573     
  -18.4423903439383       -1366.49503265194     
  -18.4845345931346       -1366.49512406830     
  -18.5266253258240       -1366.49521538574     
  -18.5686759211332       -1366.49530663326     
  -18.6106997581890       -1366.49539783984     
  -18.6526834578646       -1366.49548897645     
  -18.6946136410332       -1366.49558001398     
  -18.7365036868217       -1366.49567098145     
  -18.7783535952299       -1366.49576187883     
  -18.8201633662580       -1366.49585270609     
  -18.8619463790326       -1366.49594349226     
  -18.9036758753004       -1366.49603417917     
  -18.9453652341879       -1366.49612479585     
  -18.9870144556952       -1366.49621534228     
  -19.0286235398224       -1366.49630581842     
  -19.0701924865693       -1366.49639622424     
  -19.1117346750628       -1366.49648658881     
  -19.1532233470494       -1366.49657685389     
  -19.1946585025291       -1366.49666701943     
  -19.2360802788820       -1366.49675717276     
  -19.2774485387281       -1366.49684722648     
  -19.3187766611939       -1366.49693720968     
  -19.3600646462796       -1366.49702712234     
  -19.4013258731117       -1366.49711699355     
  -19.4425335834370       -1366.49720676501     
  -19.4837011563821       -1366.49729646582     
  -19.5248285919470       -1366.49738609594     
  -19.5659292692585       -1366.49747568452     
  -19.6069764300630       -1366.49756517318     
  -19.6479834534873       -1366.49765459107     
  -19.6889637186582       -1366.49774396732     
  -19.7298770881955       -1366.49783321436     
  -19.7707770786060       -1366.49792244890     
  -19.8116369316363       -1366.49801161253     
  -19.8524566472865       -1366.49810070523     
  -19.8932228464297       -1366.49818969775     
  -19.9339622873194       -1366.49827864848     
  -19.9746615908290       -1366.49836752816     
  -20.0153073778317       -1366.49845630756     
  -20.0559264065809       -1366.49854504507     
  -20.0965052979499       -1366.49863371145     
  -20.1370574310655       -1366.49872233591     
  -20.1775560476741       -1366.49881085993     
  -20.2180145269026       -1366.49889931271     
  -20.2584328687508       -1366.49898769423     
  -20.2988110732189       -1366.49907600445     
  -20.3391625194335       -1366.49916427260     
  -20.3794738282680       -1366.49925246940     
  -20.4197316205955       -1366.49934056553     
  -20.4599626546696       -1366.49942861951     
  -20.5001535513634       -1366.49951660204     
  -20.5402909315504       -1366.49960448378     
  -20.5804149326106       -1366.49969235259     
  -20.6204854171639       -1366.49978012055     
  -20.6605291434638       -1366.49986784623     
  -20.7005193532567       -1366.49995547099     
  -20.7404828047962       -1366.50004305341     
  -20.7804061189555       -1366.50013056415     
  -20.8202759166079       -1366.50021797385     
  -20.8601323351336       -1366.50030537047     
  -20.8999218580256       -1366.50039263664     
  -20.9396846226641       -1366.50047986033     
  -20.9794340081759       -1366.50056707089     
  -21.0191031189274       -1366.50065412150     
  -21.0587588505521       -1366.50074115893     
  -21.0983878239234       -1366.50082815379     
  -21.1379632807877       -1366.50091504732     
  -21.1774986002719       -1366.50100186885     
  -21.2169937823758       -1366.50108861833     
  -21.2564622062263       -1366.50117532515     
  -21.2958771135699       -1366.50126193047     
  -21.3352652626601       -1366.50134849306     
  -21.3746266534968       -1366.50143501290     
  -21.4139345278265       -1366.50152143114     
  -21.4532022647761       -1366.50160777715     
  -21.4924298643455       -1366.50169405090     
  -21.5316307056614       -1366.50178028180     
  -21.5707914095972       -1366.50186644037     
  -21.6099253552794       -1366.50195255603     
  -21.6490057844548       -1366.50203856987     
  -21.6880594553767       -1366.50212454075     
  -21.7270596097917       -1366.50221040972     
  -21.7660330059533       -1366.50229623568     
  -21.8049662647346       -1366.50238198912     
  -21.8438593861358       -1366.50246767002     
  -21.8827257492835       -1366.50255330782     
  -21.9215519750510       -1366.50263887302     
  -21.9603514425651       -1366.50272439508     
  -21.9990840144455       -1366.50280978549     
  -22.0378032071992       -1366.50289516219     
  -22.0764822625727       -1366.50298046617     
  -22.1151211805660       -1366.50306569738     
  -22.1537199611791       -1366.50315085580     
  -22.1922919835388       -1366.50323597092     
  -22.2308104893915       -1366.50332098366     
  -22.2693156161176       -1366.50340598257     
  -22.3077538472099       -1366.50349084949     
  -22.3461786991756       -1366.50357570254     
  -22.3845500346343       -1366.50366045307     
  -22.4229079909663       -1366.50374518969     
