   53.0120000000000        44.0698400107782     
   53.0240000000000        43.9605325454023     
   53.0360000000000        43.8513454921671     
   53.0480000000000        43.7422922301991     
   53.0600000000000        43.6333593803717     
   53.0720000000000        43.5245603218116     
   53.0840000000000        43.4158816753920     
   53.0960000000000        43.3073368202397     
   53.1080000000000        43.1989123772280     
   53.1200000000000        43.0906217254836     
   53.1320000000000        42.9824514858797     
   53.1440000000000        42.8744150375432     
   53.1560000000000        42.7664990013472     
   53.1680000000000        42.6587167564184     
   53.1800000000000        42.5510549236303     
   53.1920000000000        42.4435135029827     
   53.2040000000000        42.3360924944757     
   53.2160000000000        42.2288186563626     
   53.2280000000000        42.1216518512635     
   53.2400000000000        42.0146188374316     
   53.2520000000000        41.9077062357402     
   53.2640000000000        41.8009140461895     
   53.2760000000000        41.6942690270327     
   53.2880000000000        41.5877176617631     
   53.3000000000000        41.4813000877607     
   53.3120000000000        41.3750163050256     
   53.3240000000000        41.2688529344311     
   53.3360000000000        41.1628099759772     
   53.3480000000000        41.0568740505370     
   53.3600000000000        40.9510852954909     
   53.3720000000000        40.8454169525854     
   53.3840000000000        40.7398556426937     
   53.3960000000000        40.6344415031960     
   53.4080000000000        40.5291343967122     
   53.4200000000000        40.4239477023689     
   53.4320000000000        40.3188814201661     
   53.4440000000000        40.2139489292307     
   53.4560000000000        40.1091234713091     
   53.4680000000000        40.0044184255280     
   53.4800000000000        39.8998471710143     
   53.4920000000000        39.7953963286410     
   53.5040000000000        39.6910658984084     
   53.5160000000000        39.5868558803163     
   53.5280000000000        39.4827662743648     
   53.5400000000000        39.3787837014271     
   53.5520000000000        39.2749349197567     
   53.5640000000000        39.1712065502269     
   53.5760000000000        39.0675985928376     
   53.5880000000000        38.9640976684622     
   53.6000000000000        38.8607305353540     
   53.6120000000000        38.7574838143864     
   53.6240000000000        38.6543441264327     
   53.6360000000000        38.5513382297462     
   53.6480000000000        38.4484527452003     
   53.6600000000000        38.3456742936682     
   53.6720000000000        38.2430162542767     
   53.6840000000000        38.1404786270257     
   53.6960000000000        38.0380614119154     
   53.7080000000000        37.9357512298188     
   53.7200000000000        37.8335748389895     
   53.7320000000000        37.7315054811741     
   53.7440000000000        37.6295699146259     
   53.7560000000000        37.5277280019649     
   53.7680000000000        37.4260198805711     
   53.7800000000000        37.3244187921912     
   53.7920000000000        37.2229381159518     
   53.8040000000000        37.1215778518530     
   53.8160000000000        37.0203246207680     
   53.8280000000000        36.9192051809504     
   53.8400000000000        36.8181927741465     
   53.8520000000000        36.7172874003565     
   53.8640000000000        36.6165158178338     
   53.8760000000000        36.5158512683249     
   53.8880000000000        36.4153071309565     
   53.9000000000000        36.3148700266020     
   53.9120000000000        36.2145533343881     
   53.9240000000000        36.1143570543147     
   53.9360000000000        36.0142678072551     
   53.9480000000000        35.9142855932094     
   53.9600000000000        35.8144237913043     
   53.9720000000000        35.7146824015397     
   53.9840000000000        35.6150614239156     
   53.9960000000000        35.5155474793054     
   54.0080000000000        35.4161539468358     
   54.0200000000000        35.3168540682532     
   54.0320000000000        35.2176879809380     
   54.0440000000000        35.1186289266366     
   54.0560000000000        35.0196769053490     
   54.0680000000000        34.9208586753287     
   54.0800000000000        34.8221340991955     
   54.0920000000000        34.7235299352029     
   54.1040000000000        34.6250328042241     
   54.1160000000000        34.5266427062591     
   54.1280000000000        34.4283863995614     
   54.1400000000000        34.3302237467508     
   54.1520000000000        34.2321815060808     
   54.1640000000000        34.1342462984246     
   54.1760000000000        34.0364315029090     
   54.1880000000000        33.9387237404072     
   54.2000000000000        33.8411230109193     
   54.2120000000000        33.7436426935719     
   54.2240000000000        33.6462694092383     
   54.2360000000000        33.5490031579186     
   54.2480000000000        33.4518573187394     
   54.2600000000000        33.3548185125740     
   54.2720000000000        33.2578867394225     
   54.2840000000000        33.1610619992849     
   54.2960000000000        33.0643442921610     
   54.3080000000000        32.9677603763045     
   54.3200000000000        32.8712567352083     
   54.3320000000000        32.7748868853794     
   54.3440000000000        32.6786240685643     
   54.3560000000000        32.5824549056364     
   54.3680000000000        32.4864061548490     
   54.3800000000000        32.3904644370754     
   54.3920000000000        32.2946297523157     
   54.4040000000000        32.1989154796965     
   54.4160000000000        32.1033082400912     
   54.4280000000000        32.0077946543729     
   54.4400000000000        31.9124014807952     
   54.4520000000000        31.8171019611047     
   54.4640000000000        31.7219228535547     
   54.4760000000000        31.6268507790185     
   54.4880000000000        31.5318857374961     
   54.5000000000000        31.4370277289876     
   54.5120000000000        31.3422901326197     
   54.5240000000000        31.2476461901388     
   54.5360000000000        31.1531092806718     
   54.5480000000000        31.0586794042186     
   54.5600000000000        30.9643565607792     
   54.5720000000000        30.8701541294804     
   54.5840000000000        30.7760319729420     
   54.5960000000000        30.6820302285441     
   54.6080000000000        30.5881488962868     
   54.6200000000000        30.4943612179167     
   54.6320000000000        30.4006671934336     
   54.6440000000000        30.3070935810910     
   54.6560000000000        30.2136403808890     
   54.6680000000000        30.1202674554474     
   54.6800000000000        30.0270149421464     
   54.6920000000000        29.9338560827325     
   54.7040000000000        29.8408176354591     
   54.7160000000000        29.7478728420728     
   54.7280000000000        29.6550350817004     
   54.7400000000000        29.5623043543418     
   54.7520000000000        29.4696806599970     
   54.7640000000000        29.3771639986661     
   54.7760000000000        29.2847276120955     
   54.7880000000000        29.1924250167922     
   54.8000000000000        29.1002026962493     
   54.8120000000000        29.0081007878470     
   54.8240000000000        28.9161059124584     
   54.8360000000000        28.8242046909570     
   54.8480000000000        28.7324105024694     
   54.8600000000000        28.6407233469957     
   54.8720000000000        28.5491298454091     
   54.8840000000000        28.4576433768362     
   54.8960000000000        28.3662639412773     
   54.9080000000000        28.2749915387321     
   54.9200000000000        28.1838127900741     
   54.9320000000000        28.0927276953031     
   54.9440000000000        28.0017630126727     
   54.9560000000000        27.9108919839295     
   54.9680000000000        27.8201279882000     
   54.9800000000000        27.7294576463577     
   54.9920000000000        27.6388943375292     
   55.0040000000000        27.5484380617145     
   55.0160000000000        27.4580754397869     
   55.0280000000000        27.3678198508732     
   55.0400000000000        27.2776579158465     
   55.0520000000000        27.1876030138337     
   55.0640000000000        27.0976551448347     
   55.0760000000000        27.0077875505961     
   55.0880000000000        26.9180403684981     
   55.1000000000000        26.8283868402871     
   55.1120000000000        26.7388403450900     
   55.1240000000000        26.6493875037800     
   55.1360000000000        26.5600416954838     
   55.1480000000000        26.4707761619480     
   55.1600000000000        26.3816310405528     
   55.1720000000000        26.2925795730447     
   55.1840000000000        26.2036217594236     
   55.1960000000000        26.1147709788164     
   55.2080000000000        26.0260138520963     
   55.2200000000000        25.9373771375168     
   55.2320000000000        25.8488073185709     
   55.2440000000000        25.7603579117656     
   55.2560000000000        25.6720021588473     
   55.2680000000000        25.5837400598162     
   55.2800000000000        25.4955849937989     
   55.2920000000000        25.4075235816687     
   55.3040000000000        25.3195558234256     
   55.3160000000000        25.2316950981964     
   55.3280000000000        25.1439280268542     
   55.3400000000000        25.0562546093992     
   55.3520000000000        24.9686882249580     
   55.3640000000000        24.8812154944038     
   55.3760000000000        24.7938364177368     
   55.3880000000000        24.7065643740836     
   55.4000000000000        24.6193859843176     
   55.4120000000000        24.5322878693119     
   55.4240000000000        24.4452967873200     
   55.4360000000000        24.3584127383420     
   55.4480000000000        24.2716223432510     
   55.4600000000000        24.1849256020472     
   55.4720000000000        24.0983225147304     
   55.4840000000000        24.0118264604275     
   55.4960000000000        23.9254106808850     
   55.5080000000000        23.8391019343563     
   55.5200000000000        23.7529002208415     
   55.5320000000000        23.6667787820870     
   55.5440000000000        23.5807376180929     
   55.5560000000000        23.4948168662393     
   55.5680000000000        23.4089763891461     
   55.5800000000000        23.3232429450668     
   55.5920000000000        23.2376031548745     
   55.6040000000000        23.1520570185694     
   55.6160000000000        23.0666045361514     
   55.6280000000000        22.9812457076204     
   55.6400000000000        22.8959805329766     
   55.6520000000000        22.8108223913466     
   55.6640000000000        22.7257445244770     
   55.6760000000000        22.6407603114944     
   55.6880000000000        22.5558697523990     
   55.7000000000000        22.4710862263174     
   55.7120000000000        22.3863829749962     
   55.7240000000000        22.3017867566888     
   55.7360000000000        22.2172708131418     
   55.7480000000000        22.1328485234819     
   55.7600000000000        22.0485332668358     
   55.7720000000000        21.9643116640768     
   55.7840000000000        21.8801703360783     
   55.7960000000000        21.7961226619668     
   55.8080000000000        21.7121686417424     
   55.8200000000000        21.6283082754051     
   55.8320000000000        21.5445415629549     
   55.8440000000000        21.4608685043918     
   55.8560000000000        21.3773024788425     
   55.8680000000000        21.2938033489269     
   55.8800000000000        21.2104112520252     
   55.8920000000000        21.1270994298838     
   55.9040000000000        21.0438946407562     
   55.9160000000000        20.9607701263890     
   55.9280000000000        20.8777392659089     
   55.9400000000000        20.7948020593159     
   55.9520000000000        20.7119585066100     
   55.9640000000000        20.6292086077912     
   55.9760000000000        20.5465389837328     
   55.9880000000000        20.4639630135615     
   56.0000000000000        20.3814806972773     
   56.0120000000000        20.2991054140070     
   56.0240000000000        20.2167970263702     
   56.0360000000000        20.1345956717473     
   56.0480000000000        20.0524745918848     
   56.0600000000000        19.9704337867827     
   56.0720000000000        19.8885133938211     
   56.0840000000000        19.8066598964931     
   56.0960000000000        19.7249000530523     
   56.1080000000000        19.6432338634986     
   56.1200000000000        19.5616479487052     
   56.1320000000000        19.4801690669257     
   56.1440000000000        19.3987704599065     
   56.1560000000000        19.3174521276477     
   56.1680000000000        19.2362274492760     
   56.1800000000000        19.1551098039182     
   56.1920000000000        19.0740590541940     
   56.2040000000000        18.9931153374836     
   56.2160000000000        18.9122518955336     
   56.2280000000000        18.8314687283440     
   56.2400000000000        18.7507658359148     
   56.2520000000000        18.6701699764993     
   56.2640000000000        18.5896677709710     
   56.2760000000000        18.5092458402031     
   56.2880000000000        18.4289175633223     
   56.3000000000000        18.3486561820751     
   56.3120000000000        18.2685018338417     
   56.3240000000000        18.1884277603687     
   56.3360000000000        18.1084473407828     
   56.3480000000000        18.0285605750840     
   56.3600000000000        17.9487407050189     
   56.3720000000000        17.8690278679676     
   56.3840000000000        17.7893953056767     
   56.3960000000000        17.7098430181461     
   56.4080000000000        17.6303843845027     
   56.4200000000000        17.5510060256196     
   56.4320000000000        17.4717213206236     
   56.4440000000000        17.3925302695147     
   56.4560000000000        17.3134061140395     
   56.4680000000000        17.2343889915781     
   56.4800000000000        17.1554387647504     
   56.4920000000000        17.0765821918097     
   56.5040000000000        16.9978192727562     
   56.5160000000000        16.9191366284630     
   56.5280000000000        16.8405342589302     
   56.5400000000000        16.7620255432845     
   56.5520000000000        16.6835971023992     
   56.5640000000000        16.6052623154010     
   56.5760000000000        16.5270078031631     
   56.5880000000000        16.4488335656856     
   56.6000000000000        16.3707396029686     
   56.6120000000000        16.2927392941386     
   56.6240000000000        16.2148326391957     
   56.6360000000000        16.1370062590131     
   56.6480000000000        16.0592601535910     
   56.6600000000000        15.9815943229292     
   56.6720000000000        15.9040087670278     
   56.6840000000000        15.8265302441403     
   56.6960000000000        15.7491186168864     
   56.7080000000000        15.6718006435195     
   56.7200000000000        15.5945495657864     
   56.7320000000000        15.5174055210670     
   56.7440000000000        15.4403149928546     
   56.7560000000000        15.3633314976560     
   56.7680000000000        15.2864282772178     
   56.7800000000000        15.2096053315400     
   56.7920000000000        15.1328760397492     
   56.8040000000000        15.0562136435921     
   56.8160000000000        14.9796449013221     
   56.8280000000000        14.9031564338125     
   56.8400000000000        14.8267482410633     
   56.8520000000000        14.7504203230744     
   56.8640000000000        14.6741860589726     
   56.8760000000000        14.5980320696312     
   56.8880000000000        14.5219449759235     
   56.9000000000000        14.4459649152296     
   56.9120000000000        14.3700517501693     
   56.9240000000000        14.2942188598694     
   56.9360000000000        14.2184662443299     
   56.9480000000000        14.1428072826775     
   56.9600000000000        14.0672285957854     
   56.9720000000000        13.9917168045270     
   56.9840000000000        13.9162986671557     
   56.9960000000000        13.8409608045448     
   57.0080000000000        13.7657032166942     
   57.0200000000000        13.6905259036041     
   57.0320000000000        13.6154422444010     
   57.0440000000000        13.5404254808316     
   57.0560000000000        13.4654889920225     
   57.0680000000000        13.3906327779738     
   57.0800000000000        13.3158702178122     
   57.0920000000000        13.2411879324110     
   57.1040000000000        13.1665725426435     
   57.1160000000000        13.0920374276363     
   57.1280000000000        13.0175959665162     
   57.1400000000000        12.9432214010298     
   57.1520000000000        12.8689271103037     
   57.1640000000000        12.7947264734647     
   57.1760000000000        12.7206061113862     
   57.1880000000000        12.6465526449412     
   57.2000000000000        12.5725794532566     
   57.2120000000000        12.4986865363325     
   57.2240000000000        12.4248872732954     
   57.2360000000000        12.3511549058919     
   57.2480000000000        12.2774894341221     
   57.2600000000000        12.2039309953661     
   57.2720000000000        12.1304260731171     
   57.2840000000000        12.0570148047551     
   57.2960000000000        11.9836838111536     
   57.3080000000000        11.9104330923124     
   57.3200000000000        11.8372626482315     
   57.3320000000000        11.7641457206576     
   57.3440000000000        11.6911358260975     
   57.3560000000000        11.6181794480444     
   57.3680000000000        11.5453301030050     
   57.3800000000000        11.4725342744726     
   57.3920000000000        11.3998454789540     
   57.4040000000000        11.3271968208156     
   57.4160000000000        11.2546551956911     
   57.4280000000000        11.1821804662001     
   57.4400000000000        11.1097860114696     
   57.4520000000000        11.0374584523727     
   57.4640000000000        10.9652245471629     
   57.4760000000000        10.8930575375867     
   57.4880000000000        10.8209708027710     
   57.5000000000000        10.7489509635888     
   57.5120000000000        10.6770381574205     
   57.5240000000000        10.6051654886324     
   57.5360000000000        10.5333998528581     
   57.5480000000000        10.4617011127175     
   57.5600000000000        10.3900826473372     
   57.5720000000000        10.3185176984639     
   57.5840000000000        10.2470464034776     
   57.5960000000000        10.1756553832517     
   57.6080000000000        10.1043446377862     
   57.6200000000000        10.0330874088276     
   57.6320000000000        9.96192383375617     
   57.6440000000000        9.89082715431833     
   57.6560000000000        9.81982412876759     
   57.6680000000000        9.74887461972378     
   57.6800000000000        9.67801876456706     
   57.6920000000000        9.60722980504399     
   57.7040000000000        9.53652112028130     
   57.7160000000000        9.46587933115225     
   57.7280000000000        9.39531781678357     
   57.7400000000000        9.32483657717527     
   57.7520000000000        9.25442223320061     
   57.7640000000000        9.18408816398632     
   57.7760000000000        9.11382099040569     
   57.7880000000000        9.04363409158542     
   57.8000000000000        8.97352746752553     
   57.8120000000000        8.90348773909928     
   57.8240000000000        8.83351490630668     
   57.8360000000000        8.76363572740118     
   57.8480000000000        8.69382344412933     
   57.8600000000000        8.62409143561785     
   57.8720000000000        8.55441294361329     
   57.8840000000000        8.48481472636910     
   57.8960000000000        8.41529678388528     
   57.9080000000000        8.34587249528857     
   57.9200000000000        8.27648834407204     
   57.9320000000000        8.20719784674262     
   57.9440000000000        8.13797424504684     
   57.9560000000000        8.06883091811144     
   57.9680000000000        7.99974110768295     
   57.9800000000000        7.93074495114156     
   57.9920000000000        7.86181569023382     
   58.0040000000000        7.79296670408645     
   58.0160000000000        7.72417123444600     
   58.0280000000000        7.65546941869266     
   58.0400000000000        7.58683449857295     
   58.0520000000000        7.51826647408690     
   58.0640000000000        7.44977872436121     
   58.0760000000000        7.38135787026917     
   58.0880000000000        7.31301729093751     
   58.1000000000000        7.24474360723949     
   58.1120000000000        7.17653681917511     
   58.1240000000000        7.10841030587111     
   58.1360000000000        7.04033730907403     
   58.1480000000000        6.97235796616404     
   58.1600000000000        6.90444551888771     
   58.1720000000000        6.83661334637174     
   58.1840000000000        6.76882131123597     
   58.1960000000000        6.70113630911402     
   58.2080000000000        6.63350482349899     
   58.2200000000000        6.56595361264434     
   58.2320000000000        6.49846929742333     
   58.2440000000000        6.43105187783596     
   58.2560000000000        6.36371473300897     
   58.2680000000000        6.29644448381563     
   58.2800000000000        6.22924113025592     
   58.2920000000000        6.16210467232987     
   58.3040000000000        6.09506186829091     
   58.3160000000000        6.02807258075888     
   58.3280000000000        5.96115018886048     
   58.3400000000000        5.89430807172247     
   58.3520000000000        5.82753285021809     
   58.3640000000000        5.76082452434736     
   58.3760000000000        5.69418309411028     
   58.3880000000000        5.62763531776030     
   58.4000000000000        5.56112767879051     
   58.4120000000000        5.49471369370781     
   58.4240000000000        5.42835322513204     
   58.4360000000000        5.36207303131664     
   58.4480000000000        5.29585973313488     
   58.4600000000000        5.22971333058677     
   58.4720000000000        5.16363382367230     
   58.4840000000000        5.09763459151821     
   58.4960000000000        5.03168887587104     
   58.5080000000000        4.96582343498423     
   58.5200000000000        4.90002488973108     
   58.5320000000000        4.83429324011156     
   58.5440000000000        4.76862848612570     
   58.5560000000000        4.70305738602693     
   58.5680000000000        4.63752642330835     
   58.5800000000000        4.57207573535015     
   58.5920000000000        4.50669194302559     
   58.6040000000000        4.44137504633468     
   58.6160000000000        4.37612504527741     
   58.6280000000000        4.31094193985378     
   58.6400000000000        4.24583910919053     
   58.6520000000000        4.18080317416093     
   58.6640000000000        4.11582075563824     
   58.6760000000000        4.05091861187592     
   58.6880000000000        3.98606998462052     
   58.7000000000000        3.92131501125223     
   58.7120000000000        3.85661355439085     
   58.7240000000000        3.79197899316311     
   58.7360000000000        3.72741132756902     
   58.7480000000000        3.66291055760857     
   58.7600000000000        3.59847668328177     
   58.7720000000000        3.53412308371535     
   58.7840000000000        3.46980962152911     
   58.7960000000000        3.40558981322997     
   58.8080000000000        3.34142352143775     
   58.8200000000000        3.27732412527917     
   58.8320000000000        3.21330500388097     
   58.8440000000000        3.14935277811641     
   58.8560000000000        3.08544068973204     
   58.8680000000000        3.02162225523477     
   58.8800000000000        2.95785733724442     
   58.8920000000000        2.89417269401445     
   58.9040000000000        2.83052818816465     
   58.9160000000000        2.76697733620197     
   58.9280000000000        2.70348000074619     
   58.9400000000000        2.64004956092407     
   58.9520000000000        2.57668601673559     
   58.9640000000000        2.51338936818075     
   58.9760000000000        2.45015961525956     
   58.9880000000000        2.38699675797201     
   59.0000000000000        2.32390079631811     
   59.0120000000000        2.26085835117112     
   59.0240000000000        2.19790955991124     
   59.0360000000000        2.13498752690481     
   59.0480000000000        2.07215914778549     
   59.0600000000000        2.00939766429981     
   59.0720000000000        1.94668969732105     
   59.0840000000000        1.88404862597593     
   59.0960000000000        1.82147445026446     
   59.1080000000000        1.75896717018664     
   59.1200000000000        1.69652678574245     
   59.1320000000000        1.63413991780519     
   59.1440000000000        1.57181994550157     
   59.1560000000000        1.50956686883159     
   59.1680000000000        1.44739406692199     
   59.1800000000000        1.38527478151930     
   59.1920000000000        1.32320901262353     
   59.2040000000000        1.26122351848814     
   59.2160000000000        1.19929154085966     
   59.2280000000000        1.13742645886482     
   59.2400000000000        1.07562827250363     
   59.2520000000000        1.01389698177608     
   59.2640000000000       0.952232586682184     
   59.2760000000000       0.890621708095200     
   59.2880000000000       0.829077725141860     
   59.3000000000000       0.767600637822165     
   59.3120000000000       0.706177067009386     
   59.3240000000000       0.644833770956981     
   59.3360000000000       0.583557370538221     
   59.3480000000000       0.522321107499648     
   59.3600000000000       0.461165119221449     
   59.3720000000000       0.400062647450166     
   59.3840000000000       0.339027071312528     
   59.3960000000000       0.278058390808535     
   59.4080000000000       0.217156605938186     
   59.4200000000000       0.156308337574754     
   59.4320000000000       9.552696484496642E-002
   59.4440000000000       3.481248774882390E-002
   59.4560000000000      -2.584847284040268E-002
   59.4680000000000      -8.644253779598432E-002
   59.4800000000000      -0.146969707117921     
   59.4920000000000      -0.207429980806213     
   59.5040000000000      -0.267836737987589     
   59.5160000000000      -0.328189978662049     
   59.5280000000000      -0.388462944576135     
   59.5400000000000      -0.448682393983305     
   59.5520000000000      -0.508848326883559     
   59.5640000000000      -0.568933985023439     
   59.5760000000000      -0.628966126656403     
   59.5880000000000      -0.688944751782451     
   59.6000000000000      -0.748856481274854     
   59.6120000000000      -0.808701315133613     
   59.6240000000000      -0.868479253358726     
   59.6360000000000      -0.928203675076924     
   59.6480000000000      -0.987861201161476     
   59.6600000000000       -1.04746521073911     
   59.6720000000000       -1.10700232468310     
   59.6840000000000       -1.16648592212018     
   59.6960000000000       -1.22588924479688     
   59.7080000000000       -1.28525243009340     
   59.7200000000000       -1.34453534062954     
   59.7320000000000       -1.40376473465876     
   59.7440000000000       -1.46294061218107     
   59.7560000000000       -1.52204959406974     
   59.7680000000000       -1.58109168032476     
   59.7800000000000       -1.64009362919959     
   59.7920000000000       -1.69901530331405     
   59.8040000000000       -1.75788346092159     
   59.8160000000000       -1.81669810202221     
   59.8280000000000       -1.87544584748920     
   59.8400000000000       -1.93412669732253     
   59.8520000000000       -1.99275403064895     
   59.8640000000000       -2.05132784746846     
   59.8760000000000       -2.10982138952759     
   59.8880000000000       -2.16826141507980     
   59.9000000000000       -2.22664792412510     
   59.9120000000000       -2.28496753753676     
   59.9240000000000       -2.34324701356822     
   59.9360000000000       -2.40145959396604     
   59.9480000000000       -2.45960527873022     
   59.9600000000000       -2.51768406786075     
   59.9720000000000       -2.57570934048437     
   59.9840000000000       -2.63368109660107     
   59.9960000000000       -2.69158595708413     
   60.0080000000000       -2.74943730106026     
   60.0200000000000       -2.80722174940276     
   60.0320000000000       -2.86495268123834     
   60.0440000000000       -2.92261671744027     
   60.0560000000000       -2.98022723713529     
   60.0680000000000       -3.03778424032339     
   60.0800000000000       -3.09527434787785     
   60.0920000000000       -3.15272431805212     
   60.1040000000000       -3.21009401346601     
   60.1160000000000       -3.26739681324626     
   60.1280000000000       -3.32465947564633     
   60.1400000000000       -3.38186862153948     
   60.1520000000000       -3.43901087179898     
   60.1640000000000       -3.49609960555157     
   60.1760000000000       -3.55310806454378     
   60.1880000000000       -3.61008976528253     
   60.2000000000000       -3.66699119126091     
   60.2120000000000       -3.72383910073238     
   60.2240000000000       -3.78063349369693     
   60.2360000000000       -3.83736099102783     
   60.2480000000000       -3.89404835097855     
   60.2600000000000       -3.95065543616890     
   60.2720000000000       -4.00722238397905     
   60.2840000000000       -4.06373581528229     
   60.2960000000000       -4.12016897182516     
   60.3080000000000       -4.17656199098784     
   60.3200000000000       -4.23288811451687     
   60.3320000000000       -4.28916072153899     
   60.3440000000000       -4.34537981205420     
   60.3560000000000       -4.40154538606248     
   60.3680000000000       -4.45763068531040     
   60.3800000000000       -4.51367584717812     
   60.3920000000000       -4.56965411341220     
   60.4040000000000       -4.62559224226610     
   60.4160000000000       -4.68146347548635     
   60.4280000000000       -4.73728119219968     
   60.4400000000000       -4.79304539240610     
   60.4520000000000       -4.84874269697887     
   60.4640000000000       -4.90438648504473     
   60.4760000000000       -4.95997675660367     
   60.4880000000000       -5.01550013252896     
   60.5000000000000       -5.07098337107407     
   60.5120000000000       -5.12639971398553     
   60.5240000000000       -5.18176254039008     
   60.5360000000000       -5.23707185028771     
   60.5480000000000       -5.29232764367843     
   60.5600000000000       -5.34751654143550     
   60.5720000000000       -5.40265192268566     
   60.5840000000000       -5.45773378742889     
   60.5960000000000       -5.51276213566522     
   60.6080000000000       -5.56773696739462     
   60.6200000000000       -5.62264490349039     
   60.6320000000000       -5.67751270220596     
   60.6440000000000       -5.73230022616116     
   60.6560000000000       -5.78704761273618     
   60.6680000000000       -5.84174148280428     
   60.6800000000000       -5.89638183636546     
   60.6920000000000       -5.95096867341973     
   60.7040000000000       -6.00548861484035     
   60.7160000000000       -6.05996841888078     
   60.7280000000000       -6.11438132728757     
   60.7400000000000       -6.16874071918745     
   60.7520000000000       -6.22304659458040     
   60.7640000000000       -6.27729895346645     
   60.7760000000000       -6.33148441671884     
   60.7880000000000       -6.38562974259105     
   60.8000000000000       -6.43972155195635     
   60.8120000000000       -6.49373308656127     
   60.8240000000000       -6.54771786291273     
   60.8360000000000       -6.60164912275727     
   60.8480000000000       -6.65551348696818     
   60.8600000000000       -6.70932433467216     
   60.8720000000000       -6.76308166586923     
   60.8840000000000       -6.81677210143265     
   60.8960000000000       -6.87043577874262     
   60.9080000000000       -6.92403256041894     
   60.9200000000000       -6.97757582558835     
   60.9320000000000       -7.03105219512411     
   60.9440000000000       -7.08448842727968     
   60.9560000000000       -7.13787114292834     
   60.9680000000000       -7.19118696294335     
   60.9800000000000       -7.24446264557818     
   60.9920000000000       -7.29767143257936     
   61.0040000000000       -7.35084008220035     
   61.0160000000000       -7.40395521531443     
   61.0280000000000       -7.45700345279486     
   61.0400000000000       -7.51001155289511     
   61.0520000000000       -7.56296613648844     
   61.0640000000000       -7.61586720357485     
   61.0760000000000       -7.66870137502762     
   61.0880000000000       -7.72149540910021     
   61.1000000000000       -7.77422254753914     
   61.1120000000000       -7.82690954859789     
   61.1240000000000       -7.87954303314973     
   61.1360000000000       -7.93212300119465     
   61.1480000000000       -7.98464945273265     
   61.1600000000000       -8.03712238776374     
   61.1720000000000       -8.08952842716118     
   61.1840000000000       -8.14190770830516     
   61.1960000000000       -8.19422009381550     
   61.2080000000000       -8.24646558369219     
   61.2200000000000       -8.29868431531543     
   61.2320000000000       -8.35083615130502     
   61.2440000000000       -8.40293447078770     
   61.2560000000000       -8.45499265289018     
   61.2680000000000       -8.50698393935903     
   61.2800000000000       -8.55893508844768     
   61.2920000000000       -8.61083272102942     
   61.3040000000000       -8.66267683710425     
   61.3160000000000       -8.71445405754543     
   61.3280000000000       -8.76619114060642     
   61.3400000000000       -8.81787470716050     
   61.3520000000000       -8.86951813633438     
   61.3640000000000       -8.92109466987463     
   61.3760000000000       -8.97263106603469     
   61.3880000000000       -9.02410056656110     
   61.4000000000000       -9.07552992970733     
   61.4120000000000       -9.12690577634663     
   61.4240000000000       -9.17822810647903     
   61.4360000000000       -9.22949692010451     
   61.4480000000000       -9.28072559634980     
   61.4600000000000       -9.33190075608817     
   61.4720000000000       -9.38300902019290     
   61.4840000000000       -9.43407714691745     
   61.4960000000000       -9.48509175713507     
   61.5080000000000       -9.53605285084578     
   61.5200000000000       -9.58697380717631     
   61.5320000000000       -9.63784124699992     
   61.5440000000000       -9.68865517031661     
   61.5560000000000       -9.73941557712638     
   61.5680000000000       -9.79012246742924     
   61.5800000000000       -9.84077584122519     
   61.5920000000000       -9.89138907764095     
   61.6040000000000       -9.94194879754979     
   61.6160000000000       -9.99245500095171     
   61.6280000000000       -10.0429076878467     
   61.6400000000000       -10.0933202373615     
   61.6520000000000       -10.1436658912427     
   61.6640000000000       -10.1939847868704     
   61.6760000000000       -10.2442367868645     
   61.6880000000000       -10.2944486494784     
   61.7000000000000       -10.3445936164586     
   61.7120000000000       -10.3947118251854     
   61.7240000000000       -10.4447631382786     
   61.7360000000000       -10.4947609348648     
   61.7480000000000       -10.5447185940708     
   61.7600000000000       -10.5946361158967     
   61.7720000000000       -10.6444867420889     
   61.7840000000000       -10.6942838517742     
   61.7960000000000       -10.7440542032060     
   61.8080000000000       -10.7937576590042     
   61.8200000000000       -10.8434075982955     
   61.8320000000000       -10.8930174002065     
   61.8440000000000       -10.9425736856107     
   61.8560000000000       -10.9920898336347     
   61.8680000000000       -11.0415524651518     
   61.8800000000000       -11.0909615801619     
   61.8920000000000       -11.1403305577919     
   61.9040000000000       -11.1896326397882     
   61.9160000000000       -11.2388945844043     
   61.9280000000000       -11.2881163916403     
   61.9400000000000       -11.3372846823693     
   61.9520000000000       -11.3863994565914     
   61.9640000000000       -11.4354607143066     
   61.9760000000000       -11.4844684555149     
   61.9880000000000       -11.5334494384697     
   62.0000000000000       -11.5823769049176     
   62.0120000000000       -11.6312508548586     
   62.0240000000000       -11.6800712882927     
   62.0360000000000       -11.7288382052198     
   62.0480000000000       -11.7775649847668     
   62.0600000000000       -11.8262516269336     
   62.0720000000000       -11.8748847525934     
   62.0840000000000       -11.9234509826197     
   62.0960000000000       -11.9719904543924     
   62.1080000000000       -12.0204764096583     
   62.1200000000000       -12.0689088484172     
   62.1320000000000       -12.1173145289227     
   62.1440000000000       -12.1656533137945     
   62.1560000000000       -12.2139519612862     
   62.1680000000000       -12.2621970922709     
   62.1800000000000       -12.3103753276220     
   62.1920000000000       -12.3585268047196     
   62.2040000000000       -12.4066381444370     
   62.2160000000000       -12.4546959676475     
   62.2280000000000       -12.5027002743512     
   62.2400000000000       -12.5506644436746     
   62.2520000000000       -12.5985750964911     
   62.2640000000000       -12.6464322328007     
   62.2760000000000       -12.6942492317301     
   62.2880000000000       -12.7420127141525     
   62.3000000000000       -12.7897494383216     
   62.3120000000000       -12.8374192668569     
   62.3240000000000       -12.8850489580121     
   62.3360000000000       -12.9326251326604     
   62.3480000000000       -12.9801611699285     
   62.3600000000000       -13.0276436906897     
   62.3720000000000       -13.0750860740707     
   62.3840000000000       -13.1224883200715     
   62.3960000000000       -13.1698370495654     
   62.4080000000000       -13.2171188834256     
   62.4200000000000       -13.2643873381591     
   62.4320000000000       -13.3115888972590     
   62.4440000000000       -13.3587369398519     
   62.4560000000000       -13.4058582241914     
   62.4680000000000       -13.4529259920240     
   62.4800000000000       -13.4999402433496     
   62.4920000000000       -13.5469277364218     
   62.5040000000000       -13.5938483338604     
   62.5160000000000       -13.6407154147920     
   62.5280000000000       -13.6875691165970     
   62.5400000000000       -13.7343425436415     
   62.5520000000000       -13.7810892124326     
   62.5640000000000       -13.8277823647167     
   62.5760000000000       -13.8744353796207     
   62.5880000000000       -13.9210482571445     
   62.6000000000000       -13.9675942390347     
   62.6120000000000       -14.0141134626713     
   62.6240000000000       -14.0605791698011     
   62.6360000000000       -14.1069913604240     
   62.6480000000000       -14.1533634136666     
   62.6600000000000       -14.1996953295291     
   62.6720000000000       -14.2459737288847     
   62.6840000000000       -14.2922119908601     
   62.6960000000000       -14.3384234945820     
   62.7080000000000       -14.3845681026703     
   62.7200000000000       -14.4306591942516     
   62.7320000000000       -14.4767235275795     
   62.7440000000000       -14.5227343444005     
   62.7560000000000       -14.5686916447146     
   62.7680000000000       -14.6146221867752     
   62.7800000000000       -14.6604858332022     
   62.7920000000000       -14.7063227213757     
   62.8040000000000       -14.7521060930423     
   62.8160000000000       -14.7978493273287     
   62.8280000000000       -14.8435390451082     
   62.8400000000000       -14.8891886255075     
   62.8520000000000       -14.9347980685266     
   62.8640000000000       -14.9803673741655     
   62.8760000000000       -15.0258697841708     
   62.8880000000000       -15.0713454359226     
   62.9000000000000       -15.1167675711675     
   62.9120000000000       -15.1621495690322     
   62.9240000000000       -15.2074914295168     
   62.9360000000000       -15.2527797734944     
   62.9480000000000       -15.2980279800918     
   62.9600000000000       -15.3432360493091     
   62.9720000000000       -15.3884039811461     
   62.9840000000000       -15.4335050173496     
   62.9960000000000       -15.4785792952995     
   63.0080000000000       -15.5236134358693     
   63.0200000000000       -15.5685940599321     
   63.0320000000000       -15.6135211674881     
   63.0440000000000       -15.6584215167906     
   63.0560000000000       -15.7032683495861     
   63.0680000000000       -15.7480884241282     
   63.0800000000000       -15.7928549821634     
   63.0920000000000       -15.8375680236917     
   63.1040000000000       -15.8822409278398     
   63.1160000000000       -15.9268736946077     
   63.1280000000000       -15.9714663239954     
   63.1400000000000       -16.0160054368762     
   63.1520000000000       -16.0605044123768     
   63.1640000000000       -16.1049766296240     
   63.1760000000000       -16.1493819512375     
   63.1880000000000       -16.1937605145975     
   63.2000000000000       -16.2380855614506     
   63.2120000000000       -16.2823570917969     
   63.2240000000000       -16.3266018638896     
   63.2360000000000       -16.3708064986022     
   63.2480000000000       -16.4149576168079     
   63.2600000000000       -16.4590685976333     
   63.2720000000000       -16.5031394410786     
   63.2840000000000       -16.5471701471437     
   63.2960000000000       -16.5911473367019     
   63.3080000000000       -16.6350843888799     
   63.3200000000000       -16.6789813036777     
   63.3320000000000       -16.7228247019686     
   63.3440000000000       -16.7666413420060     
   63.3560000000000       -16.8104178446632     
   63.3680000000000       -16.8541274516868     
   63.3800000000000       -16.8978236795837     
   63.3920000000000       -16.9414530118469     
   63.4040000000000       -16.9850555858567     
   63.4160000000000       -17.0286046433596     
   63.4280000000000       -17.0721135634822     
   63.4400000000000       -17.1155823462247     
   63.4520000000000       -17.1590109915870     
   63.4640000000000       -17.2023994995691     
   63.4760000000000       -17.2457478701710     
   63.4880000000000       -17.2890561033928     
   63.5000000000000       -17.3323108201076     
   63.5120000000000       -17.3755253994422     
   63.5240000000000       -17.4186864622699     
   63.5360000000000       -17.4618341459709     
   63.5480000000000       -17.5049149340382     
   63.5600000000000       -17.5479689638521     
   63.5720000000000       -17.5909694771591     
   63.5840000000000       -17.6339432322126     
   63.5960000000000       -17.6768634707592     
   63.6080000000000       -17.7197569510523     
   63.6200000000000       -17.7625835357118     
   63.6320000000000       -17.8053833621178     
   63.6440000000000       -17.8481430511437     
   63.6560000000000       -17.8908626027893     
   63.6680000000000       -17.9335286379281     
   63.6800000000000       -17.9761679148133     
   63.6920000000000       -18.0187536751917     
   63.7040000000000       -18.0612992981899     
   63.7160000000000       -18.1038047838079     
   63.7280000000000       -18.1462701320457     
   63.7400000000000       -18.1887087220300     
   63.7520000000000       -18.2310804163807     
   63.7640000000000       -18.2734253524780     
   63.7760000000000       -18.3157301511950     
   63.7880000000000       -18.3579948125319     
   63.8000000000000       -18.4002059573618     
   63.8120000000000       -18.4423903439383     
   63.8240000000000       -18.4845345931346     
   63.8360000000000       -18.5266253258240     
   63.8480000000000       -18.5686759211332     
   63.8600000000000       -18.6106997581890     
   63.8720000000000       -18.6526834578646     
   63.8840000000000       -18.6946136410332     
   63.8960000000000       -18.7365036868217     
   63.9080000000000       -18.7783535952299     
   63.9200000000000       -18.8201633662580     
   63.9320000000000       -18.8619463790326     
   63.9440000000000       -18.9036758753004     
   63.9560000000000       -18.9453652341879     
   63.9680000000000       -18.9870144556952     
   63.9800000000000       -19.0286235398224     
   63.9920000000000       -19.0701924865693     
   64.0040000000000       -19.1117346750628     
   64.0160000000000       -19.1532233470494     
   64.0280000000000       -19.1946585025291     
   64.0400000000000       -19.2360802788820     
   64.0520000000000       -19.2774485387281     
   64.0640000000000       -19.3187766611939     
   64.0760000000000       -19.3600646462796     
   64.0880000000000       -19.4013258731117     
   64.1000000000000       -19.4425335834370     
   64.1120000000000       -19.4837011563821     
   64.1240000000000       -19.5248285919470     
   64.1360000000000       -19.5659292692585     
   64.1480000000000       -19.6069764300630     
   64.1600000000000       -19.6479834534873     
   64.1720000000000       -19.6889637186582     
   64.1840000000000       -19.7298770881955     
   64.1960000000000       -19.7707770786060     
   64.2080000000000       -19.8116369316363     
   64.2200000000000       -19.8524566472865     
   64.2320000000000       -19.8932228464297     
   64.2440000000000       -19.9339622873194     
   64.2560000000000       -19.9746615908290     
   64.2680000000000       -20.0153073778317     
   64.2800000000000       -20.0559264065809     
   64.2920000000000       -20.0965052979499     
   64.3040000000000       -20.1370574310655     
   64.3160000000000       -20.1775560476741     
   64.3280000000000       -20.2180145269026     
   64.3400000000000       -20.2584328687508     
   64.3520000000000       -20.2988110732189     
   64.3640000000000       -20.3391625194335     
   64.3760000000000       -20.3794738282680     
   64.3880000000000       -20.4197316205955     
   64.4000000000000       -20.4599626546696     
   64.4120000000000       -20.5001535513634     
   64.4240000000000       -20.5402909315504     
   64.4360000000000       -20.5804149326106     
   64.4480000000000       -20.6204854171639     
   64.4600000000000       -20.6605291434638     
   64.4720000000000       -20.7005193532567     
   64.4840000000000       -20.7404828047962     
   64.4960000000000       -20.7804061189555     
   64.5080000000000       -20.8202759166079     
   64.5200000000000       -20.8601323351336     
   64.5320000000000       -20.8999218580256     
   64.5440000000000       -20.9396846226641     
   64.5560000000000       -20.9794340081759     
   64.5680000000000       -21.0191031189274     
   64.5800000000000       -21.0587588505521     
   64.5920000000000       -21.0983878239234     
   64.6040000000000       -21.1379632807877     
   64.6160000000000       -21.1774986002719     
   64.6280000000000       -21.2169937823758     
   64.6400000000000       -21.2564622062263     
   64.6520000000000       -21.2958771135699     
   64.6640000000000       -21.3352652626601     
   64.6760000000000       -21.3746266534968     
   64.6880000000000       -21.4139345278265     
   64.7000000000000       -21.4532022647761     
   64.7120000000000       -21.4924298643455     
   64.7240000000000       -21.5316307056614     
   64.7360000000000       -21.5707914095972     
   64.7480000000000       -21.6099253552794     
   64.7600000000000       -21.6490057844548     
   64.7720000000000       -21.6880594553767     
   64.7840000000000       -21.7270596097917     
   64.7960000000000       -21.7660330059533     
   64.8080000000000       -21.8049662647346     
   64.8200000000000       -21.8438593861358     
   64.8320000000000       -21.8827257492835     
   64.8440000000000       -21.9215519750510     
   64.8560000000000       -21.9603514425651     
   64.8680000000000       -21.9990840144455     
   64.8800000000000       -22.0378032071992     
   64.8920000000000       -22.0764822625727     
   64.9040000000000       -22.1151211805660     
   64.9160000000000       -22.1537199611791     
   64.9280000000000       -22.1922919835388     
   64.9400000000000       -22.2308104893915     
   64.9520000000000       -22.2693156161176     
   64.9640000000000       -22.3077538472099     
   64.9760000000000       -22.3461786991756     
   64.9880000000000       -22.3845500346343     
   65.0000000000000       -22.4229079909663     
