 
+----------------------------+
| Real-space lattice vectors |
+----------------------------+
 
vector a1 :    5.117725162      -2.954720000       0.000000000    
vector a2 :    0.000000000       5.909440000       0.000000000    
vector a3 :    0.000000000       0.000000000       6.086723200    
 
Stored column-wise as a matrix :
   5.117725162       0.000000000       0.000000000    
  -2.954720000       5.909440000       0.000000000    
   0.000000000       0.000000000       6.086723200    
 
Inverse of matrix :
  0.1953993168       0.000000000       0.000000000    
  0.9769965838E-01  0.1692207722       0.000000000    
   0.000000000       0.000000000      0.1642920118    
 
Unit cell volume :    184.0800989    
 
 
+----------------------------------+
| Reciprocal-space lattice vectors |
+----------------------------------+
 
vector b1 :    1.227730116       0.000000000       0.000000000    
vector b2 :   0.6138650580       1.063245469       0.000000000    
vector b3 :    0.000000000       0.000000000       1.032277155    
 
Stored column-wise as a matrix :
   1.227730116      0.6138650580       0.000000000    
   0.000000000       1.063245469       0.000000000    
   0.000000000       0.000000000       1.032277155    
 
Inverse of matrix :
  0.8145112569     -0.4702582935       0.000000000    
   0.000000000      0.9405165869       0.000000000    
   0.000000000       0.000000000      0.9687320845    
 
Brillouin zone volume :    1.347512387    
