 
+----------------------------+
| Real-space lattice vectors |
+----------------------------+
 
vector a1 :    4.719240893      -2.724655000       0.000000000    
vector a2 :    0.000000000       5.449310000       0.000000000    
vector a3 :    0.000000000       0.000000000       6.332098220    
 
Stored column-wise as a matrix :
   4.719240893       0.000000000       0.000000000    
  -2.724655000       5.449310000       0.000000000    
   0.000000000       0.000000000       6.332098220    
 
Inverse of matrix :
  0.2118984859       0.000000000       0.000000000    
  0.1059492430      0.1835094718       0.000000000    
   0.000000000       0.000000000      0.1579255351    
 
Unit cell volume :    162.8400788    
 
 
+----------------------------------+
| Reciprocal-space lattice vectors |
+----------------------------------+
 
vector b1 :    1.331397453       0.000000000       0.000000000    
vector b2 :   0.6656987267       1.153024017       0.000000000    
vector b3 :    0.000000000       0.000000000      0.9922754021    
 
Stored column-wise as a matrix :
   1.331397453      0.6656987267       0.000000000    
   0.000000000       1.153024017       0.000000000    
   0.000000000       0.000000000      0.9922754021    
 
Inverse of matrix :
  0.7510905158     -0.4336423115       0.000000000    
   0.000000000      0.8672846229       0.000000000    
   0.000000000       0.000000000       1.007784732    
 
Brillouin zone volume :    1.523274953    
