 
+----------------------------+
| Real-space lattice vectors |
+----------------------------+
 
vector a1 :    5.012858146      -2.894175000       0.000000000    
vector a2 :    0.000000000       5.788350000       0.000000000    
vector a3 :    0.000000000       0.000000000       6.344031600    
 
Stored column-wise as a matrix :
   5.012858146       0.000000000       0.000000000    
  -2.894175000       5.788350000       0.000000000    
   0.000000000       0.000000000       6.344031600    
 
Inverse of matrix :
  0.1994869934       0.000000000       0.000000000    
  0.9974349671E-01  0.1727608040       0.000000000    
   0.000000000       0.000000000      0.1576284708    
 
Unit cell volume :    184.0795467    
 
 
+----------------------------------+
| Reciprocal-space lattice vectors |
+----------------------------------+
 
vector b1 :    1.253413746       0.000000000       0.000000000    
vector b2 :   0.6267068730       1.085488146       0.000000000    
vector b3 :    0.000000000       0.000000000      0.9904088919    
 
Stored column-wise as a matrix :
   1.253413746      0.6267068730       0.000000000    
   0.000000000       1.085488146       0.000000000    
   0.000000000       0.000000000      0.9904088919    
 
Inverse of matrix :
  0.7978211530     -0.4606222574       0.000000000    
   0.000000000      0.9212445148       0.000000000    
   0.000000000       0.000000000       1.009683988    
 
Brillouin zone volume :    1.347516429    
