 
+----------------------------+
| Real-space lattice vectors |
+----------------------------+
 
vector a1 :    4.947750356      -2.856585000       0.000000000    
vector a2 :    0.000000000       5.713170000       0.000000000    
vector a3 :    0.000000000       0.000000000       6.261634320    
 
Stored column-wise as a matrix :
   4.947750356       0.000000000       0.000000000    
  -2.856585000       5.713170000       0.000000000    
   0.000000000       0.000000000       6.261634320    
 
Inverse of matrix :
  0.2021120566       0.000000000       0.000000000    
  0.1010560283      0.1750341754       0.000000000    
   0.000000000       0.000000000      0.1597027148    
 
Unit cell volume :    176.9997394    
 
 
+----------------------------------+
| Reciprocal-space lattice vectors |
+----------------------------------+
 
vector b1 :    1.269907504       0.000000000       0.000000000    
vector b2 :   0.6349537522       1.099772159       0.000000000    
vector b3 :    0.000000000       0.000000000       1.003441751    
 
Stored column-wise as a matrix :
   1.269907504      0.6349537522       0.000000000    
   0.000000000       1.099772159       0.000000000    
   0.000000000       0.000000000       1.003441751    
 
Inverse of matrix :
  0.7874589264     -0.4546396231       0.000000000    
   0.000000000      0.9092792462       0.000000000    
   0.000000000       0.000000000      0.9965700539    
 
Brillouin zone volume :    1.401415699    
