 
+----------------------------+
| Real-space lattice vectors |
+----------------------------+
 
vector a1 :    5.159242420      -2.978690000       0.000000000    
vector a2 :    0.000000000       5.957380000       0.000000000    
vector a3 :    0.000000000       0.000000000       5.873976680    
 
Stored column-wise as a matrix :
   5.159242420       0.000000000       0.000000000    
  -2.978690000       5.957380000       0.000000000    
   0.000000000       0.000000000       5.873976680    
 
Inverse of matrix :
  0.1938269069       0.000000000       0.000000000    
  0.9691345343E-01  0.1678590253       0.000000000    
   0.000000000       0.000000000      0.1702424191    
 
Unit cell volume :    180.5400074    
 
 
+----------------------------------+
| Reciprocal-space lattice vectors |
+----------------------------------+
 
vector b1 :    1.217850373       0.000000000       0.000000000    
vector b2 :   0.6089251867       1.054689361       0.000000000    
vector b3 :    0.000000000       0.000000000       1.069664667    
 
Stored column-wise as a matrix :
   1.217850373      0.6089251867       0.000000000    
   0.000000000       1.054689361       0.000000000    
   0.000000000       0.000000000       1.069664667    
 
Inverse of matrix :
  0.8211189338     -0.4740732374       0.000000000    
   0.000000000      0.9481464749       0.000000000    
   0.000000000       0.000000000      0.9348724242    
 
Brillouin zone volume :    1.373934880    
