 
+----------------------------+
| Real-space lattice vectors |
+----------------------------+
 
vector a1 :    4.809402798      -2.776710000       0.000000000    
vector a2 :    0.000000000       5.553420000       0.000000000    
vector a3 :    0.000000000       0.000000000       5.964373080    
 
Stored column-wise as a matrix :
   4.809402798       0.000000000       0.000000000    
  -2.776710000       5.553420000       0.000000000    
   0.000000000       0.000000000       5.964373080    
 
Inverse of matrix :
  0.2079260237       0.000000000       0.000000000    
  0.1039630118      0.1800692186       0.000000000    
   0.000000000       0.000000000      0.1676622147    
 
Unit cell volume :    159.3002558    
 
 
+----------------------------------+
| Reciprocal-space lattice vectors |
+----------------------------------+
 
vector b1 :    1.306437737       0.000000000       0.000000000    
vector b2 :   0.6532188685       1.131408269       0.000000000    
vector b3 :    0.000000000       0.000000000       1.053452764    
 
Stored column-wise as a matrix :
   1.306437737      0.6532188685       0.000000000    
   0.000000000       1.131408269       0.000000000    
   0.000000000       0.000000000       1.053452764    
 
Inverse of matrix :
  0.7654402286     -0.4419271220       0.000000000    
   0.000000000      0.8838542441       0.000000000    
   0.000000000       0.000000000      0.9492594581    
 
Brillouin zone volume :    1.557123761    
