 
+----------------------------+
| Real-space lattice vectors |
+----------------------------+
 
vector a1 :    4.780356306      -2.759940000       0.000000000    
vector a2 :    0.000000000       5.519880000       0.000000000    
vector a3 :    0.000000000       0.000000000       6.171225840    
 
Stored column-wise as a matrix :
   4.780356306       0.000000000       0.000000000    
  -2.759940000       5.519880000       0.000000000    
   0.000000000       0.000000000       6.171225840    
 
Inverse of matrix :
  0.2091894277       0.000000000       0.000000000    
  0.1045947139      0.1811633586       0.000000000    
   0.000000000       0.000000000      0.1620423601    
 
Unit cell volume :    162.8400941    
 
 
+----------------------------------+
| Reciprocal-space lattice vectors |
+----------------------------------+
 
vector b1 :    1.314375939       0.000000000       0.000000000    
vector b2 :   0.6571879694       1.138282953       0.000000000    
vector b3 :    0.000000000       0.000000000       1.018142176    
 
Stored column-wise as a matrix :
   1.314375939      0.6571879694       0.000000000    
   0.000000000       1.138282953       0.000000000    
   0.000000000       0.000000000       1.018142176    
 
Inverse of matrix :
  0.7608173358     -0.4392580936       0.000000000    
   0.000000000      0.8785161873       0.000000000    
   0.000000000       0.000000000      0.9821810974    
 
Brillouin zone volume :    1.523274811    
