 
+----------------------------+
| Real-space lattice vectors |
+----------------------------+
 
vector a1 :    5.187518149      -2.995015000       0.000000000    
vector a2 :    0.000000000       5.990030000       0.000000000    
vector a3 :    0.000000000       0.000000000       6.037950240    
 
Stored column-wise as a matrix :
   5.187518149       0.000000000       0.000000000    
  -2.995015000       5.990030000       0.000000000    
   0.000000000       0.000000000       6.037950240    
 
Inverse of matrix :
  0.1927704099       0.000000000       0.000000000    
  0.9638520495E-01  0.1669440721       0.000000000    
   0.000000000       0.000000000      0.1656191191    
 
Unit cell volume :    187.6195786    
 
 
+----------------------------------+
| Reciprocal-space lattice vectors |
+----------------------------------+
 
vector b1 :    1.211212207       0.000000000       0.000000000    
vector b2 :   0.6056061036       1.048940541       0.000000000    
vector b3 :    0.000000000       0.000000000       1.040615616    
 
Stored column-wise as a matrix :
   1.211212207      0.6056061036       0.000000000    
   0.000000000       1.048940541       0.000000000    
   0.000000000       0.000000000       1.040615616    
 
Inverse of matrix :
  0.8256191559     -0.4766714419       0.000000000    
   0.000000000      0.9533428838       0.000000000    
   0.000000000       0.000000000      0.9609696268    
 
Brillouin zone volume :    1.322091304    
