 
+----------------------------+
| Real-space lattice vectors |
+----------------------------+
 
vector a1 :    5.020669695      -2.898685000       0.000000000    
vector a2 :    0.000000000       5.797370000       0.000000000    
vector a3 :    0.000000000       0.000000000       5.716206820    
 
Stored column-wise as a matrix :
   5.020669695       0.000000000       0.000000000    
  -2.898685000       5.797370000       0.000000000    
   0.000000000       0.000000000       5.716206820    
 
Inverse of matrix :
  0.1991766160       0.000000000       0.000000000    
  0.9958830801E-01  0.1724920093       0.000000000    
   0.000000000       0.000000000      0.1749411859    
 
Unit cell volume :    166.3798020    
 
 
+----------------------------------+
| Reciprocal-space lattice vectors |
+----------------------------------+
 
vector b1 :    1.251463587       0.000000000       0.000000000    
vector b2 :   0.6257317936       1.083799258       0.000000000    
vector b3 :    0.000000000       0.000000000       1.099187889    
 
Stored column-wise as a matrix :
   1.251463587      0.6257317936       0.000000000    
   0.000000000       1.083799258       0.000000000    
   0.000000000       0.000000000       1.099187889    
 
Inverse of matrix :
  0.7990643996     -0.4613400462       0.000000000    
   0.000000000      0.9226800924       0.000000000    
   0.000000000       0.000000000      0.9097625711    
 
Brillouin zone volume :    1.490867344    
