 
+----------------------------+
| Real-space lattice vectors |
+----------------------------+
 
vector a1 :    4.947204760      -2.856270000       0.000000000    
vector a2 :    0.000000000       5.712540000       0.000000000    
vector a3 :    0.000000000       0.000000000       6.889323240    
 
Stored column-wise as a matrix :
   4.947204760       0.000000000       0.000000000    
  -2.856270000       5.712540000       0.000000000    
   0.000000000       0.000000000       6.889323240    
 
Inverse of matrix :
  0.2021343463       0.000000000       0.000000000    
  0.1010671731      0.1750534788       0.000000000    
   0.000000000       0.000000000      0.1451521383    
 
Unit cell volume :    194.6998880    
 
 
+----------------------------------+
| Reciprocal-space lattice vectors |
+----------------------------------+
 
vector b1 :    1.270047554       0.000000000       0.000000000    
vector b2 :   0.6350237772       1.099893446       0.000000000    
vector b3 :    0.000000000       0.000000000      0.9120177829    
 
Stored column-wise as a matrix :
   1.270047554      0.6350237772       0.000000000    
   0.000000000       1.099893446       0.000000000    
   0.000000000       0.000000000      0.9120177829    
 
Inverse of matrix :
  0.7873720921     -0.4545894893       0.000000000    
   0.000000000      0.9091789786       0.000000000    
   0.000000000       0.000000000       1.096469848    
 
Brillouin zone volume :    1.274013128    
