 
+----------------------------+
| Real-space lattice vectors |
+----------------------------+
 
vector a1 :    4.912156712      -2.836035000       0.000000000    
vector a2 :    0.000000000       5.672070000       0.000000000    
vector a3 :    0.000000000       0.000000000       5.717446560    
 
Stored column-wise as a matrix :
   4.912156712       0.000000000       0.000000000    
  -2.836035000       5.672070000       0.000000000    
   0.000000000       0.000000000       5.717446560    
 
Inverse of matrix :
  0.2035765670       0.000000000       0.000000000    
  0.1017882835      0.1763024786       0.000000000    
   0.000000000       0.000000000      0.1749032526    
 
Unit cell volume :    159.3000491    
 
 
+----------------------------------+
| Reciprocal-space lattice vectors |
+----------------------------------+
 
vector b1 :    1.279109295       0.000000000       0.000000000    
vector b2 :   0.6395546473       1.107741143       0.000000000    
vector b3 :    0.000000000       0.000000000       1.098949547    
 
Stored column-wise as a matrix :
   1.279109295      0.6395546473       0.000000000    
   0.000000000       1.107741143       0.000000000    
   0.000000000       0.000000000       1.098949547    
 
Inverse of matrix :
  0.7817940220     -0.4513689890       0.000000000    
   0.000000000      0.9027379781       0.000000000    
   0.000000000       0.000000000      0.9099598819    
 
Brillouin zone volume :    1.557125782    
