 
+----------------------------+
| Real-space lattice vectors |
+----------------------------+
 
vector a1 :    5.177706082      -2.989350000       0.000000000    
vector a2 :    0.000000000       5.978700000       0.000000000    
vector a3 :    0.000000000       0.000000000       6.289592400    
 
Stored column-wise as a matrix :
   5.177706082       0.000000000       0.000000000    
  -2.989350000       5.978700000       0.000000000    
   0.000000000       0.000000000       6.289592400    
 
Inverse of matrix :
  0.1931357215       0.000000000       0.000000000    
  0.9656786077E-01  0.1672604412       0.000000000    
   0.000000000       0.000000000      0.1589928149    
 
Unit cell volume :    194.7003163    
 
 
+----------------------------------+
| Reciprocal-space lattice vectors |
+----------------------------------+
 
vector b1 :    1.213507528       0.000000000       0.000000000    
vector b2 :   0.6067537639       1.050928347       0.000000000    
vector b3 :    0.000000000       0.000000000      0.9989813183    
 
Stored column-wise as a matrix :
   1.213507528      0.6067537639       0.000000000    
   0.000000000       1.050928347       0.000000000    
   0.000000000       0.000000000      0.9989813183    
 
Inverse of matrix :
  0.8240575168     -0.4757698291       0.000000000    
   0.000000000      0.9515396583       0.000000000    
   0.000000000       0.000000000       1.001019720    
 
Brillouin zone volume :    1.274010326    
