 
+----------------------------+
| Real-space lattice vectors |
+----------------------------+
 
vector a1 :    4.916097128      -2.838310000       0.000000000    
vector a2 :    0.000000000       5.676620000       0.000000000    
vector a3 :    0.000000000       0.000000000       6.596232440    
 
Stored column-wise as a matrix :
   4.916097128       0.000000000       0.000000000    
  -2.838310000       5.676620000       0.000000000    
   0.000000000       0.000000000       6.596232440    
 
Inverse of matrix :
  0.2034133936       0.000000000       0.000000000    
  0.1017066968      0.1761611663       0.000000000    
   0.000000000       0.000000000      0.1516016922    
 
Unit cell volume :    184.0798402    
 
 
+----------------------------------+
| Reciprocal-space lattice vectors |
+----------------------------------+
 
vector b1 :    1.278084046       0.000000000       0.000000000    
vector b2 :   0.6390420230       1.106853252       0.000000000    
vector b3 :    0.000000000       0.000000000      0.9525415249    
 
Stored column-wise as a matrix :
   1.278084046      0.6390420230       0.000000000    
   0.000000000       1.106853252       0.000000000    
   0.000000000       0.000000000      0.9525415249    
 
Inverse of matrix :
  0.7824211586     -0.4517310665       0.000000000    
   0.000000000      0.9034621331       0.000000000    
   0.000000000       0.000000000       1.049822999    
 
Brillouin zone volume :    1.347514280    
