 
+----------------------------+
| Real-space lattice vectors |
+----------------------------+
 
vector a1 :    5.028455264      -2.903180000       0.000000000    
vector a2 :    0.000000000       5.806360000       0.000000000    
vector a3 :    0.000000000       0.000000000       6.108290720    
 
Stored column-wise as a matrix :
   5.028455264       0.000000000       0.000000000    
  -2.903180000       5.806360000       0.000000000    
   0.000000000       0.000000000       6.108290720    
 
Inverse of matrix :
  0.1988682304       0.000000000       0.000000000    
  0.9943411521E-01  0.1722249395       0.000000000    
   0.000000000       0.000000000      0.1637119197    
 
Unit cell volume :    178.3438955    
 
 
+----------------------------------+
| Reciprocal-space lattice vectors |
+----------------------------------+
 
vector b1 :    1.249525943       0.000000000       0.000000000    
vector b2 :   0.6247629717       1.082121210       0.000000000    
vector b3 :    0.000000000       0.000000000       1.028632329    
 
Stored column-wise as a matrix :
   1.249525943      0.6247629717       0.000000000    
   0.000000000       1.082121210       0.000000000    
   0.000000000       0.000000000       1.028632329    
 
Inverse of matrix :
  0.8003035113     -0.4620554477       0.000000000    
   0.000000000      0.9241108954       0.000000000    
   0.000000000       0.000000000      0.9721646619    
 
Brillouin zone volume :    1.390853400    
