 
+----------------------------+
| Real-space lattice vectors |
+----------------------------+
 
vector a1 :    4.979767315      -2.875070000       0.000000000    
vector a2 :    0.000000000       5.750140000       0.000000000    
vector a3 :    0.000000000       0.000000000       6.428656520    
 
Stored column-wise as a matrix :
   4.979767315       0.000000000       0.000000000    
  -2.875070000       5.750140000       0.000000000    
   0.000000000       0.000000000       6.428656520    
 
Inverse of matrix :
  0.2008125956       0.000000000       0.000000000    
  0.1004062978      0.1739088092       0.000000000    
   0.000000000       0.000000000      0.1555534966    
 
Unit cell volume :    184.0804602    
 
 
+----------------------------------+
| Reciprocal-space lattice vectors |
+----------------------------------+
 
vector b1 :    1.261742750       0.000000000       0.000000000    
vector b2 :   0.6308713750       1.092701275       0.000000000    
vector b3 :    0.000000000       0.000000000      0.9773714442    
 
Stored column-wise as a matrix :
   1.261742750      0.6308713750       0.000000000    
   0.000000000       1.092701275       0.000000000    
   0.000000000       0.000000000      0.9773714442    
 
Inverse of matrix :
  0.7925545837     -0.4575816022       0.000000000    
   0.000000000      0.9151632045       0.000000000    
   0.000000000       0.000000000       1.023152463    
 
Brillouin zone volume :    1.347509742    
