 
+----------------------------+
| Real-space lattice vectors |
+----------------------------+
 
vector a1 :    4.850487043      -2.800430000       0.000000000    
vector a2 :    0.000000000       5.600860000       0.000000000    
vector a3 :    0.000000000       0.000000000       6.384980400    
 
Stored column-wise as a matrix :
   4.850487043       0.000000000       0.000000000    
  -2.800430000       5.600860000       0.000000000    
   0.000000000       0.000000000       6.384980400    
 
Inverse of matrix :
  0.2061648637       0.000000000       0.000000000    
  0.1030824318      0.1785440093       0.000000000    
   0.000000000       0.000000000      0.1566175520    
 
Unit cell volume :    173.4601167    
 
 
+----------------------------------+
| Reciprocal-space lattice vectors |
+----------------------------------+
 
vector b1 :    1.295372042       0.000000000       0.000000000    
vector b2 :   0.6476860212       1.121825096       0.000000000    
vector b3 :    0.000000000       0.000000000      0.9840571018    
 
Stored column-wise as a matrix :
   1.295372042      0.6476860212       0.000000000    
   0.000000000       1.121825096       0.000000000    
   0.000000000       0.000000000      0.9840571018    
 
Inverse of matrix :
  0.7719789893     -0.4457022773       0.000000000    
   0.000000000      0.8914045546       0.000000000    
   0.000000000       0.000000000       1.016201192    
 
Brillouin zone volume :    1.430012951    
