 
+----------------------------+
| Real-space lattice vectors |
+----------------------------+
 
vector a1 :    4.982131565      -2.876435000       0.000000000    
vector a2 :    0.000000000       5.752870000       0.000000000    
vector a3 :    0.000000000       0.000000000       6.052019240    
 
Stored column-wise as a matrix :
   4.982131565       0.000000000       0.000000000    
  -2.876435000       5.752870000       0.000000000    
   0.000000000       0.000000000       6.052019240    
 
Inverse of matrix :
  0.2007173008       0.000000000       0.000000000    
  0.1003586504      0.1738262815       0.000000000    
   0.000000000       0.000000000      0.1652341079    
 
Unit cell volume :    173.4602836    
 
 
+----------------------------------+
| Reciprocal-space lattice vectors |
+----------------------------------+
 
vector b1 :    1.261143995       0.000000000       0.000000000    
vector b2 :   0.6305719977       1.092182738       0.000000000    
vector b3 :    0.000000000       0.000000000       1.038196519    
 
Stored column-wise as a matrix :
   1.261143995      0.6305719977       0.000000000    
   0.000000000       1.092182738       0.000000000    
   0.000000000       0.000000000       1.038196519    
 
Inverse of matrix :
  0.7929308657     -0.4577988487       0.000000000    
   0.000000000      0.9155976975       0.000000000    
   0.000000000       0.000000000      0.9632087777    
 
Brillouin zone volume :    1.430011575    
