 
+----------------------------+
| Real-space lattice vectors |
+----------------------------+
 
vector a1 :    5.182512523      -2.992125000       0.000000000    
vector a2 :    0.000000000       5.984250000       0.000000000    
vector a3 :    0.000000000       0.000000000       6.163777500    
 
Stored column-wise as a matrix :
   5.182512523       0.000000000       0.000000000    
  -2.992125000       5.984250000       0.000000000    
   0.000000000       0.000000000       6.163777500    
 
Inverse of matrix :
  0.1929566008       0.000000000       0.000000000    
  0.9647830040E-01  0.1671053181       0.000000000    
   0.000000000       0.000000000      0.1622381729    
 
Unit cell volume :    191.1600088    
 
 
+----------------------------------+
| Reciprocal-space lattice vectors |
+----------------------------------+
 
vector b1 :    1.212382079       0.000000000       0.000000000    
vector b2 :   0.6061910396       1.049953680       0.000000000    
vector b3 :    0.000000000       0.000000000       1.019372504    
 
Stored column-wise as a matrix :
   1.212382079      0.6061910396       0.000000000    
   0.000000000       1.049953680       0.000000000    
   0.000000000       0.000000000       1.019372504    
 
Inverse of matrix :
  0.8248224856     -0.4762114841       0.000000000    
   0.000000000      0.9524229682       0.000000000    
   0.000000000       0.000000000      0.9809956572    
 
Brillouin zone volume :    1.297605158    
