 
+----------------------------+
| Real-space lattice vectors |
+----------------------------+
 
vector a1 :    5.114165798      -2.952665000       0.000000000    
vector a2 :    0.000000000       5.905330000       0.000000000    
vector a3 :    0.000000000       0.000000000       6.212407160    
 
Stored column-wise as a matrix :
   5.114165798       0.000000000       0.000000000    
  -2.952665000       5.905330000       0.000000000    
   0.000000000       0.000000000       6.212407160    
 
Inverse of matrix :
  0.1955353110       0.000000000       0.000000000    
  0.9776765552E-01  0.1693385467       0.000000000    
   0.000000000       0.000000000      0.1609682003    
 
Unit cell volume :    187.6198942    
 
 
+----------------------------------+
| Reciprocal-space lattice vectors |
+----------------------------------+
 
vector b1 :    1.228584593       0.000000000       0.000000000    
vector b2 :   0.6142922967       1.063985469       0.000000000    
vector b3 :    0.000000000       0.000000000       1.011393031    
 
Stored column-wise as a matrix :
   1.228584593      0.6142922967       0.000000000    
   0.000000000       1.063985469       0.000000000    
   0.000000000       0.000000000       1.011393031    
 
Inverse of matrix :
  0.8139447665     -0.4699312300       0.000000000    
   0.000000000      0.9398624601       0.000000000    
   0.000000000       0.000000000      0.9887353080    
 
Brillouin zone volume :    1.322089081    
