 
+----------------------------+
| Real-space lattice vectors |
+----------------------------+
 
vector a1 :    5.142103777      -2.968795000       0.000000000    
vector a2 :    0.000000000       5.937590000       0.000000000    
vector a3 :    0.000000000       0.000000000       6.376971660    
 
Stored column-wise as a matrix :
   5.142103777       0.000000000       0.000000000    
  -2.968795000       5.937590000       0.000000000    
   0.000000000       0.000000000       6.376971660    
 
Inverse of matrix :
  0.1944729323       0.000000000       0.000000000    
  0.9723646617E-01  0.1684184998       0.000000000    
   0.000000000       0.000000000      0.1568142456    
 
Unit cell volume :    194.6998109    
 
 
+----------------------------------+
| Reciprocal-space lattice vectors |
+----------------------------------+
 
vector b1 :    1.221909471       0.000000000       0.000000000    
vector b2 :   0.6109547356       1.058204643       0.000000000    
vector b3 :    0.000000000       0.000000000      0.9852929638    
 
Stored column-wise as a matrix :
   1.221909471      0.6109547356       0.000000000    
   0.000000000       1.058204643       0.000000000    
   0.000000000       0.000000000      0.9852929638    
 
Inverse of matrix :
  0.8183912340     -0.4724983993       0.000000000    
   0.000000000      0.9449967986       0.000000000    
   0.000000000       0.000000000       1.014926562    
 
Brillouin zone volume :    1.274013633    
