 
+----------------------------+
| Real-space lattice vectors |
+----------------------------+
 
vector a1 :    5.040891388      -2.910360000       0.000000000    
vector a2 :    0.000000000       5.820720000       0.000000000    
vector a3 :    0.000000000       0.000000000       6.635620800    
 
Stored column-wise as a matrix :
   5.040891388       0.000000000       0.000000000    
  -2.910360000       5.820720000       0.000000000    
   0.000000000       0.000000000       6.635620800    
 
Inverse of matrix :
  0.1983776128       0.000000000       0.000000000    
  0.9918880640E-01  0.1718000522       0.000000000    
   0.000000000       0.000000000      0.1507018002    
 
Unit cell volume :    194.6998462    
 
 
+----------------------------------+
| Reciprocal-space lattice vectors |
+----------------------------------+
 
vector b1 :    1.246443302       0.000000000       0.000000000    
vector b2 :   0.6232216510       1.079451564       0.000000000    
vector b3 :    0.000000000       0.000000000      0.9468873368    
 
Stored column-wise as a matrix :
   1.246443302      0.6232216510       0.000000000    
   0.000000000       1.079451564       0.000000000    
   0.000000000       0.000000000      0.9468873368    
 
Inverse of matrix :
  0.8022827820     -0.4631981802       0.000000000    
   0.000000000      0.9263963604       0.000000000    
   0.000000000       0.000000000       1.056091851    
 
Brillouin zone volume :    1.274013402    
