 
+----------------------------+
| Real-space lattice vectors |
+----------------------------+
 
vector a1 :    4.980520757      -2.875505000       0.000000000    
vector a2 :    0.000000000       5.751010000       0.000000000    
vector a3 :    0.000000000       0.000000000       6.303106960    
 
Stored column-wise as a matrix :
   4.980520757       0.000000000       0.000000000    
  -2.875505000       5.751010000       0.000000000    
   0.000000000       0.000000000       6.303106960    
 
Inverse of matrix :
  0.2007822171       0.000000000       0.000000000    
  0.1003911086      0.1738825006       0.000000000    
   0.000000000       0.000000000      0.1586519166    
 
Unit cell volume :    180.5400482    
 
 
+----------------------------------+
| Reciprocal-space lattice vectors |
+----------------------------------+
 
vector b1 :    1.261551876       0.000000000       0.000000000    
vector b2 :   0.6307759382       1.092535973       0.000000000    
vector b3 :    0.000000000       0.000000000      0.9968393916    
 
Stored column-wise as a matrix :
   1.261551876      0.6307759382       0.000000000    
   0.000000000       1.092535973       0.000000000    
   0.000000000       0.000000000      0.9968393916    
 
Inverse of matrix :
  0.7926744977     -0.4576508346       0.000000000    
   0.000000000      0.9153016693       0.000000000    
   0.000000000       0.000000000       1.003170630    
 
Brillouin zone volume :    1.373934570    
