 
+----------------------------+
| Real-space lattice vectors |
+----------------------------+
 
vector a1 :    4.948278632      -2.856890000       0.000000000    
vector a2 :    0.000000000       5.713780000       0.000000000    
vector a3 :    0.000000000       0.000000000       5.759490240    
 
Stored column-wise as a matrix :
   4.948278632       0.000000000       0.000000000    
  -2.856890000       5.713780000       0.000000000    
   0.000000000       0.000000000       5.759490240    
 
Inverse of matrix :
  0.2020904792       0.000000000       0.000000000    
  0.1010452396      0.1750154889       0.000000000    
   0.000000000       0.000000000      0.1736264771    
 
Unit cell volume :    162.8402301    
 
 
+----------------------------------+
| Reciprocal-space lattice vectors |
+----------------------------------+
 
vector b1 :    1.269771930       0.000000000       0.000000000    
vector b2 :   0.6348859649       1.099654748       0.000000000    
vector b3 :    0.000000000       0.000000000       1.090927330    
 
Stored column-wise as a matrix :
   1.269771930      0.6348859649       0.000000000    
   0.000000000       1.099654748       0.000000000    
   0.000000000       0.000000000       1.090927330    
 
Inverse of matrix :
  0.7875430040     -0.4546881654       0.000000000    
   0.000000000      0.9093763307       0.000000000    
   0.000000000       0.000000000      0.9166513414    
 
Brillouin zone volume :    1.523273538    
