 
+----------------------------+
| Real-space lattice vectors |
+----------------------------+
 
vector a1 :    5.049014707      -2.915050000       0.000000000    
vector a2 :    0.000000000       5.830100000       0.000000000    
vector a3 :    0.000000000       0.000000000       6.133265200    
 
Stored column-wise as a matrix :
   5.049014707       0.000000000       0.000000000    
  -2.915050000       5.830100000       0.000000000    
   0.000000000       0.000000000       6.133265200    
 
Inverse of matrix :
  0.1980584447       0.000000000       0.000000000    
  0.9902922234E-01  0.1715236445       0.000000000    
   0.000000000       0.000000000      0.1630452895    
 
Unit cell volume :    180.5403930    
 
 
+----------------------------------+
| Reciprocal-space lattice vectors |
+----------------------------------+
 
vector b1 :    1.244437910       0.000000000       0.000000000    
vector b2 :   0.6222189548       1.077714843       0.000000000    
vector b3 :    0.000000000       0.000000000       1.024443767    
 
Stored column-wise as a matrix :
   1.244437910      0.6222189548       0.000000000    
   0.000000000       1.077714843       0.000000000    
   0.000000000       0.000000000       1.024443767    
 
Inverse of matrix :
  0.8035756483     -0.4639446169       0.000000000    
   0.000000000      0.9278892337       0.000000000    
   0.000000000       0.000000000      0.9761394739    
 
Brillouin zone volume :    1.373931946    
