 
+----------------------------+
| Real-space lattice vectors |
+----------------------------+
 
vector a1 :    4.912788911      -2.836400000       0.000000000    
vector a2 :    0.000000000       5.672800000       0.000000000    
vector a3 :    0.000000000       0.000000000       5.842984000    
 
Stored column-wise as a matrix :
   4.912788911       0.000000000       0.000000000    
  -2.836400000       5.672800000       0.000000000    
   0.000000000       0.000000000       5.842984000    
 
Inverse of matrix :
  0.2035503699       0.000000000       0.000000000    
  0.1017751850      0.1762797913       0.000000000    
   0.000000000       0.000000000      0.1711454284    
 
Unit cell volume :    162.8396925    
 
 
+----------------------------------+
| Reciprocal-space lattice vectors |
+----------------------------------+
 
vector b1 :    1.278944693       0.000000000       0.000000000    
vector b2 :   0.6394723467       1.107598595       0.000000000    
vector b3 :    0.000000000       0.000000000       1.075338441    
 
Stored column-wise as a matrix :
   1.278944693      0.6394723467       0.000000000    
   0.000000000       1.107598595       0.000000000    
   0.000000000       0.000000000       1.075338441    
 
Inverse of matrix :
  0.7818946395     -0.4514270806       0.000000000    
   0.000000000      0.9028541612       0.000000000    
   0.000000000       0.000000000      0.9299397860    
 
Brillouin zone volume :    1.523278567    
