 
+----------------------------+
| Real-space lattice vectors |
+----------------------------+
 
vector a1 :    4.691147029      -2.708435000       0.000000000    
vector a2 :    0.000000000       5.416870000       0.000000000    
vector a3 :    0.000000000       0.000000000       6.408157210    
 
Stored column-wise as a matrix :
   4.691147029       0.000000000       0.000000000    
  -2.708435000       5.416870000       0.000000000    
   0.000000000       0.000000000       6.408157210    
 
Inverse of matrix :
  0.2131674820       0.000000000       0.000000000    
  0.1065837410      0.1846084547       0.000000000    
   0.000000000       0.000000000      0.1560511029    
 
Unit cell volume :    162.8398207    
 
 
+----------------------------------+
| Reciprocal-space lattice vectors |
+----------------------------------+
 
vector b1 :    1.339370791       0.000000000       0.000000000    
vector b2 :   0.6696853955       1.159929130       0.000000000    
vector b3 :    0.000000000       0.000000000      0.9804979967    
 
Stored column-wise as a matrix :
   1.339370791      0.6696853955       0.000000000    
   0.000000000       1.159929130       0.000000000    
   0.000000000       0.000000000      0.9804979967    
 
Inverse of matrix :
  0.7466192384     -0.4310608183       0.000000000    
   0.000000000      0.8621216366       0.000000000    
   0.000000000       0.000000000       1.019889896    
 
Brillouin zone volume :    1.523277368    
