 
+----------------------------+
| Real-space lattice vectors |
+----------------------------+
 
vector a1 :    4.694671752      -2.710470000       0.000000000    
vector a2 :    0.000000000       5.420940000       0.000000000    
vector a3 :    0.000000000       0.000000000       6.537653640    
 
Stored column-wise as a matrix :
   4.694671752       0.000000000       0.000000000    
  -2.710470000       5.420940000       0.000000000    
   0.000000000       0.000000000       6.537653640    
 
Inverse of matrix :
  0.2130074375       0.000000000       0.000000000    
  0.1065037188      0.1844698521       0.000000000    
   0.000000000       0.000000000      0.1529600764    
 
Unit cell volume :    166.3802379    
 
 
+----------------------------------+
| Reciprocal-space lattice vectors |
+----------------------------------+
 
vector b1 :    1.338365202       0.000000000       0.000000000    
vector b2 :   0.6691826009       1.159058264       0.000000000    
vector b3 :    0.000000000       0.000000000      0.9610765044    
 
Stored column-wise as a matrix :
   1.338365202      0.6691826009       0.000000000    
   0.000000000       1.159058264       0.000000000    
   0.000000000       0.000000000      0.9610765044    
 
Inverse of matrix :
  0.7471802156     -0.4313846986       0.000000000    
   0.000000000      0.8627693972       0.000000000    
   0.000000000       0.000000000       1.040499893    
 
Brillouin zone volume :    1.490863438    
