 -0.8000000000       0.000000000    
 -0.7983750000       0.000000000    
 -0.7967500000       0.000000000    
 -0.7951250000       0.000000000    
 -0.7935000000       0.000000000    
 -0.7918750000       0.000000000    
 -0.7902500000       0.000000000    
 -0.7886250000       0.000000000    
 -0.7870000000       0.000000000    
 -0.7853750000       0.000000000    
 -0.7837500000       0.000000000    
 -0.7821250000       0.000000000    
 -0.7805000000       0.000000000    
 -0.7788750000       0.000000000    
 -0.7772500000       0.000000000    
 -0.7756250000       0.000000000    
 -0.7740000000       0.000000000    
 -0.7723750000       0.000000000    
 -0.7707500000       0.000000000    
 -0.7691250000       0.000000000    
 -0.7675000000       0.000000000    
 -0.7658750000       0.000000000    
 -0.7642500000       0.000000000    
 -0.7626250000       0.000000000    
 -0.7610000000       0.000000000    
 -0.7593750000       0.000000000    
 -0.7577500000       0.000000000    
 -0.7561250000       0.000000000    
 -0.7545000000       0.000000000    
 -0.7528750000       0.000000000    
 -0.7512500000       0.000000000    
 -0.7496250000       0.000000000    
 -0.7480000000       0.000000000    
 -0.7463750000       0.000000000    
 -0.7447500000       0.000000000    
 -0.7431250000       0.000000000    
 -0.7415000000       0.000000000    
 -0.7398750000       0.000000000    
 -0.7382500000       0.000000000    
 -0.7366250000       0.000000000    
 -0.7350000000       0.000000000    
 -0.7333750000       0.000000000    
 -0.7317500000       0.000000000    
 -0.7301250000       0.000000000    
 -0.7285000000       0.000000000    
 -0.7268750000       0.000000000    
 -0.7252500000       0.000000000    
 -0.7236250000       0.000000000    
 -0.7220000000       0.000000000    
 -0.7203750000       0.000000000    
 -0.7187500000       0.000000000    
 -0.7171250000       0.000000000    
 -0.7155000000       0.000000000    
 -0.7138750000       0.000000000    
 -0.7122500000       0.000000000    
 -0.7106250000       0.000000000    
 -0.7090000000       0.000000000    
 -0.7073750000       0.000000000    
 -0.7057500000       0.000000000    
 -0.7041250000       0.000000000    
 -0.7025000000       0.000000000    
 -0.7008750000       0.000000000    
 -0.6992500000       0.000000000    
 -0.6976250000       0.000000000    
 -0.6960000000       0.000000000    
 -0.6943750000       0.000000000    
 -0.6927500000       0.000000000    
 -0.6911250000       0.000000000    
 -0.6895000000       0.000000000    
 -0.6878750000       0.000000000    
 -0.6862500000       0.000000000    
 -0.6846250000       0.000000000    
 -0.6830000000       0.000000000    
 -0.6813750000       0.000000000    
 -0.6797500000       0.000000000    
 -0.6781250000       0.000000000    
 -0.6765000000       0.000000000    
 -0.6748750000       0.000000000    
 -0.6732500000       0.000000000    
 -0.6716250000       0.000000000    
 -0.6700000000       0.000000000    
 -0.6683750000       0.000000000    
 -0.6667500000       0.000000000    
 -0.6651250000       0.000000000    
 -0.6635000000       0.000000000    
 -0.6618750000       0.000000000    
 -0.6602500000       0.000000000    
 -0.6586250000       0.000000000    
 -0.6570000000       0.000000000    
 -0.6553750000       0.000000000    
 -0.6537500000       0.000000000    
 -0.6521250000       0.000000000    
 -0.6505000000       0.000000000    
 -0.6488750000       0.000000000    
 -0.6472500000       0.000000000    
 -0.6456250000       0.000000000    
 -0.6440000000       0.000000000    
 -0.6423750000       0.000000000    
 -0.6407500000       0.000000000    
 -0.6391250000       0.000000000    
 -0.6375000000       0.000000000    
 -0.6358750000       0.000000000    
 -0.6342500000       0.000000000    
 -0.6326250000       0.000000000    
 -0.6310000000       0.000000000    
 -0.6293750000       0.000000000    
 -0.6277500000       0.000000000    
 -0.6261250000       0.000000000    
 -0.6245000000       0.000000000    
 -0.6228750000       0.000000000    
 -0.6212500000       0.000000000    
 -0.6196250000       0.000000000    
 -0.6180000000       0.000000000    
 -0.6163750000       0.000000000    
 -0.6147500000       0.000000000    
 -0.6131250000       0.000000000    
 -0.6115000000      0.2095299147E-01
 -0.6098750000      0.2003193253    
 -0.6082500000      0.5082466121    
 -0.6066250000      0.8617811993    
 -0.6050000000       1.148057851    
 -0.6033750000       1.374325297    
 -0.6017500000       1.587567522    
 -0.6001250000       1.749011599    
 -0.5985000000       1.892951158    
 -0.5968750000       2.037135104    
 -0.5952500000       2.202309249    
 -0.5936250000       2.372546173    
 -0.5920000000       2.529675851    
 -0.5903750000       2.665910040    
 -0.5887500000       2.782441077    
 -0.5871250000       2.895609894    
 -0.5855000000       3.016093400    
 -0.5838750000       3.149909091    
 -0.5822500000       3.299478001    
 -0.5806250000       3.453626837    
 -0.5790000000       3.601182305    
 -0.5773750000       3.730793529    
 -0.5757500000       3.846474709    
 -0.5741250000       3.959076955    
 -0.5725000000       4.077911485    
 -0.5708750000       4.207242806    
 -0.5692500000       4.340397215    
 -0.5676250000       4.482188876    
 -0.5660000000       4.627038332    
 -0.5643750000       4.780325472    
 -0.5627500000       4.936862364    
 -0.5611250000       5.080196453    
 -0.5595000000       5.218691008    
 -0.5578750000       5.347384725    
 -0.5562500000       5.487042865    
 -0.5546250000       5.629012955    
 -0.5530000000       5.781056175    
 -0.5513750000       5.938050552    
 -0.5497500000       6.101919892    
 -0.5481250000       6.271047352    
 -0.5465000000       6.450766313    
 -0.5448750000       6.638944945    
 -0.5432500000       6.830720036    
 -0.5416250000       7.015621857    
 -0.5400000000       7.199711873    
 -0.5383750000       7.385317257    
 -0.5367500000       7.583697555    
 -0.5351250000       7.790121475    
 -0.5335000000       8.007554637    
 -0.5318750000       8.238649778    
 -0.5302500000       8.482014148    
 -0.5286250000       8.742502503    
 -0.5270000000       9.015512083    
 -0.5253750000       9.306208837    
 -0.5237500000       9.614956384    
 -0.5221250000       9.946497010    
 -0.5205000000       10.29794459    
 -0.5188750000       10.67402364    
 -0.5172500000       11.08013097    
 -0.5156250000       11.52983723    
 -0.5140000000       12.03050278    
 -0.5123750000       12.59073274    
 -0.5107500000       13.22971611    
 -0.5091250000       13.96437561    
 -0.5075000000       14.83290831    
 -0.5058750000       15.87622742    
 -0.5042500000       18.34440238    
 -0.5026250000       23.16651206    
 -0.5010000000       31.73486745    
 -0.4993750000       45.32324012    
 -0.4977500000       56.35459183    
 -0.4961250000       59.78364216    
 -0.4945000000       52.33982684    
 -0.4928750000       42.79909975    
 -0.4912500000       35.37113913    
 -0.4896250000       30.06772541    
 -0.4880000000       26.24934841    
 -0.4863750000       23.38715692    
 -0.4847500000       22.22019250    
 -0.4831250000       21.22069473    
 -0.4815000000       20.31803414    
 -0.4798750000       19.49711203    
 -0.4782500000       18.79892957    
 -0.4766250000       18.23559278    
 -0.4750000000       17.91752048    
 -0.4733750000       17.55737815    
 -0.4717500000       17.04200881    
 -0.4701250000       16.22099960    
 -0.4685000000       15.32465417    
 -0.4668750000       14.47928663    
 -0.4652500000       13.69767442    
 -0.4636250000       12.98197561    
 -0.4620000000       12.28747840    
 -0.4603750000       11.60548381    
 -0.4587500000       10.88875924    
 -0.4571250000       10.06242089    
 -0.4555000000       9.229227861    
 -0.4538750000       8.462803152    
 -0.4522500000       7.834611700    
 -0.4506250000       7.289181942    
 -0.4490000000       6.835497839    
 -0.4473750000       6.478395544    
 -0.4457500000       6.012674761    
 -0.4441250000       5.504149937    
 -0.4425000000       5.018868067    
 -0.4408750000       4.750314105    
 -0.4392500000       4.653937786    
 -0.4376250000       4.663235475    
 -0.4360000000       4.773566361    
 -0.4343750000       4.950040644    
 -0.4327500000       5.247356135    
 -0.4311250000       5.629580372    
 -0.4295000000       6.068220737    
 -0.4278750000       6.484023204    
 -0.4262500000       6.896353519    
 -0.4246250000       7.300935337    
 -0.4230000000       7.800381490    
 -0.4213750000       8.328847933    
 -0.4197500000       9.008352990    
 -0.4181250000       9.773762943    
 -0.4165000000       10.66010628    
 -0.4148750000       11.70813892    
 -0.4132500000       12.81946012    
 -0.4116250000       13.89907531    
 -0.4100000000       14.75678311    
 -0.4083750000       15.43783482    
 -0.4067500000       16.03846977    
 -0.4051250000       16.58803550    
 -0.4035000000       17.29360368    
 -0.4018750000       18.05116789    
 -0.4002500000       18.57946775    
 -0.3986250000       18.87621582    
 -0.3970000000       18.82918025    
 -0.3953750000       18.76074943    
 -0.3937500000       18.62847786    
 -0.3921250000       18.76670688    
 -0.3905000000       18.93956695    
 -0.3888750000       19.25475650    
 -0.3872500000       18.86080846    
 -0.3856250000       18.41695987    
 -0.3840000000       17.72871101    
 -0.3823750000       17.56601371    
 -0.3807500000       17.47033504    
 -0.3791250000       17.40147886    
 -0.3775000000       17.34780257    
 -0.3758750000       17.31668766    
 -0.3742500000       17.29193610    
 -0.3726250000       17.26701035    
 -0.3710000000       17.23256027    
 -0.3693750000       17.21013420    
 -0.3677500000       17.22789240    
 -0.3661250000       17.30353898    
 -0.3645000000       17.45697579    
 -0.3628750000       17.48977858    
 -0.3612500000       17.45846072    
 -0.3596250000       17.36354480    
 -0.3580000000       17.38931787    
 -0.3563750000       17.45164664    
 -0.3547500000       17.53112391    
 -0.3531250000       17.55753036    
 -0.3515000000       17.56126381    
 -0.3498750000       17.53106979    
 -0.3482500000       17.47230620    
 -0.3466250000       17.42950469    
 -0.3450000000       17.43486683    
 -0.3433750000       17.55258682    
 -0.3417500000       17.73791314    
 -0.3401250000       17.97701808    
 -0.3385000000       18.30872445    
 -0.3368750000       18.72454552    
 -0.3352500000       19.28239334    
 -0.3336250000       20.16004107    
 -0.3320000000       21.23662637    
 -0.3303750000       22.32225314    
 -0.3287500000       22.86260997    
 -0.3271250000       23.00958872    
 -0.3255000000       23.21605576    
 -0.3238750000       23.60989218    
 -0.3222500000       23.67108188    
 -0.3206250000       22.69528877    
 -0.3190000000       20.50992508    
 -0.3173750000       18.54426083    
 -0.3157500000       17.35718651    
 -0.3141250000       17.39572436    
 -0.3125000000       17.84102151    
 -0.3108750000       18.79508873    
 -0.3092500000       20.61752881    
 -0.3076250000       23.39530202    
 -0.3060000000       26.64084666    
 -0.3043750000       30.89206470    
 -0.3027500000       34.12299349    
 -0.3011250000       36.80573070    
 -0.2995000000       38.33199013    
 -0.2978750000       40.61982205    
 -0.2962500000       42.37366811    
 -0.2946250000       42.27363276    
 -0.2930000000       40.06401812    
 -0.2913750000       37.41643962    
 -0.2897500000       35.55164537    
 -0.2881250000       34.43395320    
 -0.2865000000       33.55466241    
 -0.2848750000       32.68620582    
 -0.2832500000       32.18829364    
 -0.2816250000       32.41496107    
 -0.2800000000       32.03213474    
 -0.2783750000       30.04716648    
 -0.2767500000       27.63416627    
 -0.2751250000       26.16626453    
 -0.2735000000       26.48526956    
 -0.2718750000       26.95043645    
 -0.2702500000       27.67081667    
 -0.2686250000       28.98189908    
 -0.2670000000       30.29843156    
 -0.2653750000       31.59078160    
 -0.2637500000       32.60798008    
 -0.2621250000       34.41034747    
 -0.2605000000       36.36626331    
 -0.2588750000       38.24844538    
 -0.2572500000       39.68104043    
 -0.2556250000       41.34800573    
 -0.2540000000       43.09041551    
 -0.2523750000       44.42240863    
 -0.2507500000       45.47595984    
 -0.2491250000       46.57299752    
 -0.2475000000       48.13658047    
 -0.2458750000       50.23649422    
 -0.2442500000       52.48699585    
 -0.2426250000       54.24318177    
 -0.2410000000       55.84795445    
 -0.2393750000       57.33982216    
 -0.2377500000       60.61976614    
 -0.2361250000       64.13781552    
 -0.2345000000       70.00722553    
 -0.2328750000       79.91816807    
 -0.2312500000       79.30248178    
 -0.2296250000       72.10271748    
 -0.2280000000       56.49574251    
 -0.2263750000       48.56299897    
 -0.2247500000       44.00861960    
 -0.2231250000       42.38835922    
 -0.2215000000       41.68957383    
 -0.2198750000       39.64054834    
 -0.2182500000       37.12827045    
 -0.2166250000       36.98913407    
 -0.2150000000       38.96441903    
 -0.2133750000       40.84466461    
 -0.2117500000       41.29838846    
 -0.2101250000       41.25177825    
 -0.2085000000       41.93109726    
 -0.2068750000       43.17765481    
 -0.2052500000       45.21760839    
 -0.2036250000       46.49107131    
 -0.2020000000       46.80448504    
 -0.2003750000       45.91094963    
 -0.1987500000       44.84662425    
 -0.1971250000       43.66893641    
 -0.1955000000       41.73316684    
 -0.1938750000       39.04435294    
 -0.1922500000       36.03816355    
 -0.1906250000       33.64665922    
 -0.1890000000       31.91294336    
 -0.1873750000       30.52763249    
 -0.1857500000       29.39095512    
 -0.1841250000       28.26966142    
 -0.1825000000       27.17950716    
 -0.1808750000       26.10958964    
 -0.1792500000       25.12590935    
 -0.1776250000       24.20940582    
 -0.1760000000       23.35011753    
 -0.1743750000       22.56045156    
 -0.1727500000       21.76779545    
 -0.1711250000       20.95534401    
 -0.1695000000       20.10192185    
 -0.1678750000       19.25871658    
 -0.1662500000       18.47442289    
 -0.1646250000       17.75242836    
 -0.1630000000       17.06587583    
 -0.1613750000       16.37995499    
 -0.1597500000       15.46342694    
 -0.1581250000       14.48572017    
 -0.1565000000       13.48817918    
 -0.1548750000       12.81529032    
 -0.1532500000       12.26894137    
 -0.1516250000       11.57722543    
 -0.1500000000       10.55947898    
 -0.1483750000       9.369866931    
 -0.1467500000       8.356008686    
 -0.1451250000       7.513052030    
 -0.1435000000       6.812639646    
 -0.1418750000       6.185500156    
 -0.1402500000       5.750156052    
 -0.1386250000       5.291874265    
 -0.1370000000       4.807738223    
 -0.1353750000       4.248134034    
 -0.1337500000       3.768732667    
 -0.1321250000       3.374284020    
 -0.1305000000       3.092529791    
 -0.1288750000       2.912674684    
 -0.1272500000       2.789137612    
 -0.1256250000       2.701849266    
 -0.1240000000       2.694165882    
 -0.1223750000       2.842711582    
 -0.1207500000       3.070523146    
 -0.1191250000       3.178534473    
 -0.1175000000       2.914204427    
 -0.1158750000       2.722050494    
 -0.1142500000       3.033853297    
 -0.1126250000       4.259293798    
 -0.1110000000       5.946248924    
 -0.1093750000       7.642125434    
 -0.1077500000       8.998262101    
 -0.1061250000       10.16810673    
 -0.1045000000       11.02806137    
 -0.1028750000       11.62190254    
 -0.1012500000       11.78239444    
 -0.9962500000E-01   11.77883518    
 -0.9800000000E-01   11.72795031    
 -0.9637500000E-01   11.73483542    
 -0.9475000000E-01   11.83638784    
 -0.9312500000E-01   11.98394161    
 -0.9150000000E-01   12.16364789    
 -0.8987500000E-01   12.35914713    
 -0.8825000000E-01   12.56548311    
 -0.8662500000E-01   12.77599564    
 -0.8500000000E-01   12.99863365    
 -0.8337500000E-01   13.16204804    
 -0.8175000000E-01   13.28443506    
 -0.8012500000E-01   13.37569194    
 -0.7850000000E-01   13.50962010    
 -0.7687500000E-01   13.65749268    
 -0.7525000000E-01   13.80401817    
 -0.7362500000E-01   13.95362429    
 -0.7200000000E-01   14.10707548    
 -0.7037500000E-01   14.24879103    
 -0.6875000000E-01   14.41513891    
 -0.6712500000E-01   14.58666119    
 -0.6550000000E-01   14.77509943    
 -0.6387500000E-01   14.88139752    
 -0.6225000000E-01   14.95195256    
 -0.6062500000E-01   15.00618781    
 -0.5900000000E-01   15.11201657    
 -0.5737500000E-01   15.26408008    
 -0.5575000000E-01   15.43955652    
 -0.5412500000E-01   15.64305626    
 -0.5250000000E-01   15.87726332    
 -0.5087500000E-01   16.18188419    
 -0.4925000000E-01   16.56400273    
 -0.4762500000E-01   17.05790832    
 -0.4600000000E-01   17.77382615    
 -0.4437500000E-01   18.56711057    
 -0.4275000000E-01   19.43731001    
 -0.4112500000E-01   20.18266925    
 -0.3950000000E-01   20.98086339    
 -0.3787500000E-01   21.75010574    
 -0.3625000000E-01   22.62044216    
 -0.3462500000E-01   23.37664745    
 -0.3300000000E-01   23.85829565    
 -0.3137500000E-01   24.02983907    
 -0.2975000000E-01   24.01584560    
 -0.2812500000E-01   23.99658556    
 -0.2650000000E-01   23.90587157    
 -0.2487500000E-01   23.77585783    
 -0.2325000000E-01   23.68798515    
 -0.2162500000E-01   23.79062166    
 -0.2000000000E-01   24.11647290    
 -0.1837500000E-01   24.43954202    
 -0.1675000000E-01   24.70535276    
 -0.1512500000E-01   24.91570209    
 -0.1350000000E-01   25.25776403    
 -0.1187500000E-01   25.72324550    
 -0.1025000000E-01   26.38310575    
 -0.8625000000E-02   27.13254854    
 -0.7000000000E-02   28.00657276    
 -0.5375000000E-02   28.75626332    
 -0.3750000000E-02   29.36042369    
 -0.2125000000E-02   29.79309899    
 -0.5000000000E-03   30.71977121    
  0.1125000000E-02   31.45489074    
  0.2750000000E-02   31.53696916    
  0.4375000000E-02   30.89975823    
  0.6000000000E-02   30.68679253    
  0.7625000000E-02   31.66364013    
  0.9250000000E-02   32.40684218    
  0.1087500000E-01   32.77512707    
  0.1250000000E-01   32.43579990    
  0.1412500000E-01   32.43764675    
  0.1575000000E-01   32.54902706    
  0.1737500000E-01   32.67397126    
  0.1900000000E-01   32.66691872    
  0.2062500000E-01   32.58817207    
  0.2225000000E-01   32.54076781    
  0.2387500000E-01   32.60290039    
  0.2550000000E-01   32.72426419    
  0.2712500000E-01   32.89453663    
  0.2875000000E-01   33.10870567    
  0.3037500000E-01   33.24218649    
  0.3200000000E-01   33.12339086    
  0.3362500000E-01   32.81416722    
  0.3525000000E-01   32.61685580    
  0.3687500000E-01   32.67595849    
  0.3850000000E-01   33.06712525    
  0.4012500000E-01   33.63354859    
  0.4175000000E-01   34.35352206    
  0.4337500000E-01   35.25068691    
  0.4500000000E-01   36.50835771    
  0.4662500000E-01   38.41525582    
  0.4825000000E-01   40.57342747    
  0.4987500000E-01   42.83520050    
  0.5150000000E-01   40.19205901    
  0.5312500000E-01   36.04578689    
  0.5475000000E-01   31.23592107    
  0.5637500000E-01   30.74688122    
  0.5800000000E-01   31.47996955    
  0.5962500000E-01   33.14713442    
  0.6125000000E-01   36.10055235    
  0.6287500000E-01   39.15454768    
  0.6450000000E-01   40.88600487    
  0.6612500000E-01   41.14020175    
  0.6775000000E-01   41.20669946    
  0.6937500000E-01   42.59787138    
  0.7100000000E-01   44.87482851    
  0.7262500000E-01   46.98206540    
  0.7425000000E-01   48.07310673    
  0.7587500000E-01   48.02075131    
  0.7750000000E-01   47.71183886    
  0.7912500000E-01   47.05084716    
  0.8075000000E-01   45.94014412    
  0.8237500000E-01   44.25231799    
  0.8400000000E-01   42.20849819    
  0.8562500000E-01   40.30260892    
  0.8725000000E-01   38.96597245    
  0.8887500000E-01   37.17466842    
  0.9050000000E-01   34.52178529    
  0.9212500000E-01   30.99750278    
  0.9375000000E-01   28.24239412    
  0.9537500000E-01   26.76187982    
  0.9700000000E-01   26.17156578    
  0.9862500000E-01   26.00925662    
  0.1002500000       25.74975427    
  0.1018750000       25.48919235    
  0.1035000000       25.04692001    
  0.1051250000       24.58190532    
  0.1067500000       24.07246215    
  0.1083750000       23.62068663    
  0.1100000000       23.25716178    
  0.1116250000       23.00121361    
  0.1132500000       22.79939245    
  0.1148750000       22.62697465    
  0.1165000000       22.50714904    
  0.1181250000       22.49734144    
  0.1197500000       22.58511264    
  0.1213750000       22.63754839    
  0.1230000000       22.57012048    
  0.1246250000       22.38771919    
  0.1262500000       22.17992196    
  0.1278750000       21.99789359    
  0.1295000000       21.82287633    
  0.1311250000       21.65003656    
  0.1327500000       21.46599136    
  0.1343750000       21.29386276    
  0.1360000000       21.16925681    
  0.1376250000       21.10601139    
  0.1392500000       21.09012540    
  0.1408750000       21.10320982    
  0.1425000000       21.24893366    
  0.1441250000       21.43206135    
  0.1457500000       21.53155719    
  0.1473750000       21.44457496    
  0.1490000000       21.34428507    
  0.1506250000       21.18810926    
  0.1522500000       20.94883013    
  0.1538750000       20.60361906    
  0.1555000000       20.36356449    
  0.1571250000       20.31559450    
  0.1587500000       20.57553404    
  0.1603750000       20.98905246    
  0.1620000000       20.97675448    
  0.1636250000       20.27796571    
  0.1652500000       19.23693064    
  0.1668750000       18.32514233    
  0.1685000000       17.71291128    
  0.1701250000       17.30039239    
  0.1717500000       17.06196818    
  0.1733750000       16.94106694    
  0.1750000000       16.84480647    
  0.1766250000       16.88798935    
  0.1782500000       17.13184080    
  0.1798750000       17.88983036    
  0.1815000000       19.04611534    
  0.1831250000       19.99354605    
  0.1847500000       19.83774571    
  0.1863750000       18.78562191    
  0.1880000000       17.50331456    
  0.1896250000       16.65770940    
  0.1912500000       16.14549171    
  0.1928750000       15.81687358    
  0.1945000000       15.60168387    
  0.1961250000       15.47064691    
  0.1977500000       15.44909606    
  0.1993750000       15.39297168    
  0.2010000000       15.40297462    
  0.2026250000       15.49491223    
  0.2042500000       15.68075947    
  0.2058750000       16.01635911    
  0.2075000000       17.23589290    
  0.2091250000       19.60603156    
  0.2107500000       23.27868135    
  0.2123750000       26.76069594    
  0.2140000000       29.16411095    
  0.2156250000       31.28771330    
  0.2172500000       33.13187759    
  0.2188750000       36.65782091    
  0.2205000000       38.57157623    
  0.2221250000       39.75996804    
  0.2237500000       38.76479819    
  0.2253750000       38.11613491    
  0.2270000000       37.82680216    
  0.2286250000       38.03065283    
  0.2302500000       38.56660985    
  0.2318750000       39.15269998    
  0.2335000000       38.79709191    
  0.2351250000       37.24346793    
  0.2367500000       34.98833394    
  0.2383750000       33.23331077    
  0.2400000000       32.11711790    
  0.2416250000       31.37859472    
  0.2432500000       30.74746217    
  0.2448750000       30.17609782    
  0.2465000000       29.56697445    
  0.2481250000       29.05642773    
  0.2497500000       28.46278783    
  0.2513750000       27.89855720    
  0.2530000000       27.08306826    
  0.2546250000       25.99482343    
  0.2562500000       24.90686442    
  0.2578750000       23.96830097    
  0.2595000000       23.47432519    
  0.2611250000       23.10290640    
  0.2627500000       22.94250244    
  0.2643750000       22.79738239    
  0.2660000000       22.64383818    
  0.2676250000       22.58246751    
  0.2692500000       22.71587391    
  0.2708750000       23.05397155    
  0.2725000000       23.60535538    
  0.2741250000       24.06772747    
  0.2757500000       24.22089115    
  0.2773750000       23.99344490    
  0.2790000000       23.79534704    
  0.2806250000       23.78282750    
  0.2822500000       23.83003473    
  0.2838750000       23.81115945    
  0.2855000000       23.54812914    
  0.2871250000       23.05192935    
  0.2887500000       22.48344099    
  0.2903750000       22.04960295    
  0.2920000000       21.78405858    
  0.2936250000       21.59611672    
  0.2952500000       21.50815272    
  0.2968750000       21.57768032    
  0.2985000000       21.74418718    
  0.3001250000       22.00002880    
  0.3017500000       22.08304081    
  0.3033750000       22.03304469    
  0.3050000000       21.74694139    
  0.3066250000       21.60536960    
  0.3082500000       21.58635479    
  0.3098750000       21.77365735    
  0.3115000000       22.05848966    
  0.3131250000       22.10068485    
  0.3147500000       22.46435345    
  0.3163750000       23.12073902    
  0.3180000000       24.28793007    
  0.3196250000       24.94734214    
  0.3212500000       25.30859140    
  0.3228750000       25.54769887    
  0.3245000000       26.36857954    
  0.3261250000       27.44899554    
  0.3277500000       28.38587027    
  0.3293750000       28.94749805    
  0.3310000000       29.25108388    
  0.3326250000       29.65089973    
  0.3342500000       30.12452123    
  0.3358750000       30.91454743    
  0.3375000000       32.30562549    
  0.3391250000       32.65447698    
  0.3407500000       31.94060303    
  0.3423750000       30.15810707    
  0.3440000000       29.09497318    
  0.3456250000       28.64611678    
  0.3472500000       28.53339107    
  0.3488750000       28.50973037    
  0.3505000000       28.50994432    
  0.3521250000       28.76443885    
  0.3537500000       29.12056276    
  0.3553750000       29.05255813    
  0.3570000000       28.15160148    
  0.3586250000       26.92068638    
  0.3602500000       26.05372571    
  0.3618750000       25.75349533    
  0.3635000000       25.70970529    
  0.3651250000       25.82500932    
  0.3667500000       25.92436733    
  0.3683750000       25.43599046    
  0.3700000000       24.40406620    
  0.3716250000       23.09519680    
  0.3732500000       22.61752982    
  0.3748750000       22.71648530    
  0.3765000000       22.99905387    
  0.3781250000       23.03263887    
  0.3797500000       22.98735375    
  0.3813750000       23.07142786    
  0.3830000000       23.24970080    
  0.3846250000       23.47337386    
  0.3862500000       23.72640461    
  0.3878750000       24.02188170    
  0.3895000000       24.36654480    
  0.3911250000       24.89404807    
  0.3927500000       25.53198286    
  0.3943750000       26.18337498    
  0.3960000000       26.79367124    
  0.3976250000       27.50460409    
  0.3992500000       28.54458550    
  0.4008750000       29.76338866    
  0.4025000000       30.84552298    
  0.4041250000       31.19305783    
  0.4057500000       31.12207744    
  0.4073750000       31.15244059    
  0.4090000000       32.20692961    
  0.4106250000       34.27069779    
  0.4122500000       36.63218060    
  0.4138750000       39.27181611    
  0.4155000000       41.24762705    
  0.4171250000       42.42880142    
  0.4187500000       41.39467345    
  0.4203750000       38.38967809    
  0.4220000000       34.74428038    
  0.4236250000       31.90124915    
  0.4252500000       30.40124396    
  0.4268750000       29.50706080    
  0.4285000000       28.93407538    
  0.4301250000       28.70734538    
  0.4317500000       28.59012854    
  0.4333750000       28.15887389    
  0.4350000000       27.62756360    
  0.4366250000       27.59998849    
  0.4382500000       28.24095063    
  0.4398750000       29.75290540    
  0.4415000000       32.01938266    
  0.4431250000       34.91288355    
  0.4447500000       35.16827361    
  0.4463750000       33.94495818    
  0.4480000000       31.50110604    
  0.4496250000       30.57353238    
  0.4512500000       29.72864600    
  0.4528750000       28.80026223    
  0.4545000000       28.02128501    
  0.4561250000       27.45649119    
  0.4577500000       27.22943478    
  0.4593750000       27.16712969    
  0.4610000000       27.08252875    
  0.4626250000       26.94834437    
  0.4642500000       26.85265808    
  0.4658750000       26.81255498    
  0.4675000000       26.67308118    
  0.4691250000       26.34826331    
  0.4707500000       25.88575084    
  0.4723750000       25.42744960    
  0.4740000000       24.95542889    
  0.4756250000       24.42376850    
  0.4772500000       23.69562118    
  0.4788750000       22.99516144    
  0.4805000000       22.48247021    
  0.4821250000       23.08254027    
  0.4837500000       23.21212697    
  0.4853750000       23.30199449    
  0.4870000000       22.55475879    
  0.4886250000       22.30232420    
  0.4902500000       22.09622670    
  0.4918750000       22.07454646    
  0.4935000000       22.25204565    
  0.4951250000       22.55600863    
  0.4967500000       22.84640772    
  0.4983750000       23.13494643    
 
