 
+----------------------------+
| Real-space lattice vectors |
+----------------------------+
 
vector a1 :    4.878303779      -2.816490000       0.000000000    
vector a2 :    0.000000000       5.632980000       0.000000000    
vector a3 :    0.000000000       0.000000000       5.925894960    
 
Stored column-wise as a matrix :
   4.878303779       0.000000000       0.000000000    
  -2.816490000       5.632980000       0.000000000    
   0.000000000       0.000000000       5.925894960    
 
Inverse of matrix :
  0.2049892842       0.000000000       0.000000000    
  0.1024946421      0.1775259277       0.000000000    
   0.000000000       0.000000000      0.1687508818    
 
Unit cell volume :    162.8399646    
 
 
+----------------------------------+
| Reciprocal-space lattice vectors |
+----------------------------------+
 
vector b1 :    1.287985659       0.000000000       0.000000000    
vector b2 :   0.6439928295       1.115428300       0.000000000    
vector b3 :    0.000000000       0.000000000       1.060293061    
 
Stored column-wise as a matrix :
   1.287985659      0.6439928295       0.000000000    
   0.000000000       1.115428300       0.000000000    
   0.000000000       0.000000000       1.060293061    
 
Inverse of matrix :
  0.7764061603     -0.4482583057       0.000000000    
   0.000000000      0.8965166113       0.000000000    
   0.000000000       0.000000000      0.9431354751    
 
Brillouin zone volume :    1.523276022    
