 
+----------------------------+
| Real-space lattice vectors |
+----------------------------+
 
vector a1 :    5.073739732      -2.929325000       0.000000000    
vector a2 :    0.000000000       5.858650000       0.000000000    
vector a3 :    0.000000000       0.000000000       6.549970700    
 
Stored column-wise as a matrix :
   5.073739732       0.000000000       0.000000000    
  -2.929325000       5.858650000       0.000000000    
   0.000000000       0.000000000       6.549970700    
 
Inverse of matrix :
  0.1970932789       0.000000000       0.000000000    
  0.9854663945E-01  0.1706877864       0.000000000    
   0.000000000       0.000000000      0.1526724387    
 
Unit cell volume :    194.6996166    
 
 
+----------------------------------+
| Reciprocal-space lattice vectors |
+----------------------------------+
 
vector b1 :    1.238373594       0.000000000       0.000000000    
vector b2 :   0.6191867970       1.072462992       0.000000000    
vector b3 :    0.000000000       0.000000000      0.9592692235    
 
Stored column-wise as a matrix :
   1.238373594      0.6191867970       0.000000000    
   0.000000000       1.072462992       0.000000000    
   0.000000000       0.000000000      0.9592692235    
 
Inverse of matrix :
  0.8075107583     -0.4662165537       0.000000000    
   0.000000000      0.9324331073       0.000000000    
   0.000000000       0.000000000       1.042460214    
 
Brillouin zone volume :    1.274014904    
