 
+----------------------------+
| Real-space lattice vectors |
+----------------------------+
 
vector a1 :    5.084703613      -2.935655000       0.000000000    
vector a2 :    0.000000000       5.871310000       0.000000000    
vector a3 :    0.000000000       0.000000000       6.047449300    
 
Stored column-wise as a matrix :
   5.084703613       0.000000000       0.000000000    
  -2.935655000       5.871310000       0.000000000    
   0.000000000       0.000000000       6.047449300    
 
Inverse of matrix :
  0.1966682969       0.000000000       0.000000000    
  0.9833414846E-01  0.1703197413       0.000000000    
   0.000000000       0.000000000      0.1653589721    
 
Unit cell volume :    180.5397723    
 
 
+----------------------------------+
| Reciprocal-space lattice vectors |
+----------------------------------+
 
vector b1 :    1.235703354       0.000000000       0.000000000    
vector b2 :   0.6178516768       1.070150496       0.000000000    
vector b3 :    0.000000000       0.000000000       1.038981064    
 
Stored column-wise as a matrix :
   1.235703354      0.6178516768       0.000000000    
   0.000000000       1.070150496       0.000000000    
   0.000000000       0.000000000       1.038981064    
 
Inverse of matrix :
  0.8092557142     -0.4672240045       0.000000000    
   0.000000000      0.9344480089       0.000000000    
   0.000000000       0.000000000      0.9624814492    
 
Brillouin zone volume :    1.373936669    
