 -0.8000000000       0.000000000    
 -0.7983750000       0.000000000    
 -0.7967500000       0.000000000    
 -0.7951250000       0.000000000    
 -0.7935000000       0.000000000    
 -0.7918750000       0.000000000    
 -0.7902500000       0.000000000    
 -0.7886250000       0.000000000    
 -0.7870000000       0.000000000    
 -0.7853750000       0.000000000    
 -0.7837500000       0.000000000    
 -0.7821250000       0.000000000    
 -0.7805000000       0.000000000    
 -0.7788750000       0.000000000    
 -0.7772500000       0.000000000    
 -0.7756250000       0.000000000    
 -0.7740000000       0.000000000    
 -0.7723750000       0.000000000    
 -0.7707500000       0.000000000    
 -0.7691250000       0.000000000    
 -0.7675000000       0.000000000    
 -0.7658750000       0.000000000    
 -0.7642500000       0.000000000    
 -0.7626250000       0.000000000    
 -0.7610000000       0.000000000    
 -0.7593750000       0.000000000    
 -0.7577500000       0.000000000    
 -0.7561250000       0.000000000    
 -0.7545000000       0.000000000    
 -0.7528750000       0.000000000    
 -0.7512500000       0.000000000    
 -0.7496250000       0.000000000    
 -0.7480000000       0.000000000    
 -0.7463750000       0.000000000    
 -0.7447500000       0.000000000    
 -0.7431250000       0.000000000    
 -0.7415000000       0.000000000    
 -0.7398750000       0.000000000    
 -0.7382500000       0.000000000    
 -0.7366250000       0.000000000    
 -0.7350000000       0.000000000    
 -0.7333750000       0.000000000    
 -0.7317500000       0.000000000    
 -0.7301250000       0.000000000    
 -0.7285000000       0.000000000    
 -0.7268750000       0.000000000    
 -0.7252500000       0.000000000    
 -0.7236250000       0.000000000    
 -0.7220000000       0.000000000    
 -0.7203750000       0.000000000    
 -0.7187500000       0.000000000    
 -0.7171250000       0.000000000    
 -0.7155000000       0.000000000    
 -0.7138750000       0.000000000    
 -0.7122500000       0.000000000    
 -0.7106250000       0.000000000    
 -0.7090000000       0.000000000    
 -0.7073750000       0.000000000    
 -0.7057500000       0.000000000    
 -0.7041250000       0.000000000    
 -0.7025000000       0.000000000    
 -0.7008750000       0.000000000    
 -0.6992500000       0.000000000    
 -0.6976250000       0.000000000    
 -0.6960000000       0.000000000    
 -0.6943750000       0.000000000    
 -0.6927500000       0.000000000    
 -0.6911250000       0.000000000    
 -0.6895000000       0.000000000    
 -0.6878750000       0.000000000    
 -0.6862500000       0.000000000    
 -0.6846250000       0.000000000    
 -0.6830000000       0.000000000    
 -0.6813750000       0.000000000    
 -0.6797500000       0.000000000    
 -0.6781250000       0.000000000    
 -0.6765000000       0.000000000    
 -0.6748750000       0.000000000    
 -0.6732500000       0.000000000    
 -0.6716250000       0.000000000    
 -0.6700000000       0.000000000    
 -0.6683750000       0.000000000    
 -0.6667500000       0.000000000    
 -0.6651250000       0.000000000    
 -0.6635000000       0.000000000    
 -0.6618750000       0.000000000    
 -0.6602500000       0.000000000    
 -0.6586250000       0.000000000    
 -0.6570000000       0.000000000    
 -0.6553750000       0.000000000    
 -0.6537500000       0.000000000    
 -0.6521250000       0.000000000    
 -0.6505000000       0.000000000    
 -0.6488750000       0.000000000    
 -0.6472500000       0.000000000    
 -0.6456250000       0.000000000    
 -0.6440000000       0.000000000    
 -0.6423750000       0.000000000    
 -0.6407500000       0.000000000    
 -0.6391250000       0.000000000    
 -0.6375000000       0.000000000    
 -0.6358750000       0.000000000    
 -0.6342500000       0.000000000    
 -0.6326250000       0.000000000    
 -0.6310000000       0.000000000    
 -0.6293750000       0.000000000    
 -0.6277500000       0.000000000    
 -0.6261250000       0.000000000    
 -0.6245000000       0.000000000    
 -0.6228750000       0.000000000    
 -0.6212500000       0.000000000    
 -0.6196250000       0.000000000    
 -0.6180000000       0.000000000    
 -0.6163750000       0.000000000    
 -0.6147500000       0.000000000    
 -0.6131250000       0.000000000    
 -0.6115000000       0.000000000    
 -0.6098750000       0.000000000    
 -0.6082500000       0.000000000    
 -0.6066250000       0.000000000    
 -0.6050000000       0.000000000    
 -0.6033750000       0.000000000    
 -0.6017500000       0.000000000    
 -0.6001250000       0.000000000    
 -0.5985000000       0.000000000    
 -0.5968750000       0.000000000    
 -0.5952500000      0.1820469773E-01
 -0.5936250000      0.2068509625    
 -0.5920000000      0.5401902416    
 -0.5903750000      0.9375740668    
 -0.5887500000       1.258554480    
 -0.5871250000       1.513908176    
 -0.5855000000       1.742107039    
 -0.5838750000       1.925561143    
 -0.5822500000       2.086791275    
 -0.5806250000       2.256956321    
 -0.5790000000       2.437553045    
 -0.5773750000       2.622818486    
 -0.5757500000       2.787195203    
 -0.5741250000       2.933725769    
 -0.5725000000       3.058418815    
 -0.5708750000       3.190507732    
 -0.5692500000       3.335398623    
 -0.5676250000       3.497246064    
 -0.5660000000       3.660808441    
 -0.5643750000       3.821762898    
 -0.5627500000       3.967133261    
 -0.5611250000       4.100068652    
 -0.5595000000       4.225055132    
 -0.5578750000       4.357829008    
 -0.5562500000       4.500150033    
 -0.5546250000       4.649521912    
 -0.5530000000       4.803819579    
 -0.5513750000       4.963125905    
 -0.5497500000       5.127615091    
 -0.5481250000       5.291264567    
 -0.5465000000       5.449244947    
 -0.5448750000       5.597461697    
 -0.5432500000       5.743770708    
 -0.5416250000       5.894413567    
 -0.5400000000       6.053889019    
 -0.5383750000       6.220860126    
 -0.5367500000       6.397159364    
 -0.5351250000       6.579485398    
 -0.5335000000       6.770257574    
 -0.5318750000       6.966479828    
 -0.5302500000       7.171341871    
 -0.5286250000       7.375168865    
 -0.5270000000       7.577735872    
 -0.5253750000       7.780945556    
 -0.5237500000       7.991821712    
 -0.5221250000       8.215464326    
 -0.5205000000       8.447202991    
 -0.5188750000       8.691927979    
 -0.5172500000       8.951108145    
 -0.5156250000       9.227476563    
 -0.5140000000       9.525115084    
 -0.5123750000       9.844700210    
 -0.5107500000       10.18962460    
 -0.5091250000       10.55980624    
 -0.5075000000       10.95295769    
 -0.5058750000       11.37183825    
 -0.5042500000       11.81880552    
 -0.5026250000       12.30728133    
 -0.5010000000       12.84672150    
 -0.4993750000       13.44548422    
 -0.4977500000       14.12677863    
 -0.4961250000       14.97229416    
 -0.4945000000       16.04396720    
 -0.4928750000       17.41598816    
 -0.4912500000       19.15943891    
 -0.4896250000       21.45614316    
 -0.4880000000       24.64124817    
 -0.4863750000       34.75574880    
 -0.4847500000       42.12608574    
 -0.4831250000       46.35705943    
 -0.4815000000       41.08660664    
 -0.4798750000       36.43876076    
 -0.4782500000       32.56115930    
 -0.4766250000       29.86690378    
 -0.4750000000       27.77663443    
 -0.4733750000       26.11343810    
 -0.4717500000       24.64441590    
 -0.4701250000       23.33744071    
 -0.4685000000       22.22697022    
 -0.4668750000       21.30784862    
 -0.4652500000       20.50501282    
 -0.4636250000       19.75007852    
 -0.4620000000       19.03381736    
 -0.4603750000       18.37772523    
 -0.4587500000       17.82134965    
 -0.4571250000       17.51097680    
 -0.4555000000       17.17061373    
 -0.4538750000       16.72120767    
 -0.4522500000       15.95509246    
 -0.4506250000       15.10726329    
 -0.4490000000       14.24351685    
 -0.4473750000       13.44157150    
 -0.4457500000       12.72313538    
 -0.4441250000       11.94952367    
 -0.4425000000       11.04580690    
 -0.4408750000       10.06783376    
 -0.4392500000       9.158253386    
 -0.4376250000       8.388335385    
 -0.4360000000       7.732045377    
 -0.4343750000       7.214823261    
 -0.4327500000       6.694279514    
 -0.4311250000       6.042055289    
 -0.4295000000       5.365336580    
 -0.4278750000       4.822309253    
 -0.4262500000       4.522090719    
 -0.4246250000       4.332989506    
 -0.4230000000       4.256934493    
 -0.4213750000       4.306846045    
 -0.4197500000       4.562079661    
 -0.4181250000       5.037055852    
 -0.4165000000       5.616194067    
 -0.4148750000       6.165529785    
 -0.4132500000       6.597237685    
 -0.4116250000       6.980113056    
 -0.4100000000       7.395405609    
 -0.4083750000       7.846835264    
 -0.4067500000       8.440718709    
 -0.4051250000       9.251105125    
 -0.4035000000       10.21397110    
 -0.4018750000       11.31041008    
 -0.4002500000       12.58354828    
 -0.3986250000       14.07103224    
 -0.3970000000       15.63303471    
 -0.3953750000       16.92172571    
 -0.3937500000       17.72678382    
 -0.3921250000       18.15958850    
 -0.3905000000       18.38268230    
 -0.3888750000       18.41344966    
 -0.3872500000       18.30616811    
 -0.3856250000       18.12400951    
 -0.3840000000       18.13291229    
 -0.3823750000       18.28211505    
 -0.3807500000       18.48879012    
 -0.3791250000       18.80147914    
 -0.3775000000       18.56114973    
 -0.3758750000       18.15344924    
 -0.3742500000       17.53463581    
 -0.3726250000       17.32530123    
 -0.3710000000       17.20382327    
 -0.3693750000       17.15422714    
 -0.3677500000       17.14486349    
 -0.3661250000       17.14790691    
 -0.3645000000       17.14760924    
 -0.3628750000       17.14481952    
 -0.3612500000       17.14001634    
 -0.3596250000       17.14623002    
 -0.3580000000       17.17140947    
 -0.3563750000       17.21828690    
 -0.3547500000       17.28055394    
 -0.3531250000       17.32688256    
 -0.3515000000       17.42041841    
 -0.3498750000       17.48275394    
 -0.3482500000       17.52759341    
 -0.3466250000       17.53453771    
 -0.3450000000       17.48826490    
 -0.3433750000       17.40354812    
 -0.3417500000       17.23771438    
 -0.3401250000       17.09202691    
 -0.3385000000       16.98955107    
 -0.3368750000       16.95868223    
 -0.3352500000       16.98725688    
 -0.3336250000       17.06370680    
 -0.3320000000       17.16664012    
 -0.3303750000       17.31508265    
 -0.3287500000       17.52846948    
 -0.3271250000       17.77750887    
 -0.3255000000       18.08681284    
 -0.3238750000       18.44897453    
 -0.3222500000       18.92614851    
 -0.3206250000       19.56641301    
 -0.3190000000       20.55555014    
 -0.3173750000       21.64794362    
 -0.3157500000       22.69847172    
 -0.3141250000       23.33769440    
 -0.3125000000       23.80847373    
 -0.3108750000       23.90389365    
 -0.3092500000       23.53177637    
 -0.3076250000       22.56641494    
 -0.3060000000       21.27371735    
 -0.3043750000       19.90906351    
 -0.3027500000       18.72737161    
 -0.3011250000       17.97768951    
 -0.2995000000       17.81448653    
 -0.2978750000       18.14115295    
 -0.2962500000       18.80775117    
 -0.2946250000       20.00561825    
 -0.2930000000       21.54374778    
 -0.2913750000       23.93987769    
 -0.2897500000       27.57335287    
 -0.2881250000       32.97915787    
 -0.2865000000       37.80147811    
 -0.2848750000       41.49766935    
 -0.2832500000       43.40930130    
 -0.2816250000       44.72197856    
 -0.2800000000       45.02702056    
 -0.2783750000       43.21901536    
 -0.2767500000       40.62874259    
 -0.2751250000       37.90881970    
 -0.2735000000       37.25360787    
 -0.2718750000       35.23814792    
 -0.2702500000       32.55351059    
 -0.2686250000       28.86761910    
 -0.2670000000       27.34129033    
 -0.2653750000       26.91790426    
 -0.2637500000       27.09328684    
 -0.2621250000       27.36760123    
 -0.2605000000       27.73564680    
 -0.2588750000       28.23798078    
 -0.2572500000       28.94009288    
 -0.2556250000       30.12497025    
 -0.2540000000       31.82893774    
 -0.2523750000       33.30177542    
 -0.2507500000       34.52355604    
 -0.2491250000       35.41891208    
 -0.2475000000       36.85091265    
 -0.2458750000       38.77511317    
 -0.2442500000       40.71171485    
 -0.2426250000       42.67548996    
 -0.2410000000       44.31744241    
 -0.2393750000       45.91181132    
 -0.2377500000       47.20907700    
 -0.2361250000       48.62279845    
 -0.2345000000       50.98090636    
 -0.2328750000       54.17445244    
 -0.2312500000       56.93665423    
 -0.2296250000       59.14184792    
 -0.2280000000       60.88549823    
 -0.2263750000       63.76002068    
 -0.2247500000       68.76243958    
 -0.2231250000       80.20119667    
 -0.2215000000       83.24788745    
 -0.2198750000       78.01970088    
 -0.2182500000       63.01950435    
 -0.2166250000       53.31995887    
 -0.2150000000       47.59364955    
 -0.2133750000       43.56446066    
 -0.2117500000       40.67920465    
 -0.2101250000       39.26388834    
 -0.2085000000       40.19509228    
 -0.2068750000       44.08173690    
 -0.2052500000       47.95427812    
 -0.2036250000       49.99221149    
 -0.2020000000       48.12189275    
 -0.2003750000       45.77370576    
 -0.1987500000       43.84303448    
 -0.1971250000       43.83346957    
 -0.1955000000       44.76738799    
 -0.1938750000       46.09820060    
 -0.1922500000       46.96661238    
 -0.1906250000       47.26695607    
 -0.1890000000       46.78741179    
 -0.1873750000       45.85830416    
 -0.1857500000       43.99446546    
 -0.1841250000       41.39542775    
 -0.1825000000       38.50748095    
 -0.1808750000       35.93001523    
 -0.1792500000       33.89285729    
 -0.1776250000       32.20080303    
 -0.1760000000       30.79355148    
 -0.1743750000       29.59294794    
 -0.1727500000       28.45863156    
 -0.1711250000       27.37924384    
 -0.1695000000       26.28817377    
 -0.1678750000       25.19890234    
 -0.1662500000       24.10283460    
 -0.1646250000       23.05622261    
 -0.1630000000       22.12565458    
 -0.1613750000       21.24699717    
 -0.1597500000       20.43034718    
 -0.1581250000       19.31406298    
 -0.1565000000       18.10262694    
 -0.1548750000       16.89419119    
 -0.1532500000       16.08367286    
 -0.1516250000       15.50922873    
 -0.1500000000       15.09882138    
 -0.1483750000       14.71054582    
 -0.1467500000       14.31160688    
 -0.1451250000       13.80673433    
 -0.1435000000       13.25442876    
 -0.1418750000       12.59003763    
 -0.1402500000       11.68877487    
 -0.1386250000       10.44921067    
 -0.1370000000       9.174676344    
 -0.1353750000       8.115155833    
 -0.1337500000       7.317646654    
 -0.1321250000       6.655805938    
 -0.1305000000       6.084565051    
 -0.1288750000       5.590768545    
 -0.1272500000       5.089750368    
 -0.1256250000       4.560033240    
 -0.1240000000       4.051338444    
 -0.1223750000       3.611696009    
 -0.1207500000       3.264304070    
 -0.1191250000       3.035671399    
 -0.1175000000       2.880155181    
 -0.1158750000       2.775259152    
 -0.1142500000       2.723048336    
 -0.1126250000       2.809698232    
 -0.1110000000       3.143098396    
 -0.1093750000       3.328900811    
 -0.1077500000       3.212099173    
 -0.1061250000       3.169445654    
 -0.1045000000       3.908806857    
 -0.1028750000       5.573052620    
 -0.1012500000       7.440341480    
 -0.9962500000E-01   9.097626027    
 -0.9800000000E-01   10.52697978    
 -0.9637500000E-01   11.60080833    
 -0.9475000000E-01   12.36976231    
 -0.9312500000E-01   12.62962913    
 -0.9150000000E-01   12.72615428    
 -0.8987500000E-01   12.68987173    
 -0.8825000000E-01   12.70973132    
 -0.8662500000E-01   12.81329379    
 -0.8500000000E-01   13.00116884    
 -0.8337500000E-01   13.22493830    
 -0.8175000000E-01   13.45863375    
 -0.8012500000E-01   13.69125018    
 -0.7850000000E-01   13.94785625    
 -0.7687500000E-01   14.17978011    
 -0.7525000000E-01   14.35091087    
 -0.7362500000E-01   14.46586988    
 -0.7200000000E-01   14.58362539    
 -0.7037500000E-01   14.74642670    
 -0.6875000000E-01   14.91605646    
 -0.6712500000E-01   15.09076169    
 -0.6550000000E-01   15.27685500    
 -0.6387500000E-01   15.45727076    
 -0.6225000000E-01   15.67137891    
 -0.6062500000E-01   15.89591958    
 -0.5900000000E-01   16.11670735    
 -0.5737500000E-01   16.24900683    
 -0.5575000000E-01   16.35135667    
 -0.5412500000E-01   16.48675115    
 -0.5250000000E-01   16.69491284    
 -0.5087500000E-01   16.91230118    
 -0.4925000000E-01   17.17542621    
 -0.4762500000E-01   17.51045082    
 -0.4600000000E-01   17.95659107    
 -0.4437500000E-01   18.51380974    
 -0.4275000000E-01   19.29344063    
 -0.4112500000E-01   20.39494154    
 -0.3950000000E-01   21.49492624    
 -0.3787500000E-01   22.41516492    
 -0.3625000000E-01   23.13911538    
 -0.3462500000E-01   23.93159307    
 -0.3300000000E-01   24.75039603    
 -0.3137500000E-01   25.52975970    
 -0.2975000000E-01   25.91952610    
 -0.2812500000E-01   26.15321648    
 -0.2650000000E-01   26.06531082    
 -0.2487500000E-01   26.02869594    
 -0.2325000000E-01   25.91374623    
 -0.2162500000E-01   25.96542683    
 -0.2000000000E-01   26.15817102    
 -0.1837500000E-01   26.50631641    
 -0.1675000000E-01   26.79142694    
 -0.1512500000E-01   27.22669663    
 -0.1350000000E-01   27.74298602    
 -0.1187500000E-01   28.36346111    
 -0.1025000000E-01   28.96549980    
 -0.8625000000E-02   29.32012863    
 -0.7000000000E-02   29.72506392    
 -0.5375000000E-02   30.27641139    
 -0.3750000000E-02   31.11294211    
 -0.2125000000E-02   31.95421174    
 -0.5000000000E-03   33.01451276    
  0.1125000000E-02   34.02479315    
  0.2750000000E-02   34.20932881    
  0.4375000000E-02   33.64851960    
  0.6000000000E-02   33.16476240    
  0.7625000000E-02   34.14265267    
  0.9250000000E-02   35.07089269    
  0.1087500000E-01   35.52785191    
  0.1250000000E-01   35.18382642    
  0.1412500000E-01   35.11087402    
  0.1575000000E-01   35.29129570    
  0.1737500000E-01   35.39637692    
  0.1900000000E-01   35.38108710    
  0.2062500000E-01   35.31459869    
  0.2225000000E-01   35.29915413    
  0.2387500000E-01   35.37478294    
  0.2550000000E-01   35.52850896    
  0.2712500000E-01   35.94674938    
  0.2875000000E-01   36.26983287    
  0.3037500000E-01   36.29146321    
  0.3200000000E-01   36.06190035    
  0.3362500000E-01   35.97550668    
  0.3525000000E-01   36.27720675    
  0.3687500000E-01   36.80799783    
  0.3850000000E-01   37.48506071    
  0.4012500000E-01   38.51169472    
  0.4175000000E-01   40.28930971    
  0.4337500000E-01   42.70272682    
  0.4500000000E-01   41.92171332    
  0.4662500000E-01   38.29880089    
  0.4825000000E-01   33.92244415    
  0.4987500000E-01   32.43673009    
  0.5150000000E-01   32.80874843    
  0.5312500000E-01   33.61828499    
  0.5475000000E-01   34.53353784    
  0.5637500000E-01   36.45871676    
  0.5800000000E-01   39.96127675    
  0.5962500000E-01   43.14003532    
  0.6125000000E-01   45.38301678    
  0.6287500000E-01   46.03515644    
  0.6450000000E-01   47.70071462    
  0.6612500000E-01   50.11217071    
  0.6775000000E-01   52.39474282    
  0.6937500000E-01   53.27380022    
  0.7100000000E-01   53.17975445    
  0.7262500000E-01   52.35366471    
  0.7425000000E-01   51.13609786    
  0.7587500000E-01   49.36146540    
  0.7750000000E-01   47.19236230    
  0.7912500000E-01   45.02882091    
  0.8075000000E-01   43.17245250    
  0.8237500000E-01   41.46300365    
  0.8400000000E-01   38.37516794    
  0.8562500000E-01   34.41016566    
  0.8725000000E-01   30.41354702    
  0.8887500000E-01   28.48272775    
  0.9050000000E-01   27.67088855    
  0.9212500000E-01   27.42601304    
  0.9375000000E-01   27.14202466    
  0.9537500000E-01   26.86730268    
  0.9700000000E-01   26.54695649    
  0.9862500000E-01   26.13556144    
  0.1002500000       25.69976069    
  0.1018750000       25.21390126    
  0.1035000000       24.82924669    
  0.1051250000       24.52969366    
  0.1067500000       24.35501211    
  0.1083750000       24.39106127    
  0.1100000000       24.45083454    
  0.1116250000       24.41081262    
  0.1132500000       24.17561787    
  0.1148750000       23.89071621    
  0.1165000000       23.62695697    
  0.1181250000       23.38475364    
  0.1197500000       23.18130296    
  0.1213750000       22.98350783    
  0.1230000000       22.80948418    
  0.1246250000       22.68405206    
  0.1262500000       22.65129831    
  0.1278750000       22.72669374    
  0.1295000000       22.87073984    
  0.1311250000       23.00698249    
  0.1327500000       23.01599605    
  0.1343750000       22.87409530    
  0.1360000000       22.63855300    
  0.1376250000       22.46247362    
  0.1392500000       22.23007959    
  0.1408750000       21.93767044    
  0.1425000000       21.57649729    
  0.1441250000       21.34482797    
  0.1457500000       21.35707436    
  0.1473750000       21.54731887    
  0.1490000000       21.76438756    
  0.1506250000       22.04716923    
  0.1522500000       21.49267940    
  0.1538750000       20.41749616    
  0.1555000000       18.88504249    
  0.1571250000       17.87086798    
  0.1587500000       17.23027792    
  0.1603750000       16.81088322    
  0.1620000000       16.67620330    
  0.1636250000       16.63234307    
  0.1652500000       16.71516057    
  0.1668750000       16.88325975    
  0.1685000000       17.34696286    
  0.1701250000       18.49088982    
  0.1717500000       19.51785446    
  0.1733750000       19.87373651    
  0.1750000000       19.17681404    
  0.1766250000       18.13811207    
  0.1782500000       17.39726932    
  0.1798750000       16.88223908    
  0.1815000000       16.63637756    
  0.1831250000       16.49966644    
  0.1847500000       16.32506353    
  0.1863750000       16.16187831    
  0.1880000000       16.79716628    
  0.1896250000       18.76688108    
  0.1912500000       22.02162870    
  0.1928750000       23.80474705    
  0.1945000000       24.09761199    
  0.1961250000       22.99645695    
  0.1977500000       23.82273611    
  0.1993750000       24.86626493    
  0.2010000000       25.65018401    
  0.2026250000       24.89023513    
  0.2042500000       24.31865599    
  0.2058750000       24.64919117    
  0.2075000000       26.65370360    
  0.2091250000       30.05939935    
  0.2107500000       33.56326415    
  0.2123750000       36.22207429    
  0.2140000000       37.80285226    
  0.2156250000       38.96963233    
  0.2172500000       39.56610763    
  0.2188750000       39.34333686    
  0.2205000000       38.49140639    
  0.2221250000       37.40103565    
  0.2237500000       36.53072036    
  0.2253750000       35.94400700    
  0.2270000000       35.50289487    
  0.2286250000       35.01355229    
  0.2302500000       34.25351038    
  0.2318750000       33.35975004    
  0.2335000000       32.30698272    
  0.2351250000       31.35536191    
  0.2367500000       30.32378774    
  0.2383750000       29.39834676    
  0.2400000000       28.66266066    
  0.2416250000       28.09557012    
  0.2432500000       27.73451366    
  0.2448750000       26.96099836    
  0.2465000000       26.10246691    
  0.2481250000       25.04938332    
  0.2497500000       24.46243911    
  0.2513750000       24.48040534    
  0.2530000000       24.76504570    
  0.2546250000       25.06679482    
  0.2562500000       25.06847255    
  0.2578750000       25.19559424    
  0.2595000000       25.75901475    
  0.2611250000       26.30402085    
  0.2627500000       26.74931378    
  0.2643750000       26.68012781    
  0.2660000000       26.54407797    
  0.2676250000       26.26076355    
  0.2692500000       25.87423507    
  0.2708750000       25.20995133    
  0.2725000000       24.32168165    
  0.2741250000       23.42338535    
  0.2757500000       22.82371273    
  0.2773750000       22.55325441    
  0.2790000000       22.43610776    
  0.2806250000       22.39813564    
  0.2822500000       22.44392814    
  0.2838750000       22.72695842    
  0.2855000000       22.91613658    
  0.2871250000       22.98286431    
  0.2887500000       22.86049843    
  0.2903750000       22.69181577    
  0.2920000000       22.59561957    
  0.2936250000       22.69366263    
  0.2952500000       22.70605447    
  0.2968750000       22.55704114    
  0.2985000000       22.47427099    
  0.3001250000       22.74219580    
  0.3017500000       23.55070746    
  0.3033750000       24.47979480    
  0.3050000000       25.60929448    
  0.3066250000       26.31087383    
  0.3082500000       26.95337332    
  0.3098750000       27.95537500    
  0.3115000000       29.27355731    
  0.3131250000       30.49076561    
  0.3147500000       31.18636130    
  0.3163750000       31.83531378    
  0.3180000000       32.79675657    
  0.3196250000       34.67861984    
  0.3212500000       35.49613829    
  0.3228750000       35.07690342    
  0.3245000000       33.22145843    
  0.3261250000       32.13730814    
  0.3277500000       31.86781722    
  0.3293750000       31.91500415    
  0.3310000000       32.36733271    
  0.3326250000       32.52076361    
  0.3342500000       31.91056798    
  0.3358750000       30.34061322    
  0.3375000000       28.82742552    
  0.3391250000       28.05729188    
  0.3407500000       27.68230031    
  0.3423750000       27.24671943    
  0.3440000000       26.12753642    
  0.3456250000       24.75167631    
  0.3472500000       23.39982360    
  0.3488750000       22.93292739    
  0.3505000000       23.08278297    
  0.3521250000       23.38834165    
  0.3537500000       23.38699964    
  0.3553750000       23.22111347    
  0.3570000000       23.13380060    
  0.3586250000       23.19684139    
  0.3602500000       23.32701664    
  0.3618750000       23.52556607    
  0.3635000000       23.70689934    
  0.3651250000       23.86147183    
  0.3667500000       24.03491876    
  0.3683750000       24.41696373    
  0.3700000000       24.88562561    
  0.3716250000       25.40674607    
  0.3732500000       25.97780600    
  0.3748750000       26.85921931    
  0.3765000000       27.95189947    
  0.3781250000       28.92833948    
  0.3797500000       29.41734550    
  0.3813750000       29.65287258    
  0.3830000000       29.89308699    
  0.3846250000       30.34707129    
  0.3862500000       30.80981715    
  0.3878750000       31.34039259    
  0.3895000000       32.18321141    
  0.3911250000       33.67611501    
  0.3927500000       36.21139653    
  0.3943750000       39.27961788    
  0.3960000000       41.28903919    
  0.3976250000       41.57308676    
  0.3992500000       40.01342922    
  0.4008750000       38.00716380    
  0.4025000000       36.21137117    
  0.4041250000       34.86592663    
  0.4057500000       33.78250104    
  0.4073750000       32.95163941    
  0.4090000000       32.71764038    
  0.4106250000       33.05768803    
  0.4122500000       33.95770434    
  0.4138750000       35.11518081    
  0.4155000000       35.66204982    
  0.4171250000       35.17590118    
  0.4187500000       34.17511974    
  0.4203750000       33.48099884    
  0.4220000000       33.00851725    
  0.4236250000       32.03686857    
  0.4252500000       31.01873652    
  0.4268750000       30.08093582    
  0.4285000000       29.53475599    
  0.4301250000       29.14169418    
  0.4317500000       28.86513718    
  0.4333750000       28.68892335    
  0.4350000000       28.52799004    
  0.4366250000       28.33424294    
  0.4382500000       28.15133765    
  0.4398750000       27.98002847    
  0.4415000000       27.87765579    
  0.4431250000       27.71468874    
  0.4447500000       27.47363378    
  0.4463750000       27.14144287    
  0.4480000000       26.82968911    
  0.4496250000       26.50829518    
  0.4512500000       26.06784179    
  0.4528750000       25.35640325    
  0.4545000000       25.32465158    
  0.4561250000       25.13478676    
  0.4577500000       25.09628866    
  0.4593750000       24.45556076    
  0.4610000000       24.00324912    
  0.4626250000       23.60599806    
  0.4642500000       23.15461829    
  0.4658750000       22.79298935    
  0.4675000000       22.53779632    
  0.4691250000       22.39237860    
  0.4707500000       22.37542459    
  0.4723750000       22.49310991    
  0.4740000000       22.74885090    
  0.4756250000       23.07390048    
  0.4772500000       23.43397770    
  0.4788750000       23.90143371    
  0.4805000000       24.69558659    
  0.4821250000       25.55647227    
  0.4837500000       26.23902497    
  0.4853750000       26.54223619    
  0.4870000000       26.61203608    
  0.4886250000       26.76829392    
  0.4902500000       27.10375573    
  0.4918750000       27.29493634    
  0.4935000000       27.13762147    
  0.4951250000       26.74488184    
  0.4967500000       26.22843009    
  0.4983750000       25.63490857    
 
