 
+----------------------------+
| Real-space lattice vectors |
+----------------------------+
 
vector a1 :    5.017352818      -2.896770000       0.000000000    
vector a2 :    0.000000000       5.793540000       0.000000000    
vector a3 :    0.000000000       0.000000000       5.967346200    
 
Stored column-wise as a matrix :
   5.017352818       0.000000000       0.000000000    
  -2.896770000       5.793540000       0.000000000    
   0.000000000       0.000000000       5.967346200    
 
Inverse of matrix :
  0.1993082879       0.000000000       0.000000000    
  0.9965414396E-01  0.1726060405       0.000000000    
   0.000000000       0.000000000      0.1675786801    
 
Unit cell volume :    173.4602172    
 
 
+----------------------------------+
| Reciprocal-space lattice vectors |
+----------------------------------+
 
vector b1 :    1.252290906       0.000000000       0.000000000    
vector b2 :   0.6261454531       1.084515738       0.000000000    
vector b3 :    0.000000000       0.000000000       1.052927901    
 
Stored column-wise as a matrix :
   1.252290906      0.6261454531       0.000000000    
   0.000000000       1.084515738       0.000000000    
   0.000000000       0.000000000       1.052927901    
 
Inverse of matrix :
  0.7985365022     -0.4610352645       0.000000000    
   0.000000000      0.9220705290       0.000000000    
   0.000000000       0.000000000      0.9497326449    
 
Brillouin zone volume :    1.430012123    
