 
+----------------------------+
| Real-space lattice vectors |
+----------------------------+
 
vector a1 :    5.079005166      -2.932365000       0.000000000    
vector a2 :    0.000000000       5.864730000       0.000000000    
vector a3 :    0.000000000       0.000000000       6.298720020    
 
Stored column-wise as a matrix :
   5.079005166       0.000000000       0.000000000    
  -2.932365000       5.864730000       0.000000000    
   0.000000000       0.000000000       6.298720020    
 
Inverse of matrix :
  0.1968889511       0.000000000       0.000000000    
  0.9844447557E-01  0.1705108334       0.000000000    
   0.000000000       0.000000000      0.1587624147    
 
Unit cell volume :    187.6199352    
 
 
+----------------------------------+
| Reciprocal-space lattice vectors |
+----------------------------------+
 
vector b1 :    1.237089765       0.000000000       0.000000000    
vector b2 :   0.6185448825       1.071351163       0.000000000    
vector b3 :    0.000000000       0.000000000      0.9975336715    
 
Stored column-wise as a matrix :
   1.237089765      0.6185448825       0.000000000    
   0.000000000       1.071351163       0.000000000    
   0.000000000       0.000000000      0.9975336715    
 
Inverse of matrix :
  0.8083487782     -0.4667003847       0.000000000    
   0.000000000      0.9334007694       0.000000000    
   0.000000000       0.000000000       1.002472426    
 
Brillouin zone volume :    1.322088791    
