 
+----------------------------+
| Real-space lattice vectors |
+----------------------------+
 
vector a1 :    4.884383277      -2.820000000       0.000000000    
vector a2 :    0.000000000       5.640000000       0.000000000    
vector a3 :    0.000000000       0.000000000       6.553680000    
 
Stored column-wise as a matrix :
   4.884383277       0.000000000       0.000000000    
  -2.820000000       5.640000000       0.000000000    
   0.000000000       0.000000000       6.553680000    
 
Inverse of matrix :
  0.2047341380       0.000000000       0.000000000    
  0.1023670690      0.1773049645       0.000000000    
   0.000000000       0.000000000      0.1525860280    
 
Unit cell volume :    180.5402634    
 
 
+----------------------------------+
| Reciprocal-space lattice vectors |
+----------------------------------+
 
vector b1 :    1.286382528       0.000000000       0.000000000    
vector b2 :   0.6431912639       1.114039948       0.000000000    
vector b3 :    0.000000000       0.000000000      0.9587262892    
 
Stored column-wise as a matrix :
   1.286382528      0.6431912639       0.000000000    
   0.000000000       1.114039948       0.000000000    
   0.000000000       0.000000000      0.9587262892    
 
Inverse of matrix :
  0.7773737425     -0.4488169395       0.000000000    
   0.000000000      0.8976338790       0.000000000    
   0.000000000       0.000000000       1.043050567    
 
Brillouin zone volume :    1.373932932    
