 
+----------------------------+
| Real-space lattice vectors |
+----------------------------+
 
vector a1 :    5.090895695      -2.939230000       0.000000000    
vector a2 :    0.000000000       5.878460000       0.000000000    
vector a3 :    0.000000000       0.000000000       5.796161560    
 
Stored column-wise as a matrix :
   5.090895695       0.000000000       0.000000000    
  -2.939230000       5.878460000       0.000000000    
   0.000000000       0.000000000       5.796161560    
 
Inverse of matrix :
  0.1964290883       0.000000000       0.000000000    
  0.9821454415E-01  0.1701125805       0.000000000    
   0.000000000       0.000000000      0.1725279721    
 
Unit cell volume :    173.4595633    
 
 
+----------------------------------+
| Reciprocal-space lattice vectors |
+----------------------------------+
 
vector b1 :    1.234200361       0.000000000       0.000000000    
vector b2 :   0.6171001807       1.068848866       0.000000000    
vector b3 :    0.000000000       0.000000000       1.084025219    
 
Stored column-wise as a matrix :
   1.234200361      0.6171001807       0.000000000    
   0.000000000       1.068848866       0.000000000    
   0.000000000       0.000000000       1.084025219    
 
Inverse of matrix :
  0.8102412146     -0.4677929834       0.000000000    
   0.000000000      0.9355859668       0.000000000    
   0.000000000       0.000000000      0.9224877632    
 
Brillouin zone volume :    1.430017513    
