 
+----------------------------+
| Real-space lattice vectors |
+----------------------------+
 
vector a1 :    4.947637773      -2.856520000       0.000000000    
vector a2 :    0.000000000       5.713040000       0.000000000    
vector a3 :    0.000000000       0.000000000       6.387178720    
 
Stored column-wise as a matrix :
   4.947637773       0.000000000       0.000000000    
  -2.856520000       5.713040000       0.000000000    
   0.000000000       0.000000000       6.387178720    
 
Inverse of matrix :
  0.2021166556       0.000000000       0.000000000    
  0.1010583278      0.1750381583       0.000000000    
   0.000000000       0.000000000      0.1565636479    
 
Unit cell volume :    180.5403290    
 
 
+----------------------------------+
| Reciprocal-space lattice vectors |
+----------------------------------+
 
vector b1 :    1.269936401       0.000000000       0.000000000    
vector b2 :   0.6349682005       1.099797185       0.000000000    
vector b3 :    0.000000000       0.000000000      0.9837184119    
 
Stored column-wise as a matrix :
   1.269936401      0.6349682005       0.000000000    
   0.000000000       1.099797185       0.000000000    
   0.000000000       0.000000000      0.9837184119    
 
Inverse of matrix :
  0.7874410082     -0.4546292780       0.000000000    
   0.000000000      0.9092585561       0.000000000    
   0.000000000       0.000000000       1.016551066    
 
Brillouin zone volume :    1.373932433    
