 
+----------------------------+
| Real-space lattice vectors |
+----------------------------+
 
vector a1 :    4.848659729      -2.799375000       0.000000000    
vector a2 :    0.000000000       5.598750000       0.000000000    
vector a3 :    0.000000000       0.000000000       6.259402500    
 
Stored column-wise as a matrix :
   4.848659729       0.000000000       0.000000000    
  -2.799375000       5.598750000       0.000000000    
   0.000000000       0.000000000       6.259402500    
 
Inverse of matrix :
  0.2062425610       0.000000000       0.000000000    
  0.1031212805      0.1786112972       0.000000000    
   0.000000000       0.000000000      0.1597596576    
 
Unit cell volume :    169.9204547    
 
 
+----------------------------------+
| Reciprocal-space lattice vectors |
+----------------------------------+
 
vector b1 :    1.295860229       0.000000000       0.000000000    
vector b2 :   0.6479301145       1.122247878       0.000000000    
vector b3 :    0.000000000       0.000000000       1.003799533    
 
Stored column-wise as a matrix :
   1.295860229      0.6479301145       0.000000000    
   0.000000000       1.122247878       0.000000000    
   0.000000000       0.000000000       1.003799533    
 
Inverse of matrix :
  0.7716881633     -0.4455343688       0.000000000    
   0.000000000      0.8910687376       0.000000000    
   0.000000000       0.000000000      0.9962148487    
 
Brillouin zone volume :    1.459801964    
