 
+----------------------------+
| Real-space lattice vectors |
+----------------------------+
 
vector a1 :    4.883257444      -2.819350000       0.000000000    
vector a2 :    0.000000000       5.638700000       0.000000000    
vector a3 :    0.000000000       0.000000000       6.428118000    
 
Stored column-wise as a matrix :
   4.883257444       0.000000000       0.000000000    
  -2.819350000       5.638700000       0.000000000    
   0.000000000       0.000000000       6.428118000    
 
Inverse of matrix :
  0.2047813394       0.000000000       0.000000000    
  0.1023906697      0.1773458421       0.000000000    
   0.000000000       0.000000000      0.1555665282    
 
Unit cell volume :    176.9996674    
 
 
+----------------------------------+
| Reciprocal-space lattice vectors |
+----------------------------------+
 
vector b1 :    1.286679103       0.000000000       0.000000000    
vector b2 :   0.6433395514       1.114296790       0.000000000    
vector b3 :    0.000000000       0.000000000      0.9774533242    
 
Stored column-wise as a matrix :
   1.286679103      0.6433395514       0.000000000    
   0.000000000       1.114296790       0.000000000    
   0.000000000       0.000000000      0.9774533242    
 
Inverse of matrix :
  0.7771945607     -0.4487134888       0.000000000    
   0.000000000      0.8974269776       0.000000000    
   0.000000000       0.000000000       1.023066754    
 
Brillouin zone volume :    1.401416268    
