 
+----------------------------+
| Real-space lattice vectors |
+----------------------------+
 
vector a1 :    5.258480271      -3.035985000       0.000000000    
vector a2 :    0.000000000       6.071970000       0.000000000    
vector a3 :    0.000000000       0.000000000       5.986962420    
 
Stored column-wise as a matrix :
   5.258480271       0.000000000       0.000000000    
  -3.035985000       6.071970000       0.000000000    
   0.000000000       0.000000000       5.986962420    
 
Inverse of matrix :
  0.1901690124       0.000000000       0.000000000    
  0.9508450621E-01  0.1646911958       0.000000000    
   0.000000000       0.000000000      0.1670296103    
 
Unit cell volume :    191.1597255    
 
 
+----------------------------------+
| Reciprocal-space lattice vectors |
+----------------------------------+
 
vector b1 :    1.194867145       0.000000000       0.000000000    
vector b2 :   0.5974335724       1.034785302       0.000000000    
vector b3 :    0.000000000       0.000000000       1.049477993    
 
Stored column-wise as a matrix :
   1.194867145      0.5974335724       0.000000000    
   0.000000000       1.034785302       0.000000000    
   0.000000000       0.000000000       1.049477993    
 
Inverse of matrix :
  0.8369131283     -0.4831920199       0.000000000    
   0.000000000      0.9663840398       0.000000000    
   0.000000000       0.000000000      0.9528546632    
 
Brillouin zone volume :    1.297607081    
