 
+----------------------------+
| Real-space lattice vectors |
+----------------------------+
 
vector a1 :    5.290748378      -3.054615000       0.000000000    
vector a2 :    0.000000000       6.109230000       0.000000000    
vector a3 :    0.000000000       0.000000000       6.023700780    
 
Stored column-wise as a matrix :
   5.290748378       0.000000000       0.000000000    
  -3.054615000       6.109230000       0.000000000    
   0.000000000       0.000000000       6.023700780    
 
Inverse of matrix :
  0.1890091777       0.000000000       0.000000000    
  0.9450458883E-01  0.1636867494       0.000000000    
   0.000000000       0.000000000      0.1660109020    
 
Unit cell volume :    194.7004583    
 
 
+----------------------------------+
| Reciprocal-space lattice vectors |
+----------------------------------+
 
vector b1 :    1.187579688       0.000000000       0.000000000    
vector b2 :   0.5937898440       1.028474179       0.000000000    
vector b3 :    0.000000000       0.000000000       1.043077260    
 
Stored column-wise as a matrix :
   1.187579688      0.5937898440       0.000000000    
   0.000000000       1.028474179       0.000000000    
   0.000000000       0.000000000       1.043077260    
 
Inverse of matrix :
  0.8420487569     -0.4861570765       0.000000000    
   0.000000000      0.9723141530       0.000000000    
   0.000000000       0.000000000      0.9587017548    
 
Brillouin zone volume :    1.274009397    
