 
+----------------------------+
| Real-space lattice vectors |
+----------------------------+
 
vector a1 :    4.786669631      -2.763585000       0.000000000    
vector a2 :    0.000000000       5.527170000       0.000000000    
vector a3 :    0.000000000       0.000000000       6.422571540    
 
Stored column-wise as a matrix :
   4.786669631       0.000000000       0.000000000    
  -2.763585000       5.527170000       0.000000000    
   0.000000000       0.000000000       6.422571540    
 
Inverse of matrix :
  0.2089135196       0.000000000       0.000000000    
  0.1044567598      0.1809244152       0.000000000    
   0.000000000       0.000000000      0.1557008737    
 
Unit cell volume :    169.9202847    
 
 
+----------------------------------+
| Reciprocal-space lattice vectors |
+----------------------------------+
 
vector b1 :    1.312642357       0.000000000       0.000000000    
vector b2 :   0.6563211786       1.136781627       0.000000000    
vector b3 :    0.000000000       0.000000000      0.9782974418    
 
Stored column-wise as a matrix :
   1.312642357      0.6563211786       0.000000000    
   0.000000000       1.136781627       0.000000000    
   0.000000000       0.000000000      0.9782974418    
 
Inverse of matrix :
  0.7618221327     -0.4398382134       0.000000000    
   0.000000000      0.8796764268       0.000000000    
   0.000000000       0.000000000       1.022184008    
 
Brillouin zone volume :    1.459803424    
