 
+----------------------------+
| Real-space lattice vectors |
+----------------------------+
 
vector a1 :    4.879620138      -2.817250000       0.000000000    
vector a2 :    0.000000000       5.634500000       0.000000000    
vector a3 :    0.000000000       0.000000000       6.051453000    
 
Stored column-wise as a matrix :
   4.879620138       0.000000000       0.000000000    
  -2.817250000       5.634500000       0.000000000    
   0.000000000       0.000000000       6.051453000    
 
Inverse of matrix :
  0.2049339850       0.000000000       0.000000000    
  0.1024669925      0.1774780371       0.000000000    
   0.000000000       0.000000000      0.1652495690    
 
Unit cell volume :    166.3799781    
 
 
+----------------------------------+
| Reciprocal-space lattice vectors |
+----------------------------------+
 
vector b1 :    1.287638203       0.000000000       0.000000000    
vector b2 :   0.6438191017       1.115127395       0.000000000    
vector b3 :    0.000000000       0.000000000       1.038293664    
 
Stored column-wise as a matrix :
   1.287638203      0.6438191017       0.000000000    
   0.000000000       1.115127395       0.000000000    
   0.000000000       0.000000000       1.038293664    
 
Inverse of matrix :
  0.7766156653     -0.4483792634       0.000000000    
   0.000000000      0.8967585269       0.000000000    
   0.000000000       0.000000000      0.9631186578    
 
Brillouin zone volume :    1.490865766    
