 
+----------------------------+
| Real-space lattice vectors |
+----------------------------+
 
vector a1 :    4.895589646      -2.826470000       0.000000000    
vector a2 :    0.000000000       5.652940000       0.000000000    
vector a3 :    0.000000000       0.000000000       6.444351600    
 
Stored column-wise as a matrix :
   4.895589646       0.000000000       0.000000000    
  -2.826470000       5.652940000       0.000000000    
   0.000000000       0.000000000       6.444351600    
 
Inverse of matrix :
  0.2042654863       0.000000000       0.000000000    
  0.1021327432      0.1768991003       0.000000000    
   0.000000000       0.000000000      0.1551746494    
 
Unit cell volume :    178.3440442    
 
 
+----------------------------------+
| Reciprocal-space lattice vectors |
+----------------------------------+
 
vector b1 :    1.283437903       0.000000000       0.000000000    
vector b2 :   0.6417189513       1.111489828       0.000000000    
vector b3 :    0.000000000       0.000000000      0.9749910770    
 
Stored column-wise as a matrix :
   1.283437903      0.6417189513       0.000000000    
   0.000000000       1.111489828       0.000000000    
   0.000000000       0.000000000      0.9749910770    
 
Inverse of matrix :
  0.7791572915     -0.4498466720       0.000000000    
   0.000000000      0.8996933440       0.000000000    
   0.000000000       0.000000000       1.025650412    
 
Brillouin zone volume :    1.390852240    
