 
+----------------------------+
| Real-space lattice vectors |
+----------------------------+
 
vector a1 :    4.745464142      -2.739795000       0.000000000    
vector a2 :    0.000000000       5.479590000       0.000000000    
vector a3 :    0.000000000       0.000000000       6.126181620    
 
Stored column-wise as a matrix :
   4.745464142       0.000000000       0.000000000    
  -2.739795000       5.479590000       0.000000000    
   0.000000000       0.000000000       6.126181620    
 
Inverse of matrix :
  0.2107275432       0.000000000       0.000000000    
  0.1053637716      0.1824954057       0.000000000    
   0.000000000       0.000000000      0.1632338155    
 
Unit cell volume :    159.3003128    
 
 
+----------------------------------+
| Reciprocal-space lattice vectors |
+----------------------------------+
 
vector b1 :    1.324040203       0.000000000       0.000000000    
vector b2 :   0.6620201016       1.146652452       0.000000000    
vector b3 :    0.000000000       0.000000000       1.025628311    
 
Stored column-wise as a matrix :
   1.324040203      0.6620201016       0.000000000    
   0.000000000       1.146652452       0.000000000    
   0.000000000       0.000000000       1.025628311    
 
Inverse of matrix :
  0.7552640755     -0.4360519173       0.000000000    
   0.000000000      0.8721038346       0.000000000    
   0.000000000       0.000000000      0.9750120871    
 
Brillouin zone volume :    1.557123204    
