 
+----------------------------+
| Real-space lattice vectors |
+----------------------------+
 
vector a1 :    4.882096970      -2.818680000       0.000000000    
vector a2 :    0.000000000       5.637360000       0.000000000    
vector a3 :    0.000000000       0.000000000       6.302568480    
 
Stored column-wise as a matrix :
   4.882096970       0.000000000       0.000000000    
  -2.818680000       5.637360000       0.000000000    
   0.000000000       0.000000000       6.302568480    
 
Inverse of matrix :
  0.2048300159       0.000000000       0.000000000    
  0.1024150079      0.1773879972       0.000000000    
   0.000000000       0.000000000      0.1586654716    
 
Unit cell volume :    173.4601606    
 
 
+----------------------------------+
| Reciprocal-space lattice vectors |
+----------------------------------+
 
vector b1 :    1.286984946       0.000000000       0.000000000    
vector b2 :   0.6434924732       1.114561658       0.000000000    
vector b3 :    0.000000000       0.000000000      0.9969245597    
 
Stored column-wise as a matrix :
   1.286984946      0.6434924732       0.000000000    
   0.000000000       1.114561658       0.000000000    
   0.000000000       0.000000000      0.9969245597    
 
Inverse of matrix :
  0.7770098655     -0.4486068550       0.000000000    
   0.000000000      0.8972137100       0.000000000    
   0.000000000       0.000000000       1.003084928    
 
Brillouin zone volume :    1.430012590    
