 
+----------------------------+
| Real-space lattice vectors |
+----------------------------+
 
vector a1 :    4.661139249      -2.691110000       0.000000000    
vector a2 :    0.000000000       5.382220000       0.000000000    
vector a3 :    0.000000000       0.000000000       6.490957320    
 
Stored column-wise as a matrix :
   4.661139249       0.000000000       0.000000000    
  -2.691110000       5.382220000       0.000000000    
   0.000000000       0.000000000       6.490957320    
 
Inverse of matrix :
  0.2145398253       0.000000000       0.000000000    
  0.1072699126      0.1857969388       0.000000000    
   0.000000000       0.000000000      0.1540604799    
 
Unit cell volume :    162.8404436    
 
 
+----------------------------------+
| Reciprocal-space lattice vectors |
+----------------------------------+
 
vector b1 :    1.347993478       0.000000000       0.000000000    
vector b2 :   0.6739967390       1.167396596       0.000000000    
vector b3 :    0.000000000       0.000000000      0.9679905440    
 
Stored column-wise as a matrix :
   1.347993478      0.6739967390       0.000000000    
   0.000000000       1.167396596       0.000000000    
   0.000000000       0.000000000      0.9679905440    
 
Inverse of matrix :
  0.7418433519     -0.4283034589       0.000000000    
   0.000000000      0.8566069178       0.000000000    
   0.000000000       0.000000000       1.033067943    
 
Brillouin zone volume :    1.523271541    
