 
+----------------------------+
| Real-space lattice vectors |
+----------------------------+
 
vector a1 :    5.125302884      -2.959095000       0.000000000    
vector a2 :    0.000000000       5.918190000       0.000000000    
vector a3 :    0.000000000       0.000000000       5.835335340    
 
Stored column-wise as a matrix :
   5.125302884       0.000000000       0.000000000    
  -2.959095000       5.918190000       0.000000000    
   0.000000000       0.000000000       5.835335340    
 
Inverse of matrix :
  0.1951104203       0.000000000       0.000000000    
  0.9755521016E-01  0.1689705805       0.000000000    
   0.000000000       0.000000000      0.1713697571    
 
Unit cell volume :    177.0004042    
 
 
+----------------------------------+
| Reciprocal-space lattice vectors |
+----------------------------------+
 
vector b1 :    1.225914926       0.000000000       0.000000000    
vector b2 :   0.6129574631       1.061673469       0.000000000    
vector b3 :    0.000000000       0.000000000       1.076747940    
 
Stored column-wise as a matrix :
   1.225914926      0.6129574631       0.000000000    
   0.000000000       1.061673469       0.000000000    
   0.000000000       0.000000000       1.076747940    
 
Inverse of matrix :
  0.8157172889     -0.4709545963       0.000000000    
   0.000000000      0.9419091927       0.000000000    
   0.000000000       0.000000000      0.9287224640    
 
Brillouin zone volume :    1.401410435    
