 
+----------------------------+
| Real-space lattice vectors |
+----------------------------+
 
vector a1 :    4.948001504      -2.856730000       0.000000000    
vector a2 :    0.000000000       5.713460000       0.000000000    
vector a3 :    0.000000000       0.000000000       6.010559920    
 
Stored column-wise as a matrix :
   4.948001504       0.000000000       0.000000000    
  -2.856730000       5.713460000       0.000000000    
   0.000000000       0.000000000       6.010559920    
 
Inverse of matrix :
  0.2021017979       0.000000000       0.000000000    
  0.1010508990      0.1750252912       0.000000000    
   0.000000000       0.000000000      0.1663738509    
 
Unit cell volume :    169.9197832    
 
 
+----------------------------------+
| Reciprocal-space lattice vectors |
+----------------------------------+
 
vector b1 :    1.269843047       0.000000000       0.000000000    
vector b2 :   0.6349215236       1.099716338       0.000000000    
vector b3 :    0.000000000       0.000000000       1.045357736    
 
Stored column-wise as a matrix :
   1.269843047      0.6349215236       0.000000000    
   0.000000000       1.099716338       0.000000000    
   0.000000000       0.000000000       1.045357736    
 
Inverse of matrix :
  0.7874988977     -0.4546627006       0.000000000    
   0.000000000      0.9093254012       0.000000000    
   0.000000000       0.000000000      0.9566103220    
 
Brillouin zone volume :    1.459807733    
