 
+----------------------------+
| Real-space lattice vectors |
+----------------------------+
 
vector a1 :    5.219942141      -3.013735000       0.000000000    
vector a2 :    0.000000000       6.027470000       0.000000000    
vector a3 :    0.000000000       0.000000000       6.075689760    
 
Stored column-wise as a matrix :
   5.219942141       0.000000000       0.000000000    
  -3.013735000       6.027470000       0.000000000    
   0.000000000       0.000000000       6.075689760    
 
Inverse of matrix :
  0.1915730047       0.000000000       0.000000000    
  0.9578650233E-01  0.1659070887       0.000000000    
   0.000000000       0.000000000      0.1645903658    
 
Unit cell volume :    191.1596982    
 
 
+----------------------------------+
| Reciprocal-space lattice vectors |
+----------------------------------+
 
vector b1 :    1.203688688       0.000000000       0.000000000    
vector b2 :   0.6018443441       1.042424982       0.000000000    
vector b3 :    0.000000000       0.000000000       1.034151768    
 
Stored column-wise as a matrix :
   1.203688688      0.6018443441       0.000000000    
   0.000000000       1.042424982       0.000000000    
   0.000000000       0.000000000       1.034151768    
 
Inverse of matrix :
  0.8307795943     -0.4796508224       0.000000000    
   0.000000000      0.9593016448       0.000000000    
   0.000000000       0.000000000      0.9669760580    
 
Brillouin zone volume :    1.297607266    
