 
+----------------------------+
| Real-space lattice vectors |
+----------------------------+
 
vector a1 :    5.150322358      -2.973540000       0.000000000    
vector a2 :    0.000000000       5.947080000       0.000000000    
vector a3 :    0.000000000       0.000000000       6.125492400    
 
Stored column-wise as a matrix :
   5.150322358       0.000000000       0.000000000    
  -2.973540000       5.947080000       0.000000000    
   0.000000000       0.000000000       6.125492400    
 
Inverse of matrix :
  0.1941626039       0.000000000       0.000000000    
  0.9708130195E-01  0.1681497474       0.000000000    
   0.000000000       0.000000000      0.1632521820    
 
Unit cell volume :    187.6200288    
 
 
+----------------------------------+
| Reciprocal-space lattice vectors |
+----------------------------------+
 
vector b1 :    1.219959620       0.000000000       0.000000000    
vector b2 :   0.6099798100       1.056516023       0.000000000    
vector b3 :    0.000000000       0.000000000       1.025743711    
 
Stored column-wise as a matrix :
   1.219959620      0.6099798100       0.000000000    
   0.000000000       1.056516023       0.000000000    
   0.000000000       0.000000000       1.025743711    
 
Inverse of matrix :
  0.8196992618     -0.4732535895       0.000000000    
   0.000000000      0.9465071790       0.000000000    
   0.000000000       0.000000000      0.9749023943    
 
Brillouin zone volume :    1.322088132    
