 
+----------------------------+
| Real-space lattice vectors |
+----------------------------+
 
vector a1 :    4.948425856      -2.856975000       0.000000000    
vector a2 :    0.000000000       5.713950000       0.000000000    
vector a3 :    0.000000000       0.000000000       5.633954700    
 
Stored column-wise as a matrix :
   4.948425856       0.000000000       0.000000000    
  -2.856975000       5.713950000       0.000000000    
   0.000000000       0.000000000       5.633954700    
 
Inverse of matrix :
  0.2020844667       0.000000000       0.000000000    
  0.1010422333      0.1750102819       0.000000000    
   0.000000000       0.000000000      0.1774952149    
 
Unit cell volume :    159.3003955    
 
 
+----------------------------------+
| Reciprocal-space lattice vectors |
+----------------------------------+
 
vector b1 :    1.269734152       0.000000000       0.000000000    
vector b2 :   0.6348670759       1.099622032       0.000000000    
vector b3 :    0.000000000       0.000000000       1.115235326    
 
Stored column-wise as a matrix :
   1.269734152      0.6348670759       0.000000000    
   0.000000000       1.099622032       0.000000000    
   0.000000000       0.000000000       1.115235326    
 
Inverse of matrix :
  0.7875664355     -0.4547016935       0.000000000    
   0.000000000      0.9094033871       0.000000000    
   0.000000000       0.000000000      0.8966717397    
 
Brillouin zone volume :    1.557122396    
