 
+----------------------------+
| Real-space lattice vectors |
+----------------------------+
 
vector a1 :    5.081793768      -2.933975000       0.000000000    
vector a2 :    0.000000000       5.867950000       0.000000000    
vector a3 :    0.000000000       0.000000000       6.173083400    
 
Stored column-wise as a matrix :
   5.081793768       0.000000000       0.000000000    
  -2.933975000       5.867950000       0.000000000    
   0.000000000       0.000000000       6.173083400    
 
Inverse of matrix :
  0.1967809096       0.000000000       0.000000000    
  0.9839045479E-01  0.1704172667       0.000000000    
   0.000000000       0.000000000      0.1619935995    
 
Unit cell volume :    184.0795675    
 
 
+----------------------------------+
| Reciprocal-space lattice vectors |
+----------------------------------+
 
vector b1 :    1.236410920       0.000000000       0.000000000    
vector b2 :   0.6182054599       1.070763266       0.000000000    
vector b3 :    0.000000000       0.000000000       1.017835804    
 
Stored column-wise as a matrix :
   1.236410920      0.6182054599       0.000000000    
   0.000000000       1.070763266       0.000000000    
   0.000000000       0.000000000       1.017835804    
 
Inverse of matrix :
  0.8087925980     -0.4669566242       0.000000000    
   0.000000000      0.9339132483       0.000000000    
   0.000000000       0.000000000      0.9824767372    
 
Brillouin zone volume :    1.347516277    
