 
+----------------------------+
| Real-space lattice vectors |
+----------------------------+
 
vector a1 :    4.714737561      -2.722055000       0.000000000    
vector a2 :    0.000000000       5.444110000       0.000000000    
vector a3 :    0.000000000       0.000000000       6.206285400    
 
Stored column-wise as a matrix :
   4.714737561       0.000000000       0.000000000    
  -2.722055000       5.444110000       0.000000000    
   0.000000000       0.000000000       6.206285400    
 
Inverse of matrix :
  0.2121008830       0.000000000       0.000000000    
  0.1060504415      0.1836847529       0.000000000    
   0.000000000       0.000000000      0.1611269762    
 
Unit cell volume :    159.3001402    
 
 
+----------------------------------+
| Reciprocal-space lattice vectors |
+----------------------------------+
 
vector b1 :    1.332669152       0.000000000       0.000000000    
vector b2 :   0.6663345760       1.154125340       0.000000000    
vector b3 :    0.000000000       0.000000000       1.012390650    
 
Stored column-wise as a matrix :
   1.332669152      0.6663345760       0.000000000    
   0.000000000       1.154125340       0.000000000    
   0.000000000       0.000000000       1.012390650    
 
Inverse of matrix :
  0.7503737882     -0.4332285086       0.000000000    
   0.000000000      0.8664570172       0.000000000    
   0.000000000       0.000000000      0.9877609996    
 
Brillouin zone volume :    1.557124891    
