 
+----------------------------+
| Real-space lattice vectors |
+----------------------------+
 
vector a1 :    4.824246473      -2.785280000       0.000000000    
vector a2 :    0.000000000       5.570560000       0.000000000    
vector a3 :    0.000000000       0.000000000       6.718095360    
 
Stored column-wise as a matrix :
   4.824246473       0.000000000       0.000000000    
  -2.785280000       5.570560000       0.000000000    
   0.000000000       0.000000000       6.718095360    
 
Inverse of matrix :
  0.2072862582       0.000000000       0.000000000    
  0.1036431291      0.1795151654       0.000000000    
   0.000000000       0.000000000      0.1488517126    
 
Unit cell volume :    180.5404450    
 
 
+----------------------------------+
| Reciprocal-space lattice vectors |
+----------------------------------+
 
vector b1 :    1.302417972       0.000000000       0.000000000    
vector b2 :   0.6512089859       1.127927050       0.000000000    
vector b3 :    0.000000000       0.000000000      0.9352628938    
 
Stored column-wise as a matrix :
   1.302417972      0.6512089859       0.000000000    
   0.000000000       1.127927050       0.000000000    
   0.000000000       0.000000000      0.9352628938    
 
Inverse of matrix :
  0.7678026729     -0.4432910799       0.000000000    
   0.000000000      0.8865821598       0.000000000    
   0.000000000       0.000000000       1.069218085    
 
Brillouin zone volume :    1.373931550    
