 -0.8000000000       0.000000000    
 -0.7983750000       0.000000000    
 -0.7967500000       0.000000000    
 -0.7951250000       0.000000000    
 -0.7935000000       0.000000000    
 -0.7918750000       0.000000000    
 -0.7902500000       0.000000000    
 -0.7886250000       0.000000000    
 -0.7870000000       0.000000000    
 -0.7853750000       0.000000000    
 -0.7837500000       0.000000000    
 -0.7821250000       0.000000000    
 -0.7805000000       0.000000000    
 -0.7788750000       0.000000000    
 -0.7772500000       0.000000000    
 -0.7756250000       0.000000000    
 -0.7740000000       0.000000000    
 -0.7723750000       0.000000000    
 -0.7707500000       0.000000000    
 -0.7691250000       0.000000000    
 -0.7675000000       0.000000000    
 -0.7658750000       0.000000000    
 -0.7642500000       0.000000000    
 -0.7626250000       0.000000000    
 -0.7610000000       0.000000000    
 -0.7593750000       0.000000000    
 -0.7577500000       0.000000000    
 -0.7561250000       0.000000000    
 -0.7545000000       0.000000000    
 -0.7528750000       0.000000000    
 -0.7512500000       0.000000000    
 -0.7496250000       0.000000000    
 -0.7480000000       0.000000000    
 -0.7463750000       0.000000000    
 -0.7447500000       0.000000000    
 -0.7431250000       0.000000000    
 -0.7415000000       0.000000000    
 -0.7398750000       0.000000000    
 -0.7382500000       0.000000000    
 -0.7366250000       0.000000000    
 -0.7350000000       0.000000000    
 -0.7333750000       0.000000000    
 -0.7317500000       0.000000000    
 -0.7301250000       0.000000000    
 -0.7285000000       0.000000000    
 -0.7268750000       0.000000000    
 -0.7252500000       0.000000000    
 -0.7236250000       0.000000000    
 -0.7220000000       0.000000000    
 -0.7203750000       0.000000000    
 -0.7187500000       0.000000000    
 -0.7171250000       0.000000000    
 -0.7155000000       0.000000000    
 -0.7138750000       0.000000000    
 -0.7122500000       0.000000000    
 -0.7106250000       0.000000000    
 -0.7090000000       0.000000000    
 -0.7073750000       0.000000000    
 -0.7057500000       0.000000000    
 -0.7041250000       0.000000000    
 -0.7025000000       0.000000000    
 -0.7008750000       0.000000000    
 -0.6992500000       0.000000000    
 -0.6976250000       0.000000000    
 -0.6960000000       0.000000000    
 -0.6943750000       0.000000000    
 -0.6927500000       0.000000000    
 -0.6911250000       0.000000000    
 -0.6895000000       0.000000000    
 -0.6878750000       0.000000000    
 -0.6862500000       0.000000000    
 -0.6846250000       0.000000000    
 -0.6830000000       0.000000000    
 -0.6813750000       0.000000000    
 -0.6797500000       0.000000000    
 -0.6781250000       0.000000000    
 -0.6765000000       0.000000000    
 -0.6748750000       0.000000000    
 -0.6732500000       0.000000000    
 -0.6716250000       0.000000000    
 -0.6700000000       0.000000000    
 -0.6683750000       0.000000000    
 -0.6667500000       0.000000000    
 -0.6651250000       0.000000000    
 -0.6635000000       0.000000000    
 -0.6618750000       0.000000000    
 -0.6602500000       0.000000000    
 -0.6586250000       0.000000000    
 -0.6570000000       0.000000000    
 -0.6553750000       0.000000000    
 -0.6537500000       0.000000000    
 -0.6521250000       0.000000000    
 -0.6505000000       0.000000000    
 -0.6488750000       0.000000000    
 -0.6472500000       0.000000000    
 -0.6456250000       0.000000000    
 -0.6440000000       0.000000000    
 -0.6423750000       0.000000000    
 -0.6407500000       0.000000000    
 -0.6391250000       0.000000000    
 -0.6375000000       0.000000000    
 -0.6358750000       0.000000000    
 -0.6342500000       0.000000000    
 -0.6326250000       0.000000000    
 -0.6310000000       0.000000000    
 -0.6293750000       0.000000000    
 -0.6277500000       0.000000000    
 -0.6261250000       0.000000000    
 -0.6245000000       0.000000000    
 -0.6228750000       0.000000000    
 -0.6212500000       0.000000000    
 -0.6196250000       0.000000000    
 -0.6180000000       0.000000000    
 -0.6163750000       0.000000000    
 -0.6147500000       0.000000000    
 -0.6131250000       0.000000000    
 -0.6115000000       0.000000000    
 -0.6098750000       0.000000000    
 -0.6082500000       0.000000000    
 -0.6066250000       0.000000000    
 -0.6050000000       0.000000000    
 -0.6033750000       0.000000000    
 -0.6017500000       0.000000000    
 -0.6001250000      0.6037789937E-02
 -0.5985000000      0.1310631687    
 -0.5968750000      0.4505189135    
 -0.5952500000      0.8236754724    
 -0.5936250000       1.177376648    
 -0.5920000000       1.412852993    
 -0.5903750000       1.651634055    
 -0.5887500000       1.835087313    
 -0.5871250000       1.996814675    
 -0.5855000000       2.154854249    
 -0.5838750000       2.329814011    
 -0.5822500000       2.513652876    
 -0.5806250000       2.678559802    
 -0.5790000000       2.826144022    
 -0.5773750000       2.948696782    
 -0.5757500000       3.075304332    
 -0.5741250000       3.209870095    
 -0.5725000000       3.362610114    
 -0.5708750000       3.523632221    
 -0.5692500000       3.683494126    
 -0.5676250000       3.832757764    
 -0.5660000000       3.965151953    
 -0.5643750000       4.090225532    
 -0.5627500000       4.212540670    
 -0.5611250000       4.347102206    
 -0.5595000000       4.489347970    
 -0.5578750000       4.637301729    
 -0.5562500000       4.790988007    
 -0.5546250000       4.947842855    
 -0.5530000000       5.113345950    
 -0.5513750000       5.268270227    
 -0.5497500000       5.420168845    
 -0.5481250000       5.559243501    
 -0.5465000000       5.705838335    
 -0.5448750000       5.853070773    
 -0.5432500000       6.013563517    
 -0.5416250000       6.179497036    
 -0.5400000000       6.353860630    
 -0.5383750000       6.534295839    
 -0.5367500000       6.723413119    
 -0.5351250000       6.920210400    
 -0.5335000000       7.120365673    
 -0.5318750000       7.317979832    
 -0.5302500000       7.514909031    
 -0.5286250000       7.714114663    
 -0.5270000000       7.924019191    
 -0.5253750000       8.143273838    
 -0.5237500000       8.373438787    
 -0.5221250000       8.617884717    
 -0.5205000000       8.879140902    
 -0.5188750000       9.153413007    
 -0.5172500000       9.444339771    
 -0.5156250000       9.754086006    
 -0.5140000000       10.09805653    
 -0.5123750000       10.46396690    
 -0.5107500000       10.85034824    
 -0.5091250000       11.25784410    
 -0.5075000000       11.70242162    
 -0.5058750000       12.19398398    
 -0.5042500000       12.73624178    
 -0.5026250000       13.33958443    
 -0.5010000000       14.01976938    
 -0.4993750000       14.81473067    
 -0.4977500000       15.81877540    
 -0.4961250000       17.12411176    
 -0.4945000000       18.86511356    
 -0.4928750000       21.25785166    
 -0.4912500000       24.83463757    
 -0.4896250000       36.30580846    
 -0.4880000000       51.21022991    
 -0.4863750000       54.57629611    
 -0.4847500000       47.44784284    
 -0.4831250000       34.77732502    
 -0.4815000000       31.10574073    
 -0.4798750000       28.70266820    
 -0.4782500000       26.74559132    
 -0.4766250000       25.10218354    
 -0.4750000000       23.66269578    
 -0.4733750000       22.48812831    
 -0.4717500000       21.52837086    
 -0.4701250000       20.68288324    
 -0.4685000000       19.89709617    
 -0.4668750000       19.15488942    
 -0.4652500000       18.48581097    
 -0.4636250000       17.93845149    
 -0.4620000000       17.61907777    
 -0.4603750000       17.27347180    
 -0.4587500000       16.81442810    
 -0.4571250000       16.03664152    
 -0.4555000000       15.18611902    
 -0.4538750000       14.31068515    
 -0.4522500000       13.51384063    
 -0.4506250000       12.79129645    
 -0.4490000000       12.08829390    
 -0.4473750000       11.26750372    
 -0.4457500000       10.33964931    
 -0.4441250000       9.406191763    
 -0.4425000000       8.595145757    
 -0.4408750000       7.909153036    
 -0.4392500000       7.338959883    
 -0.4376250000       6.898254493    
 -0.4360000000       6.353368474    
 -0.4343750000       5.736844162    
 -0.4327500000       5.106618972    
 -0.4311250000       4.706170588    
 -0.4295000000       4.473702145    
 -0.4278750000       4.352345105    
 -0.4262500000       4.342942557    
 -0.4246250000       4.521938506    
 -0.4230000000       4.859971871    
 -0.4213750000       5.342146900    
 -0.4197500000       5.839562698    
 -0.4181250000       6.321519555    
 -0.4165000000       6.735524215    
 -0.4148750000       7.115285135    
 -0.4132500000       7.569248295    
 -0.4116250000       8.040055536    
 -0.4100000000       8.721841253    
 -0.4083750000       9.529839612    
 -0.4067500000       10.50176820    
 -0.4051250000       11.56387041    
 -0.4035000000       12.88126459    
 -0.4018750000       14.24362424    
 -0.4002500000       15.50434015    
 -0.3986250000       16.61150085    
 -0.3970000000       17.59322858    
 -0.3953750000       18.22204157    
 -0.3937500000       18.45737924    
 -0.3921250000       18.49736649    
 -0.3905000000       18.44382973    
 -0.3888750000       18.33374745    
 -0.3872500000       18.21257730    
 -0.3856250000       18.29782599    
 -0.3840000000       18.47694032    
 -0.3823750000       18.94242179    
 -0.3807500000       18.78974435    
 -0.3791250000       18.39695652    
 -0.3775000000       17.63833527    
 -0.3758750000       17.37875682    
 -0.3742500000       17.26235347    
 -0.3726250000       17.21616438    
 -0.3710000000       17.19852625    
 -0.3693750000       17.18819182    
 -0.3677500000       17.17436156    
 -0.3661250000       17.16402713    
 -0.3645000000       17.16021588    
 -0.3628750000       17.16289737    
 -0.3612500000       17.18129656    
 -0.3596250000       17.21731528    
 -0.3580000000       17.26555417    
 -0.3563750000       17.32347214    
 -0.3547500000       17.44704134    
 -0.3531250000       17.47673306    
 -0.3515000000       17.48971347    
 -0.3498750000       17.44053508    
 -0.3482500000       17.48957732    
 -0.3466250000       17.47595678    
 -0.3450000000       17.38547026    
 -0.3433750000       17.24635840    
 -0.3417500000       17.12909420    
 -0.3401250000       17.07826091    
 -0.3385000000       17.07494859    
 -0.3368750000       17.14247205    
 -0.3352500000       17.24809109    
 -0.3336250000       17.40880539    
 -0.3320000000       17.61944054    
 -0.3303750000       17.88059779    
 -0.3287500000       18.19427197    
 -0.3271250000       18.59053280    
 -0.3255000000       19.11051759    
 -0.3238750000       19.85665819    
 -0.3222500000       20.91464643    
 -0.3206250000       22.01504971    
 -0.3190000000       22.93103149    
 -0.3173750000       23.35028243    
 -0.3157500000       23.75674239    
 -0.3141250000       23.73469685    
 -0.3125000000       23.39824481    
 -0.3108750000       22.36675013    
 -0.3092500000       20.93487894    
 -0.3076250000       19.37563238    
 -0.3060000000       18.14394775    
 -0.3043750000       17.64827310    
 -0.3027500000       17.78470855    
 -0.3011250000       18.29448406    
 -0.2995000000       19.15360322    
 -0.2978750000       20.55843289    
 -0.2962500000       22.76500241    
 -0.2946250000       26.11107710    
 -0.2930000000       30.85895749    
 -0.2913750000       35.57428201    
 -0.2897500000       39.21195489    
 -0.2881250000       41.61012784    
 -0.2865000000       43.25271705    
 -0.2848750000       44.38384795    
 -0.2832500000       43.50866776    
 -0.2816250000       41.25810524    
 -0.2800000000       38.53438548    
 -0.2783750000       36.61859135    
 -0.2767500000       35.63029562    
 -0.2751250000       35.32739728    
 -0.2735000000       33.13237482    
 -0.2718750000       30.39103384    
 -0.2702500000       27.37326356    
 -0.2686250000       26.65439617    
 -0.2670000000       26.74842079    
 -0.2653750000       27.04956614    
 -0.2637500000       27.43609970    
 -0.2621250000       27.95618427    
 -0.2605000000       28.64230214    
 -0.2588750000       30.08202161    
 -0.2572500000       31.65241949    
 -0.2556250000       33.11757716    
 -0.2540000000       34.07668347    
 -0.2523750000       35.25160188    
 -0.2507500000       37.01560309    
 -0.2491250000       38.96333240    
 -0.2475000000       40.77952752    
 -0.2458750000       42.53367039    
 -0.2442500000       44.18436072    
 -0.2426250000       45.69329491    
 -0.2410000000       46.82481057    
 -0.2393750000       48.27303030    
 -0.2377500000       50.68586561    
 -0.2361250000       53.61197649    
 -0.2345000000       56.10896287    
 -0.2328750000       58.23640352    
 -0.2312500000       59.84020374    
 -0.2296250000       62.25784307    
 -0.2280000000       66.26161235    
 -0.2263750000       77.18517514    
 -0.2247500000       83.10925168    
 -0.2231250000       79.66791859    
 -0.2215000000       66.26281315    
 -0.2198750000       54.37555904    
 -0.2182500000       48.15697366    
 -0.2166250000       43.63314517    
 -0.2150000000       41.13047702    
 -0.2133750000       40.07419019    
 -0.2117500000       40.45791711    
 -0.2101250000       42.77224089    
 -0.2085000000       45.22968566    
 -0.2068750000       46.91690885    
 -0.2052500000       46.22742791    
 -0.2036250000       44.44557632    
 -0.2020000000       43.23237968    
 -0.2003750000       43.00340791    
 -0.1987500000       44.21299033    
 -0.1971250000       45.71391303    
 -0.1955000000       46.82765780    
 -0.1938750000       47.12370316    
 -0.1922500000       46.53999939    
 -0.1906250000       45.62226209    
 -0.1890000000       44.13481787    
 -0.1873750000       41.75348561    
 -0.1857500000       38.94679866    
 -0.1841250000       36.12675754    
 -0.1825000000       33.97938542    
 -0.1808750000       32.26809394    
 -0.1792500000       30.85221529    
 -0.1776250000       29.67062910    
 -0.1760000000       28.50887544    
 -0.1743750000       27.38689171    
 -0.1727500000       26.32003283    
 -0.1711250000       25.33090247    
 -0.1695000000       24.35116619    
 -0.1678750000       23.34662593    
 -0.1662500000       22.35768583    
 -0.1646250000       21.43006651    
 -0.1630000000       20.58682065    
 -0.1613750000       19.78821384    
 -0.1597500000       18.91206203    
 -0.1581250000       17.78862212    
 -0.1565000000       16.61783630    
 -0.1548750000       15.59592345    
 -0.1532500000       14.93698577    
 -0.1516250000       14.46754422    
 -0.1500000000       14.13531864    
 -0.1483750000       13.71837626    
 -0.1467500000       13.27834653    
 -0.1451250000       12.64796913    
 -0.1435000000       11.81262059    
 -0.1418750000       10.62199886    
 -0.1402500000       9.337278932    
 -0.1386250000       8.257753379    
 -0.1370000000       7.418123428    
 -0.1353750000       6.740878737    
 -0.1337500000       6.168032000    
 -0.1321250000       5.685117892    
 -0.1305000000       5.201445254    
 -0.1288750000       4.671251191    
 -0.1272500000       4.150116349    
 -0.1256250000       3.694256444    
 -0.1240000000       3.322732794    
 -0.1223750000       3.068531691    
 -0.1207500000       2.900557668    
 -0.1191250000       2.785164848    
 -0.1175000000       2.715967885    
 -0.1158750000       2.750971000    
 -0.1142500000       3.010005718    
 -0.1126250000       3.330588686    
 -0.1110000000       3.195309212    
 -0.1093750000       3.005719226    
 -0.1077500000       3.199810495    
 -0.1061250000       4.522122007    
 -0.1045000000       6.320582598    
 -0.1028750000       8.102282825    
 -0.1012500000       9.606329278    
 -0.9962500000E-01   10.82497431    
 -0.9800000000E-01   11.73768942    
 -0.9637500000E-01   12.26653217    
 -0.9475000000E-01   12.43662534    
 -0.9312500000E-01   12.45252739    
 -0.9150000000E-01   12.41838851    
 -0.8987500000E-01   12.45375186    
 -0.8825000000E-01   12.59405183    
 -0.8662500000E-01   12.77982888    
 -0.8500000000E-01   13.00327531    
 -0.8337500000E-01   13.22888401    
 -0.8175000000E-01   13.45745156    
 -0.8012500000E-01   13.70633028    
 -0.7850000000E-01   13.90912222    
 -0.7687500000E-01   14.05965261    
 -0.7525000000E-01   14.16390850    
 -0.7362500000E-01   14.29843621    
 -0.7200000000E-01   14.45801483    
 -0.7037500000E-01   14.61560453    
 -0.6875000000E-01   14.77749933    
 -0.6712500000E-01   14.96042914    
 -0.6550000000E-01   15.13027200    
 -0.6387500000E-01   15.34211640    
 -0.6225000000E-01   15.54326529    
 -0.6062500000E-01   15.75116399    
 -0.5900000000E-01   15.85790433    
 -0.5737500000E-01   15.95224100    
 -0.5575000000E-01   16.06209326    
 -0.5412500000E-01   16.24543066    
 -0.5250000000E-01   16.45628145    
 -0.5087500000E-01   16.69103055    
 -0.4925000000E-01   16.98182286    
 -0.4762500000E-01   17.35648803    
 -0.4600000000E-01   17.83632151    
 -0.4437500000E-01   18.45193254    
 -0.4275000000E-01   19.39546068    
 -0.4112500000E-01   20.46556001    
 -0.3950000000E-01   21.45364941    
 -0.3787500000E-01   22.19407441    
 -0.3625000000E-01   22.95026616    
 -0.3462500000E-01   23.77759560    
 -0.3300000000E-01   24.60878195    
 -0.3137500000E-01   25.18360407    
 -0.2975000000E-01   25.49079989    
 -0.2812500000E-01   25.53080152    
 -0.2650000000E-01   25.46002238    
 -0.2487500000E-01   25.33985937    
 -0.2325000000E-01   25.24674971    
 -0.2162500000E-01   25.31382584    
 -0.2000000000E-01   25.57553782    
 -0.1837500000E-01   25.92641375    
 -0.1675000000E-01   26.19838236    
 -0.1512500000E-01   26.48262697    
 -0.1350000000E-01   27.02000972    
 -0.1187500000E-01   27.67340091    
 -0.1025000000E-01   28.38357439    
 -0.8625000000E-02   28.86815354    
 -0.7000000000E-02   29.30437879    
 -0.5375000000E-02   29.85437325    
 -0.3750000000E-02   30.52989793    
 -0.2125000000E-02   31.29281497    
 -0.5000000000E-03   32.37539832    
  0.1125000000E-02   33.28255258    
  0.2750000000E-02   33.44839393    
  0.4375000000E-02   32.86506393    
  0.6000000000E-02   32.49876880    
  0.7625000000E-02   33.47567053    
  0.9250000000E-02   34.33499772    
  0.1087500000E-01   34.78455430    
  0.1250000000E-01   34.43287334    
  0.1412500000E-01   34.37941944    
  0.1575000000E-01   34.51828439    
  0.1737500000E-01   34.62451059    
  0.1900000000E-01   34.61384552    
  0.2062500000E-01   34.54784757    
  0.2225000000E-01   34.55346846    
  0.2387500000E-01   34.61859542    
  0.2550000000E-01   34.74371720    
  0.2712500000E-01   35.03294594    
  0.2875000000E-01   35.37707375    
  0.3037500000E-01   35.39744833    
  0.3200000000E-01   35.17411860    
  0.3362500000E-01   34.98239763    
  0.3525000000E-01   35.14292927    
  0.3687500000E-01   35.61988254    
  0.3850000000E-01   36.19231323    
  0.4012500000E-01   36.96322823    
  0.4175000000E-01   38.17894230    
  0.4337500000E-01   40.21214523    
  0.4500000000E-01   43.10319803    
  0.4662500000E-01   41.87975153    
  0.4825000000E-01   38.01047274    
  0.4987500000E-01   33.23514747    
  0.5150000000E-01   31.87011226    
  0.5312500000E-01   32.39790135    
  0.5475000000E-01   33.18303221    
  0.5637500000E-01   34.33212681    
  0.5800000000E-01   37.09829968    
  0.5962500000E-01   40.54928392    
  0.6125000000E-01   43.24576091    
  0.6287500000E-01   44.33585513    
  0.6450000000E-01   44.83348741    
  0.6612500000E-01   46.74262559    
  0.6775000000E-01   49.20781717    
  0.6937500000E-01   51.20960245    
  0.7100000000E-01   51.87551064    
  0.7262500000E-01   51.59559566    
  0.7425000000E-01   50.84792108    
  0.7587500000E-01   49.70861633    
  0.7750000000E-01   48.02476213    
  0.7912500000E-01   45.88414066    
  0.8075000000E-01   43.74605607    
  0.8237500000E-01   42.03019904    
  0.8400000000E-01   40.35782087    
  0.8562500000E-01   37.40728231    
  0.8725000000E-01   33.51333991    
  0.8887500000E-01   29.83488404    
  0.9050000000E-01   28.02696932    
  0.9212500000E-01   27.29550376    
  0.9375000000E-01   27.06185482    
  0.9537500000E-01   26.80522338    
  0.9700000000E-01   26.50453213    
  0.9862500000E-01   26.15085886    
  0.1002500000       25.70977801    
  0.1018750000       25.25981891    
  0.1035000000       24.76742445    
  0.1051250000       24.39281426    
  0.1067500000       24.09877558    
  0.1083750000       23.88196649    
  0.1100000000       23.80182709    
  0.1116250000       23.89061981    
  0.1132500000       23.94880415    
  0.1148750000       23.86341340    
  0.1165000000       23.60806139    
  0.1181250000       23.35210307    
  0.1197500000       23.11086884    
  0.1213750000       22.89983624    
  0.1230000000       22.70575427    
  0.1246250000       22.52564632    
  0.1262500000       22.36467242    
  0.1278750000       22.24063304    
  0.1295000000       22.21492931    
  0.1311250000       22.26342612    
  0.1327500000       22.41111858    
  0.1343750000       22.54997507    
  0.1360000000       22.58797340    
  0.1376250000       22.47123180    
  0.1392500000       22.25159916    
  0.1408750000       22.09667403    
  0.1425000000       21.86679829    
  0.1441250000       21.58329445    
  0.1457500000       21.22213652    
  0.1473750000       21.00106124    
  0.1490000000       21.02067644    
  0.1506250000       21.24730159    
  0.1522500000       21.55038173    
  0.1538750000       21.77875310    
  0.1555000000       21.12886112    
  0.1571250000       19.98210977    
  0.1587500000       18.49472897    
  0.1603750000       17.56368316    
  0.1620000000       16.96582779    
  0.1636250000       16.63383729    
  0.1652500000       16.49876246    
  0.1668750000       16.59068147    
  0.1685000000       16.75379989    
  0.1701250000       17.06339561    
  0.1717500000       17.64693363    
  0.1733750000       18.98719784    
  0.1750000000       19.99750191    
  0.1766250000       19.98109248    
  0.1782500000       18.81475552    
  0.1798750000       17.62535064    
  0.1815000000       16.92322840    
  0.1831250000       16.50470216    
  0.1847500000       16.24609956    
  0.1863750000       16.12609890    
  0.1880000000       16.06208818    
  0.1896250000       15.93034767    
  0.1912500000       15.83082476    
  0.1928750000       16.43457162    
  0.1945000000       18.15736873    
  0.1961250000       21.30140915    
  0.1977500000       24.02338269    
  0.1993750000       25.06975283    
  0.2010000000       24.53025939    
  0.2026250000       24.69445260    
  0.2042500000       25.97613672    
  0.2058750000       27.00572874    
  0.2075000000       27.13196083    
  0.2091250000       27.57689014    
  0.2107500000       29.96234314    
  0.2123750000       32.55707914    
  0.2140000000       34.81711524    
  0.2156250000       36.21265990    
  0.2172500000       37.71803315    
  0.2188750000       38.78117718    
  0.2205000000       39.62122064    
  0.2221250000       39.67446651    
  0.2237500000       39.00120304    
  0.2253750000       37.61837494    
  0.2270000000       36.38181358    
  0.2286250000       35.74068992    
  0.2302500000       35.03237852    
  0.2318750000       34.14554134    
  0.2335000000       33.12062311    
  0.2351250000       32.24830792    
  0.2367500000       31.46612491    
  0.2383750000       30.58740746    
  0.2400000000       29.60760945    
  0.2416250000       28.78870840    
  0.2432500000       28.18321616    
  0.2448750000       27.73178735    
  0.2465000000       27.16653014    
  0.2481250000       26.24036699    
  0.2497500000       25.22683854    
  0.2513750000       24.32431240    
  0.2530000000       23.82233528    
  0.2546250000       23.60167520    
  0.2562500000       23.79205501    
  0.2578750000       24.30317506    
  0.2595000000       24.72332745    
  0.2611250000       25.09143645    
  0.2627500000       25.35734866    
  0.2643750000       25.67101439    
  0.2660000000       25.81980278    
  0.2676250000       25.72750324    
  0.2692500000       25.66123469    
  0.2708750000       25.49382047    
  0.2725000000       25.39277798    
  0.2741250000       24.92598409    
  0.2757500000       24.28566209    
  0.2773750000       23.46421147    
  0.2790000000       22.72951898    
  0.2806250000       22.28101266    
  0.2822500000       22.08318118    
  0.2838750000       22.10764353    
  0.2855000000       22.20681043    
  0.2871250000       22.37021636    
  0.2887500000       22.61136772    
  0.2903750000       22.70346431    
  0.2920000000       22.71663836    
  0.2936250000       22.52100720    
  0.2952500000       22.37353123    
  0.2968750000       22.28665808    
  0.2985000000       22.50397455    
  0.3001250000       22.44499194    
  0.3017500000       22.38645920    
  0.3033750000       22.41391339    
  0.3050000000       23.06392629    
  0.3066250000       24.08757692    
  0.3082500000       25.16304768    
  0.3098750000       25.88653897    
  0.3115000000       26.36899559    
  0.3131250000       27.02854888    
  0.3147500000       28.30924361    
  0.3163750000       29.48613487    
  0.3180000000       30.33387271    
  0.3196250000       30.77686976    
  0.3212500000       31.44361597    
  0.3228750000       32.44072569    
  0.3245000000       34.19794580    
  0.3261250000       34.68184169    
  0.3277500000       34.00107242    
  0.3293750000       32.09846502    
  0.3310000000       31.11737659    
  0.3326250000       30.83665403    
  0.3342500000       30.79958588    
  0.3358750000       31.05118330    
  0.3375000000       31.38016336    
  0.3391250000       31.39433610    
  0.3407500000       30.30513317    
  0.3423750000       28.82448865    
  0.3440000000       27.59730277    
  0.3456250000       27.29599676    
  0.3472500000       27.12912966    
  0.3488750000       26.85136173    
  0.3505000000       25.85292437    
  0.3521250000       24.56468748    
  0.3537500000       23.25878793    
  0.3553750000       22.84984182    
  0.3570000000       22.99700830    
  0.3586250000       23.25142926    
  0.3602500000       23.20806034    
  0.3618750000       23.06223841    
  0.3635000000       23.04310860    
  0.3651250000       23.13739791    
  0.3667500000       23.30434195    
  0.3683750000       23.52849533    
  0.3700000000       23.74147372    
  0.3716250000       23.94043242    
  0.3732500000       24.19704611    
  0.3748750000       24.63781746    
  0.3765000000       25.13014342    
  0.3781250000       25.67789273    
  0.3797500000       26.34813477    
  0.3813750000       27.39605833    
  0.3830000000       28.53094128    
  0.3846250000       29.52069149    
  0.3862500000       29.97746045    
  0.3878750000       30.26156045    
  0.3895000000       30.35109733    
  0.3911250000       30.55683121    
  0.3927500000       30.88116455    
  0.3943750000       31.73696461    
  0.3960000000       33.34270808    
  0.3976250000       35.77003240    
  0.3992500000       38.98061620    
  0.4008750000       41.42323964    
  0.4025000000       42.37024247    
  0.4041250000       40.89187438    
  0.4057500000       38.48068974    
  0.4073750000       35.84200387    
  0.4090000000       33.89258669    
  0.4106250000       32.35679533    
  0.4122500000       31.57812761    
  0.4138750000       31.25432787    
  0.4155000000       31.46123718    
  0.4171250000       31.65379448    
  0.4187500000       31.87966955    
  0.4203750000       32.91271934    
  0.4220000000       34.80813213    
  0.4236250000       35.42062279    
  0.4252500000       35.04577920    
  0.4268750000       33.63054492    
  0.4285000000       33.03651095    
  0.4301250000       32.04496378    
  0.4317500000       30.71194491    
  0.4333750000       29.63060633    
  0.4350000000       28.94980831    
  0.4366250000       28.70898759    
  0.4382500000       28.52328242    
  0.4398750000       28.32449876    
  0.4415000000       28.08907907    
  0.4431250000       27.91662237    
  0.4447500000       27.80510253    
  0.4463750000       27.71273956    
  0.4480000000       27.64224203    
  0.4496250000       27.44088934    
  0.4512500000       27.10458782    
  0.4528750000       26.68788730    
  0.4545000000       26.36849751    
  0.4561250000       26.04852340    
  0.4577500000       25.60065807    
  0.4593750000       24.88768894    
  0.4610000000       24.67291444    
  0.4626250000       24.64666189    
  0.4642500000       24.59843483    
  0.4658750000       24.12569787    
  0.4675000000       23.53962211    
  0.4691250000       23.19740288    
  0.4707500000       22.78520026    
  0.4723750000       22.44458519    
  0.4740000000       22.22106350    
  0.4756250000       22.17588916    
  0.4772500000       22.27757857    
  0.4788750000       22.49673935    
  0.4805000000       22.82411356    
  0.4821250000       23.17731582    
  0.4837500000       23.58311619    
  0.4853750000       24.13625047    
  0.4870000000       24.92645933    
  0.4886250000       25.67558248    
  0.4902500000       26.21312844    
  0.4918750000       26.46649068    
  0.4935000000       26.64059466    
  0.4951250000       26.87433239    
  0.4967500000       27.22587045    
  0.4983750000       27.71075910    
 
