 -0.8000000000       0.000000000    
 -0.7983750000       0.000000000    
 -0.7967500000       0.000000000    
 -0.7951250000       0.000000000    
 -0.7935000000       0.000000000    
 -0.7918750000       0.000000000    
 -0.7902500000       0.000000000    
 -0.7886250000       0.000000000    
 -0.7870000000       0.000000000    
 -0.7853750000       0.000000000    
 -0.7837500000       0.000000000    
 -0.7821250000       0.000000000    
 -0.7805000000       0.000000000    
 -0.7788750000       0.000000000    
 -0.7772500000       0.000000000    
 -0.7756250000       0.000000000    
 -0.7740000000       0.000000000    
 -0.7723750000       0.000000000    
 -0.7707500000       0.000000000    
 -0.7691250000       0.000000000    
 -0.7675000000       0.000000000    
 -0.7658750000       0.000000000    
 -0.7642500000       0.000000000    
 -0.7626250000       0.000000000    
 -0.7610000000       0.000000000    
 -0.7593750000       0.000000000    
 -0.7577500000       0.000000000    
 -0.7561250000       0.000000000    
 -0.7545000000       0.000000000    
 -0.7528750000       0.000000000    
 -0.7512500000       0.000000000    
 -0.7496250000       0.000000000    
 -0.7480000000       0.000000000    
 -0.7463750000       0.000000000    
 -0.7447500000       0.000000000    
 -0.7431250000       0.000000000    
 -0.7415000000       0.000000000    
 -0.7398750000       0.000000000    
 -0.7382500000       0.000000000    
 -0.7366250000       0.000000000    
 -0.7350000000       0.000000000    
 -0.7333750000       0.000000000    
 -0.7317500000       0.000000000    
 -0.7301250000       0.000000000    
 -0.7285000000       0.000000000    
 -0.7268750000       0.000000000    
 -0.7252500000       0.000000000    
 -0.7236250000       0.000000000    
 -0.7220000000       0.000000000    
 -0.7203750000       0.000000000    
 -0.7187500000       0.000000000    
 -0.7171250000       0.000000000    
 -0.7155000000       0.000000000    
 -0.7138750000       0.000000000    
 -0.7122500000       0.000000000    
 -0.7106250000       0.000000000    
 -0.7090000000       0.000000000    
 -0.7073750000       0.000000000    
 -0.7057500000       0.000000000    
 -0.7041250000       0.000000000    
 -0.7025000000       0.000000000    
 -0.7008750000       0.000000000    
 -0.6992500000       0.000000000    
 -0.6976250000       0.000000000    
 -0.6960000000       0.000000000    
 -0.6943750000       0.000000000    
 -0.6927500000       0.000000000    
 -0.6911250000       0.000000000    
 -0.6895000000       0.000000000    
 -0.6878750000       0.000000000    
 -0.6862500000       0.000000000    
 -0.6846250000       0.000000000    
 -0.6830000000       0.000000000    
 -0.6813750000       0.000000000    
 -0.6797500000       0.000000000    
 -0.6781250000       0.000000000    
 -0.6765000000       0.000000000    
 -0.6748750000       0.000000000    
 -0.6732500000       0.000000000    
 -0.6716250000       0.000000000    
 -0.6700000000       0.000000000    
 -0.6683750000       0.000000000    
 -0.6667500000       0.000000000    
 -0.6651250000       0.000000000    
 -0.6635000000       0.000000000    
 -0.6618750000       0.000000000    
 -0.6602500000       0.000000000    
 -0.6586250000       0.000000000    
 -0.6570000000       0.000000000    
 -0.6553750000       0.000000000    
 -0.6537500000       0.000000000    
 -0.6521250000       0.000000000    
 -0.6505000000       0.000000000    
 -0.6488750000       0.000000000    
 -0.6472500000       0.000000000    
 -0.6456250000       0.000000000    
 -0.6440000000       0.000000000    
 -0.6423750000       0.000000000    
 -0.6407500000       0.000000000    
 -0.6391250000       0.000000000    
 -0.6375000000       0.000000000    
 -0.6358750000       0.000000000    
 -0.6342500000       0.000000000    
 -0.6326250000       0.000000000    
 -0.6310000000       0.000000000    
 -0.6293750000       0.000000000    
 -0.6277500000       0.000000000    
 -0.6261250000       0.000000000    
 -0.6245000000       0.000000000    
 -0.6228750000       0.000000000    
 -0.6212500000       0.000000000    
 -0.6196250000       0.000000000    
 -0.6180000000       0.000000000    
 -0.6163750000       0.000000000    
 -0.6147500000      0.3296007540E-01
 -0.6131250000      0.2603200742    
 -0.6115000000      0.5451422442    
 -0.6098750000      0.8913122497    
 -0.6082500000       1.130253981    
 -0.6066250000       1.377064289    
 -0.6050000000       1.579188186    
 -0.6033750000       1.733127306    
 -0.6017500000       1.871252322    
 -0.6001250000       2.012853717    
 -0.5985000000       2.174758661    
 -0.5968750000       2.340797038    
 -0.5952500000       2.494241466    
 -0.5936250000       2.626489360    
 -0.5920000000       2.740897024    
 -0.5903750000       2.851572926    
 -0.5887500000       2.968914076    
 -0.5871250000       3.098470334    
 -0.5855000000       3.243708779    
 -0.5838750000       3.395288595    
 -0.5822500000       3.541337998    
 -0.5806250000       3.669620739    
 -0.5790000000       3.783562460    
 -0.5773750000       3.893665027    
 -0.5757500000       4.010629026    
 -0.5741250000       4.134525490    
 -0.5725000000       4.265393319    
 -0.5708750000       4.401822002    
 -0.5692500000       4.544176853    
 -0.5676250000       4.694034123    
 -0.5660000000       4.845568275    
 -0.5643750000       4.992387200    
 -0.5627500000       5.127581266    
 -0.5611250000       5.258016132    
 -0.5595000000       5.390066150    
 -0.5578750000       5.529320925    
 -0.5562500000       5.677972328    
 -0.5546250000       5.830727568    
 -0.5530000000       5.991294727    
 -0.5513750000       6.155899763    
 -0.5497500000       6.330278578    
 -0.5481250000       6.513066327    
 -0.5465000000       6.700763796    
 -0.5448750000       6.886582278    
 -0.5432500000       7.067244115    
 -0.5416250000       7.249620887    
 -0.5400000000       7.438985091    
 -0.5383750000       7.639867605    
 -0.5367500000       7.851210548    
 -0.5351250000       8.077939708    
 -0.5335000000       8.314374150    
 -0.5318750000       8.566256539    
 -0.5302500000       8.829677535    
 -0.5286250000       9.113468883    
 -0.5270000000       9.410169601    
 -0.5253750000       9.727839378    
 -0.5237500000       10.06421531    
 -0.5221250000       10.42630851    
 -0.5205000000       10.81626687    
 -0.5188750000       11.24539644    
 -0.5172500000       11.71857060    
 -0.5156250000       12.25130239    
 -0.5140000000       12.85319902    
 -0.5123750000       13.55150579    
 -0.5107500000       14.36969736    
 -0.5091250000       16.01316856    
 -0.5075000000       19.50405295    
 -0.5058750000       24.81216752    
 -0.5042500000       32.49128330    
 -0.5026250000       43.62061295    
 -0.5010000000       54.40297940    
 -0.4993750000       59.66582577    
 -0.4977500000       54.34452108    
 -0.4961250000       45.04818073    
 -0.4945000000       36.43712701    
 -0.4928750000       31.88254469    
 -0.4912500000       28.28335722    
 -0.4896250000       25.13328493    
 -0.4880000000       22.60844100    
 -0.4863750000       21.00904397    
 -0.4847500000       20.10465746    
 -0.4831250000       19.31064495    
 -0.4815000000       18.64688889    
 -0.4798750000       18.16673068    
 -0.4782500000       17.87346491    
 -0.4766250000       17.43567102    
 -0.4750000000       16.80824148    
 -0.4733750000       15.89719140    
 -0.4717500000       15.03080660    
 -0.4701250000       14.20263238    
 -0.4685000000       13.45977112    
 -0.4668750000       12.75205335    
 -0.4652500000       12.06888249    
 -0.4636250000       11.38921169    
 -0.4620000000       10.69053370    
 -0.4603750000       9.900152322    
 -0.4587500000       9.105565636    
 -0.4571250000       8.378966663    
 -0.4555000000       7.764580101    
 -0.4538750000       7.241767532    
 -0.4522500000       6.795180793    
 -0.4506250000       6.466749544    
 -0.4490000000       6.037231822    
 -0.4473750000       5.569621904    
 -0.4457500000       5.100532981    
 -0.4441250000       4.848866227    
 -0.4425000000       4.781135585    
 -0.4408750000       4.768873121    
 -0.4392500000       4.841908393    
 -0.4376250000       4.985206120    
 -0.4360000000       5.281497554    
 -0.4343750000       5.662417831    
 -0.4327500000       6.064268268    
 -0.4311250000       6.476475967    
 -0.4295000000       6.876088024    
 -0.4278750000       7.298118547    
 -0.4262500000       7.791388227    
 -0.4246250000       8.333964833    
 -0.4230000000       8.972420529    
 -0.4213750000       9.699296868    
 -0.4197500000       10.54109586    
 -0.4181250000       11.56491307    
 -0.4165000000       12.64733152    
 -0.4148750000       13.66135889    
 -0.4132500000       14.46276642    
 -0.4116250000       15.08995327    
 -0.4100000000       15.65165631    
 -0.4083750000       16.12697159    
 -0.4067500000       16.57560475    
 -0.4051250000       17.19693562    
 -0.4035000000       18.02063477    
 -0.4018750000       18.60509537    
 -0.4002500000       18.97433921    
 -0.3986250000       18.93215417    
 -0.3970000000       18.90864991    
 -0.3953750000       18.89636293    
 -0.3937500000       18.94292917    
 -0.3921250000       19.06950205    
 -0.3905000000       19.21612394    
 -0.3888750000       18.86627376    
 -0.3872500000       18.41890228    
 -0.3856250000       17.77878154    
 -0.3840000000       17.62852682    
 -0.3823750000       17.52446374    
 -0.3807500000       17.44943955    
 -0.3791250000       17.39751625    
 -0.3775000000       17.36284462    
 -0.3758750000       17.32312205    
 -0.3742500000       17.27582434    
 -0.3726250000       17.23999081    
 -0.3710000000       17.24437878    
 -0.3693750000       17.30071204    
 -0.3677500000       17.44371041    
 -0.3661250000       17.50975402    
 -0.3645000000       17.49497835    
 -0.3628750000       17.39370330    
 -0.3612500000       17.37829848    
 -0.3596250000       17.41797539    
 -0.3580000000       17.48686285    
 -0.3563750000       17.56464379    
 -0.3547500000       17.60972934    
 -0.3531250000       17.63083032    
 -0.3515000000       17.61574345    
 -0.3498750000       17.57471185    
 -0.3482500000       17.55971716    
 -0.3466250000       17.59197452    
 -0.3450000000       17.74430441    
 -0.3433750000       17.95880493    
 -0.3417500000       18.26186816    
 -0.3401250000       18.68455235    
 -0.3385000000       19.23356166    
 -0.3368750000       20.09059972    
 -0.3352500000       21.13900360    
 -0.3336250000       22.22414497    
 -0.3320000000       22.77559983    
 -0.3303750000       22.91004298    
 -0.3287500000       22.91377897    
 -0.3271250000       23.54247526    
 -0.3255000000       23.77741463    
 -0.3238750000       23.06391868    
 -0.3222500000       20.74886850    
 -0.3206250000       18.62414232    
 -0.3190000000       17.38350840    
 -0.3173750000       17.33277744    
 -0.3157500000       17.90075589    
 -0.3141250000       19.09758623    
 -0.3125000000       21.25943637    
 -0.3108750000       23.89116355    
 -0.3092500000       27.28753709    
 -0.3076250000       31.24673920    
 -0.3060000000       34.22920194    
 -0.3043750000       36.23833235    
 -0.3027500000       37.54416087    
 -0.3011250000       39.95276973    
 -0.2995000000       41.74578362    
 -0.2978750000       41.71634982    
 -0.2962500000       39.59829649    
 -0.2946250000       37.07956392    
 -0.2930000000       35.08470772    
 -0.2913750000       33.83625428    
 -0.2897500000       32.96154764    
 -0.2881250000       32.24298637    
 -0.2865000000       31.75586103    
 -0.2848750000       31.54675140    
 -0.2832500000       31.88530990    
 -0.2816250000       31.61848355    
 -0.2800000000       29.68667321    
 -0.2783750000       27.49277459    
 -0.2767500000       26.17969819    
 -0.2751250000       26.59519708    
 -0.2735000000       27.28597606    
 -0.2718750000       28.54570765    
 -0.2702500000       29.64717897    
 -0.2686250000       30.94913027    
 -0.2670000000       31.94739512    
 -0.2653750000       33.94953726    
 -0.2637500000       35.82081495    
 -0.2621250000       37.70085589    
 -0.2605000000       39.08130608    
 -0.2588750000       40.72366274    
 -0.2572500000       42.48043552    
 -0.2556250000       43.83277193    
 -0.2540000000       44.88722205    
 -0.2523750000       45.82189730    
 -0.2507500000       47.09008265    
 -0.2491250000       49.04315717    
 -0.2475000000       51.24864598    
 -0.2458750000       52.92108758    
 -0.2442500000       54.21431115    
 -0.2426250000       55.90691001    
 -0.2410000000       58.88600376    
 -0.2393750000       61.76061923    
 -0.2377500000       65.38541572    
 -0.2361250000       74.18631481    
 -0.2345000000       80.03383150    
 -0.2328750000       77.12631768    
 -0.2312500000       64.64451040    
 -0.2296250000       52.35190834    
 -0.2280000000       46.30967631    
 -0.2263750000       43.58354397    
 -0.2247500000       42.24586400    
 -0.2231250000       39.96466688    
 -0.2215000000       36.43944065    
 -0.2198750000       34.19810225    
 -0.2182500000       35.55449514    
 -0.2166250000       38.02630207    
 -0.2150000000       40.14776074    
 -0.2133750000       40.57676601    
 -0.2117500000       41.21030945    
 -0.2101250000       42.25546527    
 -0.2085000000       43.90378699    
 -0.2068750000       45.90972008    
 -0.2052500000       46.78783799    
 -0.2036250000       46.40021525    
 -0.2020000000       45.15849217    
 -0.2003750000       44.07427592    
 -0.1987500000       42.77088450    
 -0.1971250000       40.39844741    
 -0.1955000000       37.55670323    
 -0.1938750000       34.67236811    
 -0.1922500000       32.65295062    
 -0.1906250000       31.10701848    
 -0.1890000000       29.84366759    
 -0.1873750000       28.70894193    
 -0.1857500000       27.60566604    
 -0.1841250000       26.55767230    
 -0.1825000000       25.56079428    
 -0.1808750000       24.62809188    
 -0.1792500000       23.72811278    
 -0.1776250000       22.88816318    
 -0.1760000000       22.11078842    
 -0.1743750000       21.36644985    
 -0.1727500000       20.60304065    
 -0.1711250000       19.81017905    
 -0.1695000000       19.00960700    
 -0.1678750000       18.21990213    
 -0.1662500000       17.48552591    
 -0.1646250000       16.80055302    
 -0.1630000000       16.17582949    
 -0.1613750000       15.50968030    
 -0.1597500000       14.61649582    
 -0.1581250000       13.62153316    
 -0.1565000000       12.68310416    
 -0.1548750000       11.86131190    
 -0.1532500000       10.94111043    
 -0.1516250000       9.844372952    
 -0.1500000000       8.799782864    
 -0.1483750000       7.938408412    
 -0.1467500000       7.191943081    
 -0.1451250000       6.535298754    
 -0.1435000000       5.968039088    
 -0.1418750000       5.550545363    
 -0.1402500000       5.080916083    
 -0.1386250000       4.575079514    
 -0.1370000000       4.017229159    
 -0.1353750000       3.571838985    
 -0.1337500000       3.227053273    
 -0.1321250000       2.997536075    
 -0.1305000000       2.848505831    
 -0.1288750000       2.741090673    
 -0.1272500000       2.674756164    
 -0.1256250000       2.726436770    
 -0.1240000000       2.930952952    
 -0.1223750000       3.116020515    
 -0.1207500000       3.056660753    
 -0.1191250000       2.761403523    
 -0.1175000000       2.670232049    
 -0.1158750000       3.227305271    
 -0.1142500000       4.520831578    
 -0.1126250000       6.253496325    
 -0.1110000000       7.829555685    
 -0.1093750000       9.124009646    
 -0.1077500000       10.17738836    
 -0.1061250000       10.98805298    
 -0.1045000000       11.49804666    
 -0.1028750000       11.59933186    
 -0.1012500000       11.57629608    
 -0.9962500000E-01   11.53050021    
 -0.9800000000E-01   11.54848842    
 -0.9637500000E-01   11.65195027    
 -0.9475000000E-01   11.79415121    
 -0.9312500000E-01   11.96659100    
 -0.9150000000E-01   12.15943920    
 -0.8987500000E-01   12.35845118    
 -0.8825000000E-01   12.56558204    
 -0.8662500000E-01   12.77976123    
 -0.8500000000E-01   12.93829634    
 -0.8337500000E-01   13.05198268    
 -0.8175000000E-01   13.14289793    
 -0.8012500000E-01   13.27241529    
 -0.7850000000E-01   13.41302222    
 -0.7687500000E-01   13.55723154    
 -0.7525000000E-01   13.70378240    
 -0.7362500000E-01   13.85148670    
 -0.7200000000E-01   13.99096218    
 -0.7037500000E-01   14.13938188    
 -0.6875000000E-01   14.30699144    
 -0.6712500000E-01   14.48434856    
 -0.6550000000E-01   14.59913760    
 -0.6387500000E-01   14.66913791    
 -0.6225000000E-01   14.71226583    
 -0.6062500000E-01   14.79798553    
 -0.5900000000E-01   14.92645347    
 -0.5737500000E-01   15.08487019    
 -0.5575000000E-01   15.25827738    
 -0.5412500000E-01   15.47048625    
 -0.5250000000E-01   15.73239103    
 -0.5087500000E-01   16.07315662    
 -0.4925000000E-01   16.48624208    
 -0.4762500000E-01   17.06213900    
 -0.4600000000E-01   17.80718029    
 -0.4437500000E-01   18.55581804    
 -0.4275000000E-01   19.33189391    
 -0.4112500000E-01   20.06054523    
 -0.3950000000E-01   20.88553565    
 -0.3787500000E-01   21.66698719    
 -0.3625000000E-01   22.58170813    
 -0.3462500000E-01   23.16564022    
 -0.3300000000E-01   23.55515462    
 -0.3137500000E-01   23.55845004    
 -0.2975000000E-01   23.61963044    
 -0.2812500000E-01   23.57762805    
 -0.2650000000E-01   23.47370534    
 -0.2487500000E-01   23.33946937    
 -0.2325000000E-01   23.27678122    
 -0.2162500000E-01   23.40454812    
 -0.2000000000E-01   23.71226908    
 -0.1837500000E-01   24.02208550    
 -0.1675000000E-01   24.28011899    
 -0.1512500000E-01   24.50283987    
 -0.1350000000E-01   24.82398011    
 -0.1187500000E-01   25.26360902    
 -0.1025000000E-01   25.76289365    
 -0.8625000000E-02   26.54038172    
 -0.7000000000E-02   27.41727854    
 -0.5375000000E-02   28.33009175    
 -0.3750000000E-02   29.00091896    
 -0.2125000000E-02   29.43887775    
 -0.5000000000E-03   30.34371499    
  0.1125000000E-02   30.96058262    
  0.2750000000E-02   31.01087048    
  0.4375000000E-02   30.37325280    
  0.6000000000E-02   30.16233859    
  0.7625000000E-02   31.13679730    
  0.9250000000E-02   31.83221202    
  0.1087500000E-01   32.16915706    
  0.1250000000E-01   31.84644987    
  0.1412500000E-01   31.85503638    
  0.1575000000E-01   31.98127693    
  0.1737500000E-01   32.09610403    
  0.1900000000E-01   32.10137145    
  0.2062500000E-01   32.02923001    
  0.2225000000E-01   31.96560236    
  0.2387500000E-01   32.01675275    
  0.2550000000E-01   32.12924845    
  0.2712500000E-01   32.27774595    
  0.2875000000E-01   32.47022968    
  0.3037500000E-01   32.63245342    
  0.3200000000E-01   32.57461241    
  0.3362500000E-01   32.29510586    
  0.3525000000E-01   31.99857427    
  0.3687500000E-01   31.94651398    
  0.3850000000E-01   32.19750423    
  0.4012500000E-01   32.70379236    
  0.4175000000E-01   33.38595269    
  0.4337500000E-01   34.24517079    
  0.4500000000E-01   35.17502427    
  0.4662500000E-01   36.68245493    
  0.4825000000E-01   38.83253898    
  0.4987500000E-01   40.35416521    
  0.5150000000E-01   42.21469581    
  0.5312500000E-01   39.07866687    
  0.5475000000E-01   35.39541037    
  0.5637500000E-01   30.77865319    
  0.5800000000E-01   30.45525005    
  0.5962500000E-01   31.46236609    
  0.6125000000E-01   33.93067212    
  0.6287500000E-01   36.90511238    
  0.6450000000E-01   39.51607431    
  0.6612500000E-01   40.19388219    
  0.6775000000E-01   40.20298115    
  0.6937500000E-01   40.54623712    
  0.7100000000E-01   42.15702815    
  0.7262500000E-01   44.49946571    
  0.7425000000E-01   46.33831438    
  0.7587500000E-01   47.10519065    
  0.7750000000E-01   46.92162577    
  0.7912500000E-01   46.62949737    
  0.8075000000E-01   45.93360994    
  0.8237500000E-01   44.76247742    
  0.8400000000E-01   43.02751087    
  0.8562500000E-01   41.06064837    
  0.8725000000E-01   39.31045458    
  0.8887500000E-01   38.03548306    
  0.9050000000E-01   36.13453141    
  0.9212500000E-01   33.47484773    
  0.9375000000E-01   30.11986350    
  0.9537500000E-01   27.71245543    
  0.9700000000E-01   26.35378695    
  0.9862500000E-01   25.82884594    
  0.1002500000       25.64976204    
  0.1018750000       25.40299148    
  0.1035000000       25.14593976    
  0.1051250000       24.70014622    
  0.1067500000       24.23258958    
  0.1083750000       23.71072158    
  0.1100000000       23.27364309    
  0.1116250000       22.91125646    
  0.1132500000       22.67882100    
  0.1148750000       22.48490139    
  0.1165000000       22.31949554    
  0.1181250000       22.18116927    
  0.1197500000       22.11787141    
  0.1213750000       22.16407573    
  0.1230000000       22.24001489    
  0.1246250000       22.25514572    
  0.1262500000       22.14816099    
  0.1278750000       21.96619604    
  0.1295000000       21.78463445    
  0.1311250000       21.61846754    
  0.1327500000       21.44323041    
  0.1343750000       21.26001816    
  0.1360000000       21.07369145    
  0.1376250000       20.93005125    
  0.1392500000       20.83409436    
  0.1408750000       20.77668377    
  0.1425000000       20.74985789    
  0.1441250000       20.76712817    
  0.1457500000       20.96052264    
  0.1473750000       21.15949149    
  0.1490000000       21.25361675    
  0.1506250000       21.17430184    
  0.1522500000       21.09287539    
  0.1538750000       20.92299447    
  0.1555000000       20.66192856    
  0.1571250000       20.33083188    
  0.1587500000       20.19004906    
  0.1603750000       20.28002819    
  0.1620000000       20.69141902    
  0.1636250000       20.97812271    
  0.1652500000       20.55484150    
  0.1668750000       19.61934599    
  0.1685000000       18.67092842    
  0.1701250000       18.15959865    
  0.1717500000       17.73321314    
  0.1733750000       17.33753579    
  0.1750000000       17.03491060    
  0.1766250000       16.88058925    
  0.1782500000       16.83626139    
  0.1798750000       16.92305335    
  0.1815000000       17.28707966    
  0.1831250000       18.39183708    
  0.1847500000       19.55610141    
  0.1863750000       20.12604341    
  0.1880000000       19.40447593    
  0.1896250000       18.22602280    
  0.1912500000       17.13808493    
  0.1928750000       16.45494705    
  0.1945000000       15.97305446    
  0.1961250000       15.66835578    
  0.1977500000       15.44726274    
  0.1993750000       15.31807095    
  0.2010000000       15.29195708    
  0.2026250000       15.27845324    
  0.2042500000       15.30199724    
  0.2058750000       15.36407823    
  0.2075000000       15.54027177    
  0.2091250000       15.95475167    
  0.2107500000       16.93849369    
  0.2123750000       18.91119018    
  0.2140000000       21.83714378    
  0.2156250000       25.69434106    
  0.2172500000       30.71690791    
  0.2188750000       34.38935389    
  0.2205000000       36.08816304    
  0.2221250000       36.44943429    
  0.2237500000       38.61450204    
  0.2253750000       40.33994597    
  0.2270000000       40.58284439    
  0.2286250000       38.96403681    
  0.2302500000       38.23513434    
  0.2318750000       38.05689354    
  0.2335000000       38.35518150    
  0.2351250000       38.43082385    
  0.2367500000       37.86994445    
  0.2383750000       36.16936032    
  0.2400000000       34.14600052    
  0.2416250000       32.48895528    
  0.2432500000       31.51560266    
  0.2448750000       30.88756934    
  0.2465000000       30.31738887    
  0.2481250000       29.73167843    
  0.2497500000       29.22243820    
  0.2513750000       28.76597621    
  0.2530000000       28.26816804    
  0.2546250000       27.55674895    
  0.2562500000       26.33272995    
  0.2578750000       25.20105024    
  0.2595000000       24.15067943    
  0.2611250000       23.61363578    
  0.2627500000       23.17331684    
  0.2643750000       22.89121844    
  0.2660000000       22.78749360    
  0.2676250000       22.60925703    
  0.2692500000       22.45622358    
  0.2708750000       22.30833662    
  0.2725000000       22.33043121    
  0.2741250000       22.45495344    
  0.2757500000       22.77066982    
  0.2773750000       23.33466113    
  0.2790000000       23.67797798    
  0.2806250000       23.69610150    
  0.2822500000       23.43951065    
  0.2838750000       23.38211951    
  0.2855000000       23.42318325    
  0.2871250000       23.39882660    
  0.2887500000       23.23324148    
  0.2903750000       22.85921392    
  0.2920000000       22.40016092    
  0.2936250000       22.02852311    
  0.2952500000       21.73946857    
  0.2968750000       21.50038816    
  0.2985000000       21.29181719    
  0.3001250000       21.36297009    
  0.3017500000       21.55974876    
  0.3033750000       21.78878818    
  0.3050000000       21.84493963    
  0.3066250000       21.76192086    
  0.3082500000       21.57674083    
  0.3098750000       21.42443124    
  0.3115000000       21.41724593    
  0.3131250000       21.56313466    
  0.3147500000       21.96208459    
  0.3163750000       22.03064057    
  0.3180000000       22.42096762    
  0.3196250000       22.93955966    
  0.3212500000       24.09166722    
  0.3228750000       24.68012342    
  0.3245000000       25.06724385    
  0.3261250000       25.25924557    
  0.3277500000       26.02401792    
  0.3293750000       27.00634097    
  0.3310000000       27.94611706    
  0.3326250000       28.51384436    
  0.3342500000       28.79721289    
  0.3358750000       29.09720649    
  0.3375000000       29.48211137    
  0.3391250000       30.02727053    
  0.3407500000       31.22108197    
  0.3423750000       32.07737419    
  0.3440000000       31.89765523    
  0.3456250000       30.49082312    
  0.3472500000       29.05488699    
  0.3488750000       28.30194245    
  0.3505000000       28.01124908    
  0.3521250000       27.93606591    
  0.3537500000       27.92901337    
  0.3553750000       27.90504825    
  0.3570000000       28.12465045    
  0.3586250000       28.52176452    
  0.3602500000       28.50954772    
  0.3618750000       27.76144187    
  0.3635000000       26.60218028    
  0.3651250000       25.77059818    
  0.3667500000       25.40711223    
  0.3683750000       25.28964931    
  0.3700000000       25.35029866    
  0.3716250000       25.49216727    
  0.3732500000       25.49129627    
  0.3748750000       24.81078238    
  0.3765000000       23.68243276    
  0.3781250000       22.69471544    
  0.3797500000       22.58919110    
  0.3813750000       22.87603264    
  0.3830000000       23.09498962    
  0.3846250000       23.08398883    
  0.3862500000       23.09280198    
  0.3878750000       23.26883062    
  0.3895000000       23.47362670    
  0.3911250000       23.73928861    
  0.3927500000       24.04477203    
  0.3943750000       24.41457652    
  0.3960000000       24.95197957    
  0.3976250000       25.58378693    
  0.3992500000       26.22419856    
  0.4008750000       26.80720891    
  0.4025000000       27.46073456    
  0.4041250000       28.40721394    
  0.4057500000       29.64629867    
  0.4073750000       30.94948374    
  0.4090000000       31.49224893    
  0.4106250000       31.59773098    
  0.4122500000       31.72605600    
  0.4138750000       33.10625250    
  0.4155000000       35.08332850    
  0.4171250000       37.45316613    
  0.4187500000       39.48823705    
  0.4203750000       41.33269309    
  0.4220000000       41.74543184    
  0.4236250000       40.37049346    
  0.4252500000       37.06821474    
  0.4268750000       33.76142036    
  0.4285000000       31.24436805    
  0.4301250000       29.89183884    
  0.4317500000       29.06840775    
  0.4333750000       28.60270980    
  0.4350000000       28.39686260    
  0.4366250000       28.15520978    
  0.4382500000       27.66270963    
  0.4398750000       27.21675119    
  0.4415000000       26.94977010    
  0.4431250000       27.02993909    
  0.4447500000       27.85949169    
  0.4463750000       29.40249541    
  0.4480000000       31.77783554    
  0.4496250000       34.55541172    
  0.4512500000       34.56374455    
  0.4528750000       33.30637056    
  0.4545000000       30.65928168    
  0.4561250000       29.85339655    
  0.4577500000       29.17855937    
  0.4593750000       28.47067247    
  0.4610000000       27.77141521    
  0.4626250000       27.27852438    
  0.4642500000       27.01017083    
  0.4658750000       26.86906497    
  0.4675000000       26.68952275    
  0.4691250000       26.57733317    
  0.4707500000       26.58980027    
  0.4723750000       26.50628428    
  0.4740000000       26.23263794    
  0.4756250000       25.76107978    
  0.4772500000       25.32052406    
  0.4788750000       24.90009432    
  0.4805000000       24.36684669    
  0.4821250000       23.70570615    
  0.4837500000       22.91204966    
  0.4853750000       22.35267294    
  0.4870000000       22.00065542    
  0.4886250000       22.78082075    
  0.4902500000       22.93414256    
  0.4918750000       23.13012212    
  0.4935000000       22.38534128    
  0.4951250000       22.25011762    
  0.4967500000       22.17687770    
  0.4983750000       22.24648818    
 
