 
+----------------------------+
| Real-space lattice vectors |
+----------------------------+
 
vector a1 :    4.812130778      -2.778285000       0.000000000    
vector a2 :    0.000000000       5.556570000       0.000000000    
vector a3 :    0.000000000       0.000000000       6.090000720    
 
Stored column-wise as a matrix :
   4.812130778       0.000000000       0.000000000    
  -2.778285000       5.556570000       0.000000000    
   0.000000000       0.000000000       6.090000720    
 
Inverse of matrix :
  0.2078081511       0.000000000       0.000000000    
  0.1039040756      0.1799671380       0.000000000    
   0.000000000       0.000000000      0.1642035931    
 
Unit cell volume :    162.8401731    
 
 
+----------------------------------+
| Reciprocal-space lattice vectors |
+----------------------------------+
 
vector b1 :    1.305697122       0.000000000       0.000000000    
vector b2 :   0.6528485610       1.130766877       0.000000000    
vector b3 :    0.000000000       0.000000000       1.031721603    
 
Stored column-wise as a matrix :
   1.305697122      0.6528485610       0.000000000    
   0.000000000       1.130766877       0.000000000    
   0.000000000       0.000000000       1.031721603    
 
Inverse of matrix :
  0.7658744001     -0.4421777911       0.000000000    
   0.000000000      0.8843555821       0.000000000    
   0.000000000       0.000000000      0.9692537180    
 
Brillouin zone volume :    1.523274071    
