 
+----------------------------+
| Real-space lattice vectors |
+----------------------------+
 
vector a1 :    5.138232644      -2.966560000       0.000000000    
vector a2 :    0.000000000       5.933120000       0.000000000    
vector a3 :    0.000000000       0.000000000       5.850056320    
 
Stored column-wise as a matrix :
   5.138232644       0.000000000       0.000000000    
  -2.966560000       5.933120000       0.000000000    
   0.000000000       0.000000000       5.850056320    
 
Inverse of matrix :
  0.1946194478       0.000000000       0.000000000    
  0.9730972392E-01  0.1685453859       0.000000000    
   0.000000000       0.000000000      0.1709385253    
 
Unit cell volume :    178.3433595    
 
 
+----------------------------------+
| Reciprocal-space lattice vectors |
+----------------------------------+
 
vector b1 :    1.222830055       0.000000000       0.000000000    
vector b2 :   0.6114150276       1.059001892       0.000000000    
vector b3 :    0.000000000       0.000000000       1.074038430    
 
Stored column-wise as a matrix :
   1.222830055      0.6114150276       0.000000000    
   0.000000000       1.059001892       0.000000000    
   0.000000000       0.000000000       1.074038430    
 
Inverse of matrix :
  0.8177751240     -0.4721426880       0.000000000    
   0.000000000      0.9442853760       0.000000000    
   0.000000000       0.000000000      0.9310653807    
 
Brillouin zone volume :    1.390857580    
