 
+----------------------------+
| Real-space lattice vectors |
+----------------------------+
 
vector a1 :    4.817266309      -2.781250000       0.000000000    
vector a2 :    0.000000000       5.562500000       0.000000000    
vector a3 :    0.000000000       0.000000000       6.341250000    
 
Stored column-wise as a matrix :
   4.817266309       0.000000000       0.000000000    
  -2.781250000       5.562500000       0.000000000    
   0.000000000       0.000000000       6.341250000    
 
Inverse of matrix :
  0.2075866136       0.000000000       0.000000000    
  0.1037933068      0.1797752809       0.000000000    
   0.000000000       0.000000000      0.1576976148    
 
Unit cell volume :    169.9204130    
 
 
+----------------------------------+
| Reciprocal-space lattice vectors |
+----------------------------------+
 
vector b1 :    1.304305161       0.000000000       0.000000000    
vector b2 :   0.6521525804       1.129561404       0.000000000    
vector b3 :    0.000000000       0.000000000      0.9908433364    
 
Stored column-wise as a matrix :
   1.304305161      0.6521525804       0.000000000    
   0.000000000       1.129561404       0.000000000    
   0.000000000       0.000000000      0.9908433364    
 
Inverse of matrix :
  0.7666917452     -0.4426496855       0.000000000    
   0.000000000      0.8852993709       0.000000000    
   0.000000000       0.000000000       1.009241283    
 
Brillouin zone volume :    1.459802322    
