 
+----------------------------+
| Real-space lattice vectors |
+----------------------------+
 
vector a1 :    4.979031194      -2.874645000       0.000000000    
vector a2 :    0.000000000       5.749290000       0.000000000    
vector a3 :    0.000000000       0.000000000       6.554190600    
 
Stored column-wise as a matrix :
   4.979031194       0.000000000       0.000000000    
  -2.874645000       5.749290000       0.000000000    
   0.000000000       0.000000000       6.554190600    
 
Inverse of matrix :
  0.2008422846       0.000000000       0.000000000    
  0.1004211423      0.1739345206       0.000000000    
   0.000000000       0.000000000      0.1525741409    
 
Unit cell volume :    187.6195670    
 
 
+----------------------------------+
| Reciprocal-space lattice vectors |
+----------------------------------+
 
vector b1 :    1.261929292       0.000000000       0.000000000    
vector b2 :   0.6309646458       1.092862824       0.000000000    
vector b3 :    0.000000000       0.000000000      0.9586516003    
 
Stored column-wise as a matrix :
   1.261929292      0.6309646458       0.000000000    
   0.000000000       1.092862824       0.000000000    
   0.000000000       0.000000000      0.9586516003    
 
Inverse of matrix :
  0.7924374263     -0.4575139614       0.000000000    
   0.000000000      0.9150279228       0.000000000    
   0.000000000       0.000000000       1.043131832    
 
Brillouin zone volume :    1.322091386    
