 
+----------------------------+
| Real-space lattice vectors |
+----------------------------+
 
vector a1 :    4.835539445      -2.791800000       0.000000000    
vector a2 :    0.000000000       5.583600000       0.000000000    
vector a3 :    0.000000000       0.000000000       6.605398800    
 
Stored column-wise as a matrix :
   4.835539445       0.000000000       0.000000000    
  -2.791800000       5.583600000       0.000000000    
   0.000000000       0.000000000       6.605398800    
 
Inverse of matrix :
  0.2068021596       0.000000000       0.000000000    
  0.1034010798      0.1790959238       0.000000000    
   0.000000000       0.000000000      0.1513913134    
 
Unit cell volume :    178.3439052    
 
 
+----------------------------------+
| Reciprocal-space lattice vectors |
+----------------------------------+
 
vector b1 :    1.299376291       0.000000000       0.000000000    
vector b2 :   0.6496881454       1.125292877       0.000000000    
vector b3 :    0.000000000       0.000000000      0.9512196761    
 
Stored column-wise as a matrix :
   1.299376291      0.6496881454       0.000000000    
   0.000000000       1.125292877       0.000000000    
   0.000000000       0.000000000      0.9512196761    
 
Inverse of matrix :
  0.7696000051     -0.4443287701       0.000000000    
   0.000000000      0.8886575402       0.000000000    
   0.000000000       0.000000000       1.051281870    
 
Brillouin zone volume :    1.390853325    
