 
+----------------------------+
| Real-space lattice vectors |
+----------------------------+
 
vector a1 :    4.886834129      -2.821415000       0.000000000    
vector a2 :    0.000000000       5.642830000       0.000000000    
vector a3 :    0.000000000       0.000000000       6.675467890    
 
Stored column-wise as a matrix :
   4.886834129       0.000000000       0.000000000    
  -2.821415000       5.642830000       0.000000000    
   0.000000000       0.000000000       6.675467890    
 
Inverse of matrix :
  0.2046314595       0.000000000       0.000000000    
  0.1023157297      0.1772160423       0.000000000    
   0.000000000       0.000000000      0.1498022336    
 
Unit cell volume :    184.0798603    
 
 
+----------------------------------+
| Reciprocal-space lattice vectors |
+----------------------------------+
 
vector b1 :    1.285737379       0.000000000       0.000000000    
vector b2 :   0.6428686897       1.113481233       0.000000000    
vector b3 :    0.000000000       0.000000000      0.9412351929    
 
Stored column-wise as a matrix :
   1.285737379      0.6428686897       0.000000000    
   0.000000000       1.113481233       0.000000000    
   0.000000000       0.000000000      0.9412351929    
 
Inverse of matrix :
  0.7777638077     -0.4490421438       0.000000000    
   0.000000000      0.8980842875       0.000000000    
   0.000000000       0.000000000       1.062433712    
 
Brillouin zone volume :    1.347514133    
