 
+----------------------------+
| Real-space lattice vectors |
+----------------------------+
 
vector a1 :    5.076320488      -2.930815000       0.000000000    
vector a2 :    0.000000000       5.861630000       0.000000000    
vector a3 :    0.000000000       0.000000000       6.424346480    
 
Stored column-wise as a matrix :
   5.076320488       0.000000000       0.000000000    
  -2.930815000       5.861630000       0.000000000    
   0.000000000       0.000000000       6.424346480    
 
Inverse of matrix :
  0.1969930784       0.000000000       0.000000000    
  0.9849653922E-01  0.1706010103       0.000000000    
   0.000000000       0.000000000      0.1556578561    
 
Unit cell volume :    191.1597217    
 
 
+----------------------------------+
| Reciprocal-space lattice vectors |
+----------------------------------+
 
vector b1 :    1.237744016       0.000000000       0.000000000    
vector b2 :   0.6188720080       1.071917761       0.000000000    
vector b3 :    0.000000000       0.000000000      0.9780271545    
 
Stored column-wise as a matrix :
   1.237744016      0.6188720080       0.000000000    
   0.000000000       1.071917761       0.000000000    
   0.000000000       0.000000000      0.9780271545    
 
Inverse of matrix :
  0.8079214983     -0.4664536945       0.000000000    
   0.000000000      0.9329073891       0.000000000    
   0.000000000       0.000000000       1.022466498    
 
Brillouin zone volume :    1.297607107    
