 -0.8000000000       0.000000000    
 -0.7983750000       0.000000000    
 -0.7967500000       0.000000000    
 -0.7951250000       0.000000000    
 -0.7935000000       0.000000000    
 -0.7918750000       0.000000000    
 -0.7902500000       0.000000000    
 -0.7886250000       0.000000000    
 -0.7870000000       0.000000000    
 -0.7853750000       0.000000000    
 -0.7837500000       0.000000000    
 -0.7821250000       0.000000000    
 -0.7805000000       0.000000000    
 -0.7788750000       0.000000000    
 -0.7772500000       0.000000000    
 -0.7756250000       0.000000000    
 -0.7740000000       0.000000000    
 -0.7723750000       0.000000000    
 -0.7707500000       0.000000000    
 -0.7691250000       0.000000000    
 -0.7675000000       0.000000000    
 -0.7658750000       0.000000000    
 -0.7642500000       0.000000000    
 -0.7626250000       0.000000000    
 -0.7610000000       0.000000000    
 -0.7593750000       0.000000000    
 -0.7577500000       0.000000000    
 -0.7561250000       0.000000000    
 -0.7545000000       0.000000000    
 -0.7528750000       0.000000000    
 -0.7512500000       0.000000000    
 -0.7496250000       0.000000000    
 -0.7480000000       0.000000000    
 -0.7463750000       0.000000000    
 -0.7447500000       0.000000000    
 -0.7431250000       0.000000000    
 -0.7415000000       0.000000000    
 -0.7398750000       0.000000000    
 -0.7382500000       0.000000000    
 -0.7366250000       0.000000000    
 -0.7350000000       0.000000000    
 -0.7333750000       0.000000000    
 -0.7317500000       0.000000000    
 -0.7301250000       0.000000000    
 -0.7285000000       0.000000000    
 -0.7268750000       0.000000000    
 -0.7252500000       0.000000000    
 -0.7236250000       0.000000000    
 -0.7220000000       0.000000000    
 -0.7203750000       0.000000000    
 -0.7187500000       0.000000000    
 -0.7171250000       0.000000000    
 -0.7155000000       0.000000000    
 -0.7138750000       0.000000000    
 -0.7122500000       0.000000000    
 -0.7106250000       0.000000000    
 -0.7090000000       0.000000000    
 -0.7073750000       0.000000000    
 -0.7057500000       0.000000000    
 -0.7041250000       0.000000000    
 -0.7025000000       0.000000000    
 -0.7008750000       0.000000000    
 -0.6992500000       0.000000000    
 -0.6976250000       0.000000000    
 -0.6960000000       0.000000000    
 -0.6943750000       0.000000000    
 -0.6927500000       0.000000000    
 -0.6911250000       0.000000000    
 -0.6895000000       0.000000000    
 -0.6878750000       0.000000000    
 -0.6862500000       0.000000000    
 -0.6846250000       0.000000000    
 -0.6830000000       0.000000000    
 -0.6813750000       0.000000000    
 -0.6797500000       0.000000000    
 -0.6781250000       0.000000000    
 -0.6765000000       0.000000000    
 -0.6748750000       0.000000000    
 -0.6732500000       0.000000000    
 -0.6716250000       0.000000000    
 -0.6700000000       0.000000000    
 -0.6683750000       0.000000000    
 -0.6667500000       0.000000000    
 -0.6651250000       0.000000000    
 -0.6635000000       0.000000000    
 -0.6618750000       0.000000000    
 -0.6602500000       0.000000000    
 -0.6586250000       0.000000000    
 -0.6570000000       0.000000000    
 -0.6553750000       0.000000000    
 -0.6537500000       0.000000000    
 -0.6521250000       0.000000000    
 -0.6505000000       0.000000000    
 -0.6488750000       0.000000000    
 -0.6472500000       0.000000000    
 -0.6456250000       0.000000000    
 -0.6440000000       0.000000000    
 -0.6423750000       0.000000000    
 -0.6407500000       0.000000000    
 -0.6391250000       0.000000000    
 -0.6375000000       0.000000000    
 -0.6358750000       0.000000000    
 -0.6342500000       0.000000000    
 -0.6326250000       0.000000000    
 -0.6310000000       0.000000000    
 -0.6293750000       0.000000000    
 -0.6277500000       0.000000000    
 -0.6261250000       0.000000000    
 -0.6245000000       0.000000000    
 -0.6228750000       0.000000000    
 -0.6212500000       0.000000000    
 -0.6196250000       0.000000000    
 -0.6180000000      0.3597220534E-01
 -0.6163750000      0.2635266988    
 -0.6147500000      0.5469231385    
 -0.6131250000      0.8836094166    
 -0.6115000000       1.115071561    
 -0.6098750000       1.354442872    
 -0.6082500000       1.552885747    
 -0.6066250000       1.702756547    
 -0.6050000000       1.837485516    
 -0.6033750000       1.973690954    
 -0.6017500000       2.130354690    
 -0.6001250000       2.293253248    
 -0.5985000000       2.447092584    
 -0.5968750000       2.578586178    
 -0.5952500000       2.691870000    
 -0.5936250000       2.797735966    
 -0.5920000000       2.911407086    
 -0.5903750000       3.035279873    
 -0.5887500000       3.176863510    
 -0.5871250000       3.324451958    
 -0.5855000000       3.470743211    
 -0.5838750000       3.599399720    
 -0.5822500000       3.714914311    
 -0.5806250000       3.821069482    
 -0.5790000000       3.934185024    
 -0.5773750000       4.052574754    
 -0.5757500000       4.179589897    
 -0.5741250000       4.313649974    
 -0.5725000000       4.453726701    
 -0.5708750000       4.598122900    
 -0.5692500000       4.746658451    
 -0.5676250000       4.893581389    
 -0.5660000000       5.030174970    
 -0.5643750000       5.160175184    
 -0.5627500000       5.286116378    
 -0.5611250000       5.423052439    
 -0.5595000000       5.565931580    
 -0.5578750000       5.716556681    
 -0.5562500000       5.871641628    
 -0.5546250000       6.030880304    
 -0.5530000000       6.200010301    
 -0.5513750000       6.377386870    
 -0.5497500000       6.562183832    
 -0.5481250000       6.745861182    
 -0.5465000000       6.925723900    
 -0.5448750000       7.104009520    
 -0.5432500000       7.288588310    
 -0.5416250000       7.482419971    
 -0.5400000000       7.687134029    
 -0.5383750000       7.903290292    
 -0.5367500000       8.132602847    
 -0.5351250000       8.376851745    
 -0.5335000000       8.632892938    
 -0.5318750000       8.908197555    
 -0.5302500000       9.194556233    
 -0.5286250000       9.501211694    
 -0.5270000000       9.823120608    
 -0.5253750000       10.16644507    
 -0.5237500000       10.53702669    
 -0.5221250000       10.94129140    
 -0.5205000000       11.39039896    
 -0.5188750000       11.89106112    
 -0.5172500000       12.45604267    
 -0.5156250000       13.10600314    
 -0.5140000000       14.04902898    
 -0.5123750000       16.65201916    
 -0.5107500000       20.53631969    
 -0.5091250000       25.94152598    
 -0.5075000000       32.01261171    
 -0.5058750000       41.52606895    
 -0.5042500000       51.40091160    
 -0.5026250000       59.07982358    
 -0.5010000000       55.89167938    
 -0.4993750000       47.89360848    
 -0.4977500000       38.00985713    
 -0.4961250000       32.94926150    
 -0.4945000000       29.54350656    
 -0.4928750000       27.04605170    
 -0.4912500000       24.36931762    
 -0.4896250000       22.04839624    
 -0.4880000000       20.10724846    
 -0.4863750000       19.20634932    
 -0.4847500000       18.58581673    
 -0.4831250000       18.20070890    
 -0.4815000000       17.82438969    
 -0.4798750000       17.31805589    
 -0.4782500000       16.54819708    
 -0.4766250000       15.67175267    
 -0.4750000000       14.82870385    
 -0.4733750000       14.03176800    
 -0.4717500000       13.30159625    
 -0.4701250000       12.59565683    
 -0.4685000000       11.91378317    
 -0.4668750000       11.24804326    
 -0.4652500000       10.56997746    
 -0.4636250000       9.821851319    
 -0.4620000000       9.065913254    
 -0.4603750000       8.361977134    
 -0.4587500000       7.761915525    
 -0.4571250000       7.243225396    
 -0.4555000000       6.802092963    
 -0.4538750000       6.478557905    
 -0.4522500000       6.103056417    
 -0.4506250000       5.672822448    
 -0.4490000000       5.229534507    
 -0.4473750000       4.980479900    
 -0.4457500000       4.886537301    
 -0.4441250000       4.857216812    
 -0.4425000000       4.887565585    
 -0.4408750000       5.016293127    
 -0.4392500000       5.301785035    
 -0.4376250000       5.656721675    
 -0.4360000000       6.050886191    
 -0.4343750000       6.439492389    
 -0.4327500000       6.841008802    
 -0.4311250000       7.255257849    
 -0.4295000000       7.737937719    
 -0.4278750000       8.292023334    
 -0.4262500000       8.902284918    
 -0.4246250000       9.585317938    
 -0.4230000000       10.36694113    
 -0.4213750000       11.34574891    
 -0.4197500000       12.42781219    
 -0.4181250000       13.41153984    
 -0.4165000000       14.18349919    
 -0.4148750000       14.75191736    
 -0.4132500000       15.26531808    
 -0.4116250000       15.71816079    
 -0.4100000000       16.12455479    
 -0.4083750000       16.53223922    
 -0.4067500000       17.05502895    
 -0.4051250000       17.89096689    
 -0.4035000000       18.54278352    
 -0.4018750000       19.03822900    
 -0.4002500000       19.10174503    
 -0.3986250000       19.13806986    
 -0.3970000000       19.12678748    
 -0.3953750000       19.08779300    
 -0.3937500000       19.14040718    
 -0.3921250000       19.27114901    
 -0.3905000000       18.91933528    
 -0.3888750000       18.46675134    
 -0.3872500000       17.85005537    
 -0.3856250000       17.69642659    
 -0.3840000000       17.58325186    
 -0.3823750000       17.50741840    
 -0.3807500000       17.44539998    
 -0.3791250000       17.39200866    
 -0.3775000000       17.33938095    
 -0.3758750000       17.29338382    
 -0.3742500000       17.27759846    
 -0.3726250000       17.30779249    
 -0.3710000000       17.41933854    
 -0.3693750000       17.54036156    
 -0.3677500000       17.53320500    
 -0.3661250000       17.46260007    
 -0.3645000000       17.37847945    
 -0.3628750000       17.41091354    
 -0.3612500000       17.45023698    
 -0.3596250000       17.52828767    
 -0.3580000000       17.62031746    
 -0.3563750000       17.66957534    
 -0.3547500000       17.69251810    
 -0.3531250000       17.70364150    
 -0.3515000000       17.69568836    
 -0.3498750000       17.70264196    
 -0.3482500000       17.74835328    
 -0.3466250000       17.93088564    
 -0.3450000000       18.21043701    
 -0.3433750000       18.61886559    
 -0.3417500000       19.14482137    
 -0.3401250000       19.92867195    
 -0.3385000000       20.96110697    
 -0.3368750000       22.06223918    
 -0.3352500000       22.68710647    
 -0.3336250000       22.82964905    
 -0.3320000000       22.75377585    
 -0.3303750000       23.36013316    
 -0.3287500000       23.91884098    
 -0.3271250000       23.35565387    
 -0.3255000000       21.20740313    
 -0.3238750000       18.80363211    
 -0.3222500000       17.48923400    
 -0.3206250000       17.33693878    
 -0.3190000000       17.98809836    
 -0.3173750000       19.39179488    
 -0.3157500000       21.68228884    
 -0.3141250000       24.12843347    
 -0.3125000000       27.56955092    
 -0.3108750000       31.29503221    
 -0.3092500000       34.14408263    
 -0.3076250000       35.56525999    
 -0.3060000000       36.70907279    
 -0.3043750000       39.05101311    
 -0.3027500000       41.03592303    
 -0.3011250000       41.18819964    
 -0.2995000000       39.39249073    
 -0.2978750000       37.02006717    
 -0.2962500000       34.90585300    
 -0.2946250000       33.42645493    
 -0.2930000000       32.37779483    
 -0.2913750000       31.74082237    
 -0.2897500000       31.37220853    
 -0.2881250000       31.08802566    
 -0.2865000000       31.06926707    
 -0.2848750000       31.44373774    
 -0.2832500000       31.43220590    
 -0.2816250000       29.62848888    
 -0.2800000000       27.64023788    
 -0.2783750000       26.28683936    
 -0.2767500000       26.88473447    
 -0.2751250000       28.09658234    
 -0.2735000000       29.12127731    
 -0.2718750000       30.20187935    
 -0.2702500000       31.19307897    
 -0.2686250000       33.17606508    
 -0.2670000000       35.19494475    
 -0.2653750000       37.01957924    
 -0.2637500000       38.37268264    
 -0.2621250000       39.97888190    
 -0.2605000000       41.70695235    
 -0.2588750000       43.15222929    
 -0.2572500000       44.22723411    
 -0.2556250000       45.08893751    
 -0.2540000000       46.06563882    
 -0.2523750000       47.86117523    
 -0.2507500000       49.92428889    
 -0.2491250000       51.66587418    
 -0.2475000000       52.80882782    
 -0.2458750000       54.57091284    
 -0.2442500000       57.18609952    
 -0.2426250000       59.66460553    
 -0.2410000000       62.02527231    
 -0.2393750000       65.90256342    
 -0.2377500000       77.47904131    
 -0.2361250000       79.63232354    
 -0.2345000000       74.55787821    
 -0.2328750000       58.57137994    
 -0.2312500000       49.73946487    
 -0.2296250000       45.75275108    
 -0.2280000000       43.38087379    
 -0.2263750000       40.77559534    
 -0.2247500000       36.51491387    
 -0.2231250000       32.85272959    
 -0.2215000000       31.90954647    
 -0.2198750000       34.38585553    
 -0.2182500000       37.58469355    
 -0.2166250000       39.74865945    
 -0.2150000000       40.54023231    
 -0.2133750000       41.45858354    
 -0.2117500000       42.76670118    
 -0.2101250000       44.69937913    
 -0.2085000000       46.30805862    
 -0.2068750000       46.76194568    
 -0.2052500000       45.76008521    
 -0.2036250000       44.60162782    
 -0.2020000000       43.62080407    
 -0.2003750000       41.77508128    
 -0.1987500000       39.11566398    
 -0.1971250000       36.05343222    
 -0.1955000000       33.65892760    
 -0.1938750000       31.88857656    
 -0.1922500000       30.43739967    
 -0.1906250000       29.25469979    
 -0.1890000000       28.10960840    
 -0.1873750000       27.03165656    
 -0.1857500000       26.01679287    
 -0.1841250000       25.10157469    
 -0.1825000000       24.20580090    
 -0.1808750000       23.32928885    
 -0.1792500000       22.49853800    
 -0.1776250000       21.72157253    
 -0.1760000000       20.99915942    
 -0.1743750000       20.27891619    
 -0.1727500000       19.55073167    
 -0.1711250000       18.79443336    
 -0.1695000000       18.03504175    
 -0.1678750000       17.28990828    
 -0.1662500000       16.60454725    
 -0.1646250000       15.97629576    
 -0.1630000000       15.39577240    
 -0.1613750000       14.71010355    
 -0.1597500000       13.81607345    
 -0.1581250000       12.80480537    
 -0.1565000000       11.58901180    
 -0.1548750000       10.38824083    
 -0.1532500000       9.213729175    
 -0.1516250000       8.339926516    
 -0.1500000000       7.594832796    
 -0.1483750000       6.929921601    
 -0.1467500000       6.301509440    
 -0.1451250000       5.825103290    
 -0.1435000000       5.382762453    
 -0.1418750000       4.894748357    
 -0.1402500000       4.350240334    
 -0.1386250000       3.824865510    
 -0.1370000000       3.415492359    
 -0.1353750000       3.119013196    
 -0.1337500000       2.928833806    
 -0.1321250000       2.800781076    
 -0.1305000000       2.704789518    
 -0.1288750000       2.680013438    
 -0.1272500000       2.777363922    
 -0.1256250000       2.983369255    
 -0.1240000000       3.145593847    
 -0.1223750000       2.925831823    
 -0.1207500000       2.657425846    
 -0.1191250000       2.628890946    
 -0.1175000000       3.404905086    
 -0.1158750000       4.738286726    
 -0.1142500000       6.466765611    
 -0.1126250000       7.951062402    
 -0.1110000000       9.202314877    
 -0.1093750000       10.16109732    
 -0.1077500000       10.92649712    
 -0.1061250000       11.35348472    
 -0.1045000000       11.42163733    
 -0.1028750000       11.38719656    
 -0.1012500000       11.34997874    
 -0.9962500000E-01   11.37396839    
 -0.9800000000E-01   11.47384815    
 -0.9637500000E-01   11.61239598    
 -0.9475000000E-01   11.78242150    
 -0.9312500000E-01   11.96726074    
 -0.9150000000E-01   12.15746042    
 -0.8987500000E-01   12.35838945    
 -0.8825000000E-01   12.57048331    
 -0.8662500000E-01   12.72171811    
 -0.8500000000E-01   12.83373433    
 -0.8337500000E-01   12.92171525    
 -0.8175000000E-01   13.04817904    
 -0.8012500000E-01   13.18887308    
 -0.7850000000E-01   13.32566707    
 -0.7687500000E-01   13.46657590    
 -0.7525000000E-01   13.60803692    
 -0.7362500000E-01   13.74438020    
 -0.7200000000E-01   13.88537781    
 -0.7037500000E-01   14.03543719    
 -0.6875000000E-01   14.20727658    
 -0.6712500000E-01   14.33302412    
 -0.6550000000E-01   14.40745553    
 -0.6387500000E-01   14.44459893    
 -0.6225000000E-01   14.51239046    
 -0.6062500000E-01   14.62049565    
 -0.5900000000E-01   14.75832469    
 -0.5737500000E-01   14.91838278    
 -0.5575000000E-01   15.09542195    
 -0.5412500000E-01   15.32901169    
 -0.5250000000E-01   15.61552089    
 -0.5087500000E-01   15.98787326    
 -0.4925000000E-01   16.43850380    
 -0.4762500000E-01   17.11360566    
 -0.4600000000E-01   17.81890494    
 -0.4437500000E-01   18.52955112    
 -0.4275000000E-01   19.20675776    
 -0.4112500000E-01   19.97429531    
 -0.3950000000E-01   20.80982566    
 -0.3787500000E-01   21.63010424    
 -0.3625000000E-01   22.43585830    
 -0.3462500000E-01   22.94989747    
 -0.3300000000E-01   23.22255189    
 -0.3137500000E-01   23.21114520    
 -0.2975000000E-01   23.23615044    
 -0.2812500000E-01   23.17602623    
 -0.2650000000E-01   23.07595705    
 -0.2487500000E-01   22.94213375    
 -0.2325000000E-01   22.89913099    
 -0.2162500000E-01   23.05030067    
 -0.2000000000E-01   23.35130818    
 -0.1837500000E-01   23.64019106    
 -0.1675000000E-01   23.88801781    
 -0.1512500000E-01   24.11491441    
 -0.1350000000E-01   24.42669184    
 -0.1187500000E-01   24.84294757    
 -0.1025000000E-01   25.31262505    
 -0.8625000000E-02   25.92828935    
 -0.7000000000E-02   26.86863201    
 -0.5375000000E-02   27.77003261    
 -0.3750000000E-02   28.65992420    
 -0.2125000000E-02   29.09982878    
 -0.5000000000E-03   30.02093846    
  0.1125000000E-02   30.56323939    
  0.2750000000E-02   30.53572855    
  0.4375000000E-02   29.90450890    
  0.6000000000E-02   29.69278796    
  0.7625000000E-02   30.63637867    
  0.9250000000E-02   31.29773738    
  0.1087500000E-01   31.59670100    
  0.1250000000E-01   31.29232197    
  0.1412500000E-01   31.30624610    
  0.1575000000E-01   31.44334875    
  0.1737500000E-01   31.55139305    
  0.1900000000E-01   31.56660084    
  0.2062500000E-01   31.49854886    
  0.2225000000E-01   31.43306844    
  0.2387500000E-01   31.47042917    
  0.2550000000E-01   31.57408212    
  0.2712500000E-01   31.69747374    
  0.2875000000E-01   31.86610313    
  0.3037500000E-01   32.03626733    
  0.3200000000E-01   32.04032297    
  0.3362500000E-01   31.81991996    
  0.3525000000E-01   31.48323875    
  0.3687500000E-01   31.34052197    
  0.3850000000E-01   31.45348699    
  0.4012500000E-01   31.87449092    
  0.4175000000E-01   32.49770585    
  0.4337500000E-01   33.32532872    
  0.4500000000E-01   34.23012029    
  0.4662500000E-01   35.38843985    
  0.4825000000E-01   37.01993271    
  0.4987500000E-01   38.83951965    
  0.5150000000E-01   39.84588393    
  0.5312500000E-01   41.41606279    
  0.5475000000E-01   38.13276251    
  0.5637500000E-01   34.71438656    
  0.5800000000E-01   30.15415544    
  0.5962500000E-01   30.27866922    
  0.6125000000E-01   32.03253134    
  0.6287500000E-01   34.82013667    
  0.6450000000E-01   37.64025728    
  0.6612500000E-01   39.19801723    
  0.6775000000E-01   39.43132961    
  0.6937500000E-01   39.40749303    
  0.7100000000E-01   40.08375763    
  0.7262500000E-01   41.94207268    
  0.7425000000E-01   44.18896771    
  0.7587500000E-01   45.71971743    
  0.7750000000E-01   46.09306679    
  0.7912500000E-01   45.93984223    
  0.8075000000E-01   45.61698283    
  0.8237500000E-01   44.89549822    
  0.8400000000E-01   43.58283195    
  0.8562500000E-01   41.82768700    
  0.8725000000E-01   39.91171698    
  0.8887500000E-01   38.42767050    
  0.9050000000E-01   37.03084048    
  0.9212500000E-01   35.07672076    
  0.9375000000E-01   32.33714545    
  0.9537500000E-01   29.31164359    
  0.9700000000E-01   27.17486381    
  0.9862500000E-01   25.93939331    
  0.1002500000       25.49811373    
  0.1018750000       25.30391507    
  0.1035000000       25.05945561    
  0.1051250000       24.78658640    
  0.1067500000       24.34411618    
  0.1083750000       23.87775188    
  0.1100000000       23.35955306    
  0.1116250000       22.94155449    
  0.1132500000       22.58978473    
  0.1148750000       22.36757631    
  0.1165000000       22.19054053    
  0.1181250000       22.02850028    
  0.1197500000       21.88719570    
  0.1213750000       21.78870954    
  0.1230000000       21.78847784    
  0.1246250000       21.85521233    
  0.1262500000       21.91127498    
  0.1278750000       21.88406857    
  0.1295000000       21.75087103    
  0.1311250000       21.58457981    
  0.1327500000       21.41129778    
  0.1343750000       21.24865375    
  0.1360000000       21.06131568    
  0.1376250000       20.87885688    
  0.1392500000       20.70852778    
  0.1408750000       20.58685024    
  0.1425000000       20.51889382    
  0.1441250000       20.45254747    
  0.1457500000       20.44287855    
  0.1473750000       20.47676544    
  0.1490000000       20.72940551    
  0.1506250000       20.91961196    
  0.1522500000       21.02024095    
  0.1538750000       20.96996408    
  0.1555000000       20.86325841    
  0.1571250000       20.66951638    
  0.1587500000       20.37843402    
  0.1603750000       20.16954594    
  0.1620000000       20.19637267    
  0.1636250000       20.51524747    
  0.1652500000       20.89883401    
  0.1668750000       20.72827998    
  0.1685000000       19.98279388    
  0.1701250000       18.99433918    
  0.1717500000       18.33290098    
  0.1733750000       17.88889764    
  0.1750000000       17.51915150    
  0.1766250000       17.20590774    
  0.1782500000       16.99707124    
  0.1798750000       16.88633446    
  0.1815000000       16.88869376    
  0.1831250000       16.99850289    
  0.1847500000       17.74378857    
  0.1863750000       18.96889674    
  0.1880000000       20.02216129    
  0.1896250000       19.89823692    
  0.1912500000       18.84785005    
  0.1928750000       17.65975759    
  0.1945000000       16.84621951    
  0.1961250000       16.26819246    
  0.1977500000       15.82515651    
  0.1993750000       15.50827232    
  0.2010000000       15.31173634    
  0.2026250000       15.20502475    
  0.2042500000       15.17058059    
  0.2058750000       15.13251799    
  0.2075000000       15.12316872    
  0.2091250000       15.23495071    
  0.2107500000       15.60755338    
  0.2123750000       16.31508765    
  0.2140000000       17.31157329    
  0.2156250000       18.95445594    
  0.2172500000       21.69809026    
  0.2188750000       26.64401608    
  0.2205000000       31.72912563    
  0.2221250000       36.00317904    
  0.2237500000       37.65423722    
  0.2253750000       37.79641449    
  0.2270000000       38.04482134    
  0.2286250000       38.97861206    
  0.2302500000       40.06100261    
  0.2318750000       39.88555830    
  0.2335000000       38.95583674    
  0.2351250000       38.23772788    
  0.2367500000       37.95375134    
  0.2383750000       37.45111210    
  0.2400000000       36.77767104    
  0.2416250000       35.26129786    
  0.2432500000       33.61906804    
  0.2448750000       32.03668000    
  0.2465000000       31.17573935    
  0.2481250000       30.49670362    
  0.2497500000       29.94616795    
  0.2513750000       29.43523393    
  0.2530000000       29.01787889    
  0.2546250000       28.57269590    
  0.2562500000       27.95473740    
  0.2578750000       26.75537694    
  0.2595000000       25.52400773    
  0.2611250000       24.43518449    
  0.2627500000       23.80936672    
  0.2643750000       23.30849061    
  0.2660000000       22.92409141    
  0.2676250000       22.72817443    
  0.2692500000       22.60760298    
  0.2708750000       22.40946369    
  0.2725000000       22.25832275    
  0.2741250000       22.07469952    
  0.2757500000       22.03529829    
  0.2773750000       22.04848334    
  0.2790000000       22.17010168    
  0.2806250000       22.56402096    
  0.2822500000       23.05207649    
  0.2838750000       23.26824290    
  0.2855000000       23.20122090    
  0.2871250000       23.04904153    
  0.2887500000       23.06391107    
  0.2903750000       23.03521212    
  0.2920000000       22.95571962    
  0.2936250000       22.66648919    
  0.2952500000       22.31331400    
  0.2968750000       21.95426422    
  0.2985000000       21.68045805    
  0.3001250000       21.37928142    
  0.3017500000       21.13186818    
  0.3033750000       21.18148799    
  0.3050000000       21.38606421    
  0.3066250000       21.58049711    
  0.3082500000       21.60354135    
  0.3098750000       21.52704069    
  0.3115000000       21.40471878    
  0.3131250000       21.25513296    
  0.3147500000       21.25521837    
  0.3163750000       21.38139465    
  0.3180000000       21.85804096    
  0.3196250000       21.98555671    
  0.3212500000       22.39600212    
  0.3228750000       22.86728630    
  0.3245000000       23.87907952    
  0.3261250000       24.48981973    
  0.3277500000       24.82343806    
  0.3293750000       25.08946275    
  0.3310000000       25.75430798    
  0.3326250000       26.71377623    
  0.3342500000       27.60169497    
  0.3358750000       28.14248983    
  0.3375000000       28.38760212    
  0.3391250000       28.62631638    
  0.3407500000       28.95357981    
  0.3423750000       29.37943765    
  0.3440000000       30.16426747    
  0.3456250000       31.38534284    
  0.3472500000       31.62963571    
  0.3488750000       30.79775594    
  0.3505000000       29.12162656    
  0.3521250000       28.09264255    
  0.3537500000       27.62123660    
  0.3553750000       27.45294632    
  0.3570000000       27.41961501    
  0.3586250000       27.40522748    
  0.3602500000       27.36831240    
  0.3618750000       27.58570666    
  0.3635000000       28.03492500    
  0.3651250000       28.00579478    
  0.3667500000       27.33493374    
  0.3683750000       26.19917302    
  0.3700000000       25.45655530    
  0.3716250000       25.06632634    
  0.3732500000       24.92648047    
  0.3748750000       24.91466958    
  0.3765000000       25.11017474    
  0.3781250000       25.36444687    
  0.3797500000       24.95602759    
  0.3813750000       24.05874774    
  0.3830000000       22.89807564    
  0.3846250000       22.64300439    
  0.3862500000       22.82469197    
  0.3878750000       23.11880507    
  0.3895000000       23.17507997    
  0.3911250000       23.16817288    
  0.3927500000       23.33371487    
  0.3943750000       23.54514830    
  0.3960000000       23.81721331    
  0.3976250000       24.13680774    
  0.3992500000       24.50956431    
  0.4008750000       25.04180395    
  0.4025000000       25.65591399    
  0.4041250000       26.31648119    
  0.4057500000       26.84948359    
  0.4073750000       27.56514773    
  0.4090000000       28.46788358    
  0.4106250000       29.95061596    
  0.4122500000       31.35008181    
  0.4138750000       32.00336645    
  0.4155000000       31.99677646    
  0.4171250000       32.32280866    
  0.4187500000       33.72177812    
  0.4203750000       35.98561025    
  0.4220000000       37.95013036    
  0.4236250000       39.58562051    
  0.4252500000       40.69096650    
  0.4268750000       40.78675257    
  0.4285000000       39.09527502    
  0.4301250000       35.91710670    
  0.4317500000       32.81705589    
  0.4333750000       30.71429661    
  0.4350000000       29.44803253    
  0.4366250000       28.66033518    
  0.4382500000       28.26289470    
  0.4398750000       27.99759218    
  0.4415000000       27.71003271    
  0.4431250000       27.24030026    
  0.4447500000       26.92995448    
  0.4463750000       26.71249341    
  0.4480000000       26.65097645    
  0.4496250000       26.75532366    
  0.4512500000       27.67150755    
  0.4528750000       29.51104710    
  0.4545000000       31.56734584    
  0.4561250000       34.03665394    
  0.4577500000       33.50678967    
  0.4593750000       32.33215709    
  0.4610000000       29.80676773    
  0.4626250000       29.24045263    
  0.4642500000       28.72661980    
  0.4658750000       28.21166988    
  0.4675000000       27.61477515    
  0.4691250000       27.08422085    
  0.4707500000       26.65833511    
  0.4723750000       26.43732240    
  0.4740000000       26.32715134    
  0.4756250000       26.37744088    
  0.4772500000       26.30376970    
  0.4788750000       26.05034404    
  0.4805000000       25.55706083    
  0.4821250000       25.08731992    
  0.4837500000       24.68658064    
  0.4853750000       24.24295361    
  0.4870000000       23.71562115    
  0.4886250000       22.94074861    
  0.4902500000       22.28488564    
  0.4918750000       21.80126290    
  0.4935000000       22.04123376    
  0.4951250000       22.58536886    
  0.4967500000       22.85447079    
  0.4983750000       22.43268043    
 
