 
+----------------------------+
| Real-space lattice vectors |
+----------------------------+
 
vector a1 :    5.225822453      -3.017130000       0.000000000    
vector a2 :    0.000000000       6.034260000       0.000000000    
vector a3 :    0.000000000       0.000000000       5.949780360    
 
Stored column-wise as a matrix :
   5.225822453       0.000000000       0.000000000    
  -3.017130000       6.034260000       0.000000000    
   0.000000000       0.000000000       5.949780360    
 
Inverse of matrix :
  0.1913574388       0.000000000       0.000000000    
  0.9567871938E-01  0.1657204032       0.000000000    
   0.000000000       0.000000000      0.1680734312    
 
Unit cell volume :    187.6202037    
 
 
+----------------------------------+
| Reciprocal-space lattice vectors |
+----------------------------------+
 
vector b1 :    1.202334248       0.000000000       0.000000000    
vector b2 :   0.6011671238       1.041252002       0.000000000    
vector b3 :    0.000000000       0.000000000       1.056036513    
 
Stored column-wise as a matrix :
   1.202334248      0.6011671238       0.000000000    
   0.000000000       1.041252002       0.000000000    
   0.000000000       0.000000000       1.056036513    
 
Inverse of matrix :
  0.8317154751     -0.4801911535       0.000000000    
   0.000000000      0.9603823069       0.000000000    
   0.000000000       0.000000000      0.9469369546    
 
Brillouin zone volume :    1.322086900    
