 
+----------------------------+
| Real-space lattice vectors |
+----------------------------+
 
vector a1 :    4.948140068      -2.856810000       0.000000000    
vector a2 :    0.000000000       5.713620000       0.000000000    
vector a3 :    0.000000000       0.000000000       5.885028600    
 
Stored column-wise as a matrix :
   4.948140068       0.000000000       0.000000000    
  -2.856810000       5.713620000       0.000000000    
   0.000000000       0.000000000       5.885028600    
 
Inverse of matrix :
  0.2020961384       0.000000000       0.000000000    
  0.1010480692      0.1750203899       0.000000000    
   0.000000000       0.000000000      0.1699227086    
 
Unit cell volume :    166.3803048    
 
 
+----------------------------------+
| Reciprocal-space lattice vectors |
+----------------------------------+
 
vector b1 :    1.269807488       0.000000000       0.000000000    
vector b2 :   0.6349037438       1.099685542       0.000000000    
vector b3 :    0.000000000       0.000000000       1.067655866    
 
Stored column-wise as a matrix :
   1.269807488      0.6349037438       0.000000000    
   0.000000000       1.099685542       0.000000000    
   0.000000000       0.000000000       1.067655866    
 
Inverse of matrix :
  0.7875209509     -0.4546754330       0.000000000    
   0.000000000      0.9093508659       0.000000000    
   0.000000000       0.000000000      0.9366313919    
 
Brillouin zone volume :    1.490862838    
