 
+----------------------------+
| Real-space lattice vectors |
+----------------------------+
 
vector a1 :    4.947525190      -2.856455000       0.000000000    
vector a2 :    0.000000000       5.712910000       0.000000000    
vector a3 :    0.000000000       0.000000000       6.512717400    
 
Stored column-wise as a matrix :
   4.947525190       0.000000000       0.000000000    
  -2.856455000       5.712910000       0.000000000    
   0.000000000       0.000000000       6.512717400    
 
Inverse of matrix :
  0.2021212549       0.000000000       0.000000000    
  0.1010606275      0.1750421414       0.000000000    
   0.000000000       0.000000000      0.1535457381    
 
Unit cell volume :    184.0804342    
 
 
+----------------------------------+
| Reciprocal-space lattice vectors |
+----------------------------------+
 
vector b1 :    1.269965299       0.000000000       0.000000000    
vector b2 :   0.6349826496       1.099822211       0.000000000    
vector b3 :    0.000000000       0.000000000      0.9647563254    
 
Stored column-wise as a matrix :
   1.269965299      0.6349826496       0.000000000    
   0.000000000       1.099822211       0.000000000    
   0.000000000       0.000000000      0.9647563254    
 
Inverse of matrix :
  0.7874230900     -0.4546189330       0.000000000    
   0.000000000      0.9092378659       0.000000000    
   0.000000000       0.000000000       1.036531167    
 
Brillouin zone volume :    1.347509932    
