 
+----------------------------+
| Real-space lattice vectors |
+----------------------------+
 
vector a1 :    4.993883529      -2.883220000       0.000000000    
vector a2 :    0.000000000       5.766440000       0.000000000    
vector a3 :    0.000000000       0.000000000       6.193156560    
 
Stored column-wise as a matrix :
   4.993883529       0.000000000       0.000000000    
  -2.883220000       5.766440000       0.000000000    
   0.000000000       0.000000000       6.193156560    
 
Inverse of matrix :
  0.2002449585       0.000000000       0.000000000    
  0.1001224792      0.1734172210       0.000000000    
   0.000000000       0.000000000      0.1614685484    
 
Unit cell volume :    178.3438943    
 
 
+----------------------------------+
| Reciprocal-space lattice vectors |
+----------------------------------+
 
vector b1 :    1.258176181       0.000000000       0.000000000    
vector b2 :   0.6290880905       1.089612535       0.000000000    
vector b3 :    0.000000000       0.000000000       1.014536811    
 
Stored column-wise as a matrix :
   1.258176181      0.6290880905       0.000000000    
   0.000000000       1.089612535       0.000000000    
   0.000000000       0.000000000       1.014536811    
 
Inverse of matrix :
  0.7948012489     -0.4588787150       0.000000000    
   0.000000000      0.9177574300       0.000000000    
   0.000000000       0.000000000      0.9856714799    
 
Brillouin zone volume :    1.390853409    
