 
+----------------------------+
| Real-space lattice vectors |
+----------------------------+
 
vector a1 :    4.880884535      -2.817980000       0.000000000    
vector a2 :    0.000000000       5.635960000       0.000000000    
vector a3 :    0.000000000       0.000000000       6.177012160    
 
Stored column-wise as a matrix :
   4.880884535       0.000000000       0.000000000    
  -2.817980000       5.635960000       0.000000000    
   0.000000000       0.000000000       6.177012160    
 
Inverse of matrix :
  0.2048808967       0.000000000       0.000000000    
  0.1024404483      0.1774320613       0.000000000    
   0.000000000       0.000000000      0.1618905668    
 
Unit cell volume :    169.9201537    
 
 
+----------------------------------+
| Reciprocal-space lattice vectors |
+----------------------------------+
 
vector b1 :    1.287304640       0.000000000       0.000000000    
vector b2 :   0.6436523198       1.114838520       0.000000000    
vector b3 :    0.000000000       0.000000000       1.017188431    
 
Stored column-wise as a matrix :
   1.287304640      0.6436523198       0.000000000    
   0.000000000       1.114838520       0.000000000    
   0.000000000       0.000000000       1.017188431    
 
Inverse of matrix :
  0.7768169004     -0.4484954465       0.000000000    
   0.000000000      0.8969908931       0.000000000    
   0.000000000       0.000000000      0.9831020188    
 
Brillouin zone volume :    1.459804550    
