 
+----------------------------+
| Real-space lattice vectors |
+----------------------------+
 
vector a1 :    5.008874429      -2.891875000       0.000000000    
vector a2 :    0.000000000       5.783750000       0.000000000    
vector a3 :    0.000000000       0.000000000       6.720717500    
 
Stored column-wise as a matrix :
   5.008874429       0.000000000       0.000000000    
  -2.891875000       5.783750000       0.000000000    
   0.000000000       0.000000000       6.720717500    
 
Inverse of matrix :
  0.1996456518       0.000000000       0.000000000    
  0.9982282588E-01  0.1728982062       0.000000000    
   0.000000000       0.000000000      0.1487936370    
 
Unit cell volume :    194.6997067    
 
 
+----------------------------------+
| Reciprocal-space lattice vectors |
+----------------------------------+
 
vector b1 :    1.254410626       0.000000000       0.000000000    
vector b2 :   0.6272053129       1.086351469       0.000000000    
vector b3 :    0.000000000       0.000000000      0.9348979937    
 
Stored column-wise as a matrix :
   1.254410626      0.6272053129       0.000000000    
   0.000000000       1.086351469       0.000000000    
   0.000000000       0.000000000      0.9348979937    
 
Inverse of matrix :
  0.7971871247     -0.4602562011       0.000000000    
   0.000000000      0.9205124021       0.000000000    
   0.000000000       0.000000000       1.069635411    
 
Brillouin zone volume :    1.274014315    
