 
+----------------------------+
| Real-space lattice vectors |
+----------------------------+
 
vector a1 :    4.627113111      -2.671465000       0.000000000    
vector a2 :    0.000000000       5.342930000       0.000000000    
vector a3 :    0.000000000       0.000000000       6.443573580    
 
Stored column-wise as a matrix :
   4.627113111       0.000000000       0.000000000    
  -2.671465000       5.342930000       0.000000000    
   0.000000000       0.000000000       6.443573580    
 
Inverse of matrix :
  0.2161174746       0.000000000       0.000000000    
  0.1080587373      0.1871632232       0.000000000    
   0.000000000       0.000000000      0.1551933857    
 
Unit cell volume :    159.3002262    
 
 
+----------------------------------+
| Reciprocal-space lattice vectors |
+----------------------------------+
 
vector b1 :    1.357906141       0.000000000       0.000000000    
vector b2 :   0.6789530704       1.175981214       0.000000000    
vector b3 :    0.000000000       0.000000000      0.9751088009    
 
Stored column-wise as a matrix :
   1.357906141      0.6789530704       0.000000000    
   0.000000000       1.175981214       0.000000000    
   0.000000000       0.000000000      0.9751088009    
 
Inverse of matrix :
  0.7364279238     -0.4251768600       0.000000000    
   0.000000000      0.8503537201       0.000000000    
   0.000000000       0.000000000       1.025526586    
 
Brillouin zone volume :    1.557124050    
