 
+----------------------------+
| Real-space lattice vectors |
+----------------------------+
 
vector a1 :    4.855310805      -2.803215000       0.000000000    
vector a2 :    0.000000000       5.606430000       0.000000000    
vector a3 :    0.000000000       0.000000000       6.632406690    
 
Stored column-wise as a matrix :
   4.855310805       0.000000000       0.000000000    
  -2.803215000       5.606430000       0.000000000    
   0.000000000       0.000000000       6.632406690    
 
Inverse of matrix :
  0.2059600385       0.000000000       0.000000000    
  0.1029800192      0.1783666255       0.000000000    
   0.000000000       0.000000000      0.1507748313    
 
Unit cell volume :    180.5404782    
 
 
+----------------------------------+
| Reciprocal-space lattice vectors |
+----------------------------------+
 
vector b1 :    1.294085087       0.000000000       0.000000000    
vector b2 :   0.6470425437       1.120710560       0.000000000    
vector b3 :    0.000000000       0.000000000      0.9473462049    
 
Stored column-wise as a matrix :
   1.294085087      0.6470425437       0.000000000    
   0.000000000       1.120710560       0.000000000    
   0.000000000       0.000000000      0.9473462049    
 
Inverse of matrix :
  0.7727467148     -0.4461455238       0.000000000    
   0.000000000      0.8922910476       0.000000000    
   0.000000000       0.000000000       1.055580309    
 
Brillouin zone volume :    1.373931297    
