 
+----------------------------+
| Real-space lattice vectors |
+----------------------------+
 
vector a1 :    4.981308841      -2.875960000       0.000000000    
vector a2 :    0.000000000       5.751920000       0.000000000    
vector a3 :    0.000000000       0.000000000       6.177562080    
 
Stored column-wise as a matrix :
   4.981308841       0.000000000       0.000000000    
  -2.875960000       5.751920000       0.000000000    
   0.000000000       0.000000000       6.177562080    
 
Inverse of matrix :
  0.2007504517       0.000000000       0.000000000    
  0.1003752259      0.1738549910       0.000000000    
   0.000000000       0.000000000      0.1618761555    
 
Unit cell volume :    177.0000644    
 
 
+----------------------------------+
| Reciprocal-space lattice vectors |
+----------------------------------+
 
vector b1 :    1.261352289       0.000000000       0.000000000    
vector b2 :   0.6306761444       1.092363125       0.000000000    
vector b3 :    0.000000000       0.000000000       1.017097882    
 
Stored column-wise as a matrix :
   1.261352289      0.6306761444       0.000000000    
   0.000000000       1.092363125       0.000000000    
   0.000000000       0.000000000       1.017097882    
 
Inverse of matrix :
  0.7927999250     -0.4577232501       0.000000000    
   0.000000000      0.9154465003       0.000000000    
   0.000000000       0.000000000      0.9831895413    
 
Brillouin zone volume :    1.401413126    
