 
+----------------------------+
| Real-space lattice vectors |
+----------------------------+
 
vector a1 :    4.978338373      -2.874245000       0.000000000    
vector a2 :    0.000000000       5.748490000       0.000000000    
vector a3 :    0.000000000       0.000000000       6.679745380    
 
Stored column-wise as a matrix :
   4.978338373       0.000000000       0.000000000    
  -2.874245000       5.748490000       0.000000000    
   0.000000000       0.000000000       6.679745380    
 
Inverse of matrix :
  0.2008702352       0.000000000       0.000000000    
  0.1004351176      0.1739587266       0.000000000    
   0.000000000       0.000000000      0.1497063051    
 
Unit cell volume :    191.1604747    
 
 
+----------------------------------+
| Reciprocal-space lattice vectors |
+----------------------------------+
 
vector b1 :    1.262104910       0.000000000       0.000000000    
vector b2 :   0.6310524552       1.093014915       0.000000000    
vector b3 :    0.000000000       0.000000000      0.9406324567    
 
Stored column-wise as a matrix :
   1.262104910      0.6310524552       0.000000000    
   0.000000000       1.093014915       0.000000000    
   0.000000000       0.000000000      0.9406324567    
 
Inverse of matrix :
  0.7923271605     -0.4574502994       0.000000000    
   0.000000000      0.9149005988       0.000000000    
   0.000000000       0.000000000       1.063114496    
 
Brillouin zone volume :    1.297601995    
