 
+----------------------------+
| Real-space lattice vectors |
+----------------------------+
 
vector a1 :    5.107462761      -2.948795000       0.000000000    
vector a2 :    0.000000000       5.897590000       0.000000000    
vector a3 :    0.000000000       0.000000000       6.463758640    
 
Stored column-wise as a matrix :
   5.107462761       0.000000000       0.000000000    
  -2.948795000       5.897590000       0.000000000    
   0.000000000       0.000000000       6.463758640    
 
Inverse of matrix :
  0.1957919317       0.000000000       0.000000000    
  0.9789596584E-01  0.1695607867       0.000000000    
   0.000000000       0.000000000      0.1547087470    
 
Unit cell volume :    194.6995363    
 
 
+----------------------------------+
| Reciprocal-space lattice vectors |
+----------------------------------+
 
vector b1 :    1.230196988       0.000000000       0.000000000    
vector b2 :   0.6150984942       1.065381844       0.000000000    
vector b3 :    0.000000000       0.000000000      0.9720637259    
 
Stored column-wise as a matrix :
   1.230196988      0.6150984942       0.000000000    
   0.000000000       1.065381844       0.000000000    
   0.000000000       0.000000000      0.9720637259    
 
Inverse of matrix :
  0.8128779451     -0.4693153004       0.000000000    
   0.000000000      0.9386306008       0.000000000    
   0.000000000       0.000000000       1.028739139    
 
Brillouin zone volume :    1.274015430    
