 
+----------------------------+
| Real-space lattice vectors |
+----------------------------+
 
vector a1 :    5.042805304      -2.911465000       0.000000000    
vector a2 :    0.000000000       5.822930000       0.000000000    
vector a3 :    0.000000000       0.000000000       6.510035740    
 
Stored column-wise as a matrix :
   5.042805304       0.000000000       0.000000000    
  -2.911465000       5.822930000       0.000000000    
   0.000000000       0.000000000       6.510035740    
 
Inverse of matrix :
  0.1983023217       0.000000000       0.000000000    
  0.9915116087E-01  0.1717348483       0.000000000    
   0.000000000       0.000000000      0.1536089877    
 
Unit cell volume :    191.1600534    
 
 
+----------------------------------+
| Reciprocal-space lattice vectors |
+----------------------------------+
 
vector b1 :    1.245970234       0.000000000       0.000000000    
vector b2 :   0.6229851172       1.079041875       0.000000000    
vector b3 :    0.000000000       0.000000000      0.9651537347    
 
Stored column-wise as a matrix :
   1.245970234      0.6229851172       0.000000000    
   0.000000000       1.079041875       0.000000000    
   0.000000000       0.000000000      0.9651537347    
 
Inverse of matrix :
  0.8025873913     -0.4633740464       0.000000000    
   0.000000000      0.9267480928       0.000000000    
   0.000000000       0.000000000       1.036104368    
 
Brillouin zone volume :    1.297604855    
