 -0.8000000000       0.000000000    
 -0.7983750000       0.000000000    
 -0.7967500000       0.000000000    
 -0.7951250000       0.000000000    
 -0.7935000000       0.000000000    
 -0.7918750000       0.000000000    
 -0.7902500000       0.000000000    
 -0.7886250000       0.000000000    
 -0.7870000000       0.000000000    
 -0.7853750000       0.000000000    
 -0.7837500000       0.000000000    
 -0.7821250000       0.000000000    
 -0.7805000000       0.000000000    
 -0.7788750000       0.000000000    
 -0.7772500000       0.000000000    
 -0.7756250000       0.000000000    
 -0.7740000000       0.000000000    
 -0.7723750000       0.000000000    
 -0.7707500000       0.000000000    
 -0.7691250000       0.000000000    
 -0.7675000000       0.000000000    
 -0.7658750000       0.000000000    
 -0.7642500000       0.000000000    
 -0.7626250000       0.000000000    
 -0.7610000000       0.000000000    
 -0.7593750000       0.000000000    
 -0.7577500000       0.000000000    
 -0.7561250000       0.000000000    
 -0.7545000000       0.000000000    
 -0.7528750000       0.000000000    
 -0.7512500000       0.000000000    
 -0.7496250000       0.000000000    
 -0.7480000000       0.000000000    
 -0.7463750000       0.000000000    
 -0.7447500000       0.000000000    
 -0.7431250000       0.000000000    
 -0.7415000000       0.000000000    
 -0.7398750000       0.000000000    
 -0.7382500000       0.000000000    
 -0.7366250000       0.000000000    
 -0.7350000000       0.000000000    
 -0.7333750000       0.000000000    
 -0.7317500000       0.000000000    
 -0.7301250000       0.000000000    
 -0.7285000000       0.000000000    
 -0.7268750000       0.000000000    
 -0.7252500000       0.000000000    
 -0.7236250000       0.000000000    
 -0.7220000000       0.000000000    
 -0.7203750000       0.000000000    
 -0.7187500000       0.000000000    
 -0.7171250000       0.000000000    
 -0.7155000000       0.000000000    
 -0.7138750000       0.000000000    
 -0.7122500000       0.000000000    
 -0.7106250000       0.000000000    
 -0.7090000000       0.000000000    
 -0.7073750000       0.000000000    
 -0.7057500000       0.000000000    
 -0.7041250000       0.000000000    
 -0.7025000000       0.000000000    
 -0.7008750000       0.000000000    
 -0.6992500000       0.000000000    
 -0.6976250000       0.000000000    
 -0.6960000000       0.000000000    
 -0.6943750000       0.000000000    
 -0.6927500000       0.000000000    
 -0.6911250000       0.000000000    
 -0.6895000000       0.000000000    
 -0.6878750000       0.000000000    
 -0.6862500000       0.000000000    
 -0.6846250000       0.000000000    
 -0.6830000000       0.000000000    
 -0.6813750000       0.000000000    
 -0.6797500000       0.000000000    
 -0.6781250000       0.000000000    
 -0.6765000000       0.000000000    
 -0.6748750000       0.000000000    
 -0.6732500000       0.000000000    
 -0.6716250000       0.000000000    
 -0.6700000000       0.000000000    
 -0.6683750000       0.000000000    
 -0.6667500000       0.000000000    
 -0.6651250000       0.000000000    
 -0.6635000000       0.000000000    
 -0.6618750000       0.000000000    
 -0.6602500000       0.000000000    
 -0.6586250000       0.000000000    
 -0.6570000000       0.000000000    
 -0.6553750000       0.000000000    
 -0.6537500000       0.000000000    
 -0.6521250000       0.000000000    
 -0.6505000000       0.000000000    
 -0.6488750000       0.000000000    
 -0.6472500000       0.000000000    
 -0.6456250000       0.000000000    
 -0.6440000000       0.000000000    
 -0.6423750000       0.000000000    
 -0.6407500000       0.000000000    
 -0.6391250000       0.000000000    
 -0.6375000000       0.000000000    
 -0.6358750000       0.000000000    
 -0.6342500000       0.000000000    
 -0.6326250000       0.000000000    
 -0.6310000000       0.000000000    
 -0.6293750000       0.000000000    
 -0.6277500000       0.000000000    
 -0.6261250000       0.000000000    
 -0.6245000000       0.000000000    
 -0.6228750000       0.000000000    
 -0.6212500000       0.000000000    
 -0.6196250000       0.000000000    
 -0.6180000000       0.000000000    
 -0.6163750000       0.000000000    
 -0.6147500000       0.000000000    
 -0.6131250000       0.000000000    
 -0.6115000000       0.000000000    
 -0.6098750000       0.000000000    
 -0.6082500000       0.000000000    
 -0.6066250000       0.000000000    
 -0.6050000000       0.000000000    
 -0.6033750000       0.000000000    
 -0.6017500000       0.000000000    
 -0.6001250000       0.000000000    
 -0.5985000000       0.000000000    
 -0.5968750000       0.000000000    
 -0.5952500000       0.000000000    
 -0.5936250000       0.000000000    
 -0.5920000000       0.000000000    
 -0.5903750000      0.1858607634E-01
 -0.5887500000      0.2162518183    
 -0.5871250000      0.5567814795    
 -0.5855000000      0.9683092928    
 -0.5838750000       1.295017996    
 -0.5822500000       1.560305294    
 -0.5806250000       1.792620678    
 -0.5790000000       1.982797531    
 -0.5773750000       2.150412161    
 -0.5757500000       2.326617534    
 -0.5741250000       2.512423332    
 -0.5725000000       2.701859414    
 -0.5708750000       2.868990344    
 -0.5692500000       3.016275211    
 -0.5676250000       3.145037423    
 -0.5660000000       3.285461703    
 -0.5643750000       3.438859621    
 -0.5627500000       3.604881086    
 -0.5611250000       3.771345661    
 -0.5595000000       3.934666187    
 -0.5578750000       4.081376026    
 -0.5562500000       4.215433567    
 -0.5546250000       4.345845601    
 -0.5530000000       4.485331233    
 -0.5513750000       4.635503077    
 -0.5497500000       4.790050204    
 -0.5481250000       4.949569629    
 -0.5465000000       5.112584038    
 -0.5448750000       5.284447107    
 -0.5432500000       5.449140089    
 -0.5416250000       5.608891216    
 -0.5400000000       5.757666081    
 -0.5383750000       5.910865276    
 -0.5367500000       6.070205428    
 -0.5351250000       6.237113958    
 -0.5335000000       6.413216164    
 -0.5318750000       6.595006070    
 -0.5302500000       6.785255647    
 -0.5286250000       6.982337905    
 -0.5270000000       7.188982534    
 -0.5253750000       7.399361460    
 -0.5237500000       7.610407588    
 -0.5221250000       7.817820048    
 -0.5205000000       8.029634851    
 -0.5188750000       8.251166776    
 -0.5172500000       8.485414422    
 -0.5156250000       8.730683148    
 -0.5140000000       8.989377924    
 -0.5123750000       9.265117195    
 -0.5107500000       9.561371421    
 -0.5091250000       9.883714988    
 -0.5075000000       10.23259608    
 -0.5058750000       10.60497128    
 -0.5042500000       11.00143337    
 -0.5026250000       11.41886282    
 -0.5010000000       11.86736745    
 -0.4993750000       12.35002787    
 -0.4977500000       12.87737132    
 -0.4961250000       13.46269954    
 -0.4945000000       14.16937888    
 -0.4928750000       15.05383392    
 -0.4912500000       16.16255904    
 -0.4896250000       17.51345788    
 -0.4880000000       19.17482597    
 -0.4863750000       21.27402600    
 -0.4847500000       25.88709032    
 -0.4831250000       31.39904118    
 -0.4815000000       34.99633782    
 -0.4798750000       35.58139797    
 -0.4782500000       35.26464655    
 -0.4766250000       35.09578969    
 -0.4750000000       34.11331865    
 -0.4733750000       31.56642833    
 -0.4717500000       29.29607810    
 -0.4701250000       27.33256682    
 -0.4685000000       25.82923408    
 -0.4668750000       24.49418571    
 -0.4652500000       23.27132691    
 -0.4636250000       22.18175191    
 -0.4620000000       21.27082022    
 -0.4603750000       20.47991540    
 -0.4587500000       19.74764311    
 -0.4571250000       19.04355055    
 -0.4555000000       18.38316008    
 -0.4538750000       17.79933117    
 -0.4522500000       17.45303516    
 -0.4506250000       17.14606597    
 -0.4490000000       16.72779427    
 -0.4473750000       16.03275078    
 -0.4457500000       15.19337536    
 -0.4441250000       14.33989824    
 -0.4425000000       13.52755673    
 -0.4408750000       12.78892023    
 -0.4392500000       11.92620039    
 -0.4376250000       10.97427515    
 -0.4360000000       9.964608689    
 -0.4343750000       9.087229020    
 -0.4327500000       8.329448329    
 -0.4311250000       7.684235214    
 -0.4295000000       7.177524264    
 -0.4278750000       6.527757436    
 -0.4262500000       5.814134639    
 -0.4246250000       5.109992186    
 -0.4230000000       4.666152894    
 -0.4213750000       4.399408578    
 -0.4197500000       4.236926069    
 -0.4181250000       4.187612378    
 -0.4165000000       4.290642950    
 -0.4148750000       4.608267909    
 -0.4132500000       5.192482434    
 -0.4116250000       5.836919262    
 -0.4100000000       6.406267632    
 -0.4083750000       6.802183445    
 -0.4067500000       7.174713393    
 -0.4051250000       7.620603335    
 -0.4035000000       8.116874997    
 -0.4018750000       8.869222522    
 -0.4002500000       9.793510914    
 -0.3986250000       10.90143860    
 -0.3970000000       12.10239730    
 -0.3953750000       13.69161211    
 -0.3937500000       15.40879678    
 -0.3921250000       16.79527038    
 -0.3905000000       17.53283462    
 -0.3888750000       17.95001631    
 -0.3872500000       18.25049191    
 -0.3856250000       18.30488107    
 -0.3840000000       18.17431005    
 -0.3823750000       18.02817609    
 -0.3807500000       18.07522688    
 -0.3791250000       18.25817699    
 -0.3775000000       18.51635001    
 -0.3758750000       18.70268263    
 -0.3742500000       18.36267557    
 -0.3726250000       17.94038290    
 -0.3710000000       17.45269437    
 -0.3693750000       17.33219818    
 -0.3677500000       17.17782356    
 -0.3661250000       17.11348051    
 -0.3645000000       17.10438662    
 -0.3628750000       17.11952676    
 -0.3612500000       17.13273125    
 -0.3596250000       17.13284710    
 -0.3580000000       17.13067553    
 -0.3563750000       17.13831071    
 -0.3547500000       17.17097482    
 -0.3531250000       17.21823363    
 -0.3515000000       17.28002373    
 -0.3498750000       17.33182780    
 -0.3482500000       17.38873862    
 -0.3466250000       17.50425997    
 -0.3450000000       17.57231534    
 -0.3433750000       17.60922957    
 -0.3417500000       17.47136501    
 -0.3401250000       17.30500614    
 -0.3385000000       17.11315833    
 -0.3368750000       16.96175271    
 -0.3352500000       16.87544783    
 -0.3336250000       16.84884857    
 -0.3320000000       16.89792549    
 -0.3303750000       16.97604215    
 -0.3287500000       17.07459342    
 -0.3271250000       17.21300933    
 -0.3255000000       17.39155287    
 -0.3238750000       17.63146623    
 -0.3222500000       17.91241035    
 -0.3206250000       18.26693855    
 -0.3190000000       18.69262980    
 -0.3173750000       19.24336841    
 -0.3157500000       20.03133974    
 -0.3141250000       21.10146106    
 -0.3125000000       22.21237382    
 -0.3108750000       23.15718985    
 -0.3092500000       23.77649628    
 -0.3076250000       24.07809150    
 -0.3060000000       23.82467429    
 -0.3043750000       22.94727433    
 -0.3027500000       21.77730962    
 -0.3011250000       20.46318041    
 -0.2995000000       19.41130269    
 -0.2978750000       18.49061414    
 -0.2962500000       18.07447342    
 -0.2946250000       18.04364095    
 -0.2930000000       18.48306268    
 -0.2913750000       19.37597739    
 -0.2897500000       20.77479464    
 -0.2881250000       22.42268256    
 -0.2865000000       24.66103589    
 -0.2848750000       28.51709918    
 -0.2832500000       34.26704975    
 -0.2816250000       39.52180683    
 -0.2800000000       43.36930305    
 -0.2783750000       45.11501332    
 -0.2767500000       46.10458087    
 -0.2751250000       45.42643305    
 -0.2735000000       43.11729213    
 -0.2718750000       40.63266039    
 -0.2702500000       38.05669820    
 -0.2686250000       35.29730135    
 -0.2670000000       31.90945598    
 -0.2653750000       28.93875932    
 -0.2637500000       27.51678622    
 -0.2621250000       27.16324064    
 -0.2605000000       27.37496835    
 -0.2588750000       27.65139511    
 -0.2572500000       28.01086517    
 -0.2556250000       28.48578386    
 -0.2540000000       29.17664063    
 -0.2523750000       30.20977414    
 -0.2507500000       31.73708892    
 -0.2491250000       33.34295585    
 -0.2475000000       34.70491890    
 -0.2458750000       35.71073521    
 -0.2442500000       36.81743759    
 -0.2426250000       38.37985441    
 -0.2410000000       40.33335260    
 -0.2393750000       42.37351928    
 -0.2377500000       44.34218805    
 -0.2361250000       46.05289773    
 -0.2345000000       47.48465476    
 -0.2328750000       48.91188429    
 -0.2312500000       50.91069634    
 -0.2296250000       54.11939270    
 -0.2280000000       57.05618810    
 -0.2263750000       59.62432738    
 -0.2247500000       61.66058387    
 -0.2231250000       64.95002426    
 -0.2215000000       70.86326914    
 -0.2198750000       81.85431649    
 -0.2182500000       83.01246608    
 -0.2166250000       77.04639899    
 -0.2150000000       61.98881640    
 -0.2133750000       53.76094585    
 -0.2117500000       47.95991170    
 -0.2101250000       44.03944869    
 -0.2085000000       40.55565912    
 -0.2068750000       38.60663939    
 -0.2052500000       39.22618259    
 -0.2036250000       44.19915669    
 -0.2020000000       49.58297956    
 -0.2003750000       52.83842398    
 -0.1987500000       50.84924026    
 -0.1971250000       47.66055148    
 -0.1955000000       45.05776171    
 -0.1938750000       44.69828827    
 -0.1922500000       45.32062121    
 -0.1906250000       46.39954552    
 -0.1890000000       47.07944717    
 -0.1873750000       47.44729741    
 -0.1857500000       47.15909865    
 -0.1841250000       46.28374257    
 -0.1825000000       44.15460981    
 -0.1808750000       41.40182409    
 -0.1792500000       38.46287403    
 -0.1776250000       36.07159887    
 -0.1760000000       34.04788474    
 -0.1743750000       32.32738182    
 -0.1727500000       30.89075059    
 -0.1711250000       29.69570284    
 -0.1695000000       28.59200837    
 -0.1678750000       27.46710384    
 -0.1662500000       26.27499380    
 -0.1646250000       25.07677240    
 -0.1630000000       23.96827475    
 -0.1613750000       22.97735673    
 -0.1597500000       22.07177618    
 -0.1581250000       21.07964891    
 -0.1565000000       19.84005935    
 -0.1548750000       18.55913375    
 -0.1532500000       17.48630812    
 -0.1516250000       16.78136147    
 -0.1500000000       16.25042579    
 -0.1483750000       15.82241583    
 -0.1467500000       15.39003565    
 -0.1451250000       14.95350175    
 -0.1435000000       14.43402519    
 -0.1418750000       13.90658449    
 -0.1402500000       13.30193196    
 -0.1386250000       12.63402471    
 -0.1370000000       11.69270873    
 -0.1353750000       10.46544421    
 -0.1337500000       9.179942075    
 -0.1321250000       8.112327205    
 -0.1305000000       7.309705354    
 -0.1288750000       6.657260420    
 -0.1272500000       6.056107949    
 -0.1256250000       5.549597413    
 -0.1240000000       5.022862818    
 -0.1223750000       4.515197998    
 -0.1207500000       4.012642468    
 -0.1191250000       3.580722316    
 -0.1175000000       3.245770422    
 -0.1158750000       3.026174142    
 -0.1142500000       2.875442492    
 -0.1126250000       2.777943177    
 -0.1110000000       2.741037398    
 -0.1093750000       2.875034053    
 -0.1077500000       3.266787681    
 -0.1061250000       3.350890544    
 -0.1045000000       3.328067021    
 -0.1028750000       3.474792927    
 -0.1012500000       4.679261833    
 -0.9962500000E-01   6.511463860    
 -0.9800000000E-01   8.379451209    
 -0.9637500000E-01   10.01901391    
 -0.9475000000E-01   11.29746097    
 -0.9312500000E-01   12.27912189    
 -0.9150000000E-01   12.78298730    
 -0.8987500000E-01   12.99089868    
 -0.8825000000E-01   13.01022215    
 -0.8662500000E-01   13.00127455    
 -0.8500000000E-01   13.05233869    
 -0.8337500000E-01   13.22047338    
 -0.8175000000E-01   13.44690150    
 -0.8012500000E-01   13.69134996    
 -0.7850000000E-01   13.93591259    
 -0.7687500000E-01   14.18749647    
 -0.7525000000E-01   14.45319898    
 -0.7362500000E-01   14.64671522    
 -0.7200000000E-01   14.78986411    
 -0.7037500000E-01   14.89785514    
 -0.6875000000E-01   15.05710650    
 -0.6712500000E-01   15.23170603    
 -0.6550000000E-01   15.40488236    
 -0.6387500000E-01   15.59423895    
 -0.6225000000E-01   15.79372872    
 -0.6062500000E-01   16.02619208    
 -0.5900000000E-01   16.28013274    
 -0.5737500000E-01   16.51331743    
 -0.5575000000E-01   16.66814361    
 -0.5412500000E-01   16.78616042    
 -0.5250000000E-01   16.94928729    
 -0.5087500000E-01   17.16162808    
 -0.4925000000E-01   17.40766464    
 -0.4762500000E-01   17.69794365    
 -0.4600000000E-01   18.09899412    
 -0.4437500000E-01   18.61530803    
 -0.4275000000E-01   19.27085812    
 -0.4112500000E-01   20.26826211    
 -0.3950000000E-01   21.43958321    
 -0.3787500000E-01   22.52580446    
 -0.3625000000E-01   23.34176779    
 -0.3462500000E-01   24.10425610    
 -0.3300000000E-01   24.93426110    
 -0.3137500000E-01   25.73026422    
 -0.2975000000E-01   26.35789587    
 -0.2812500000E-01   26.71906056    
 -0.2650000000E-01   26.83836188    
 -0.2487500000E-01   26.77481879    
 -0.2325000000E-01   26.70090998    
 -0.2162500000E-01   26.70235601    
 -0.2000000000E-01   26.81682202    
 -0.1837500000E-01   27.12951273    
 -0.1675000000E-01   27.50235303    
 -0.1512500000E-01   28.07363366    
 -0.1350000000E-01   28.51167447    
 -0.1187500000E-01   29.04112946    
 -0.1025000000E-01   29.42825834    
 -0.8625000000E-02   29.78908140    
 -0.7000000000E-02   30.16973954    
 -0.5375000000E-02   30.81319797    
 -0.3750000000E-02   31.73989810    
 -0.2125000000E-02   32.65467401    
 -0.5000000000E-03   33.71450910    
  0.1125000000E-02   34.80481811    
  0.2750000000E-02   35.01233373    
  0.4375000000E-02   34.48825610    
  0.6000000000E-02   33.89427964    
  0.7625000000E-02   34.87075602    
  0.9250000000E-02   35.82924925    
  0.1087500000E-01   36.33369645    
  0.1250000000E-01   35.99178503    
  0.1412500000E-01   35.92775148    
  0.1575000000E-01   36.12861032    
  0.1737500000E-01   36.23335498    
  0.1900000000E-01   36.22546526    
  0.2062500000E-01   36.12615715    
  0.2225000000E-01   36.11587092    
  0.2387500000E-01   36.19540823    
  0.2550000000E-01   36.44780392    
  0.2712500000E-01   36.97513468    
  0.2875000000E-01   37.27564157    
  0.3037500000E-01   37.28924521    
  0.3200000000E-01   37.07454342    
  0.3362500000E-01   37.13194556    
  0.3525000000E-01   37.56470880    
  0.3687500000E-01   38.16747304    
  0.3850000000E-01   39.02384898    
  0.4012500000E-01   40.73314055    
  0.4175000000E-01   42.43071085    
  0.4337500000E-01   41.44163207    
  0.4500000000E-01   38.19905812    
  0.4662500000E-01   34.45434639    
  0.4825000000E-01   33.27223506    
  0.4987500000E-01   33.39519626    
  0.5150000000E-01   34.00112569    
  0.5312500000E-01   35.02550948    
  0.5475000000E-01   36.23438665    
  0.5637500000E-01   39.41568125    
  0.5800000000E-01   42.81188313    
  0.5962500000E-01   45.89485816    
  0.6125000000E-01   47.33487951    
  0.6287500000E-01   48.82969762    
  0.6450000000E-01   51.17221467    
  0.6612500000E-01   53.65842604    
  0.6775000000E-01   54.80408400    
  0.6937500000E-01   54.90798472    
  0.7100000000E-01   54.03094246    
  0.7262500000E-01   52.71760138    
  0.7425000000E-01   50.83127149    
  0.7587500000E-01   48.59724440    
  0.7750000000E-01   46.36156071    
  0.7912500000E-01   44.40034109    
  0.8075000000E-01   42.57629262    
  0.8237500000E-01   39.40434221    
  0.8400000000E-01   35.32363846    
  0.8562500000E-01   31.07285676    
  0.8725000000E-01   28.94146787    
  0.8887500000E-01   28.05474316    
  0.9050000000E-01   27.79342355    
  0.9212500000E-01   27.49163722    
  0.9375000000E-01   27.22969016    
  0.9537500000E-01   26.96091548    
  0.9700000000E-01   26.60439160    
  0.9862500000E-01   26.18863564    
  0.1002500000       25.70094288    
  0.1018750000       25.31277641    
  0.1035000000       25.03855251    
  0.1051250000       24.95904395    
  0.1067500000       25.00914661    
  0.1083750000       24.98644993    
  0.1100000000       24.78876728    
  0.1116250000       24.48097529    
  0.1132500000       24.19406357    
  0.1148750000       23.93029925    
  0.1165000000       23.69223613    
  0.1181250000       23.48090418    
  0.1197500000       23.30057129    
  0.1213750000       23.16089878    
  0.1230000000       23.13319006    
  0.1246250000       23.22452643    
  0.1262500000       23.39133856    
  0.1278750000       23.49999256    
  0.1295000000       23.47113125    
  0.1311250000       23.31063935    
  0.1327500000       23.06589914    
  0.1343750000       22.86831373    
  0.1360000000       22.62349827    
  0.1376250000       22.32529317    
  0.1392500000       21.96691482    
  0.1408750000       21.74525521    
  0.1425000000       21.77455456    
  0.1441250000       21.93884587    
  0.1457500000       22.09826297    
  0.1473750000       22.21671697    
  0.1490000000       21.73421806    
  0.1506250000       20.65832279    
  0.1522500000       19.24751030    
  0.1538750000       18.16510369    
  0.1555000000       17.51301984    
  0.1571250000       17.10902574    
  0.1587500000       16.86626515    
  0.1603750000       16.78172509    
  0.1620000000       16.80167432    
  0.1636250000       17.02390558    
  0.1652500000       17.43379034    
  0.1668750000       18.29734482    
  0.1685000000       19.15666017    
  0.1701250000       19.65795402    
  0.1717500000       19.23122857    
  0.1733750000       18.42656875    
  0.1750000000       17.73819897    
  0.1766250000       17.39954237    
  0.1782500000       17.23280635    
  0.1798750000       16.99255559    
  0.1815000000       16.70932827    
  0.1831250000       17.60076483    
  0.1847500000       20.33179759    
  0.1863750000       23.16840627    
  0.1880000000       23.59614310    
  0.1896250000       22.60062570    
  0.1912500000       21.72804074    
  0.1928750000       22.98648191    
  0.1945000000       23.40906632    
  0.1961250000       23.66462212    
  0.1977500000       23.01346593    
  0.1993750000       22.80166127    
  0.2010000000       22.73223683    
  0.2026250000       23.16557933    
  0.2042500000       24.45814923    
  0.2058750000       27.63676827    
  0.2075000000       31.98527337    
  0.2091250000       35.87001871    
  0.2107500000       38.25666151    
  0.2123750000       38.91790183    
  0.2140000000       39.39359258    
  0.2156250000       38.81427678    
  0.2172500000       37.95351372    
  0.2188750000       37.01886468    
  0.2205000000       36.41451658    
  0.2221250000       36.14019120    
  0.2237500000       35.67637224    
  0.2253750000       35.38147356    
  0.2270000000       35.10012861    
  0.2286250000       34.38548937    
  0.2302500000       33.40781558    
  0.2318750000       32.20385828    
  0.2335000000       31.23629568    
  0.2351250000       30.24434345    
  0.2367500000       29.33374833    
  0.2383750000       28.65373082    
  0.2400000000       28.26742219    
  0.2416250000       27.71876805    
  0.2432500000       26.97092604    
  0.2448750000       26.12396702    
  0.2465000000       25.73904185    
  0.2481250000       25.59675972    
  0.2497500000       25.57283603    
  0.2513750000       25.45212505    
  0.2530000000       25.43127015    
  0.2546250000       25.52174906    
  0.2562500000       26.25699881    
  0.2578750000       27.00924148    
  0.2595000000       27.69383384    
  0.2611250000       27.75436564    
  0.2627500000       27.54887699    
  0.2643750000       27.07041681    
  0.2660000000       26.24347129    
  0.2676250000       25.21428433    
  0.2692500000       24.18933651    
  0.2708750000       23.43895592    
  0.2725000000       23.10753368    
  0.2741250000       22.98419195    
  0.2757500000       22.85226370    
  0.2773750000       22.78439776    
  0.2790000000       22.82427846    
  0.2806250000       23.03558081    
  0.2822500000       23.22065514    
  0.2838750000       23.28632329    
  0.2855000000       23.07419899    
  0.2871250000       22.87403864    
  0.2887500000       22.88453036    
  0.2903750000       22.95096212    
  0.2920000000       22.82764998    
  0.2936250000       22.66394723    
  0.2952500000       22.73621213    
  0.2968750000       23.29874051    
  0.2985000000       23.99738976    
  0.3001250000       25.02868909    
  0.3017500000       26.06123574    
  0.3033750000       26.93064705    
  0.3050000000       27.76254203    
  0.3066250000       29.09497065    
  0.3082500000       30.49330757    
  0.3098750000       31.71953028    
  0.3115000000       32.40682443    
  0.3131250000       33.37125651    
  0.3147500000       35.32753089    
  0.3163750000       36.34531962    
  0.3180000000       36.11891434    
  0.3196250000       34.36792819    
  0.3212500000       33.29083044    
  0.3228750000       33.12060282    
  0.3245000000       33.47911393    
  0.3261250000       33.86009679    
  0.3277500000       33.40657927    
  0.3293750000       31.99312504    
  0.3310000000       30.19765459    
  0.3326250000       29.01043229    
  0.3342500000       28.32772737    
  0.3358750000       27.53689612    
  0.3375000000       26.24006510    
  0.3391250000       24.74872591    
  0.3407500000       23.49799603    
  0.3423750000       23.05718240    
  0.3440000000       23.21319838    
  0.3456250000       23.52004834    
  0.3472500000       23.54835999    
  0.3488750000       23.38613371    
  0.3505000000       23.28973794    
  0.3521250000       23.33162363    
  0.3537500000       23.44159174    
  0.3553750000       23.60729694    
  0.3570000000       23.74748698    
  0.3586250000       23.85187817    
  0.3602500000       23.97413158    
  0.3618750000       24.30512339    
  0.3635000000       24.75409311    
  0.3651250000       25.26560639    
  0.3667500000       25.83871104    
  0.3683750000       26.64227746    
  0.3700000000       27.54630205    
  0.3716250000       28.38873611    
  0.3732500000       28.84723268    
  0.3748750000       29.02472849    
  0.3765000000       29.23359881    
  0.3781250000       29.86028082    
  0.3797500000       30.66810751    
  0.3813750000       31.39639774    
  0.3830000000       32.02167262    
  0.3846250000       32.87385001    
  0.3862500000       34.31838703    
  0.3878750000       36.88455853    
  0.3895000000       39.45587991    
  0.3911250000       40.99869253    
  0.3927500000       40.53967166    
  0.3943750000       39.51498514    
  0.3960000000       38.21428282    
  0.3976250000       37.37204073    
  0.3992500000       36.14140468    
  0.4008750000       35.14816625    
  0.4025000000       34.48910258    
  0.4041250000       34.72608076    
  0.4057500000       36.18067738    
  0.4073750000       36.91207614    
  0.4090000000       36.43225280    
  0.4106250000       34.82463965    
  0.4122500000       33.70841465    
  0.4138750000       33.16585326    
  0.4155000000       32.49611268    
  0.4171250000       31.82343354    
  0.4187500000       31.18183380    
  0.4203750000       30.71956149    
  0.4220000000       30.14186592    
  0.4236250000       29.71097236    
  0.4252500000       29.34561842    
  0.4268750000       29.01557794    
  0.4285000000       28.75715714    
  0.4301250000       28.57151455    
  0.4317500000       28.42404619    
  0.4333750000       28.25320971    
  0.4350000000       28.15764435    
  0.4366250000       28.06653122    
  0.4382500000       27.89795089    
  0.4398750000       27.59759705    
  0.4415000000       27.28276013    
  0.4431250000       26.94927287    
  0.4447500000       26.48466070    
  0.4463750000       26.12827127    
  0.4480000000       25.88990034    
  0.4496250000       25.57288508    
  0.4512500000       25.15197163    
  0.4528750000       24.71585209    
  0.4545000000       24.41955220    
  0.4561250000       24.03058153    
  0.4577500000       23.58907449    
  0.4593750000       23.19299631    
  0.4610000000       22.93249866    
  0.4626250000       22.75130915    
  0.4642500000       22.67096595    
  0.4658750000       22.68359964    
  0.4675000000       22.83108493    
  0.4691250000       23.08148324    
  0.4707500000       23.40032844    
  0.4723750000       23.82846271    
  0.4740000000       24.58855366    
  0.4756250000       25.50263700    
  0.4772500000       26.32077868    
  0.4788750000       26.65617368    
  0.4805000000       26.67893294    
  0.4821250000       26.76633629    
  0.4837500000       27.14182340    
  0.4853750000       27.47420796    
  0.4870000000       27.39263099    
  0.4886250000       26.91074348    
  0.4902500000       26.16587300    
  0.4918750000       25.35069018    
  0.4935000000       24.49681223    
  0.4951250000       23.93083115    
  0.4967500000       23.78908769    
  0.4983750000       23.95951573    
 
