 
+----------------------------+
| Real-space lattice vectors |
+----------------------------+
 
vector a1 :    4.727727942      -2.729555000       0.000000000    
vector a2 :    0.000000000       5.459110000       0.000000000    
vector a3 :    0.000000000       0.000000000       6.583686660    
 
Stored column-wise as a matrix :
   4.727727942       0.000000000       0.000000000    
  -2.729555000       5.459110000       0.000000000    
   0.000000000       0.000000000       6.583686660    
 
Inverse of matrix :
  0.2115180933       0.000000000       0.000000000    
  0.1057590467      0.1831800422       0.000000000    
   0.000000000       0.000000000      0.1518905822    
 
Unit cell volume :    169.9195994    
 
 
+----------------------------------+
| Reciprocal-space lattice vectors |
+----------------------------------+
 
vector b1 :    1.329007376       0.000000000       0.000000000    
vector b2 :   0.6645036880       1.150954150       0.000000000    
vector b3 :    0.000000000       0.000000000      0.9543566746    
 
Stored column-wise as a matrix :
   1.329007376      0.6645036880       0.000000000    
   0.000000000       1.150954150       0.000000000    
   0.000000000       0.000000000      0.9543566746    
 
Inverse of matrix :
  0.7524412716     -0.4344221707       0.000000000    
   0.000000000      0.8688443414       0.000000000    
   0.000000000       0.000000000       1.047826276    
 
Brillouin zone volume :    1.459809312    
