 
+----------------------------+
| Real-space lattice vectors |
+----------------------------+
 
vector a1 :    5.046858303      -2.913805000       0.000000000    
vector a2 :    0.000000000       5.827610000       0.000000000    
vector a3 :    0.000000000       0.000000000       6.258853140    
 
Stored column-wise as a matrix :
   5.046858303       0.000000000       0.000000000    
  -2.913805000       5.827610000       0.000000000    
   0.000000000       0.000000000       6.258853140    
 
Inverse of matrix :
  0.1981430704       0.000000000       0.000000000    
  0.9907153519E-01  0.1715969325       0.000000000    
   0.000000000       0.000000000      0.1597736802    
 
Unit cell volume :    184.0798928    
 
 
+----------------------------------+
| Reciprocal-space lattice vectors |
+----------------------------------+
 
vector b1 :    1.244969629       0.000000000       0.000000000    
vector b2 :   0.6224848143       1.078175325       0.000000000    
vector b3 :    0.000000000       0.000000000       1.003887640    
 
Stored column-wise as a matrix :
   1.244969629      0.6224848143       0.000000000    
   0.000000000       1.078175325       0.000000000    
   0.000000000       0.000000000       1.003887640    
 
Inverse of matrix :
  0.8032324461     -0.4637464690       0.000000000    
   0.000000000      0.9274929379       0.000000000    
   0.000000000       0.000000000      0.9961274153    
 
Brillouin zone volume :    1.347513896    
