 
+----------------------------+
| Real-space lattice vectors |
+----------------------------+
 
vector a1 :    4.760333799      -2.748380000       0.000000000    
vector a2 :    0.000000000       5.496760000       0.000000000    
vector a3 :    0.000000000       0.000000000       6.629092560    
 
Stored column-wise as a matrix :
   4.760333799       0.000000000       0.000000000    
  -2.748380000       5.496760000       0.000000000    
   0.000000000       0.000000000       6.629092560    
 
Inverse of matrix :
  0.2100693023       0.000000000       0.000000000    
  0.1050346512      0.1819253524       0.000000000    
   0.000000000       0.000000000      0.1508502093    
 
Unit cell volume :    173.4595698    
 
 
+----------------------------------+
| Reciprocal-space lattice vectors |
+----------------------------------+
 
vector b1 :    1.319904354       0.000000000       0.000000000    
vector b2 :   0.6599521770       1.143070701       0.000000000    
vector b3 :    0.000000000       0.000000000      0.9478198185    
 
Stored column-wise as a matrix :
   1.319904354      0.6599521770       0.000000000    
   0.000000000       1.143070701       0.000000000    
   0.000000000       0.000000000      0.9478198185    
 
Inverse of matrix :
  0.7576306548     -0.4374182625       0.000000000    
   0.000000000      0.8748365250       0.000000000    
   0.000000000       0.000000000       1.055052849    
 
Brillouin zone volume :    1.430017460    
