 
+----------------------------+
| Real-space lattice vectors |
+----------------------------+
 
vector a1 :    4.783577920      -2.761800000       0.000000000    
vector a2 :    0.000000000       5.523600000       0.000000000    
vector a3 :    0.000000000       0.000000000       6.296904000    
 
Stored column-wise as a matrix :
   4.783577920       0.000000000       0.000000000    
  -2.761800000       5.523600000       0.000000000    
   0.000000000       0.000000000       6.296904000    
 
Inverse of matrix :
  0.2090485441       0.000000000       0.000000000    
  0.1045242721      0.1810413498       0.000000000    
   0.000000000       0.000000000      0.1588082016    
 
Unit cell volume :    166.3803930    
 
 
+----------------------------------+
| Reciprocal-space lattice vectors |
+----------------------------------+
 
vector b1 :    1.313490741       0.000000000       0.000000000    
vector b2 :   0.6567453705       1.137516349       0.000000000    
vector b3 :    0.000000000       0.000000000      0.9978213591    
 
Stored column-wise as a matrix :
   1.313490741      0.6567453705       0.000000000    
   0.000000000       1.137516349       0.000000000    
   0.000000000       0.000000000      0.9978213591    
 
Inverse of matrix :
  0.7613300717     -0.4395541218       0.000000000    
   0.000000000      0.8791082437       0.000000000    
   0.000000000       0.000000000       1.002183398    
 
Brillouin zone volume :    1.490862048    
