 
+----------------------------+
| Real-space lattice vectors |
+----------------------------+
 
vector a1 :    5.056029512      -2.919100000       0.000000000    
vector a2 :    0.000000000       5.838200000       0.000000000    
vector a3 :    0.000000000       0.000000000       5.756465200    
 
Stored column-wise as a matrix :
   5.056029512       0.000000000       0.000000000    
  -2.919100000       5.838200000       0.000000000    
   0.000000000       0.000000000       5.756465200    
 
Inverse of matrix :
  0.1977836556       0.000000000       0.000000000    
  0.9889182782E-01  0.1712856702       0.000000000    
   0.000000000       0.000000000      0.1737177183    
 
Unit cell volume :    169.9199816    
 
 
+----------------------------------+
| Reciprocal-space lattice vectors |
+----------------------------------+
 
vector b1 :    1.242711359       0.000000000       0.000000000    
vector b2 :   0.6213556796       1.076219607       0.000000000    
vector b3 :    0.000000000       0.000000000       1.091500615    
 
Stored column-wise as a matrix :
   1.242711359      0.6213556796       0.000000000    
   0.000000000       1.076219607       0.000000000    
   0.000000000       0.000000000       1.091500615    
 
Inverse of matrix :
  0.8046920893     -0.4645891944       0.000000000    
   0.000000000      0.9291783888       0.000000000    
   0.000000000       0.000000000      0.9161698913    
 
Brillouin zone volume :    1.459806028    
