 
+----------------------------+
| Real-space lattice vectors |
+----------------------------+
 
vector a1 :    4.915603493      -2.838025000       0.000000000    
vector a2 :    0.000000000       5.676050000       0.000000000    
vector a3 :    0.000000000       0.000000000       6.470697000    
 
Stored column-wise as a matrix :
   4.915603493       0.000000000       0.000000000    
  -2.838025000       5.676050000       0.000000000    
   0.000000000       0.000000000       6.470697000    
 
Inverse of matrix :
  0.2034338208       0.000000000       0.000000000    
  0.1017169104      0.1761788568       0.000000000    
   0.000000000       0.000000000      0.1545428568    
 
Unit cell volume :    180.5402837    
 
 
+----------------------------------+
| Reciprocal-space lattice vectors |
+----------------------------------+
 
vector b1 :    1.278212394       0.000000000       0.000000000    
vector b2 :   0.6391061968       1.106964404       0.000000000    
vector b3 :    0.000000000       0.000000000      0.9710214073    
 
Stored column-wise as a matrix :
   1.278212394      0.6391061968       0.000000000    
   0.000000000       1.106964404       0.000000000    
   0.000000000       0.000000000      0.9710214073    
 
Inverse of matrix :
  0.7823425942     -0.4516857074       0.000000000    
   0.000000000      0.9033714147       0.000000000    
   0.000000000       0.000000000       1.029843413    
 
Brillouin zone volume :    1.373932778    
