 
+----------------------------+
| Real-space lattice vectors |
+----------------------------+
 
vector a1 :    4.792506642      -2.766955000       0.000000000    
vector a2 :    0.000000000       5.533910000       0.000000000    
vector a3 :    0.000000000       0.000000000       6.673895460    
 
Stored column-wise as a matrix :
   4.792506642       0.000000000       0.000000000    
  -2.766955000       5.533910000       0.000000000    
   0.000000000       0.000000000       6.673895460    
 
Inverse of matrix :
  0.2086590744       0.000000000       0.000000000    
  0.1043295372      0.1807040592       0.000000000    
   0.000000000       0.000000000      0.1498375283    
 
Unit cell volume :    177.0003866    
 
 
+----------------------------------+
| Reciprocal-space lattice vectors |
+----------------------------------+
 
vector b1 :    1.311043630       0.000000000       0.000000000    
vector b2 :   0.6555218152       1.135397089       0.000000000    
vector b3 :    0.000000000       0.000000000      0.9414569564    
 
Stored column-wise as a matrix :
   1.311043630      0.6555218152       0.000000000    
   0.000000000       1.135397089       0.000000000    
   0.000000000       0.000000000      0.9414569564    
 
Inverse of matrix :
  0.7627511219     -0.4403745656       0.000000000    
   0.000000000      0.8807491311       0.000000000    
   0.000000000       0.000000000       1.062183452    
 
Brillouin zone volume :    1.401410575    
