 
+----------------------------+
| Real-space lattice vectors |
+----------------------------+
 
vector a1 :    5.011481166      -2.893380000       0.000000000    
vector a2 :    0.000000000       5.786760000       0.000000000    
vector a3 :    0.000000000       0.000000000       6.469597680    
 
Stored column-wise as a matrix :
   5.011481166       0.000000000       0.000000000    
  -2.893380000       5.786760000       0.000000000    
   0.000000000       0.000000000       6.469597680    
 
Inverse of matrix :
  0.1995418055       0.000000000       0.000000000    
  0.9977090275E-01  0.1728082727       0.000000000    
   0.000000000       0.000000000      0.1545691169    
 
Unit cell volume :    187.6198773    
 
 
+----------------------------------+
| Reciprocal-space lattice vectors |
+----------------------------------+
 
vector b1 :    1.253758140       0.000000000       0.000000000    
vector b2 :   0.6268790702       1.085786400       0.000000000    
vector b3 :    0.000000000       0.000000000      0.9711864042    
 
Stored column-wise as a matrix :
   1.253758140      0.6268790702       0.000000000    
   0.000000000       1.085786400       0.000000000    
   0.000000000       0.000000000      0.9711864042    
 
Inverse of matrix :
  0.7976019997     -0.4604957292       0.000000000    
   0.000000000      0.9209914585       0.000000000    
   0.000000000       0.000000000       1.029668451    
 
Brillouin zone volume :    1.322089200    
