 
+----------------------------+
| Real-space lattice vectors |
+----------------------------+
 
vector a1 :    4.886496379      -2.821220000       0.000000000    
vector a2 :    0.000000000       5.642440000       0.000000000    
vector a3 :    0.000000000       0.000000000       6.804782640    
 
Stored column-wise as a matrix :
   4.886496379       0.000000000       0.000000000    
  -2.821220000       5.642440000       0.000000000    
   0.000000000       0.000000000       6.804782640    
 
Inverse of matrix :
  0.2046456034       0.000000000       0.000000000    
  0.1023228017      0.1772282913       0.000000000    
   0.000000000       0.000000000      0.1469554654    
 
Unit cell volume :    187.6198517    
 
 
+----------------------------------+
| Reciprocal-space lattice vectors |
+----------------------------------+
 
vector b1 :    1.285826248       0.000000000       0.000000000    
vector b2 :   0.6429131242       1.113558196       0.000000000    
vector b3 :    0.000000000       0.000000000      0.9233484212    
 
Stored column-wise as a matrix :
   1.285826248      0.6429131242       0.000000000    
   0.000000000       1.113558196       0.000000000    
   0.000000000       0.000000000      0.9233484212    
 
Inverse of matrix :
  0.7777100532     -0.4490111085       0.000000000    
   0.000000000      0.8980222171       0.000000000    
   0.000000000       0.000000000       1.083014794    
 
Brillouin zone volume :    1.322089380    
